/home/shared/projects/gultepe/cleaner_ws/install/explorer_wanderer/lib/python3.10/site-packages/explorer_wanderer/wanderer.py
/home/shared/projects/gultepe/cleaner_ws/install/explorer_wanderer/lib/python3.10/site-packages/explorer_wanderer/discoverer_server.py
/home/shared/projects/gultepe/cleaner_ws/install/explorer_wanderer/lib/python3.10/site-packages/explorer_wanderer/__init__.py
/home/shared/projects/gultepe/cleaner_ws/install/explorer_wanderer/lib/python3.10/site-packages/explorer_wanderer/wanderer_server.py
/home/shared/projects/gultepe/cleaner_ws/install/explorer_wanderer/lib/python3.10/site-packages/explorer_wanderer/__pycache__/wanderer.cpython-310.pyc
/home/shared/projects/gultepe/cleaner_ws/install/explorer_wanderer/lib/python3.10/site-packages/explorer_wanderer/__pycache__/discoverer_server.cpython-310.pyc
/home/shared/projects/gultepe/cleaner_ws/install/explorer_wanderer/lib/python3.10/site-packages/explorer_wanderer/__pycache__/__init__.cpython-310.pyc
/home/shared/projects/gultepe/cleaner_ws/install/explorer_wanderer/lib/python3.10/site-packages/explorer_wanderer/__pycache__/wanderer_server.cpython-310.pyc
/home/shared/projects/gultepe/cleaner_ws/install/explorer_wanderer/share/ament_index/resource_index/packages/explorer_wanderer
/home/shared/projects/gultepe/cleaner_ws/install/explorer_wanderer/share/explorer_wanderer/package.xml
/home/shared/projects/gultepe/cleaner_ws/install/explorer_wanderer/lib/python3.10/site-packages/explorer_wanderer-0.0.0-py3.10.egg-info/PKG-INFO
/home/shared/projects/gultepe/cleaner_ws/install/explorer_wanderer/lib/python3.10/site-packages/explorer_wanderer-0.0.0-py3.10.egg-info/entry_points.txt
/home/shared/projects/gultepe/cleaner_ws/install/explorer_wanderer/lib/python3.10/site-packages/explorer_wanderer-0.0.0-py3.10.egg-info/zip-safe
/home/shared/projects/gultepe/cleaner_ws/install/explorer_wanderer/lib/python3.10/site-packages/explorer_wanderer-0.0.0-py3.10.egg-info/SOURCES.txt
/home/shared/projects/gultepe/cleaner_ws/install/explorer_wanderer/lib/python3.10/site-packages/explorer_wanderer-0.0.0-py3.10.egg-info/dependency_links.txt
/home/shared/projects/gultepe/cleaner_ws/install/explorer_wanderer/lib/python3.10/site-packages/explorer_wanderer-0.0.0-py3.10.egg-info/top_level.txt
/home/shared/projects/gultepe/cleaner_ws/install/explorer_wanderer/lib/python3.10/site-packages/explorer_wanderer-0.0.0-py3.10.egg-info/requires.txt
/home/shared/projects/gultepe/cleaner_ws/install/explorer_wanderer/lib/explorer_wanderer/discoverer_server
/home/shared/projects/gultepe/cleaner_ws/install/explorer_wanderer/lib/explorer_wanderer/wanderer
/home/shared/projects/gultepe/cleaner_ws/install/explorer_wanderer/lib/explorer_wanderer/wanderer_server
