running egg_info
creating ../../build/gultepe_pkg/gultepe_pkg.egg-info
writing ../../build/gultepe_pkg/gultepe_pkg.egg-info/PKG-INFO
writing dependency_links to ../../build/gultepe_pkg/gultepe_pkg.egg-info/dependency_links.txt
writing entry points to ../../build/gultepe_pkg/gultepe_pkg.egg-info/entry_points.txt
writing requirements to ../../build/gultepe_pkg/gultepe_pkg.egg-info/requires.txt
writing top-level names to ../../build/gultepe_pkg/gultepe_pkg.egg-info/top_level.txt
writing manifest file '../../build/gultepe_pkg/gultepe_pkg.egg-info/SOURCES.txt'
reading manifest file '../../build/gultepe_pkg/gultepe_pkg.egg-info/SOURCES.txt'
writing manifest file '../../build/gultepe_pkg/gultepe_pkg.egg-info/SOURCES.txt'
running build
running build_py
creating /home/shared/projects/gultepe/cleaner_ws/build/gultepe_pkg/build
creating /home/shared/projects/gultepe/cleaner_ws/build/gultepe_pkg/build/lib
creating /home/shared/projects/gultepe/cleaner_ws/build/gultepe_pkg/build/lib/gultepe_pkg
copying gultepe_pkg/__init__.py -> /home/shared/projects/gultepe/cleaner_ws/build/gultepe_pkg/build/lib/gultepe_pkg
running install
running install_lib
creating /home/shared/projects/gultepe/cleaner_ws/install/gultepe_pkg/lib/python3.10/site-packages/gultepe_pkg
copying /home/shared/projects/gultepe/cleaner_ws/build/gultepe_pkg/build/lib/gultepe_pkg/__init__.py -> /home/shared/projects/gultepe/cleaner_ws/install/gultepe_pkg/lib/python3.10/site-packages/gultepe_pkg
byte-compiling /home/shared/projects/gultepe/cleaner_ws/install/gultepe_pkg/lib/python3.10/site-packages/gultepe_pkg/__init__.py to __init__.cpython-310.pyc
running install_data
creating /home/shared/projects/gultepe/cleaner_ws/install/gultepe_pkg/share/ament_index
creating /home/shared/projects/gultepe/cleaner_ws/install/gultepe_pkg/share/ament_index/resource_index
creating /home/shared/projects/gultepe/cleaner_ws/install/gultepe_pkg/share/ament_index/resource_index/packages
copying resource/gultepe_pkg -> /home/shared/projects/gultepe/cleaner_ws/install/gultepe_pkg/share/ament_index/resource_index/packages
copying package.xml -> /home/shared/projects/gultepe/cleaner_ws/install/gultepe_pkg/share/gultepe_pkg
running install_egg_info
Copying ../../build/gultepe_pkg/gultepe_pkg.egg-info to /home/shared/projects/gultepe/cleaner_ws/install/gultepe_pkg/lib/python3.10/site-packages/gultepe_pkg-0.0.0-py3.10.egg-info
running install_scripts
writing list of installed files to '/home/shared/projects/gultepe/cleaner_ws/build/gultepe_pkg/install.log'
