[0.917s] Invoking command in '/home/shared/projects/gultepe/cleaner_ws/build/multirobot_map_merge': CMAKE_PREFIX_PATH=${CMAKE_PREFIX_PATH}:/home/tunaprogrammer/projects/gultepe/cleaner_ws/install/bno055:/home/tunaprogrammer/projects/gultepe/humble_ws/install/jetpack:/home/tunaprogrammer/projects/gultepe/humble_ws/install/python_pkg:/home/tunaprogrammer/projects/gultepe/humble_ws/install/catcher:/opt/ros/humble /usr/bin/cmake /home/shared/projects/gultepe/cleaner_ws/src/m-explore-ros2/map_merge -DCMAKE_INSTALL_PREFIX=/home/shared/projects/gultepe/cleaner_ws/install/multirobot_map_merge
[1.048s] -- The C compiler identification is GNU 11.4.0
[1.193s] -- The CXX compiler identification is GNU 11.4.0
[1.209s] -- Detecting C compiler ABI info
[1.333s] -- Detecting C compiler ABI info - done
[1.359s] -- Check for working C compiler: /usr/bin/cc - skipped
[1.359s] -- Detecting C compile features
[1.362s] -- Detecting C compile features - done
[1.369s] -- Detecting CXX compiler ABI info
[1.528s] -- Detecting CXX compiler ABI info - done
[1.557s] -- Check for working CXX compiler: /usr/bin/c++ - skipped
[1.557s] -- Detecting CXX compile features
[1.560s] -- Detecting CXX compile features - done
[1.567s] -- Found ament_cmake: 1.3.6 (/opt/ros/humble/share/ament_cmake/cmake)
[1.901s] -- Found Python3: /usr/bin/python3.10 (found version "3.10.12") found components: Interpreter 
[2.084s] -- Found rclcpp: 16.0.7 (/opt/ros/humble/share/rclcpp/cmake)
[2.190s] -- Found rosidl_generator_c: 3.1.5 (/opt/ros/humble/share/rosidl_generator_c/cmake)
[2.204s] -- Found rosidl_adapter: 3.1.5 (/opt/ros/humble/share/rosidl_adapter/cmake)
[2.226s] -- Found rosidl_generator_cpp: 3.1.5 (/opt/ros/humble/share/rosidl_generator_cpp/cmake)
[2.258s] -- Using all available rosidl_typesupport_c: rosidl_typesupport_fastrtps_c;rosidl_typesupport_introspection_c
[2.300s] -- Using all available rosidl_typesupport_cpp: rosidl_typesupport_fastrtps_cpp;rosidl_typesupport_introspection_cpp
[2.452s] -- Found rmw_implementation_cmake: 6.1.1 (/opt/ros/humble/share/rmw_implementation_cmake/cmake)
[2.459s] -- Found rmw_fastrtps_cpp: 6.2.5 (/opt/ros/humble/share/rmw_fastrtps_cpp/cmake)
[2.653s] -- Found OpenSSL: /usr/lib/x86_64-linux-gnu/libcrypto.so (found version "3.0.2")  
[2.721s] -- Found FastRTPS: /opt/ros/humble/include  
[2.811s] -- Using RMW implementation 'rmw_fastrtps_cpp' as default
[2.833s] -- Looking for pthread.h
[2.949s] -- Looking for pthread.h - found
[2.950s] -- Performing Test CMAKE_HAVE_LIBC_PTHREAD
[3.068s] -- Performing Test CMAKE_HAVE_LIBC_PTHREAD - Success
[3.069s] -- Found Threads: TRUE  
[3.388s] -- Found geometry_msgs: 4.2.3 (/opt/ros/humble/share/geometry_msgs/cmake)
[3.470s] -- Found image_geometry: 3.2.1 (/opt/ros/humble/share/image_geometry/cmake)
[3.666s] -- Found map_msgs: 2.1.0 (/opt/ros/humble/share/map_msgs/cmake)
[4.161s] -- Found tf2_geometry_msgs: 0.25.5 (/opt/ros/humble/share/tf2_geometry_msgs/cmake)
[4.206s] -- Found eigen3_cmake_module: 0.1.1 (/opt/ros/humble/share/eigen3_cmake_module/cmake)
[4.210s] -- Found Eigen3: TRUE (found version "3.4.0") 
[4.210s] -- Ensuring Eigen3 include directory is part of orocos-kdl CMake target
[5.043s] -- Found Boost: /usr/lib/x86_64-linux-gnu/cmake/Boost-1.74.0/BoostConfig.cmake (found version "1.74.0") found components: thread 
[5.051s] -- Found OpenCV: /usr (found version "4.5.4") 
[5.086s] -- Found ament_lint_auto: 0.12.9 (/opt/ros/humble/share/ament_lint_auto/cmake)
[5.243s] -- Found ament_cmake_gtest: 1.3.6 (/opt/ros/humble/share/ament_cmake_gtest/cmake)
[5.254s] --2024-01-02 23:41:19--  https://raw.githubusercontent.com/hrnr/m-explore-extra/master/map_merge/hector_maps/map00.pgm
[5.278s] Resolving raw.githubusercontent.com (raw.githubusercontent.com)... 185.199.110.133, 185.199.108.133, 185.199.111.133, ...
[5.335s] Connecting to raw.githubusercontent.com (raw.githubusercontent.com)|185.199.110.133|:443... connected.
[5.900s] HTTP request sent, awaiting response... 200 OK
[5.900s] Length: 4194362 (4,0M) [application/octet-stream]
[5.901s] Saving to: ‘/home/shared/projects/gultepe/cleaner_ws/build/multirobot_map_merge/map00.pgm’
[5.901s] 
[5.971s]      0K .......... .......... .......... .......... ..........  1%  707K 6s
[6.021s]     50K .......... .......... .......... .......... ..........  2%  989K 5s
[6.036s]    100K .......... .......... .......... .......... ..........  3% 3,32M 4s
[6.087s]    150K .......... .......... .......... .......... ..........  4%  969K 4s
[6.089s]    200K .......... .......... .......... .......... ..........  6% 25,5M 3s
[6.101s]    250K .......... .......... .......... .......... ..........  7% 4,08M 3s
[6.119s]    300K .......... .......... .......... .......... ..........  8% 2,82M 2s
[6.227s]    350K .......... .......... .......... .......... ..........  9%  462K 3s
[6.253s]    400K .......... .......... .......... .......... .......... 10% 1,85M 3s
[6.274s]    450K .......... .......... .......... .......... .......... 12% 2,35M 3s
[6.277s]    500K .......... .......... .......... .......... .......... 13% 14,4M 2s
[6.372s]    550K .......... .......... .......... .......... .......... 14% 2,80M 2s
[6.391s]    600K .......... .......... .......... .......... .......... 15%  518K 3s
[6.392s]    650K .......... .......... .......... .......... .......... 17% 98,7M 2s
[6.429s]    700K .......... .......... .......... .......... .......... 18% 1,32M 2s
[6.431s]    750K .......... .......... .......... .......... .......... 19% 22,7M 2s
[6.431s]    800K .......... .......... .......... .......... .......... 20% 90,4M 2s
[6.432s]    850K .......... .......... .......... .......... .......... 21%  103M 2s
[6.450s]    900K .......... .......... .......... .......... .......... 23% 2,65M 2s
[6.485s]    950K .......... .......... .......... .......... .......... 24% 1,39M 2s
[6.502s]   1000K .......... .......... .......... .......... .......... 25% 3,00M 2s
[6.524s]   1050K .......... .......... .......... .......... .......... 26% 2,17M 2s
[6.570s]   1100K .......... .......... .......... .......... .......... 28% 1,06M 2s
[6.588s]   1150K .......... .......... .......... .......... .......... 29% 2,78M 2s
[6.592s]   1200K .......... .......... .......... .......... .......... 30% 11,6M 2s
[6.649s]   1250K .......... .......... .......... .......... .......... 31%  873K 2s
[6.686s]   1300K .......... .......... .......... .......... .......... 32% 1,32M 2s
[6.692s]   1350K .......... .......... .......... .......... .......... 34% 8,05M 2s
[6.730s]   1400K .......... .......... .......... .......... .......... 35% 1,30M 2s
[6.747s]   1450K .......... .......... .......... .......... .......... 36% 2,85M 1s
[6.767s]   1500K .......... .......... .......... .......... .......... 37% 2,51M 1s
[6.811s]   1550K .......... .......... .......... .......... .......... 39% 1,10M 1s
[6.813s]   1600K .......... .......... .......... .......... .......... 40% 20,1M 1s
[6.860s]   1650K .......... .......... .......... .......... .......... 41% 1,05M 1s
[6.880s]   1700K .......... .......... .......... .......... .......... 42% 2,35M 1s
[6.898s]   1750K .......... .......... .......... .......... .......... 43% 4,02M 1s
[6.923s]   1800K .......... .......... .......... .......... .......... 45% 1,62M 1s
[6.948s]   1850K .......... .......... .......... .......... .......... 46% 1,91M 1s
[6.964s]   1900K .......... .......... .......... .......... .......... 47% 3,15M 1s
[6.989s]   1950K .......... .......... .......... .......... .......... 48% 1,93M 1s
[7.022s]   2000K .......... .......... .......... .......... .......... 50% 1,59M 1s
[7.031s]   2050K .......... .......... .......... .......... .......... 51% 4,13M 1s
[7.085s]   2100K .......... .......... .......... .......... .......... 52%  940K 1s
[7.096s]   2150K .......... .......... .......... .......... .......... 53% 4,33M 1s
[7.114s]   2200K .......... .......... .......... .......... .......... 54% 2,83M 1s
[7.146s]   2250K .......... .......... .......... .......... .......... 56% 2,45M 1s
[7.177s]   2300K .......... .......... .......... .......... .......... 57% 1,13M 1s
[7.179s]   2350K .......... .......... .......... .......... .......... 58% 17,9M 1s
[7.211s]   2400K .......... .......... .......... .......... .......... 59% 1,54M 1s
[7.236s]   2450K .......... .......... .......... .......... .......... 61% 1,97M 1s
[7.255s]   2500K .......... .......... .......... .......... .......... 62% 2,57M 1s
[7.281s]   2550K .......... .......... .......... .......... .......... 63% 1,82M 1s
[7.298s]   2600K .......... .......... .......... .......... .......... 64% 3,05M 1s
[7.323s]   2650K .......... .......... .......... .......... .......... 65% 1,94M 1s
[7.338s]   2700K .......... .......... .......... .......... .......... 67% 3,12M 1s
[7.359s]   2750K .......... .......... .......... .......... .......... 68% 2,35M 1s
[7.383s]   2800K .......... .......... .......... .......... .......... 69% 2,04M 1s
[7.398s]   2850K .......... .......... .......... .......... .......... 70% 3,18M 1s
[7.421s]   2900K .......... .......... .......... .......... .......... 72% 2,18M 1s
[7.450s]   2950K .......... .......... .......... .......... .......... 73% 1,65M 1s
[7.466s]   3000K .......... .......... .......... .......... .......... 74% 3,07M 1s
[7.478s]   3050K .......... .......... .......... .......... .......... 75% 4,14M 1s
[7.506s]   3100K .......... .......... .......... .......... .......... 76% 1,72M 0s
[7.539s]   3150K .......... .......... .......... .......... .......... 78% 1,50M 0s
[7.555s]   3200K .......... .......... .......... .......... .......... 79% 3,11M 0s
[7.570s]   3250K .......... .......... .......... .......... .......... 80% 3,18M 0s
[7.655s]   3300K .......... .......... .......... .......... .......... 81%  592K 0s
[7.674s]   3350K .......... .......... .......... .......... .......... 83% 2,50M 0s
[7.695s]   3400K .......... .......... .......... .......... .......... 84% 2,33M 0s
[7.713s]   3450K .......... .......... .......... .......... .......... 85% 2,80M 0s
[7.728s]   3500K .......... .......... .......... .......... .......... 86% 3,08M 0s
[7.770s]   3550K .......... .......... .......... .......... .......... 87% 1,18M 0s
[7.773s]   3600K .......... .......... .......... .......... .......... 89% 13,1M 0s
[7.790s]   3650K .......... .......... .......... .......... .......... 90% 2,89M 0s
[7.856s]   3700K .......... .......... .......... .......... .......... 91%  761K 0s
[7.858s]   3750K .......... .......... .......... .......... .......... 92% 19,6M 0s
[7.866s]   3800K .......... .......... .......... .......... .......... 93% 6,63M 0s
[7.936s]   3850K .......... .......... .......... .......... .......... 95%  708K 0s
[7.955s]   3900K .......... .......... .......... .......... .......... 96% 2,59M 0s
[7.966s]   3950K .......... .......... .......... .......... .......... 97% 4,72M 0s
[7.995s]   4000K .......... .......... .......... .......... .......... 98% 1,65M 0s
[8.002s]   4050K .......... .......... .......... .......... ......    100% 6,93M=2,1s
[8.002s] 
[8.002s] 2024-01-02 23:41:22 (1,90 MB/s) - ‘/home/shared/projects/gultepe/cleaner_ws/build/multirobot_map_merge/map00.pgm’ saved [4194362/4194362]
[8.002s] 
[8.004s] Checking MD5 sum of /home/shared/projects/gultepe/cleaner_ws/build/multirobot_map_merge/map00.pgm
[8.021s] /home/shared/projects/gultepe/cleaner_ws/build/multirobot_map_merge/map00.pgm: OK
[8.030s] --2024-01-02 23:41:22--  https://raw.githubusercontent.com/hrnr/m-explore-extra/master/map_merge/hector_maps/map05.pgm
[8.034s] Resolving raw.githubusercontent.com (raw.githubusercontent.com)... 185.199.110.133, 185.199.109.133, 185.199.108.133, ...
[8.067s] Connecting to raw.githubusercontent.com (raw.githubusercontent.com)|185.199.110.133|:443... connected.
[8.514s] HTTP request sent, awaiting response... 200 OK
[8.514s] Length: 4194362 (4,0M) [application/octet-stream]
[8.514s] Saving to: ‘/home/shared/projects/gultepe/cleaner_ws/build/multirobot_map_merge/map05.pgm’
[8.518s] 
[8.555s]      0K .......... .......... .......... .......... ..........  1% 1,18M 3s
[8.584s]     50K .......... .......... .......... .......... ..........  2% 1,69M 3s
[8.596s]    100K .......... .......... .......... .......... ..........  3% 4,08M 2s
[8.609s]    150K .......... .......... .......... .......... ..........  4% 3,58M 2s
[8.713s]    200K .......... .......... .......... .......... ..........  6%  484K 3s
[8.713s]    250K .......... .......... .......... .......... ..........  7%  145M 3s
[8.713s]    300K .......... .......... .......... .......... ..........  8%  147M 2s
[8.714s]    350K .......... .......... .......... .......... ..........  9%  149M 2s
[8.714s]    400K .......... .......... .......... .......... .......... 10%  110M 2s
[8.715s]    450K .......... .......... .......... .......... .......... 12% 46,9M 1s
[8.715s]    500K .......... .......... .......... .......... .......... 13%  122M 1s
[8.716s]    550K .......... .......... .......... .......... .......... 14%  129M 1s
[8.759s]    600K .......... .......... .......... .......... .......... 15% 1,12M 1s
[8.760s]    650K .......... .......... .......... .......... .......... 17%  142M 1s
[8.760s]    700K .......... .......... .......... .......... .......... 18%  144M 1s
[8.772s]    750K .......... .......... .......... .......... .......... 19% 4,00M 1s
[8.786s]    800K .......... .......... .......... .......... .......... 20% 3,58M 1s
[8.797s]    850K .......... .......... .......... .......... .......... 21% 4,46M 1s
[8.810s]    900K .......... .......... .......... .......... .......... 23% 3,81M 1s
[8.836s]    950K .......... .......... .......... .......... .......... 24% 1,88M 1s
[8.839s]   1000K .......... .......... .......... .......... .......... 25% 15,2M 1s
[8.849s]   1050K .......... .......... .......... .......... .......... 26% 4,78M 1s
[8.883s]   1100K .......... .......... .......... .......... .......... 28% 1,46M 1s
[8.890s]   1150K .......... .......... .......... .......... .......... 29% 6,17M 1s
[8.916s]   1200K .......... .......... .......... .......... .......... 30% 1,92M 1s
[8.930s]   1250K .......... .......... .......... .......... .......... 31% 3,34M 1s
[8.941s]   1300K .......... .......... .......... .......... .......... 32% 4,79M 1s
[8.956s]   1350K .......... .......... .......... .......... .......... 34% 3,13M 1s
[8.976s]   1400K .......... .......... .......... .......... .......... 35% 2,48M 1s
[8.986s]   1450K .......... .......... .......... .......... .......... 36% 4,68M 1s
[8.999s]   1500K .......... .......... .......... .......... .......... 37% 3,85M 1s
[9.015s]   1550K .......... .......... .......... .......... .......... 39% 3,13M 1s
[9.026s]   1600K .......... .......... .......... .......... .......... 40% 4,24M 1s
[9.042s]   1650K .......... .......... .......... .......... .......... 41% 3,05M 1s
[9.055s]   1700K .......... .......... .......... .......... .......... 42% 3,85M 1s
[9.068s]   1750K .......... .......... .......... .......... .......... 43% 3,74M 1s
[9.082s]   1800K .......... .......... .......... .......... .......... 45% 3,52M 1s
[9.093s]   1850K .......... .......... .......... .......... .......... 46% 4,54M 1s
[9.109s]   1900K .......... .......... .......... .......... .......... 47% 3,09M 1s
[9.123s]   1950K .......... .......... .......... .......... .......... 48% 3,38M 1s
[9.137s]   2000K .......... .......... .......... .......... .......... 50% 3,35M 1s
[9.148s]   2050K .......... .......... .......... .......... .......... 51% 4,66M 1s
[9.160s]   2100K .......... .......... .......... .......... .......... 52% 4,06M 1s
[9.175s]   2150K .......... .......... .......... .......... .......... 53% 3,20M 1s
[9.187s]   2200K .......... .......... .......... .......... .......... 54% 4,03M 1s
[9.200s]   2250K .......... .......... .......... .......... .......... 56% 3,84M 1s
[9.214s]   2300K .......... .......... .......... .......... .......... 57% 3,63M 1s
[9.230s]   2350K .......... .......... .......... .......... .......... 58% 3,68M 1s
[9.243s]   2400K .......... .......... .......... .......... .......... 59% 2,94M 0s
[9.264s]   2450K .......... .......... .......... .......... .......... 61% 2,32M 0s
[9.279s]   2500K .......... .......... .......... .......... .......... 62% 3,30M 0s
[9.289s]   2550K .......... .......... .......... .......... .......... 63% 4,74M 0s
[9.311s]   2600K .......... .......... .......... .......... .......... 64% 2,29M 0s
[9.328s]   2650K .......... .......... .......... .......... .......... 65% 2,87M 0s
[9.337s]   2700K .......... .......... .......... .......... .......... 67% 5,54M 0s
[9.356s]   2750K .......... .......... .......... .......... .......... 68% 2,85M 0s
[9.376s]   2800K .......... .......... .......... .......... .......... 69% 2,17M 0s
[9.388s]   2850K .......... .......... .......... .......... .......... 70% 4,04M 0s
[9.402s]   2900K .......... .......... .......... .......... .......... 72% 3,61M 0s
[9.414s]   2950K .......... .......... .......... .......... .......... 73% 3,91M 0s
[9.429s]   3000K .......... .......... .......... .......... .......... 74% 3,39M 0s
[9.440s]   3050K .......... .......... .......... .......... .......... 75% 4,18M 0s
[9.453s]   3100K .......... .......... .......... .......... .......... 76% 3,86M 0s
[9.474s]   3150K .......... .......... .......... .......... .......... 78% 2,30M 0s
[9.491s]   3200K .......... .......... .......... .......... .......... 79% 2,89M 0s
[9.505s]   3250K .......... .......... .......... .......... .......... 80% 3,49M 0s
[9.526s]   3300K .......... .......... .......... .......... .......... 81% 2,32M 0s
[9.541s]   3350K .......... .......... .......... .......... .......... 83% 3,29M 0s
[9.553s]   3400K .......... .......... .......... .......... .......... 84% 3,95M 0s
[9.566s]   3450K .......... .......... .......... .......... .......... 85% 3,87M 0s
[9.578s]   3500K .......... .......... .......... .......... .......... 86% 3,98M 0s
[9.599s]   3550K .......... .......... .......... .......... .......... 87% 2,40M 0s
[9.603s]   3600K .......... .......... .......... .......... .......... 89% 10,0M 0s
[9.615s]   3650K .......... .......... .......... .......... .......... 90% 4,30M 0s
[9.638s]   3700K .......... .......... .......... .......... .......... 91% 2,14M 0s
[9.653s]   3750K .......... .......... .......... .......... .......... 92% 3,20M 0s
[9.663s]   3800K .......... .......... .......... .......... .......... 93% 4,99M 0s
[9.675s]   3850K .......... .......... .......... .......... .......... 95% 3,83M 0s
[9.690s]   3900K .......... .......... .......... .......... .......... 96% 3,47M 0s
[9.701s]   3950K .......... .......... .......... .......... .......... 97% 4,12M 0s
[9.714s]   4000K .......... .......... .......... .......... .......... 98% 3,89M 0s
[9.725s]   4050K .......... .......... .......... .......... ......    100% 4,28M=1,2s
[9.725s] 
[9.725s] 2024-01-02 23:41:24 (3,30 MB/s) - ‘/home/shared/projects/gultepe/cleaner_ws/build/multirobot_map_merge/map05.pgm’ saved [4194362/4194362]
[9.725s] 
[9.726s] Checking MD5 sum of /home/shared/projects/gultepe/cleaner_ws/build/multirobot_map_merge/map05.pgm
[9.739s] /home/shared/projects/gultepe/cleaner_ws/build/multirobot_map_merge/map05.pgm: OK
[9.747s] --2024-01-02 23:41:24--  https://raw.githubusercontent.com/hrnr/m-explore-extra/master/map_merge/gmapping_maps/2011-08-09-12-22-52.pgm
[9.752s] Resolving raw.githubusercontent.com (raw.githubusercontent.com)... 185.199.108.133, 185.199.109.133, 185.199.111.133, ...
[9.787s] Connecting to raw.githubusercontent.com (raw.githubusercontent.com)|185.199.108.133|:443... connected.
[10.706s] HTTP request sent, awaiting response... 200 OK
[10.707s] Length: 16000058 (15M) [text/plain]
[10.707s] Saving to: ‘/home/shared/projects/gultepe/cleaner_ws/build/multirobot_map_merge/2011-08-09-12-22-52.pgm’
[10.713s] 
[10.752s]      0K .......... .......... .......... .......... ..........  0% 1,08M 14s
[10.779s]     50K .......... .......... .......... .......... ..........  0% 1,78M 11s
[10.797s]    100K .......... .......... .......... .......... ..........  0% 3,26M 9s
[10.898s]    150K .......... .......... .......... .......... ..........  1%  481K 15s
[10.899s]    200K .......... .......... .......... .......... ..........  1% 97,6M 12s
[10.899s]    250K .......... .......... .......... .......... ..........  1% 98,7M 10s
[10.899s]    300K .......... .......... .......... .......... ..........  2% 84,9M 8s
[10.900s]    350K .......... .......... .......... .......... ..........  2% 99,8M 7s
[10.903s]    400K .......... .......... .......... .......... ..........  2% 15,5M 7s
[10.932s]    450K .......... .......... .......... .......... ..........  3% 2,55M 7s
[10.984s]    500K .......... .......... .......... .......... ..........  3%  816K 8s
[10.984s]    550K .......... .......... .......... .......... ..........  3% 89,2M 7s
[10.984s]    600K .......... .......... .......... .......... ..........  4%  101M 6s
[11.004s]    650K .......... .......... .......... .......... ..........  4% 2,56M 6s
[11.024s]    700K .......... .......... .......... .......... ..........  4% 2,36M 6s
[11.041s]    750K .......... .......... .......... .......... ..........  5% 2,91M 6s
[11.061s]    800K .......... .......... .......... .......... ..........  5% 2,48M 6s
[11.087s]    850K .......... .......... .......... .......... ..........  5% 2,52M 6s
[11.103s]    900K .......... .......... .......... .......... ..........  6% 2,19M 6s
[11.135s]    950K .......... .......... .......... .......... ..........  6% 1,50M 6s
[11.177s]   1000K .......... .......... .......... .......... ..........  6% 1,17M 7s
[11.229s]   1050K .......... .......... .......... .......... ..........  7%  968K 7s
[11.259s]   1100K .......... .......... .......... .......... ..........  7% 1,61M 7s
[11.277s]   1150K .......... .......... .......... .......... ..........  7% 2,66M 7s
[11.294s]   1200K .......... .......... .......... .......... ..........  7% 2,84M 7s
[11.318s]   1250K .......... .......... .......... .......... ..........  8% 2,57M 7s
[11.341s]   1300K .......... .......... .......... .......... ..........  8% 1,76M 7s
[11.356s]   1350K .......... .......... .......... .......... ..........  8% 3,21M 7s
[11.384s]   1400K .......... .......... .......... .......... ..........  9% 1,78M 7s
[11.412s]   1450K .......... .......... .......... .......... ..........  9% 1,75M 7s
[11.433s]   1500K .......... .......... .......... .......... ..........  9% 2,25M 7s
[11.452s]   1550K .......... .......... .......... .......... .......... 10% 2,58M 7s
[11.482s]   1600K .......... .......... .......... .......... .......... 10% 1,66M 7s
[11.492s]   1650K .......... .......... .......... .......... .......... 10% 10,9M 6s
[11.529s]   1700K .......... .......... .......... .......... .......... 11% 1,15M 7s
[11.582s]   1750K .......... .......... .......... .......... .......... 11%  942K 7s
[11.585s]   1800K .......... .......... .......... .......... .......... 11% 16,2M 7s
[11.634s]   1850K .......... .......... .......... .......... .......... 12% 1018K 7s
[11.657s]   1900K .......... .......... .......... .......... .......... 12% 2,12M 7s
[11.677s]   1950K .......... .......... .......... .......... .......... 12% 2,47M 7s
[11.693s]   2000K .......... .......... .......... .......... .......... 13% 3,01M 7s
[11.716s]   2050K .......... .......... .......... .......... .......... 13% 2,72M 6s
[11.734s]   2100K .......... .......... .......... .......... .......... 13% 2,09M 6s
[11.749s]   2150K .......... .......... .......... .......... .......... 14% 3,18M 6s
[11.771s]   2200K .......... .......... .......... .......... .......... 14% 2,29M 6s
[11.788s]   2250K .......... .......... .......... .......... .......... 14% 2,92M 6s
[11.806s]   2300K .......... .......... .......... .......... .......... 15% 2,59M 6s
[11.829s]   2350K .......... .......... .......... .......... .......... 15% 2,12M 6s
[11.889s]   2400K .......... .......... .......... .......... .......... 15%  834K 6s
[11.892s]   2450K .......... .......... .......... .......... .......... 15% 16,2M 6s
[11.937s]   2500K .......... .......... .......... .......... .......... 16% 1,09M 6s
[11.959s]   2550K .......... .......... .......... .......... .......... 16% 2,26M 6s
[11.981s]   2600K .......... .......... .......... .......... .......... 16% 2,24M 6s
[12.000s]   2650K .......... .......... .......... .......... .......... 17% 2,47M 6s
[12.016s]   2700K .......... .......... .......... .......... .......... 17% 3,18M 6s
[12.035s]   2750K .......... .......... .......... .......... .......... 17% 2,50M 6s
[12.050s]   2800K .......... .......... .......... .......... .......... 18% 3,23M 6s
[12.076s]   2850K .......... .......... .......... .......... .......... 18% 2,34M 6s
[12.100s]   2900K .......... .......... .......... .......... .......... 18% 1,71M 6s
[12.117s]   2950K .......... .......... .......... .......... .......... 19% 2,86M 6s
[12.138s]   3000K .......... .......... .......... .......... .......... 19% 2,28M 6s
[12.156s]   3050K .......... .......... .......... .......... .......... 19% 2,69M 6s
[12.173s]   3100K .......... .......... .......... .......... .......... 20% 2,96M 6s
[12.190s]   3150K .......... .......... .......... .......... .......... 20% 2,88M 6s
[12.203s]   3200K .......... .......... .......... .......... .......... 20% 3,54M 6s
[12.235s]   3250K .......... .......... .......... .......... .......... 21% 2,02M 6s
[12.250s]   3300K .......... .......... .......... .......... .......... 21% 2,17M 6s
[12.268s]   3350K .......... .......... .......... .......... .......... 21% 2,72M 6s
[12.287s]   3400K .......... .......... .......... .......... .......... 22% 2,61M 6s
[12.301s]   3450K .......... .......... .......... .......... .......... 22% 3,59M 6s
[12.319s]   3500K .......... .......... .......... .......... .......... 22% 2,58M 5s
[12.333s]   3550K .......... .......... .......... .......... .......... 23% 3,63M 5s
[12.375s]   3600K .......... .......... .......... .......... .......... 23% 1,17M 5s
[12.408s]   3650K .......... .......... .......... .......... .......... 23% 1,76M 5s
[12.422s]   3700K .......... .......... .......... .......... .......... 23% 2,44M 5s
[12.441s]   3750K .......... .......... .......... .......... .......... 24% 2,67M 5s
[12.455s]   3800K .......... .......... .......... .......... .......... 24% 3,39M 5s
[12.470s]   3850K .......... .......... .......... .......... .......... 24% 3,32M 5s
[12.490s]   3900K .......... .......... .......... .......... .......... 25% 2,43M 5s
[12.505s]   3950K .......... .......... .......... .......... .......... 25% 3,23M 5s
[12.523s]   4000K .......... .......... .......... .......... .......... 25% 2,69M 5s
[12.546s]   4050K .......... .......... .......... .......... .......... 26% 2,91M 5s
[12.557s]   4100K .......... .......... .......... .......... .......... 26% 2,80M 5s
[12.576s]   4150K .......... .......... .......... .......... .......... 26% 2,66M 5s
[12.591s]   4200K .......... .......... .......... .......... .......... 27% 3,10M 5s
[12.608s]   4250K .......... .......... .......... .......... .......... 27% 2,97M 5s
[12.623s]   4300K .......... .......... .......... .......... .......... 27% 3,10M 5s
[12.646s]   4350K .......... .......... .......... .......... .......... 28% 2,13M 5s
[12.713s]   4400K .......... .......... .......... .......... .......... 28%  755K 5s
[12.769s]   4450K .......... .......... .......... .......... .......... 28%  949K 5s
[12.784s]   4500K .......... .......... .......... .......... .......... 29% 2,61M 5s
[12.800s]   4550K .......... .......... .......... .......... .......... 29% 3,09M 5s
[12.814s]   4600K .......... .......... .......... .......... .......... 29% 3,60M 5s
[12.829s]   4650K .......... .......... .......... .......... .......... 30% 3,17M 5s
[12.844s]   4700K .......... .......... .......... .......... .......... 30% 3,24M 5s
[12.863s]   4750K .......... .......... .......... .......... .......... 30% 2,54M 5s
[12.876s]   4800K .......... .......... .......... .......... .......... 31% 3,89M 5s
[12.897s]   4850K .......... .......... .......... .......... .......... 31% 3,62M 5s
[12.915s]   4900K .......... .......... .......... .......... .......... 31% 1,93M 5s
[12.933s]   4950K .......... .......... .......... .......... .......... 31% 2,65M 5s
[12.957s]   5000K .......... .......... .......... .......... .......... 32% 2,06M 5s
[12.967s]   5050K .......... .......... .......... .......... .......... 32% 4,87M 5s
[12.985s]   5100K .......... .......... .......... .......... .......... 32% 2,71M 5s
[12.998s]   5150K .......... .......... .......... .......... .......... 33% 3,50M 5s
[13.017s]   5200K .......... .......... .......... .......... .......... 33% 2,67M 5s
[13.039s]   5250K .......... .......... .......... .......... .......... 33% 2,73M 5s
[13.051s]   5300K .......... .......... .......... .......... .......... 34% 2,98M 5s
[13.086s]   5350K .......... .......... .......... .......... .......... 34% 1,39M 5s
[13.099s]   5400K .......... .......... .......... .......... .......... 34% 3,80M 4s
[13.113s]   5450K .......... .......... .......... .......... .......... 35% 3,58M 4s
[13.140s]   5500K .......... .......... .......... .......... .......... 35% 3,31M 4s
[13.142s]   5550K .......... .......... .......... .......... .......... 35% 3,46M 4s
[13.166s]   5600K .......... .......... .......... .......... .......... 36% 2,00M 4s
[13.186s]   5650K .......... .......... .......... .......... .......... 36% 2,53M 4s
[13.199s]   5700K .......... .......... .......... .......... .......... 36% 3,49M 4s
[13.214s]   5750K .......... .......... .......... .......... .......... 37% 3,49M 4s
[13.227s]   5800K .......... .......... .......... .......... .......... 37% 3,56M 4s
[13.242s]   5850K .......... .......... .......... .......... .......... 37% 3,24M 4s
[13.258s]   5900K .......... .......... .......... .......... .......... 38% 3,12M 4s
[13.274s]   5950K .......... .......... .......... .......... .......... 38% 3,06M 4s
[13.303s]   6000K .......... .......... .......... .......... .......... 38% 1,68M 4s
[13.322s]   6050K .......... .......... .......... .......... .......... 39% 3,38M 4s
[13.340s]   6100K .......... .......... .......... .......... .......... 39% 2,16M 4s
[13.354s]   6150K .......... .......... .......... .......... .......... 39% 3,50M 4s
[13.369s]   6200K .......... .......... .......... .......... .......... 39% 3,18M 4s
[13.383s]   6250K .......... .......... .......... .......... .......... 40% 3,41M 4s
[13.400s]   6300K .......... .......... .......... .......... .......... 40% 2,85M 4s
[13.414s]   6350K .......... .......... .......... .......... .......... 40% 3,69M 4s
[13.426s]   6400K .......... .......... .......... .......... .......... 41% 3,84M 4s
[13.445s]   6450K .......... .......... .......... .......... .......... 41% 3,31M 4s
[13.458s]   6500K .......... .......... .......... .......... .......... 41% 2,85M 4s
[13.474s]   6550K .......... .......... .......... .......... .......... 42% 3,09M 4s
[13.488s]   6600K .......... .......... .......... .......... .......... 42% 3,46M 4s
[13.526s]   6650K .......... .......... .......... .......... .......... 42% 1,28M 4s
[13.539s]   6700K .......... .......... .......... .......... .......... 43% 3,87M 4s
[13.553s]   6750K .......... .......... .......... .......... .......... 43% 3,44M 4s
[13.567s]   6800K .......... .......... .......... .......... .......... 43% 3,60M 4s
[13.589s]   6850K .......... .......... .......... .......... .......... 44% 3,96M 4s
[13.601s]   6900K .......... .......... .......... .......... .......... 44% 2,27M 4s
[13.613s]   6950K .......... .......... .......... .......... .......... 44% 4,02M 4s
[13.652s]   7000K .......... .......... .......... .......... .......... 45% 1,25M 4s
[13.668s]   7050K .......... .......... .......... .......... .......... 45% 3,06M 4s
[13.680s]   7100K .......... .......... .......... .......... .......... 45% 3,98M 4s
[13.695s]   7150K .......... .......... .......... .......... .......... 46% 3,13M 3s
[13.715s]   7200K .......... .......... .......... .......... .......... 46% 2,48M 3s
[13.733s]   7250K .......... .......... .......... .......... .......... 46% 3,51M 3s
[13.746s]   7300K .......... .......... .......... .......... .......... 47% 2,86M 3s
[13.764s]   7350K .......... .......... .......... .......... .......... 47% 2,73M 3s
[13.776s]   7400K .......... .......... .......... .......... .......... 47% 4,15M 3s
[13.790s]   7450K .......... .......... .......... .......... .......... 47% 3,45M 3s
[13.804s]   7500K .......... .......... .......... .......... .......... 48% 3,41M 3s
[13.829s]   7550K .......... .......... .......... .......... .......... 48% 2,02M 3s
[13.841s]   7600K .......... .......... .......... .......... .......... 48% 3,92M 3s
[13.859s]   7650K .......... .......... .......... .......... .......... 49% 3,89M 3s
[13.873s]   7700K .......... .......... .......... .......... .......... 49% 2,53M 3s
[13.885s]   7750K .......... .......... .......... .......... .......... 49% 3,93M 3s
[13.898s]   7800K .......... .......... .......... .......... .......... 50% 3,86M 3s
[13.914s]   7850K .......... .......... .......... .......... .......... 50% 3,02M 3s
[13.931s]   7900K .......... .......... .......... .......... .......... 50% 2,86M 3s
[13.943s]   7950K .......... .......... .......... .......... .......... 51% 4,11M 3s
[13.955s]   8000K .......... .......... .......... .......... .......... 51% 4,11M 3s
[13.975s]   8050K .......... .......... .......... .......... .......... 51% 2,99M 3s
[13.988s]   8100K .......... .......... .......... .......... .......... 52% 2,98M 3s
[14.004s]   8150K .......... .......... .......... .......... .......... 52% 2,97M 3s
[14.017s]   8200K .......... .......... .......... .......... .......... 52% 3,94M 3s
[14.030s]   8250K .......... .......... .......... .......... .......... 53% 3,65M 3s
[14.042s]   8300K .......... .......... .......... .......... .......... 53% 4,06M 3s
[14.070s]   8350K .......... .......... .......... .......... .......... 53% 1,73M 3s
[14.088s]   8400K .......... .......... .......... .......... .......... 54% 2,76M 3s
[14.101s]   8450K .......... .......... .......... .......... .......... 54% 4,76M 3s
[14.113s]   8500K .......... .......... .......... .......... .......... 54% 3,21M 3s
[14.134s]   8550K .......... .......... .......... .......... .......... 55% 2,40M 3s
[14.144s]   8600K .......... .......... .......... .......... .......... 55% 4,87M 3s
[14.158s]   8650K .......... .......... .......... .......... .......... 55% 3,47M 3s
[14.171s]   8700K .......... .......... .......... .......... .......... 55% 3,74M 3s
[14.187s]   8750K .......... .......... .......... .......... .......... 56% 3,06M 3s
[14.196s]   8800K .......... .......... .......... .......... .......... 56% 5,34M 3s
[14.214s]   8850K .......... .......... .......... .......... .......... 56% 3,62M 3s
[14.229s]   8900K .......... .......... .......... .......... .......... 57% 2,52M 3s
[14.242s]   8950K .......... .......... .......... .......... .......... 57% 3,66M 3s
[14.254s]   9000K .......... .......... .......... .......... .......... 57% 4,11M 3s
[14.269s]   9050K .......... .......... .......... .......... .......... 58% 3,28M 3s
[14.281s]   9100K .......... .......... .......... .......... .......... 58% 3,99M 3s
[14.294s]   9150K .......... .......... .......... .......... .......... 58% 3,69M 3s
[14.309s]   9200K .......... .......... .......... .......... .......... 59% 3,24M 2s
[14.326s]   9250K .......... .......... .......... .......... .......... 59% 3,69M 2s
[14.339s]   9300K .......... .......... .......... .......... .......... 59% 2,98M 2s
[14.351s]   9350K .......... .......... .......... .......... .......... 60% 4,08M 2s
[14.365s]   9400K .......... .......... .......... .......... .......... 60% 3,59M 2s
[14.386s]   9450K .......... .......... .......... .......... .......... 60% 2,33M 2s
[14.398s]   9500K .......... .......... .......... .......... .......... 61% 4,01M 2s
[14.409s]   9550K .......... .......... .......... .......... .......... 61% 4,25M 2s
[14.426s]   9600K .......... .......... .......... .......... .......... 61% 2,93M 2s
[14.443s]   9650K .......... .......... .......... .......... .......... 62% 4,27M 2s
[14.463s]   9700K .......... .......... .......... .......... .......... 62% 1,92M 2s
[14.478s]   9750K .......... .......... .......... .......... .......... 62% 3,14M 2s
[14.534s]   9800K .......... .......... .......... .......... .......... 63%  895K 2s
[14.541s]   9850K .......... .......... .......... .......... .......... 63% 7,65M 2s
[14.561s]   9900K .......... .......... .......... .......... .......... 63% 2,41M 2s
[14.561s]   9950K .......... .......... .......... .......... .......... 63% 92,7M 2s
[14.567s]  10000K .......... .......... .......... .......... .......... 64% 8,22M 2s
[14.590s]  10050K .......... .......... .......... .......... .......... 64% 2,75M 2s
[14.610s]  10100K .......... .......... .......... .......... .......... 64% 1,94M 2s
[14.626s]  10150K .......... .......... .......... .......... .......... 65% 3,15M 2s
[14.646s]  10200K .......... .......... .......... .......... .......... 65% 2,42M 2s
[14.659s]  10250K .......... .......... .......... .......... .......... 65% 3,70M 2s
[14.678s]  10300K .......... .......... .......... .......... .......... 66% 2,52M 2s
[14.698s]  10350K .......... .......... .......... .......... .......... 66% 2,56M 2s
[14.711s]  10400K .......... .......... .......... .......... .......... 66% 3,58M 2s
[14.734s]  10450K .......... .......... .......... .......... .......... 67% 2,90M 2s
[14.751s]  10500K .......... .......... .......... .......... .......... 67% 2,19M 2s
[14.766s]  10550K .......... .......... .......... .......... .......... 67% 3,14M 2s
[14.785s]  10600K .......... .......... .......... .......... .......... 68% 2,58M 2s
[14.801s]  10650K .......... .......... .......... .......... .......... 68% 2,99M 2s
[14.816s]  10700K .......... .......... .......... .......... .......... 68% 3,43M 2s
[14.834s]  10750K .......... .......... .......... .......... .......... 69% 2,68M 2s
[14.850s]  10800K .......... .......... .......... .......... .......... 69% 2,91M 2s
[14.873s]  10850K .......... .......... .......... .......... .......... 69% 2,91M 2s
[14.889s]  10900K .......... .......... .......... .......... .......... 70% 2,23M 2s
[14.907s]  10950K .......... .......... .......... .......... .......... 70% 2,82M 2s
[14.921s]  11000K .......... .......... .......... .......... .......... 70% 3,27M 2s
[14.939s]  11050K .......... .......... .......... .......... .......... 71% 2,79M 2s
[14.955s]  11100K .......... .......... .......... .......... .......... 71% 3,05M 2s
[14.971s]  11150K .......... .......... .......... .......... .......... 71% 3,01M 2s
[14.990s]  11200K .......... .......... .......... .......... .......... 71% 2,59M 2s
[15.011s]  11250K .......... .......... .......... .......... .......... 72% 3,14M 2s
[15.028s]  11300K .......... .......... .......... .......... .......... 72% 2,22M 2s
[15.044s]  11350K .......... .......... .......... .......... .......... 72% 2,99M 2s
[15.060s]  11400K .......... .......... .......... .......... .......... 73% 2,95M 2s
[15.077s]  11450K .......... .......... .......... .......... .......... 73% 2,89M 2s
[15.094s]  11500K .......... .......... .......... .......... .......... 73% 2,98M 2s
[15.108s]  11550K .......... .......... .......... .......... .......... 74% 3,46M 2s
[15.127s]  11600K .......... .......... .......... .......... .......... 74% 2,49M 2s
[15.143s]  11650K .......... .......... .......... .......... .......... 74% 4,23M 1s
[15.163s]  11700K .......... .......... .......... .......... .......... 75% 2,02M 1s
[15.179s]  11750K .......... .......... .......... .......... .......... 75% 3,07M 1s
[15.192s]  11800K .......... .......... .......... .......... .......... 75% 3,87M 1s
[15.207s]  11850K .......... .......... .......... .......... .......... 76% 3,24M 1s
[15.224s]  11900K .......... .......... .......... .......... .......... 76% 2,88M 1s
[15.233s] Invoked command in '/home/shared/projects/gultepe/cleaner_ws/build/multirobot_map_merge' returned '-2': CMAKE_PREFIX_PATH=${CMAKE_PREFIX_PATH}:/home/tunaprogrammer/projects/gultepe/cleaner_ws/install/bno055:/home/tunaprogrammer/projects/gultepe/humble_ws/install/jetpack:/home/tunaprogrammer/projects/gultepe/humble_ws/install/python_pkg:/home/tunaprogrammer/projects/gultepe/humble_ws/install/catcher:/opt/ros/humble /usr/bin/cmake /home/shared/projects/gultepe/cleaner_ws/src/m-explore-ros2/map_merge -DCMAKE_INSTALL_PREFIX=/home/shared/projects/gultepe/cleaner_ws/install/multirobot_map_merge
[15.244s] Traceback (most recent call last):
  File "/usr/lib/python3/dist-packages/colcon_parallel_executor/executor/parallel.py", line 75, in execute
    loop.run_until_complete(future)
  File "/usr/lib/python3.10/asyncio/base_events.py", line 636, in run_until_complete
    self.run_forever()
  File "/usr/lib/python3.10/asyncio/base_events.py", line 603, in run_forever
    self._run_once()
  File "/usr/lib/python3.10/asyncio/base_events.py", line 1871, in _run_once
    event_list = self._selector.select(timeout)
  File "/usr/lib/python3.10/selectors.py", line 469, in select
    fd_event_list = self._selector.poll(timeout, max_ev)
KeyboardInterrupt

During handling of the above exception, another exception occurred:

Traceback (most recent call last):
  File "/usr/lib/python3/dist-packages/colcon_core/executor/__init__.py", line 91, in __call__
    rc = await self.task(*args, **kwargs)
  File "/usr/lib/python3/dist-packages/colcon_core/task/__init__.py", line 93, in __call__
    return await task_method(*args, **kwargs)
  File "/usr/lib/python3/dist-packages/colcon_ros/task/ament_cmake/build.py", line 59, in build
    rc = await extension.build(
  File "/usr/lib/python3/dist-packages/colcon_cmake/task/cmake/build.py", line 87, in build
    rc = await self._reconfigure(args, env)
  File "/usr/lib/python3/dist-packages/colcon_cmake/task/cmake/build.py", line 182, in _reconfigure
    buildfile = get_buildfile(cmake_cache)
  File "/usr/lib/python3/dist-packages/colcon_cmake/task/cmake/__init__.py", line 114, in get_buildfile
    if 'Visual Studio' in generator:
TypeError: argument of type 'NoneType' is not iterable
