/home/tunaprogrammer/.local/lib/python3.10/site-packages/setuptools/dist.py:717: UserWarning: Usage of dash-separated 'script-dir' will not be supported in future versions. Please use the underscore name 'script_dir' instead
  warnings.warn(
running develop
/home/tunaprogrammer/.local/lib/python3.10/site-packages/setuptools/dist.py:717: UserWarning: Usage of dash-separated 'script-dir' will not be supported in future versions. Please use the underscore name 'script_dir' instead
  warnings.warn(
running egg_info
writing ../../../build/explorer_wanderer/explorer_wanderer.egg-info/PKG-INFO
writing dependency_links to ../../../build/explorer_wanderer/explorer_wanderer.egg-info/dependency_links.txt
writing entry points to ../../../build/explorer_wanderer/explorer_wanderer.egg-info/entry_points.txt
writing requirements to ../../../build/explorer_wanderer/explorer_wanderer.egg-info/requires.txt
writing top-level names to ../../../build/explorer_wanderer/explorer_wanderer.egg-info/top_level.txt
reading manifest file '../../../build/explorer_wanderer/explorer_wanderer.egg-info/SOURCES.txt'
writing manifest file '../../../build/explorer_wanderer/explorer_wanderer.egg-info/SOURCES.txt'
running build
running build_py
copying explorer_wanderer/wanderer.py -> /home/shared/projects/gultepe/cleaner_ws/build/explorer_wanderer/build/lib/explorer_wanderer
copying explorer_wanderer/discoverer_server.py -> /home/shared/projects/gultepe/cleaner_ws/build/explorer_wanderer/build/lib/explorer_wanderer
copying explorer_wanderer/__init__.py -> /home/shared/projects/gultepe/cleaner_ws/build/explorer_wanderer/build/lib/explorer_wanderer
copying explorer_wanderer/wanderer_server.py -> /home/shared/projects/gultepe/cleaner_ws/build/explorer_wanderer/build/lib/explorer_wanderer
running install
running install_lib
creating /home/shared/projects/gultepe/cleaner_ws/install/explorer_wanderer/lib/python3.10/site-packages/explorer_wanderer
copying /home/shared/projects/gultepe/cleaner_ws/build/explorer_wanderer/build/lib/explorer_wanderer/wanderer.py -> /home/shared/projects/gultepe/cleaner_ws/install/explorer_wanderer/lib/python3.10/site-packages/explorer_wanderer
copying /home/shared/projects/gultepe/cleaner_ws/build/explorer_wanderer/build/lib/explorer_wanderer/discoverer_server.py -> /home/shared/projects/gultepe/cleaner_ws/install/explorer_wanderer/lib/python3.10/site-packages/explorer_wanderer
copying /home/shared/projects/gultepe/cleaner_ws/build/explorer_wanderer/build/lib/explorer_wanderer/__init__.py -> /home/shared/projects/gultepe/cleaner_ws/install/explorer_wanderer/lib/python3.10/site-packages/explorer_wanderer
copying /home/shared/projects/gultepe/cleaner_ws/build/explorer_wanderer/build/lib/explorer_wanderer/wanderer_server.py -> /home/shared/projects/gultepe/cleaner_ws/install/explorer_wanderer/lib/python3.10/site-packages/explorer_wanderer
byte-compiling /home/shared/projects/gultepe/cleaner_ws/install/explorer_wanderer/lib/python3.10/site-packages/explorer_wanderer/wanderer.py to wanderer.cpython-310.pyc
byte-compiling /home/shared/projects/gultepe/cleaner_ws/install/explorer_wanderer/lib/python3.10/site-packages/explorer_wanderer/discoverer_server.py to discoverer_server.cpython-310.pyc
byte-compiling /home/shared/projects/gultepe/cleaner_ws/install/explorer_wanderer/lib/python3.10/site-packages/explorer_wanderer/__init__.py to __init__.cpython-310.pyc
byte-compiling /home/shared/projects/gultepe/cleaner_ws/install/explorer_wanderer/lib/python3.10/site-packages/explorer_wanderer/wanderer_server.py to wanderer_server.cpython-310.pyc
running install_data
copying resource/explorer_wanderer -> /home/shared/projects/gultepe/cleaner_ws/install/explorer_wanderer/share/ament_index/resource_index/packages
copying package.xml -> /home/shared/projects/gultepe/cleaner_ws/install/explorer_wanderer/share/explorer_wanderer
running install_egg_info
Copying ../../../build/explorer_wanderer/explorer_wanderer.egg-info to /home/shared/projects/gultepe/cleaner_ws/install/explorer_wanderer/lib/python3.10/site-packages/explorer_wanderer-0.0.0-py3.10.egg-info
running install_scripts
Installing discoverer_server script to /home/shared/projects/gultepe/cleaner_ws/install/explorer_wanderer/lib/explorer_wanderer
Installing wanderer script to /home/shared/projects/gultepe/cleaner_ws/install/explorer_wanderer/lib/explorer_wanderer
Installing wanderer_server script to /home/shared/projects/gultepe/cleaner_ws/install/explorer_wanderer/lib/explorer_wanderer
writing list of installed files to '/home/shared/projects/gultepe/cleaner_ws/build/explorer_wanderer/install.log'
