[0.316s] Invoking command in '/home/shared/projects/gultepe/cleaner_ws/build/serial_motor_demo_msgs': CMAKE_PREFIX_PATH=${CMAKE_PREFIX_PATH}:/home/tunaprogrammer/projects/gultepe/cleaner_ws/install/serial_motor_demo:/home/tunaprogrammer/projects/gultepe/cleaner_ws/install/linear_sweep:/home/tunaprogrammer/projects/gultepe/cleaner_ws/install/gultepe_scripts:/home/tunaprogrammer/projects/gultepe/cleaner_ws/install/gultepe_pkg:/home/tunaprogrammer/projects/gultepe/cleaner_ws/install/differential_drive:/home/tunaprogrammer/projects/gultepe/cleaner_ws/install/bno055:/home/tunaprogrammer/projects/gultepe/humble_ws/install/jetpack:/home/tunaprogrammer/projects/gultepe/humble_ws/install/python_pkg:/home/tunaprogrammer/projects/gultepe/humble_ws/install/catcher:/opt/ros/humble /usr/bin/cmake --build /home/shared/projects/gultepe/cleaner_ws/build/serial_motor_demo_msgs -- -j16 -l16
[1.172s] [35m[1mConsolidate compiler generated dependencies of target serial_motor_demo_msgs__rosidl_generator_c[0m
[1.173s] [  2%] Built target serial_motor_demo_msgs__cpp
[1.173s] [ 12%] Built target serial_motor_demo_msgs__rosidl_generator_c
[1.173s] [ 12%] Built target ament_cmake_python_copy_serial_motor_demo_msgs
[1.173s] [35m[1mConsolidate compiler generated dependencies of target serial_motor_demo_msgs__rosidl_typesupport_introspection_c[0m
[1.173s] [35m[1mConsolidate compiler generated dependencies of target serial_motor_demo_msgs__rosidl_typesupport_cpp[0m
[1.173s] [35m[1mConsolidate compiler generated dependencies of target serial_motor_demo_msgs__rosidl_typesupport_fastrtps_cpp[0m
[1.173s] [35m[1mConsolidate compiler generated dependencies of target serial_motor_demo_msgs__rosidl_typesupport_introspection_cpp[0m
[1.174s] [35m[1mConsolidate compiler generated dependencies of target serial_motor_demo_msgs__rosidl_typesupport_fastrtps_c[0m
[1.174s] [35m[1mConsolidate compiler generated dependencies of target serial_motor_demo_msgs__rosidl_typesupport_c[0m
[1.174s] [ 23%] Built target serial_motor_demo_msgs__rosidl_typesupport_introspection_c
[1.174s] [ 34%] Built target serial_motor_demo_msgs__rosidl_typesupport_c
[1.174s] [ 44%] Built target serial_motor_demo_msgs__rosidl_typesupport_cpp
[1.174s] [ 55%] Built target serial_motor_demo_msgs__rosidl_typesupport_introspection_cpp
[1.175s] [ 76%] Built target serial_motor_demo_msgs__rosidl_typesupport_fastrtps_c
[1.175s] [ 76%] Built target serial_motor_demo_msgs__rosidl_typesupport_fastrtps_cpp
[1.175s] [ 76%] Built target serial_motor_demo_msgs
[1.175s] [ 78%] Built target serial_motor_demo_msgs__py
[1.175s] [35m[1mConsolidate compiler generated dependencies of target serial_motor_demo_msgs__rosidl_generator_py[0m
[1.175s] [ 87%] Built target serial_motor_demo_msgs__rosidl_generator_py
[1.175s] [35m[1mConsolidate compiler generated dependencies of target serial_motor_demo_msgs__rosidl_typesupport_fastrtps_c__pyext[0m
[1.175s] [35m[1mConsolidate compiler generated dependencies of target serial_motor_demo_msgs__rosidl_typesupport_c__pyext[0m
[1.175s] [35m[1mConsolidate compiler generated dependencies of target serial_motor_demo_msgs__rosidl_typesupport_introspection_c__pyext[0m
[1.175s] [ 91%] Built target serial_motor_demo_msgs__rosidl_typesupport_c__pyext
[1.175s] [ 97%] Built target serial_motor_demo_msgs__rosidl_typesupport_fastrtps_c__pyext
[1.175s] [100%] Built target serial_motor_demo_msgs__rosidl_typesupport_introspection_c__pyext
[1.175s] running egg_info
[1.175s] writing serial_motor_demo_msgs.egg-info/PKG-INFO
[1.175s] writing dependency_links to serial_motor_demo_msgs.egg-info/dependency_links.txt
[1.175s] writing top-level names to serial_motor_demo_msgs.egg-info/top_level.txt
[1.175s] reading manifest file 'serial_motor_demo_msgs.egg-info/SOURCES.txt'
[1.175s] writing manifest file 'serial_motor_demo_msgs.egg-info/SOURCES.txt'
[1.175s] [100%] Built target ament_cmake_python_build_serial_motor_demo_msgs_egg
[1.176s] Invoked command in '/home/shared/projects/gultepe/cleaner_ws/build/serial_motor_demo_msgs' returned '0': CMAKE_PREFIX_PATH=${CMAKE_PREFIX_PATH}:/home/tunaprogrammer/projects/gultepe/cleaner_ws/install/serial_motor_demo:/home/tunaprogrammer/projects/gultepe/cleaner_ws/install/linear_sweep:/home/tunaprogrammer/projects/gultepe/cleaner_ws/install/gultepe_scripts:/home/tunaprogrammer/projects/gultepe/cleaner_ws/install/gultepe_pkg:/home/tunaprogrammer/projects/gultepe/cleaner_ws/install/differential_drive:/home/tunaprogrammer/projects/gultepe/cleaner_ws/install/bno055:/home/tunaprogrammer/projects/gultepe/humble_ws/install/jetpack:/home/tunaprogrammer/projects/gultepe/humble_ws/install/python_pkg:/home/tunaprogrammer/projects/gultepe/humble_ws/install/catcher:/opt/ros/humble /usr/bin/cmake --build /home/shared/projects/gultepe/cleaner_ws/build/serial_motor_demo_msgs -- -j16 -l16
[1.410s] Invoking command in '/home/shared/projects/gultepe/cleaner_ws/build/serial_motor_demo_msgs': CMAKE_PREFIX_PATH=${CMAKE_PREFIX_PATH}:/home/tunaprogrammer/projects/gultepe/cleaner_ws/install/serial_motor_demo:/home/tunaprogrammer/projects/gultepe/cleaner_ws/install/linear_sweep:/home/tunaprogrammer/projects/gultepe/cleaner_ws/install/gultepe_scripts:/home/tunaprogrammer/projects/gultepe/cleaner_ws/install/gultepe_pkg:/home/tunaprogrammer/projects/gultepe/cleaner_ws/install/differential_drive:/home/tunaprogrammer/projects/gultepe/cleaner_ws/install/bno055:/home/tunaprogrammer/projects/gultepe/humble_ws/install/jetpack:/home/tunaprogrammer/projects/gultepe/humble_ws/install/python_pkg:/home/tunaprogrammer/projects/gultepe/humble_ws/install/catcher:/opt/ros/humble /usr/bin/cmake --install /home/shared/projects/gultepe/cleaner_ws/build/serial_motor_demo_msgs
[1.421s] -- Install configuration: ""
[1.427s] -- Up-to-date: /home/shared/projects/gultepe/cleaner_ws/install/serial_motor_demo_msgs/share/ament_index/resource_index/rosidl_interfaces/serial_motor_demo_msgs
[1.427s] -- Up-to-date: /home/shared/projects/gultepe/cleaner_ws/install/serial_motor_demo_msgs/include/serial_motor_demo_msgs/serial_motor_demo_msgs
[1.427s] -- Up-to-date: /home/shared/projects/gultepe/cleaner_ws/install/serial_motor_demo_msgs/include/serial_motor_demo_msgs/serial_motor_demo_msgs/msg
[1.428s] -- Up-to-date: /home/shared/projects/gultepe/cleaner_ws/install/serial_motor_demo_msgs/include/serial_motor_demo_msgs/serial_motor_demo_msgs/msg/motor_vels.h
[1.428s] -- Up-to-date: /home/shared/projects/gultepe/cleaner_ws/install/serial_motor_demo_msgs/include/serial_motor_demo_msgs/serial_motor_demo_msgs/msg/encoder_vals.h
[1.428s] -- Up-to-date: /home/shared/projects/gultepe/cleaner_ws/install/serial_motor_demo_msgs/include/serial_motor_demo_msgs/serial_motor_demo_msgs/msg/motor_command.h
[1.428s] -- Up-to-date: /home/shared/projects/gultepe/cleaner_ws/install/serial_motor_demo_msgs/include/serial_motor_demo_msgs/serial_motor_demo_msgs/msg/rosidl_generator_c__visibility_control.h
[1.428s] -- Up-to-date: /home/shared/projects/gultepe/cleaner_ws/install/serial_motor_demo_msgs/include/serial_motor_demo_msgs/serial_motor_demo_msgs/msg/detail
[1.428s] -- Up-to-date: /home/shared/projects/gultepe/cleaner_ws/install/serial_motor_demo_msgs/include/serial_motor_demo_msgs/serial_motor_demo_msgs/msg/detail/motor_vels__struct.h
[1.428s] -- Up-to-date: /home/shared/projects/gultepe/cleaner_ws/install/serial_motor_demo_msgs/include/serial_motor_demo_msgs/serial_motor_demo_msgs/msg/detail/encoder_vals__functions.h
[1.428s] -- Up-to-date: /home/shared/projects/gultepe/cleaner_ws/install/serial_motor_demo_msgs/include/serial_motor_demo_msgs/serial_motor_demo_msgs/msg/detail/motor_command__functions.c
[1.428s] -- Up-to-date: /home/shared/projects/gultepe/cleaner_ws/install/serial_motor_demo_msgs/include/serial_motor_demo_msgs/serial_motor_demo_msgs/msg/detail/encoder_vals__functions.c
[1.428s] -- Up-to-date: /home/shared/projects/gultepe/cleaner_ws/install/serial_motor_demo_msgs/include/serial_motor_demo_msgs/serial_motor_demo_msgs/msg/detail/motor_command__functions.h
[1.428s] -- Up-to-date: /home/shared/projects/gultepe/cleaner_ws/install/serial_motor_demo_msgs/include/serial_motor_demo_msgs/serial_motor_demo_msgs/msg/detail/encoder_vals__type_support.h
[1.429s] -- Up-to-date: /home/shared/projects/gultepe/cleaner_ws/install/serial_motor_demo_msgs/include/serial_motor_demo_msgs/serial_motor_demo_msgs/msg/detail/motor_vels__functions.h
[1.429s] -- Up-to-date: /home/shared/projects/gultepe/cleaner_ws/install/serial_motor_demo_msgs/include/serial_motor_demo_msgs/serial_motor_demo_msgs/msg/detail/motor_command__struct.h
[1.429s] -- Up-to-date: /home/shared/projects/gultepe/cleaner_ws/install/serial_motor_demo_msgs/include/serial_motor_demo_msgs/serial_motor_demo_msgs/msg/detail/motor_vels__functions.c
[1.429s] -- Up-to-date: /home/shared/projects/gultepe/cleaner_ws/install/serial_motor_demo_msgs/include/serial_motor_demo_msgs/serial_motor_demo_msgs/msg/detail/motor_command__type_support.h
[1.429s] -- Up-to-date: /home/shared/projects/gultepe/cleaner_ws/install/serial_motor_demo_msgs/include/serial_motor_demo_msgs/serial_motor_demo_msgs/msg/detail/encoder_vals__struct.h
[1.429s] -- Up-to-date: /home/shared/projects/gultepe/cleaner_ws/install/serial_motor_demo_msgs/include/serial_motor_demo_msgs/serial_motor_demo_msgs/msg/detail/motor_vels__type_support.h
[1.429s] -- Up-to-date: /home/shared/projects/gultepe/cleaner_ws/install/serial_motor_demo_msgs/share/serial_motor_demo_msgs/environment/library_path.sh
[1.429s] -- Up-to-date: /home/shared/projects/gultepe/cleaner_ws/install/serial_motor_demo_msgs/share/serial_motor_demo_msgs/environment/library_path.dsv
[1.429s] -- Up-to-date: /home/shared/projects/gultepe/cleaner_ws/install/serial_motor_demo_msgs/lib/libserial_motor_demo_msgs__rosidl_generator_c.so
[1.429s] -- Up-to-date: /home/shared/projects/gultepe/cleaner_ws/install/serial_motor_demo_msgs/include/serial_motor_demo_msgs/serial_motor_demo_msgs
[1.429s] -- Up-to-date: /home/shared/projects/gultepe/cleaner_ws/install/serial_motor_demo_msgs/include/serial_motor_demo_msgs/serial_motor_demo_msgs/msg
[1.429s] -- Up-to-date: /home/shared/projects/gultepe/cleaner_ws/install/serial_motor_demo_msgs/include/serial_motor_demo_msgs/serial_motor_demo_msgs/msg/detail
[1.430s] -- Up-to-date: /home/shared/projects/gultepe/cleaner_ws/install/serial_motor_demo_msgs/include/serial_motor_demo_msgs/serial_motor_demo_msgs/msg/detail/motor_command__rosidl_typesupport_fastrtps_c.h
[1.430s] -- Up-to-date: /home/shared/projects/gultepe/cleaner_ws/install/serial_motor_demo_msgs/include/serial_motor_demo_msgs/serial_motor_demo_msgs/msg/detail/motor_vels__rosidl_typesupport_fastrtps_c.h
[1.430s] -- Up-to-date: /home/shared/projects/gultepe/cleaner_ws/install/serial_motor_demo_msgs/include/serial_motor_demo_msgs/serial_motor_demo_msgs/msg/detail/encoder_vals__rosidl_typesupport_fastrtps_c.h
[1.430s] -- Up-to-date: /home/shared/projects/gultepe/cleaner_ws/install/serial_motor_demo_msgs/include/serial_motor_demo_msgs/serial_motor_demo_msgs/msg/rosidl_typesupport_fastrtps_c__visibility_control.h
[1.430s] -- Up-to-date: /home/shared/projects/gultepe/cleaner_ws/install/serial_motor_demo_msgs/lib/libserial_motor_demo_msgs__rosidl_typesupport_fastrtps_c.so
[1.430s] -- Up-to-date: /home/shared/projects/gultepe/cleaner_ws/install/serial_motor_demo_msgs/include/serial_motor_demo_msgs/serial_motor_demo_msgs
[1.430s] -- Up-to-date: /home/shared/projects/gultepe/cleaner_ws/install/serial_motor_demo_msgs/include/serial_motor_demo_msgs/serial_motor_demo_msgs/msg
[1.430s] -- Up-to-date: /home/shared/projects/gultepe/cleaner_ws/install/serial_motor_demo_msgs/include/serial_motor_demo_msgs/serial_motor_demo_msgs/msg/detail
[1.430s] -- Up-to-date: /home/shared/projects/gultepe/cleaner_ws/install/serial_motor_demo_msgs/include/serial_motor_demo_msgs/serial_motor_demo_msgs/msg/detail/motor_command__type_support.c
[1.430s] -- Up-to-date: /home/shared/projects/gultepe/cleaner_ws/install/serial_motor_demo_msgs/include/serial_motor_demo_msgs/serial_motor_demo_msgs/msg/detail/motor_command__rosidl_typesupport_introspection_c.h
[1.430s] -- Up-to-date: /home/shared/projects/gultepe/cleaner_ws/install/serial_motor_demo_msgs/include/serial_motor_demo_msgs/serial_motor_demo_msgs/msg/detail/motor_vels__type_support.c
[1.431s] -- Up-to-date: /home/shared/projects/gultepe/cleaner_ws/install/serial_motor_demo_msgs/include/serial_motor_demo_msgs/serial_motor_demo_msgs/msg/detail/motor_vels__rosidl_typesupport_introspection_c.h
[1.431s] -- Up-to-date: /home/shared/projects/gultepe/cleaner_ws/install/serial_motor_demo_msgs/include/serial_motor_demo_msgs/serial_motor_demo_msgs/msg/detail/encoder_vals__type_support.c
[1.431s] -- Up-to-date: /home/shared/projects/gultepe/cleaner_ws/install/serial_motor_demo_msgs/include/serial_motor_demo_msgs/serial_motor_demo_msgs/msg/detail/encoder_vals__rosidl_typesupport_introspection_c.h
[1.431s] -- Up-to-date: /home/shared/projects/gultepe/cleaner_ws/install/serial_motor_demo_msgs/include/serial_motor_demo_msgs/serial_motor_demo_msgs/msg/rosidl_typesupport_introspection_c__visibility_control.h
[1.431s] -- Up-to-date: /home/shared/projects/gultepe/cleaner_ws/install/serial_motor_demo_msgs/lib/libserial_motor_demo_msgs__rosidl_typesupport_introspection_c.so
[1.431s] -- Up-to-date: /home/shared/projects/gultepe/cleaner_ws/install/serial_motor_demo_msgs/lib/libserial_motor_demo_msgs__rosidl_typesupport_c.so
[1.431s] -- Up-to-date: /home/shared/projects/gultepe/cleaner_ws/install/serial_motor_demo_msgs/include/serial_motor_demo_msgs/serial_motor_demo_msgs
[1.431s] -- Up-to-date: /home/shared/projects/gultepe/cleaner_ws/install/serial_motor_demo_msgs/include/serial_motor_demo_msgs/serial_motor_demo_msgs/msg
[1.431s] -- Up-to-date: /home/shared/projects/gultepe/cleaner_ws/install/serial_motor_demo_msgs/include/serial_motor_demo_msgs/serial_motor_demo_msgs/msg/encoder_vals.hpp
[1.431s] -- Up-to-date: /home/shared/projects/gultepe/cleaner_ws/install/serial_motor_demo_msgs/include/serial_motor_demo_msgs/serial_motor_demo_msgs/msg/motor_vels.hpp
[1.432s] -- Up-to-date: /home/shared/projects/gultepe/cleaner_ws/install/serial_motor_demo_msgs/include/serial_motor_demo_msgs/serial_motor_demo_msgs/msg/motor_command.hpp
[1.432s] -- Up-to-date: /home/shared/projects/gultepe/cleaner_ws/install/serial_motor_demo_msgs/include/serial_motor_demo_msgs/serial_motor_demo_msgs/msg/detail
[1.432s] -- Up-to-date: /home/shared/projects/gultepe/cleaner_ws/install/serial_motor_demo_msgs/include/serial_motor_demo_msgs/serial_motor_demo_msgs/msg/detail/motor_command__builder.hpp
[1.432s] -- Up-to-date: /home/shared/projects/gultepe/cleaner_ws/install/serial_motor_demo_msgs/include/serial_motor_demo_msgs/serial_motor_demo_msgs/msg/detail/encoder_vals__struct.hpp
[1.432s] -- Up-to-date: /home/shared/projects/gultepe/cleaner_ws/install/serial_motor_demo_msgs/include/serial_motor_demo_msgs/serial_motor_demo_msgs/msg/detail/motor_vels__struct.hpp
[1.432s] -- Up-to-date: /home/shared/projects/gultepe/cleaner_ws/install/serial_motor_demo_msgs/include/serial_motor_demo_msgs/serial_motor_demo_msgs/msg/detail/encoder_vals__traits.hpp
[1.433s] -- Up-to-date: /home/shared/projects/gultepe/cleaner_ws/install/serial_motor_demo_msgs/include/serial_motor_demo_msgs/serial_motor_demo_msgs/msg/detail/encoder_vals__builder.hpp
[1.433s] -- Up-to-date: /home/shared/projects/gultepe/cleaner_ws/install/serial_motor_demo_msgs/include/serial_motor_demo_msgs/serial_motor_demo_msgs/msg/detail/motor_command__traits.hpp
[1.433s] -- Up-to-date: /home/shared/projects/gultepe/cleaner_ws/install/serial_motor_demo_msgs/include/serial_motor_demo_msgs/serial_motor_demo_msgs/msg/detail/motor_vels__builder.hpp
[1.433s] -- Up-to-date: /home/shared/projects/gultepe/cleaner_ws/install/serial_motor_demo_msgs/include/serial_motor_demo_msgs/serial_motor_demo_msgs/msg/detail/motor_vels__traits.hpp
[1.433s] -- Up-to-date: /home/shared/projects/gultepe/cleaner_ws/install/serial_motor_demo_msgs/include/serial_motor_demo_msgs/serial_motor_demo_msgs/msg/detail/motor_command__struct.hpp
[1.433s] -- Up-to-date: /home/shared/projects/gultepe/cleaner_ws/install/serial_motor_demo_msgs/include/serial_motor_demo_msgs/serial_motor_demo_msgs
[1.434s] -- Up-to-date: /home/shared/projects/gultepe/cleaner_ws/install/serial_motor_demo_msgs/include/serial_motor_demo_msgs/serial_motor_demo_msgs/msg
[1.434s] -- Up-to-date: /home/shared/projects/gultepe/cleaner_ws/install/serial_motor_demo_msgs/include/serial_motor_demo_msgs/serial_motor_demo_msgs/msg/rosidl_typesupport_fastrtps_cpp__visibility_control.h
[1.434s] -- Up-to-date: /home/shared/projects/gultepe/cleaner_ws/install/serial_motor_demo_msgs/include/serial_motor_demo_msgs/serial_motor_demo_msgs/msg/detail
[1.434s] -- Up-to-date: /home/shared/projects/gultepe/cleaner_ws/install/serial_motor_demo_msgs/include/serial_motor_demo_msgs/serial_motor_demo_msgs/msg/detail/encoder_vals__rosidl_typesupport_fastrtps_cpp.hpp
[1.434s] -- Up-to-date: /home/shared/projects/gultepe/cleaner_ws/install/serial_motor_demo_msgs/include/serial_motor_demo_msgs/serial_motor_demo_msgs/msg/detail/dds_fastrtps
[1.434s] -- Up-to-date: /home/shared/projects/gultepe/cleaner_ws/install/serial_motor_demo_msgs/include/serial_motor_demo_msgs/serial_motor_demo_msgs/msg/detail/motor_vels__rosidl_typesupport_fastrtps_cpp.hpp
[1.434s] -- Up-to-date: /home/shared/projects/gultepe/cleaner_ws/install/serial_motor_demo_msgs/include/serial_motor_demo_msgs/serial_motor_demo_msgs/msg/detail/motor_command__rosidl_typesupport_fastrtps_cpp.hpp
[1.434s] -- Up-to-date: /home/shared/projects/gultepe/cleaner_ws/install/serial_motor_demo_msgs/lib/libserial_motor_demo_msgs__rosidl_typesupport_fastrtps_cpp.so
[1.435s] -- Up-to-date: /home/shared/projects/gultepe/cleaner_ws/install/serial_motor_demo_msgs/include/serial_motor_demo_msgs/serial_motor_demo_msgs
[1.435s] -- Up-to-date: /home/shared/projects/gultepe/cleaner_ws/install/serial_motor_demo_msgs/include/serial_motor_demo_msgs/serial_motor_demo_msgs/msg
[1.435s] -- Up-to-date: /home/shared/projects/gultepe/cleaner_ws/install/serial_motor_demo_msgs/include/serial_motor_demo_msgs/serial_motor_demo_msgs/msg/detail
[1.435s] -- Up-to-date: /home/shared/projects/gultepe/cleaner_ws/install/serial_motor_demo_msgs/include/serial_motor_demo_msgs/serial_motor_demo_msgs/msg/detail/encoder_vals__rosidl_typesupport_introspection_cpp.hpp
[1.435s] -- Up-to-date: /home/shared/projects/gultepe/cleaner_ws/install/serial_motor_demo_msgs/include/serial_motor_demo_msgs/serial_motor_demo_msgs/msg/detail/encoder_vals__type_support.cpp
[1.435s] -- Up-to-date: /home/shared/projects/gultepe/cleaner_ws/install/serial_motor_demo_msgs/include/serial_motor_demo_msgs/serial_motor_demo_msgs/msg/detail/motor_vels__type_support.cpp
[1.435s] -- Up-to-date: /home/shared/projects/gultepe/cleaner_ws/install/serial_motor_demo_msgs/include/serial_motor_demo_msgs/serial_motor_demo_msgs/msg/detail/motor_command__rosidl_typesupport_introspection_cpp.hpp
[1.435s] -- Up-to-date: /home/shared/projects/gultepe/cleaner_ws/install/serial_motor_demo_msgs/include/serial_motor_demo_msgs/serial_motor_demo_msgs/msg/detail/motor_vels__rosidl_typesupport_introspection_cpp.hpp
[1.435s] -- Up-to-date: /home/shared/projects/gultepe/cleaner_ws/install/serial_motor_demo_msgs/include/serial_motor_demo_msgs/serial_motor_demo_msgs/msg/detail/motor_command__type_support.cpp
[1.438s] -- Up-to-date: /home/shared/projects/gultepe/cleaner_ws/install/serial_motor_demo_msgs/lib/libserial_motor_demo_msgs__rosidl_typesupport_introspection_cpp.so
[1.442s] -- Up-to-date: /home/shared/projects/gultepe/cleaner_ws/install/serial_motor_demo_msgs/lib/libserial_motor_demo_msgs__rosidl_typesupport_cpp.so
[1.443s] -- Up-to-date: /home/shared/projects/gultepe/cleaner_ws/install/serial_motor_demo_msgs/share/serial_motor_demo_msgs/environment/pythonpath.sh
[1.443s] -- Up-to-date: /home/shared/projects/gultepe/cleaner_ws/install/serial_motor_demo_msgs/share/serial_motor_demo_msgs/environment/pythonpath.dsv
[1.443s] -- Up-to-date: /home/shared/projects/gultepe/cleaner_ws/install/serial_motor_demo_msgs/local/lib/python3.10/dist-packages/serial_motor_demo_msgs-0.0.0-py3.10.egg-info
[1.443s] -- Installing: /home/shared/projects/gultepe/cleaner_ws/install/serial_motor_demo_msgs/local/lib/python3.10/dist-packages/serial_motor_demo_msgs-0.0.0-py3.10.egg-info/PKG-INFO
[1.443s] -- Installing: /home/shared/projects/gultepe/cleaner_ws/install/serial_motor_demo_msgs/local/lib/python3.10/dist-packages/serial_motor_demo_msgs-0.0.0-py3.10.egg-info/SOURCES.txt
[1.443s] -- Installing: /home/shared/projects/gultepe/cleaner_ws/install/serial_motor_demo_msgs/local/lib/python3.10/dist-packages/serial_motor_demo_msgs-0.0.0-py3.10.egg-info/dependency_links.txt
[1.444s] -- Installing: /home/shared/projects/gultepe/cleaner_ws/install/serial_motor_demo_msgs/local/lib/python3.10/dist-packages/serial_motor_demo_msgs-0.0.0-py3.10.egg-info/top_level.txt
[1.445s] -- Up-to-date: /home/shared/projects/gultepe/cleaner_ws/install/serial_motor_demo_msgs/local/lib/python3.10/dist-packages/serial_motor_demo_msgs
[1.445s] -- Up-to-date: /home/shared/projects/gultepe/cleaner_ws/install/serial_motor_demo_msgs/local/lib/python3.10/dist-packages/serial_motor_demo_msgs/serial_motor_demo_msgs_s__rosidl_typesupport_fastrtps_c.cpython-310-x86_64-linux-gnu.so
[1.446s] -- Up-to-date: /home/shared/projects/gultepe/cleaner_ws/install/serial_motor_demo_msgs/local/lib/python3.10/dist-packages/serial_motor_demo_msgs/_serial_motor_demo_msgs_s.ep.rosidl_typesupport_introspection_c.c
[1.446s] -- Up-to-date: /home/shared/projects/gultepe/cleaner_ws/install/serial_motor_demo_msgs/local/lib/python3.10/dist-packages/serial_motor_demo_msgs/libserial_motor_demo_msgs__rosidl_generator_py.so
[1.446s] -- Up-to-date: /home/shared/projects/gultepe/cleaner_ws/install/serial_motor_demo_msgs/local/lib/python3.10/dist-packages/serial_motor_demo_msgs/_serial_motor_demo_msgs_s.ep.rosidl_typesupport_fastrtps_c.c
[1.446s] -- Up-to-date: /home/shared/projects/gultepe/cleaner_ws/install/serial_motor_demo_msgs/local/lib/python3.10/dist-packages/serial_motor_demo_msgs/__init__.py
[1.446s] -- Up-to-date: /home/shared/projects/gultepe/cleaner_ws/install/serial_motor_demo_msgs/local/lib/python3.10/dist-packages/serial_motor_demo_msgs/serial_motor_demo_msgs_s__rosidl_typesupport_introspection_c.cpython-310-x86_64-linux-gnu.so
[1.446s] -- Up-to-date: /home/shared/projects/gultepe/cleaner_ws/install/serial_motor_demo_msgs/local/lib/python3.10/dist-packages/serial_motor_demo_msgs/serial_motor_demo_msgs_s__rosidl_typesupport_c.cpython-310-x86_64-linux-gnu.so
[1.446s] -- Up-to-date: /home/shared/projects/gultepe/cleaner_ws/install/serial_motor_demo_msgs/local/lib/python3.10/dist-packages/serial_motor_demo_msgs/msg
[1.446s] -- Up-to-date: /home/shared/projects/gultepe/cleaner_ws/install/serial_motor_demo_msgs/local/lib/python3.10/dist-packages/serial_motor_demo_msgs/msg/_encoder_vals.py
[1.447s] -- Up-to-date: /home/shared/projects/gultepe/cleaner_ws/install/serial_motor_demo_msgs/local/lib/python3.10/dist-packages/serial_motor_demo_msgs/msg/_motor_command_s.c
[1.447s] -- Up-to-date: /home/shared/projects/gultepe/cleaner_ws/install/serial_motor_demo_msgs/local/lib/python3.10/dist-packages/serial_motor_demo_msgs/msg/_motor_vels.py
[1.447s] -- Up-to-date: /home/shared/projects/gultepe/cleaner_ws/install/serial_motor_demo_msgs/local/lib/python3.10/dist-packages/serial_motor_demo_msgs/msg/_encoder_vals_s.c
[1.447s] -- Up-to-date: /home/shared/projects/gultepe/cleaner_ws/install/serial_motor_demo_msgs/local/lib/python3.10/dist-packages/serial_motor_demo_msgs/msg/__init__.py
[1.447s] -- Up-to-date: /home/shared/projects/gultepe/cleaner_ws/install/serial_motor_demo_msgs/local/lib/python3.10/dist-packages/serial_motor_demo_msgs/msg/_motor_vels_s.c
[1.447s] -- Up-to-date: /home/shared/projects/gultepe/cleaner_ws/install/serial_motor_demo_msgs/local/lib/python3.10/dist-packages/serial_motor_demo_msgs/msg/_motor_command.py
[1.447s] -- Up-to-date: /home/shared/projects/gultepe/cleaner_ws/install/serial_motor_demo_msgs/local/lib/python3.10/dist-packages/serial_motor_demo_msgs/_serial_motor_demo_msgs_s.ep.rosidl_typesupport_c.c
[1.509s] Listing '/home/shared/projects/gultepe/cleaner_ws/install/serial_motor_demo_msgs/local/lib/python3.10/dist-packages/serial_motor_demo_msgs'...
[1.509s] Listing '/home/shared/projects/gultepe/cleaner_ws/install/serial_motor_demo_msgs/local/lib/python3.10/dist-packages/serial_motor_demo_msgs/msg'...
[1.520s] -- Up-to-date: /home/shared/projects/gultepe/cleaner_ws/install/serial_motor_demo_msgs/local/lib/python3.10/dist-packages/serial_motor_demo_msgs/serial_motor_demo_msgs_s__rosidl_typesupport_fastrtps_c.cpython-310-x86_64-linux-gnu.so
[1.520s] -- Up-to-date: /home/shared/projects/gultepe/cleaner_ws/install/serial_motor_demo_msgs/local/lib/python3.10/dist-packages/serial_motor_demo_msgs/serial_motor_demo_msgs_s__rosidl_typesupport_introspection_c.cpython-310-x86_64-linux-gnu.so
[1.520s] -- Up-to-date: /home/shared/projects/gultepe/cleaner_ws/install/serial_motor_demo_msgs/local/lib/python3.10/dist-packages/serial_motor_demo_msgs/serial_motor_demo_msgs_s__rosidl_typesupport_c.cpython-310-x86_64-linux-gnu.so
[1.520s] -- Up-to-date: /home/shared/projects/gultepe/cleaner_ws/install/serial_motor_demo_msgs/lib/libserial_motor_demo_msgs__rosidl_generator_py.so
[1.521s] -- Up-to-date: /home/shared/projects/gultepe/cleaner_ws/install/serial_motor_demo_msgs/share/serial_motor_demo_msgs/msg/MotorCommand.idl
[1.521s] -- Up-to-date: /home/shared/projects/gultepe/cleaner_ws/install/serial_motor_demo_msgs/share/serial_motor_demo_msgs/msg/MotorVels.idl
[1.521s] -- Up-to-date: /home/shared/projects/gultepe/cleaner_ws/install/serial_motor_demo_msgs/share/serial_motor_demo_msgs/msg/EncoderVals.idl
[1.521s] -- Up-to-date: /home/shared/projects/gultepe/cleaner_ws/install/serial_motor_demo_msgs/share/serial_motor_demo_msgs/msg/MotorCommand.msg
[1.521s] -- Up-to-date: /home/shared/projects/gultepe/cleaner_ws/install/serial_motor_demo_msgs/share/serial_motor_demo_msgs/msg/MotorVels.msg
[1.521s] -- Up-to-date: /home/shared/projects/gultepe/cleaner_ws/install/serial_motor_demo_msgs/share/serial_motor_demo_msgs/msg/EncoderVals.msg
[1.521s] -- Up-to-date: /home/shared/projects/gultepe/cleaner_ws/install/serial_motor_demo_msgs/share/ament_index/resource_index/package_run_dependencies/serial_motor_demo_msgs
[1.521s] -- Up-to-date: /home/shared/projects/gultepe/cleaner_ws/install/serial_motor_demo_msgs/share/ament_index/resource_index/parent_prefix_path/serial_motor_demo_msgs
[1.521s] -- Up-to-date: /home/shared/projects/gultepe/cleaner_ws/install/serial_motor_demo_msgs/share/serial_motor_demo_msgs/environment/ament_prefix_path.sh
[1.521s] -- Up-to-date: /home/shared/projects/gultepe/cleaner_ws/install/serial_motor_demo_msgs/share/serial_motor_demo_msgs/environment/ament_prefix_path.dsv
[1.521s] -- Up-to-date: /home/shared/projects/gultepe/cleaner_ws/install/serial_motor_demo_msgs/share/serial_motor_demo_msgs/environment/path.sh
[1.521s] -- Up-to-date: /home/shared/projects/gultepe/cleaner_ws/install/serial_motor_demo_msgs/share/serial_motor_demo_msgs/environment/path.dsv
[1.522s] -- Up-to-date: /home/shared/projects/gultepe/cleaner_ws/install/serial_motor_demo_msgs/share/serial_motor_demo_msgs/local_setup.bash
[1.522s] -- Up-to-date: /home/shared/projects/gultepe/cleaner_ws/install/serial_motor_demo_msgs/share/serial_motor_demo_msgs/local_setup.sh
[1.522s] -- Up-to-date: /home/shared/projects/gultepe/cleaner_ws/install/serial_motor_demo_msgs/share/serial_motor_demo_msgs/local_setup.zsh
[1.522s] -- Up-to-date: /home/shared/projects/gultepe/cleaner_ws/install/serial_motor_demo_msgs/share/serial_motor_demo_msgs/local_setup.dsv
[1.522s] -- Installing: /home/shared/projects/gultepe/cleaner_ws/install/serial_motor_demo_msgs/share/serial_motor_demo_msgs/package.dsv
[1.522s] -- Up-to-date: /home/shared/projects/gultepe/cleaner_ws/install/serial_motor_demo_msgs/share/ament_index/resource_index/packages/serial_motor_demo_msgs
[1.522s] -- Up-to-date: /home/shared/projects/gultepe/cleaner_ws/install/serial_motor_demo_msgs/share/serial_motor_demo_msgs/cmake/export_serial_motor_demo_msgs__rosidl_generator_cExport.cmake
[1.522s] -- Up-to-date: /home/shared/projects/gultepe/cleaner_ws/install/serial_motor_demo_msgs/share/serial_motor_demo_msgs/cmake/export_serial_motor_demo_msgs__rosidl_generator_cExport-noconfig.cmake
[1.523s] -- Up-to-date: /home/shared/projects/gultepe/cleaner_ws/install/serial_motor_demo_msgs/share/serial_motor_demo_msgs/cmake/export_serial_motor_demo_msgs__rosidl_typesupport_fastrtps_cExport.cmake
[1.523s] -- Up-to-date: /home/shared/projects/gultepe/cleaner_ws/install/serial_motor_demo_msgs/share/serial_motor_demo_msgs/cmake/export_serial_motor_demo_msgs__rosidl_typesupport_fastrtps_cExport-noconfig.cmake
[1.523s] -- Up-to-date: /home/shared/projects/gultepe/cleaner_ws/install/serial_motor_demo_msgs/share/serial_motor_demo_msgs/cmake/serial_motor_demo_msgs__rosidl_typesupport_introspection_cExport.cmake
[1.523s] -- Up-to-date: /home/shared/projects/gultepe/cleaner_ws/install/serial_motor_demo_msgs/share/serial_motor_demo_msgs/cmake/serial_motor_demo_msgs__rosidl_typesupport_introspection_cExport-noconfig.cmake
[1.523s] -- Up-to-date: /home/shared/projects/gultepe/cleaner_ws/install/serial_motor_demo_msgs/share/serial_motor_demo_msgs/cmake/serial_motor_demo_msgs__rosidl_typesupport_cExport.cmake
[1.523s] -- Up-to-date: /home/shared/projects/gultepe/cleaner_ws/install/serial_motor_demo_msgs/share/serial_motor_demo_msgs/cmake/serial_motor_demo_msgs__rosidl_typesupport_cExport-noconfig.cmake
[1.523s] -- Up-to-date: /home/shared/projects/gultepe/cleaner_ws/install/serial_motor_demo_msgs/share/serial_motor_demo_msgs/cmake/export_serial_motor_demo_msgs__rosidl_generator_cppExport.cmake
[1.523s] -- Up-to-date: /home/shared/projects/gultepe/cleaner_ws/install/serial_motor_demo_msgs/share/serial_motor_demo_msgs/cmake/export_serial_motor_demo_msgs__rosidl_typesupport_fastrtps_cppExport.cmake
[1.523s] -- Up-to-date: /home/shared/projects/gultepe/cleaner_ws/install/serial_motor_demo_msgs/share/serial_motor_demo_msgs/cmake/export_serial_motor_demo_msgs__rosidl_typesupport_fastrtps_cppExport-noconfig.cmake
[1.523s] -- Up-to-date: /home/shared/projects/gultepe/cleaner_ws/install/serial_motor_demo_msgs/share/serial_motor_demo_msgs/cmake/serial_motor_demo_msgs__rosidl_typesupport_introspection_cppExport.cmake
[1.523s] -- Up-to-date: /home/shared/projects/gultepe/cleaner_ws/install/serial_motor_demo_msgs/share/serial_motor_demo_msgs/cmake/serial_motor_demo_msgs__rosidl_typesupport_introspection_cppExport-noconfig.cmake
[1.523s] -- Up-to-date: /home/shared/projects/gultepe/cleaner_ws/install/serial_motor_demo_msgs/share/serial_motor_demo_msgs/cmake/serial_motor_demo_msgs__rosidl_typesupport_cppExport.cmake
[1.524s] -- Up-to-date: /home/shared/projects/gultepe/cleaner_ws/install/serial_motor_demo_msgs/share/serial_motor_demo_msgs/cmake/serial_motor_demo_msgs__rosidl_typesupport_cppExport-noconfig.cmake
[1.524s] -- Up-to-date: /home/shared/projects/gultepe/cleaner_ws/install/serial_motor_demo_msgs/share/serial_motor_demo_msgs/cmake/export_serial_motor_demo_msgs__rosidl_generator_pyExport.cmake
[1.524s] -- Up-to-date: /home/shared/projects/gultepe/cleaner_ws/install/serial_motor_demo_msgs/share/serial_motor_demo_msgs/cmake/export_serial_motor_demo_msgs__rosidl_generator_pyExport-noconfig.cmake
[1.524s] -- Up-to-date: /home/shared/projects/gultepe/cleaner_ws/install/serial_motor_demo_msgs/share/serial_motor_demo_msgs/cmake/rosidl_cmake-extras.cmake
[1.524s] -- Up-to-date: /home/shared/projects/gultepe/cleaner_ws/install/serial_motor_demo_msgs/share/serial_motor_demo_msgs/cmake/ament_cmake_export_include_directories-extras.cmake
[1.524s] -- Up-to-date: /home/shared/projects/gultepe/cleaner_ws/install/serial_motor_demo_msgs/share/serial_motor_demo_msgs/cmake/ament_cmake_export_libraries-extras.cmake
[1.524s] -- Up-to-date: /home/shared/projects/gultepe/cleaner_ws/install/serial_motor_demo_msgs/share/serial_motor_demo_msgs/cmake/ament_cmake_export_targets-extras.cmake
[1.524s] -- Up-to-date: /home/shared/projects/gultepe/cleaner_ws/install/serial_motor_demo_msgs/share/serial_motor_demo_msgs/cmake/rosidl_cmake_export_typesupport_targets-extras.cmake
[1.524s] -- Up-to-date: /home/shared/projects/gultepe/cleaner_ws/install/serial_motor_demo_msgs/share/serial_motor_demo_msgs/cmake/ament_cmake_export_dependencies-extras.cmake
[1.524s] -- Up-to-date: /home/shared/projects/gultepe/cleaner_ws/install/serial_motor_demo_msgs/share/serial_motor_demo_msgs/cmake/rosidl_cmake_export_typesupport_libraries-extras.cmake
[1.524s] -- Up-to-date: /home/shared/projects/gultepe/cleaner_ws/install/serial_motor_demo_msgs/share/serial_motor_demo_msgs/cmake/serial_motor_demo_msgsConfig.cmake
[1.524s] -- Up-to-date: /home/shared/projects/gultepe/cleaner_ws/install/serial_motor_demo_msgs/share/serial_motor_demo_msgs/cmake/serial_motor_demo_msgsConfig-version.cmake
[1.525s] -- Up-to-date: /home/shared/projects/gultepe/cleaner_ws/install/serial_motor_demo_msgs/share/serial_motor_demo_msgs/package.xml
[1.804s] Invoked command in '/home/shared/projects/gultepe/cleaner_ws/build/serial_motor_demo_msgs' returned '0': CMAKE_PREFIX_PATH=${CMAKE_PREFIX_PATH}:/home/tunaprogrammer/projects/gultepe/cleaner_ws/install/serial_motor_demo:/home/tunaprogrammer/projects/gultepe/cleaner_ws/install/linear_sweep:/home/tunaprogrammer/projects/gultepe/cleaner_ws/install/gultepe_scripts:/home/tunaprogrammer/projects/gultepe/cleaner_ws/install/gultepe_pkg:/home/tunaprogrammer/projects/gultepe/cleaner_ws/install/differential_drive:/home/tunaprogrammer/projects/gultepe/cleaner_ws/install/bno055:/home/tunaprogrammer/projects/gultepe/humble_ws/install/jetpack:/home/tunaprogrammer/projects/gultepe/humble_ws/install/python_pkg:/home/tunaprogrammer/projects/gultepe/humble_ws/install/catcher:/opt/ros/humble /usr/bin/cmake --install /home/shared/projects/gultepe/cleaner_ws/build/serial_motor_demo_msgs
