[0.978s] DEBUG:colcon:Command line arguments: ['/usr/bin/colcon', 'build']
[0.979s] DEBUG:colcon:Parsed command line arguments: Namespace(log_base=None, log_level=None, verb_name='build', build_base='build', install_base='install', merge_install=False, symlink_install=False, test_result_base=None, continue_on_error=False, executor='parallel', parallel_workers=12, event_handlers=None, ignore_user_meta=False, metas=['./colcon.meta'], base_paths=['.'], packages_ignore=None, packages_ignore_regex=None, paths=None, packages_up_to=None, packages_up_to_regex=None, packages_above=None, packages_above_and_dependencies=None, packages_above_depth=None, packages_select_by_dep=None, packages_skip_by_dep=None, packages_skip_up_to=None, packages_select_build_failed=False, packages_skip_build_finished=False, packages_select_test_failures=False, packages_skip_test_passed=False, packages_select=None, packages_skip=None, packages_select_regex=None, packages_skip_regex=None, packages_start=None, packages_end=None, allow_overriding=[], cmake_args=None, cmake_target=None, cmake_target_skip_unavailable=False, cmake_clean_cache=False, cmake_clean_first=False, cmake_force_configure=False, ament_cmake_args=None, catkin_cmake_args=None, catkin_skip_building_tests=False, verb_parser=<colcon_defaults.argument_parser.defaults.DefaultArgumentsDecorator object at 0x7fbea7b88df0>, verb_extension=<colcon_core.verb.build.BuildVerb object at 0x7fbea7e4d270>, main=<bound method BuildVerb.main of <colcon_core.verb.build.BuildVerb object at 0x7fbea7e4d270>>)
[1.028s] Level 1:colcon.colcon_core.package_discovery:discover_packages(colcon_meta) check parameters
[1.028s] Level 1:colcon.colcon_core.package_discovery:discover_packages(recursive) check parameters
[1.028s] Level 1:colcon.colcon_core.package_discovery:discover_packages(ignore) check parameters
[1.028s] Level 1:colcon.colcon_core.package_discovery:discover_packages(path) check parameters
[1.028s] Level 1:colcon.colcon_core.package_discovery:discover_packages(colcon_meta) discover
[1.028s] Level 1:colcon.colcon_core.package_discovery:discover_packages(recursive) discover
[1.028s] INFO:colcon.colcon_core.package_discovery:Crawling recursively for packages in '/home/shared/projects/gultepe/cleaner_ws'
[1.028s] Level 1:colcon.colcon_core.package_identification:_identify(.) by extensions ['ignore', 'ignore_ament_install']
[1.028s] Level 1:colcon.colcon_core.package_identification:_identify(.) by extension 'ignore'
[1.028s] Level 1:colcon.colcon_core.package_identification:_identify(.) by extension 'ignore_ament_install'
[1.028s] Level 1:colcon.colcon_core.package_identification:_identify(.) by extensions ['colcon_pkg']
[1.029s] Level 1:colcon.colcon_core.package_identification:_identify(.) by extension 'colcon_pkg'
[1.029s] Level 1:colcon.colcon_core.package_identification:_identify(.) by extensions ['colcon_meta']
[1.029s] Level 1:colcon.colcon_core.package_identification:_identify(.) by extension 'colcon_meta'
[1.029s] Level 1:colcon.colcon_core.package_identification:_identify(.) by extensions ['ros']
[1.029s] Level 1:colcon.colcon_core.package_identification:_identify(.) by extension 'ros'
[1.038s] Level 1:colcon.colcon_core.package_identification:_identify(.) by extensions ['cmake', 'python']
[1.038s] Level 1:colcon.colcon_core.package_identification:_identify(.) by extension 'cmake'
[1.038s] Level 1:colcon.colcon_core.package_identification:_identify(.) by extension 'python'
[1.038s] Level 1:colcon.colcon_core.package_identification:_identify(.) by extensions ['python_setup_py']
[1.038s] Level 1:colcon.colcon_core.package_identification:_identify(.) by extension 'python_setup_py'
[1.039s] Level 1:colcon.colcon_core.package_identification:_identify(build) by extensions ['ignore', 'ignore_ament_install']
[1.039s] Level 1:colcon.colcon_core.package_identification:_identify(build) by extension 'ignore'
[1.039s] Level 1:colcon.colcon_core.package_identification:_identify(build) ignored
[1.039s] Level 1:colcon.colcon_core.package_identification:_identify(install) by extensions ['ignore', 'ignore_ament_install']
[1.039s] Level 1:colcon.colcon_core.package_identification:_identify(install) by extension 'ignore'
[1.039s] Level 1:colcon.colcon_core.package_identification:_identify(install) ignored
[1.039s] Level 1:colcon.colcon_core.package_identification:_identify(log) by extensions ['ignore', 'ignore_ament_install']
[1.039s] Level 1:colcon.colcon_core.package_identification:_identify(log) by extension 'ignore'
[1.039s] Level 1:colcon.colcon_core.package_identification:_identify(log) ignored
[1.039s] Level 1:colcon.colcon_core.package_identification:_identify(src) by extensions ['ignore', 'ignore_ament_install']
[1.039s] Level 1:colcon.colcon_core.package_identification:_identify(src) by extension 'ignore'
[1.039s] Level 1:colcon.colcon_core.package_identification:_identify(src) by extension 'ignore_ament_install'
[1.039s] Level 1:colcon.colcon_core.package_identification:_identify(src) by extensions ['colcon_pkg']
[1.039s] Level 1:colcon.colcon_core.package_identification:_identify(src) by extension 'colcon_pkg'
[1.039s] Level 1:colcon.colcon_core.package_identification:_identify(src) by extensions ['colcon_meta']
[1.039s] Level 1:colcon.colcon_core.package_identification:_identify(src) by extension 'colcon_meta'
[1.040s] Level 1:colcon.colcon_core.package_identification:_identify(src) by extensions ['ros']
[1.040s] Level 1:colcon.colcon_core.package_identification:_identify(src) by extension 'ros'
[1.040s] Level 1:colcon.colcon_core.package_identification:_identify(src) by extensions ['cmake', 'python']
[1.040s] Level 1:colcon.colcon_core.package_identification:_identify(src) by extension 'cmake'
[1.040s] Level 1:colcon.colcon_core.package_identification:_identify(src) by extension 'python'
[1.040s] Level 1:colcon.colcon_core.package_identification:_identify(src) by extensions ['python_setup_py']
[1.040s] Level 1:colcon.colcon_core.package_identification:_identify(src) by extension 'python_setup_py'
[1.040s] Level 1:colcon.colcon_core.package_identification:_identify(src/bno055) by extensions ['ignore', 'ignore_ament_install']
[1.040s] Level 1:colcon.colcon_core.package_identification:_identify(src/bno055) by extension 'ignore'
[1.040s] Level 1:colcon.colcon_core.package_identification:_identify(src/bno055) by extension 'ignore_ament_install'
[1.040s] Level 1:colcon.colcon_core.package_identification:_identify(src/bno055) by extensions ['colcon_pkg']
[1.040s] Level 1:colcon.colcon_core.package_identification:_identify(src/bno055) by extension 'colcon_pkg'
[1.040s] Level 1:colcon.colcon_core.package_identification:_identify(src/bno055) by extensions ['colcon_meta']
[1.040s] Level 1:colcon.colcon_core.package_identification:_identify(src/bno055) by extension 'colcon_meta'
[1.040s] Level 1:colcon.colcon_core.package_identification:_identify(src/bno055) by extensions ['ros']
[1.040s] Level 1:colcon.colcon_core.package_identification:_identify(src/bno055) by extension 'ros'
[1.042s] DEBUG:colcon.colcon_core.package_identification:Package 'src/bno055' with type 'ros.ament_python' and name 'bno055'
[1.042s] Level 1:colcon.colcon_core.package_identification:_identify(src/cleaner_bringup) by extensions ['ignore', 'ignore_ament_install']
[1.043s] Level 1:colcon.colcon_core.package_identification:_identify(src/cleaner_bringup) by extension 'ignore'
[1.043s] Level 1:colcon.colcon_core.package_identification:_identify(src/cleaner_bringup) by extension 'ignore_ament_install'
[1.043s] Level 1:colcon.colcon_core.package_identification:_identify(src/cleaner_bringup) by extensions ['colcon_pkg']
[1.043s] Level 1:colcon.colcon_core.package_identification:_identify(src/cleaner_bringup) by extension 'colcon_pkg'
[1.043s] Level 1:colcon.colcon_core.package_identification:_identify(src/cleaner_bringup) by extensions ['colcon_meta']
[1.043s] Level 1:colcon.colcon_core.package_identification:_identify(src/cleaner_bringup) by extension 'colcon_meta'
[1.043s] Level 1:colcon.colcon_core.package_identification:_identify(src/cleaner_bringup) by extensions ['ros']
[1.043s] Level 1:colcon.colcon_core.package_identification:_identify(src/cleaner_bringup) by extension 'ros'
[1.043s] DEBUG:colcon.colcon_core.package_identification:Package 'src/cleaner_bringup' with type 'ros.ament_cmake' and name 'cleaner_bringup'
[1.043s] Level 1:colcon.colcon_core.package_identification:_identify(src/cleaner_description) by extensions ['ignore', 'ignore_ament_install']
[1.043s] Level 1:colcon.colcon_core.package_identification:_identify(src/cleaner_description) by extension 'ignore'
[1.044s] Level 1:colcon.colcon_core.package_identification:_identify(src/cleaner_description) by extension 'ignore_ament_install'
[1.044s] Level 1:colcon.colcon_core.package_identification:_identify(src/cleaner_description) by extensions ['colcon_pkg']
[1.044s] Level 1:colcon.colcon_core.package_identification:_identify(src/cleaner_description) by extension 'colcon_pkg'
[1.044s] Level 1:colcon.colcon_core.package_identification:_identify(src/cleaner_description) by extensions ['colcon_meta']
[1.044s] Level 1:colcon.colcon_core.package_identification:_identify(src/cleaner_description) by extension 'colcon_meta'
[1.044s] Level 1:colcon.colcon_core.package_identification:_identify(src/cleaner_description) by extensions ['ros']
[1.044s] Level 1:colcon.colcon_core.package_identification:_identify(src/cleaner_description) by extension 'ros'
[1.044s] DEBUG:colcon.colcon_core.package_identification:Package 'src/cleaner_description' with type 'ros.ament_cmake' and name 'cleaner_description'
[1.044s] Level 1:colcon.colcon_core.package_identification:_identify(src/rplidar_ros) by extensions ['ignore', 'ignore_ament_install']
[1.044s] Level 1:colcon.colcon_core.package_identification:_identify(src/rplidar_ros) by extension 'ignore'
[1.045s] Level 1:colcon.colcon_core.package_identification:_identify(src/rplidar_ros) by extension 'ignore_ament_install'
[1.045s] Level 1:colcon.colcon_core.package_identification:_identify(src/rplidar_ros) by extensions ['colcon_pkg']
[1.045s] Level 1:colcon.colcon_core.package_identification:_identify(src/rplidar_ros) by extension 'colcon_pkg'
[1.045s] Level 1:colcon.colcon_core.package_identification:_identify(src/rplidar_ros) by extensions ['colcon_meta']
[1.045s] Level 1:colcon.colcon_core.package_identification:_identify(src/rplidar_ros) by extension 'colcon_meta'
[1.045s] Level 1:colcon.colcon_core.package_identification:_identify(src/rplidar_ros) by extensions ['ros']
[1.045s] Level 1:colcon.colcon_core.package_identification:_identify(src/rplidar_ros) by extension 'ros'
[1.045s] DEBUG:colcon.colcon_core.package_identification:Package 'src/rplidar_ros' with type 'ros.ament_cmake' and name 'rplidar_ros'
[1.045s] Level 1:colcon.colcon_core.package_identification:_identify(src/turtlebot3_gazebo) by extensions ['ignore', 'ignore_ament_install']
[1.045s] Level 1:colcon.colcon_core.package_identification:_identify(src/turtlebot3_gazebo) by extension 'ignore'
[1.045s] Level 1:colcon.colcon_core.package_identification:_identify(src/turtlebot3_gazebo) by extension 'ignore_ament_install'
[1.046s] Level 1:colcon.colcon_core.package_identification:_identify(src/turtlebot3_gazebo) by extensions ['colcon_pkg']
[1.046s] Level 1:colcon.colcon_core.package_identification:_identify(src/turtlebot3_gazebo) by extension 'colcon_pkg'
[1.046s] Level 1:colcon.colcon_core.package_identification:_identify(src/turtlebot3_gazebo) by extensions ['colcon_meta']
[1.046s] Level 1:colcon.colcon_core.package_identification:_identify(src/turtlebot3_gazebo) by extension 'colcon_meta'
[1.046s] Level 1:colcon.colcon_core.package_identification:_identify(src/turtlebot3_gazebo) by extensions ['ros']
[1.046s] Level 1:colcon.colcon_core.package_identification:_identify(src/turtlebot3_gazebo) by extension 'ros'
[1.047s] DEBUG:colcon.colcon_core.package_identification:Package 'src/turtlebot3_gazebo' with type 'ros.ament_cmake' and name 'turtlebot3_gazebo'
[1.047s] Level 1:colcon.colcon_core.package_identification:_identify(src/turtlebot3_simulations) by extensions ['ignore', 'ignore_ament_install']
[1.047s] Level 1:colcon.colcon_core.package_identification:_identify(src/turtlebot3_simulations) by extension 'ignore'
[1.047s] Level 1:colcon.colcon_core.package_identification:_identify(src/turtlebot3_simulations) by extension 'ignore_ament_install'
[1.047s] Level 1:colcon.colcon_core.package_identification:_identify(src/turtlebot3_simulations) by extensions ['colcon_pkg']
[1.047s] Level 1:colcon.colcon_core.package_identification:_identify(src/turtlebot3_simulations) by extension 'colcon_pkg'
[1.047s] Level 1:colcon.colcon_core.package_identification:_identify(src/turtlebot3_simulations) by extensions ['colcon_meta']
[1.047s] Level 1:colcon.colcon_core.package_identification:_identify(src/turtlebot3_simulations) by extension 'colcon_meta'
[1.047s] Level 1:colcon.colcon_core.package_identification:_identify(src/turtlebot3_simulations) by extensions ['ros']
[1.047s] Level 1:colcon.colcon_core.package_identification:_identify(src/turtlebot3_simulations) by extension 'ros'
[1.048s] DEBUG:colcon.colcon_core.package_identification:Package 'src/turtlebot3_simulations' with type 'ros.ament_cmake' and name 'turtlebot3_simulations'
[1.048s] Level 1:colcon.colcon_core.package_discovery:discover_packages(recursive) using defaults
[1.048s] Level 1:colcon.colcon_core.package_discovery:discover_packages(ignore) discover
[1.048s] Level 1:colcon.colcon_core.package_discovery:discover_packages(ignore) using defaults
[1.048s] Level 1:colcon.colcon_core.package_discovery:discover_packages(path) discover
[1.048s] Level 1:colcon.colcon_core.package_discovery:discover_packages(path) using defaults
[1.136s] Level 1:colcon.colcon_core.package_discovery:discover_packages(prefix_path) check parameters
[1.136s] Level 1:colcon.colcon_core.package_discovery:discover_packages(prefix_path) discover
[1.166s] DEBUG:colcon.colcon_installed_package_information.package_discovery:Found 5 installed packages in /home/tunaprogrammer/projects/gultepe/cleaner_ws/install
[1.181s] DEBUG:colcon.colcon_installed_package_information.package_discovery:Found 5 installed packages in /home/tunaprogrammer/projects/gultepe/humble_ws/install
[1.195s] DEBUG:colcon.colcon_installed_package_information.package_discovery:Found 387 installed packages in /opt/ros/humble
[1.197s] Level 1:colcon.colcon_core.package_discovery:discover_packages(prefix_path) using defaults
[1.303s] Level 5:colcon.colcon_core.verb:set package 'bno055' build argument 'cmake_args' from command line to 'None'
[1.303s] Level 5:colcon.colcon_core.verb:set package 'bno055' build argument 'cmake_target' from command line to 'None'
[1.303s] Level 5:colcon.colcon_core.verb:set package 'bno055' build argument 'cmake_target_skip_unavailable' from command line to 'False'
[1.303s] Level 5:colcon.colcon_core.verb:set package 'bno055' build argument 'cmake_clean_cache' from command line to 'False'
[1.303s] Level 5:colcon.colcon_core.verb:set package 'bno055' build argument 'cmake_clean_first' from command line to 'False'
[1.303s] Level 5:colcon.colcon_core.verb:set package 'bno055' build argument 'cmake_force_configure' from command line to 'False'
[1.303s] Level 5:colcon.colcon_core.verb:set package 'bno055' build argument 'ament_cmake_args' from command line to 'None'
[1.303s] Level 5:colcon.colcon_core.verb:set package 'bno055' build argument 'catkin_cmake_args' from command line to 'None'
[1.303s] Level 5:colcon.colcon_core.verb:set package 'bno055' build argument 'catkin_skip_building_tests' from command line to 'False'
[1.303s] DEBUG:colcon.colcon_core.verb:Building package 'bno055' with the following arguments: {'ament_cmake_args': None, 'build_base': '/home/shared/projects/gultepe/cleaner_ws/build/bno055', 'catkin_cmake_args': None, 'catkin_skip_building_tests': False, 'cmake_args': None, 'cmake_clean_cache': False, 'cmake_clean_first': False, 'cmake_force_configure': False, 'cmake_target': None, 'cmake_target_skip_unavailable': False, 'install_base': '/home/shared/projects/gultepe/cleaner_ws/install/bno055', 'merge_install': False, 'path': '/home/shared/projects/gultepe/cleaner_ws/src/bno055', 'symlink_install': False, 'test_result_base': None}
[1.316s] Level 5:colcon.colcon_core.verb:set package 'cleaner_description' build argument 'cmake_args' from command line to 'None'
[1.316s] Level 5:colcon.colcon_core.verb:set package 'cleaner_description' build argument 'cmake_target' from command line to 'None'
[1.316s] Level 5:colcon.colcon_core.verb:set package 'cleaner_description' build argument 'cmake_target_skip_unavailable' from command line to 'False'
[1.316s] Level 5:colcon.colcon_core.verb:set package 'cleaner_description' build argument 'cmake_clean_cache' from command line to 'False'
[1.316s] Level 5:colcon.colcon_core.verb:set package 'cleaner_description' build argument 'cmake_clean_first' from command line to 'False'
[1.317s] Level 5:colcon.colcon_core.verb:set package 'cleaner_description' build argument 'cmake_force_configure' from command line to 'False'
[1.317s] Level 5:colcon.colcon_core.verb:set package 'cleaner_description' build argument 'ament_cmake_args' from command line to 'None'
[1.317s] Level 5:colcon.colcon_core.verb:set package 'cleaner_description' build argument 'catkin_cmake_args' from command line to 'None'
[1.317s] Level 5:colcon.colcon_core.verb:set package 'cleaner_description' build argument 'catkin_skip_building_tests' from command line to 'False'
[1.317s] DEBUG:colcon.colcon_core.verb:Building package 'cleaner_description' with the following arguments: {'ament_cmake_args': None, 'build_base': '/home/shared/projects/gultepe/cleaner_ws/build/cleaner_description', 'catkin_cmake_args': None, 'catkin_skip_building_tests': False, 'cmake_args': None, 'cmake_clean_cache': False, 'cmake_clean_first': False, 'cmake_force_configure': False, 'cmake_target': None, 'cmake_target_skip_unavailable': False, 'install_base': '/home/shared/projects/gultepe/cleaner_ws/install/cleaner_description', 'merge_install': False, 'path': '/home/shared/projects/gultepe/cleaner_ws/src/cleaner_description', 'symlink_install': False, 'test_result_base': None}
[1.330s] Level 5:colcon.colcon_core.verb:set package 'rplidar_ros' build argument 'cmake_args' from command line to 'None'
[1.330s] Level 5:colcon.colcon_core.verb:set package 'rplidar_ros' build argument 'cmake_target' from command line to 'None'
[1.331s] Level 5:colcon.colcon_core.verb:set package 'rplidar_ros' build argument 'cmake_target_skip_unavailable' from command line to 'False'
[1.331s] Level 5:colcon.colcon_core.verb:set package 'rplidar_ros' build argument 'cmake_clean_cache' from command line to 'False'
[1.331s] Level 5:colcon.colcon_core.verb:set package 'rplidar_ros' build argument 'cmake_clean_first' from command line to 'False'
[1.331s] Level 5:colcon.colcon_core.verb:set package 'rplidar_ros' build argument 'cmake_force_configure' from command line to 'False'
[1.331s] Level 5:colcon.colcon_core.verb:set package 'rplidar_ros' build argument 'ament_cmake_args' from command line to 'None'
[1.331s] Level 5:colcon.colcon_core.verb:set package 'rplidar_ros' build argument 'catkin_cmake_args' from command line to 'None'
[1.331s] Level 5:colcon.colcon_core.verb:set package 'rplidar_ros' build argument 'catkin_skip_building_tests' from command line to 'False'
[1.331s] DEBUG:colcon.colcon_core.verb:Building package 'rplidar_ros' with the following arguments: {'ament_cmake_args': None, 'build_base': '/home/shared/projects/gultepe/cleaner_ws/build/rplidar_ros', 'catkin_cmake_args': None, 'catkin_skip_building_tests': False, 'cmake_args': None, 'cmake_clean_cache': False, 'cmake_clean_first': False, 'cmake_force_configure': False, 'cmake_target': None, 'cmake_target_skip_unavailable': False, 'install_base': '/home/shared/projects/gultepe/cleaner_ws/install/rplidar_ros', 'merge_install': False, 'path': '/home/shared/projects/gultepe/cleaner_ws/src/rplidar_ros', 'symlink_install': False, 'test_result_base': None}
[1.344s] Level 5:colcon.colcon_core.verb:set package 'turtlebot3_gazebo' build argument 'cmake_args' from command line to 'None'
[1.344s] Level 5:colcon.colcon_core.verb:set package 'turtlebot3_gazebo' build argument 'cmake_target' from command line to 'None'
[1.344s] Level 5:colcon.colcon_core.verb:set package 'turtlebot3_gazebo' build argument 'cmake_target_skip_unavailable' from command line to 'False'
[1.344s] Level 5:colcon.colcon_core.verb:set package 'turtlebot3_gazebo' build argument 'cmake_clean_cache' from command line to 'False'
[1.344s] Level 5:colcon.colcon_core.verb:set package 'turtlebot3_gazebo' build argument 'cmake_clean_first' from command line to 'False'
[1.345s] Level 5:colcon.colcon_core.verb:set package 'turtlebot3_gazebo' build argument 'cmake_force_configure' from command line to 'False'
[1.345s] Level 5:colcon.colcon_core.verb:set package 'turtlebot3_gazebo' build argument 'ament_cmake_args' from command line to 'None'
[1.345s] Level 5:colcon.colcon_core.verb:set package 'turtlebot3_gazebo' build argument 'catkin_cmake_args' from command line to 'None'
[1.345s] Level 5:colcon.colcon_core.verb:set package 'turtlebot3_gazebo' build argument 'catkin_skip_building_tests' from command line to 'False'
[1.345s] DEBUG:colcon.colcon_core.verb:Building package 'turtlebot3_gazebo' with the following arguments: {'ament_cmake_args': None, 'build_base': '/home/shared/projects/gultepe/cleaner_ws/build/turtlebot3_gazebo', 'catkin_cmake_args': None, 'catkin_skip_building_tests': False, 'cmake_args': None, 'cmake_clean_cache': False, 'cmake_clean_first': False, 'cmake_force_configure': False, 'cmake_target': None, 'cmake_target_skip_unavailable': False, 'install_base': '/home/shared/projects/gultepe/cleaner_ws/install/turtlebot3_gazebo', 'merge_install': False, 'path': '/home/shared/projects/gultepe/cleaner_ws/src/turtlebot3_gazebo', 'symlink_install': False, 'test_result_base': None}
[1.358s] Level 5:colcon.colcon_core.verb:set package 'cleaner_bringup' build argument 'cmake_args' from command line to 'None'
[1.358s] Level 5:colcon.colcon_core.verb:set package 'cleaner_bringup' build argument 'cmake_target' from command line to 'None'
[1.358s] Level 5:colcon.colcon_core.verb:set package 'cleaner_bringup' build argument 'cmake_target_skip_unavailable' from command line to 'False'
[1.358s] Level 5:colcon.colcon_core.verb:set package 'cleaner_bringup' build argument 'cmake_clean_cache' from command line to 'False'
[1.358s] Level 5:colcon.colcon_core.verb:set package 'cleaner_bringup' build argument 'cmake_clean_first' from command line to 'False'
[1.358s] Level 5:colcon.colcon_core.verb:set package 'cleaner_bringup' build argument 'cmake_force_configure' from command line to 'False'
[1.358s] Level 5:colcon.colcon_core.verb:set package 'cleaner_bringup' build argument 'ament_cmake_args' from command line to 'None'
[1.358s] Level 5:colcon.colcon_core.verb:set package 'cleaner_bringup' build argument 'catkin_cmake_args' from command line to 'None'
[1.358s] Level 5:colcon.colcon_core.verb:set package 'cleaner_bringup' build argument 'catkin_skip_building_tests' from command line to 'False'
[1.358s] DEBUG:colcon.colcon_core.verb:Building package 'cleaner_bringup' with the following arguments: {'ament_cmake_args': None, 'build_base': '/home/shared/projects/gultepe/cleaner_ws/build/cleaner_bringup', 'catkin_cmake_args': None, 'catkin_skip_building_tests': False, 'cmake_args': None, 'cmake_clean_cache': False, 'cmake_clean_first': False, 'cmake_force_configure': False, 'cmake_target': None, 'cmake_target_skip_unavailable': False, 'install_base': '/home/shared/projects/gultepe/cleaner_ws/install/cleaner_bringup', 'merge_install': False, 'path': '/home/shared/projects/gultepe/cleaner_ws/src/cleaner_bringup', 'symlink_install': False, 'test_result_base': None}
[1.372s] Level 5:colcon.colcon_core.verb:set package 'turtlebot3_simulations' build argument 'cmake_args' from command line to 'None'
[1.372s] Level 5:colcon.colcon_core.verb:set package 'turtlebot3_simulations' build argument 'cmake_target' from command line to 'None'
[1.372s] Level 5:colcon.colcon_core.verb:set package 'turtlebot3_simulations' build argument 'cmake_target_skip_unavailable' from command line to 'False'
[1.372s] Level 5:colcon.colcon_core.verb:set package 'turtlebot3_simulations' build argument 'cmake_clean_cache' from command line to 'False'
[1.372s] Level 5:colcon.colcon_core.verb:set package 'turtlebot3_simulations' build argument 'cmake_clean_first' from command line to 'False'
[1.372s] Level 5:colcon.colcon_core.verb:set package 'turtlebot3_simulations' build argument 'cmake_force_configure' from command line to 'False'
[1.372s] Level 5:colcon.colcon_core.verb:set package 'turtlebot3_simulations' build argument 'ament_cmake_args' from command line to 'None'
[1.372s] Level 5:colcon.colcon_core.verb:set package 'turtlebot3_simulations' build argument 'catkin_cmake_args' from command line to 'None'
[1.372s] Level 5:colcon.colcon_core.verb:set package 'turtlebot3_simulations' build argument 'catkin_skip_building_tests' from command line to 'False'
[1.372s] DEBUG:colcon.colcon_core.verb:Building package 'turtlebot3_simulations' with the following arguments: {'ament_cmake_args': None, 'build_base': '/home/shared/projects/gultepe/cleaner_ws/build/turtlebot3_simulations', 'catkin_cmake_args': None, 'catkin_skip_building_tests': False, 'cmake_args': None, 'cmake_clean_cache': False, 'cmake_clean_first': False, 'cmake_force_configure': False, 'cmake_target': None, 'cmake_target_skip_unavailable': False, 'install_base': '/home/shared/projects/gultepe/cleaner_ws/install/turtlebot3_simulations', 'merge_install': False, 'path': '/home/shared/projects/gultepe/cleaner_ws/src/turtlebot3_simulations', 'symlink_install': False, 'test_result_base': None}
[1.386s] INFO:colcon.colcon_core.executor:Executing jobs using 'parallel' executor
[1.400s] DEBUG:colcon.colcon_parallel_executor.executor.parallel:run_until_complete
[1.400s] INFO:colcon.colcon_ros.task.ament_cmake.build:Building ROS package in '/home/shared/projects/gultepe/cleaner_ws/src/cleaner_description' with build type 'ament_cmake'
[1.400s] INFO:colcon.colcon_cmake.task.cmake.build:Building CMake package in '/home/shared/projects/gultepe/cleaner_ws/src/cleaner_description'
[1.426s] INFO:colcon.colcon_core.plugin_system:Skipping extension 'colcon_core.shell.bat': Not used on non-Windows systems
[1.426s] INFO:colcon.colcon_core.shell:Skip shell extension 'powershell' for command environment: Not usable outside of PowerShell
[1.426s] DEBUG:colcon.colcon_core.shell:Skip shell extension 'dsv' for command environment
[1.487s] INFO:colcon.colcon_ros.task.ament_cmake.build:Building ROS package in '/home/shared/projects/gultepe/cleaner_ws/src/turtlebot3_gazebo' with build type 'ament_cmake'
[1.487s] INFO:colcon.colcon_cmake.task.cmake.build:Building CMake package in '/home/shared/projects/gultepe/cleaner_ws/src/turtlebot3_gazebo'
[1.503s] INFO:colcon.colcon_core.shell:Skip shell extension 'powershell' for command environment: Not usable outside of PowerShell
[1.503s] DEBUG:colcon.colcon_core.shell:Skip shell extension 'dsv' for command environment
[1.567s] INFO:colcon.colcon_ros.task.ament_python.build:Building ROS package in '/home/shared/projects/gultepe/cleaner_ws/src/bno055' with build type 'ament_python'
[1.567s] Level 1:colcon.colcon_core.shell:create_environment_hook('bno055', 'ament_prefix_path')
[1.582s] INFO:colcon.colcon_core.shell:Creating environment hook '/home/shared/projects/gultepe/cleaner_ws/install/bno055/share/bno055/hook/ament_prefix_path.ps1'
[1.582s] INFO:colcon.colcon_core.shell:Creating environment descriptor '/home/shared/projects/gultepe/cleaner_ws/install/bno055/share/bno055/hook/ament_prefix_path.dsv'
[1.583s] INFO:colcon.colcon_core.shell:Creating environment hook '/home/shared/projects/gultepe/cleaner_ws/install/bno055/share/bno055/hook/ament_prefix_path.sh'
[1.598s] INFO:colcon.colcon_core.shell:Skip shell extension 'powershell' for command environment: Not usable outside of PowerShell
[1.599s] DEBUG:colcon.colcon_core.shell:Skip shell extension 'dsv' for command environment
[1.661s] INFO:colcon.colcon_ros.task.ament_cmake.build:Building ROS package in '/home/shared/projects/gultepe/cleaner_ws/src/rplidar_ros' with build type 'ament_cmake'
[1.661s] INFO:colcon.colcon_cmake.task.cmake.build:Building CMake package in '/home/shared/projects/gultepe/cleaner_ws/src/rplidar_ros'
[1.675s] INFO:colcon.colcon_core.shell:Skip shell extension 'powershell' for command environment: Not usable outside of PowerShell
[1.676s] DEBUG:colcon.colcon_core.shell:Skip shell extension 'dsv' for command environment
[1.747s] DEBUG:colcon.colcon_core.event_handler.log_command:Invoking command in '/home/shared/projects/gultepe/cleaner_ws/build/cleaner_description': CMAKE_PREFIX_PATH=${CMAKE_PREFIX_PATH}:/home/tunaprogrammer/projects/gultepe/humble_ws/install/jetpack:/home/tunaprogrammer/projects/gultepe/humble_ws/install/python_pkg:/home/tunaprogrammer/projects/gultepe/humble_ws/install/catcher:/opt/ros/humble /usr/bin/cmake --build /home/shared/projects/gultepe/cleaner_ws/build/cleaner_description -- -j12 -l12
[1.754s] DEBUG:colcon.colcon_core.event_handler.log_command:Invoking command in '/home/shared/projects/gultepe/cleaner_ws/build/turtlebot3_gazebo': CMAKE_PREFIX_PATH=${CMAKE_PREFIX_PATH}:/home/tunaprogrammer/projects/gultepe/humble_ws/install/jetpack:/home/tunaprogrammer/projects/gultepe/humble_ws/install/python_pkg:/home/tunaprogrammer/projects/gultepe/humble_ws/install/catcher:/opt/ros/humble /usr/bin/cmake --build /home/shared/projects/gultepe/cleaner_ws/build/turtlebot3_gazebo -- -j12 -l12
[2.051s] INFO:colcon.colcon_core.task.python.build:Building Python package in '/home/shared/projects/gultepe/cleaner_ws/src/bno055'
[2.065s] INFO:colcon.colcon_core.shell:Skip shell extension 'powershell' for command environment: Not usable outside of PowerShell
[2.065s] DEBUG:colcon.colcon_core.shell:Skip shell extension 'dsv' for command environment
[2.142s] DEBUG:colcon.colcon_core.event_handler.log_command:Invoking command in '/home/shared/projects/gultepe/cleaner_ws/build/rplidar_ros': CMAKE_PREFIX_PATH=${CMAKE_PREFIX_PATH}:/home/tunaprogrammer/projects/gultepe/humble_ws/install/jetpack:/home/tunaprogrammer/projects/gultepe/humble_ws/install/python_pkg:/home/tunaprogrammer/projects/gultepe/humble_ws/install/catcher:/opt/ros/humble /usr/bin/cmake --build /home/shared/projects/gultepe/cleaner_ws/build/rplidar_ros -- -j12 -l12
[2.142s] DEBUG:colcon.colcon_core.event_handler.log_command:Invoked command in '/home/shared/projects/gultepe/cleaner_ws/build/cleaner_description' returned '0': CMAKE_PREFIX_PATH=${CMAKE_PREFIX_PATH}:/home/tunaprogrammer/projects/gultepe/humble_ws/install/jetpack:/home/tunaprogrammer/projects/gultepe/humble_ws/install/python_pkg:/home/tunaprogrammer/projects/gultepe/humble_ws/install/catcher:/opt/ros/humble /usr/bin/cmake --build /home/shared/projects/gultepe/cleaner_ws/build/cleaner_description -- -j12 -l12
[2.143s] DEBUG:colcon.colcon_core.event_handler.log_command:Invoked command in '/home/shared/projects/gultepe/cleaner_ws/build/turtlebot3_gazebo' returned '0': CMAKE_PREFIX_PATH=${CMAKE_PREFIX_PATH}:/home/tunaprogrammer/projects/gultepe/humble_ws/install/jetpack:/home/tunaprogrammer/projects/gultepe/humble_ws/install/python_pkg:/home/tunaprogrammer/projects/gultepe/humble_ws/install/catcher:/opt/ros/humble /usr/bin/cmake --build /home/shared/projects/gultepe/cleaner_ws/build/turtlebot3_gazebo -- -j12 -l12
[2.181s] DEBUG:colcon.colcon_core.event_handler.log_command:Invoking command in '/home/shared/projects/gultepe/cleaner_ws/build/cleaner_description': CMAKE_PREFIX_PATH=${CMAKE_PREFIX_PATH}:/home/tunaprogrammer/projects/gultepe/humble_ws/install/jetpack:/home/tunaprogrammer/projects/gultepe/humble_ws/install/python_pkg:/home/tunaprogrammer/projects/gultepe/humble_ws/install/catcher:/opt/ros/humble /usr/bin/cmake --install /home/shared/projects/gultepe/cleaner_ws/build/cleaner_description
[2.190s] DEBUG:colcon.colcon_core.event_handler.log_command:Invoking command in '/home/shared/projects/gultepe/cleaner_ws/build/turtlebot3_gazebo': CMAKE_PREFIX_PATH=${CMAKE_PREFIX_PATH}:/home/tunaprogrammer/projects/gultepe/humble_ws/install/jetpack:/home/tunaprogrammer/projects/gultepe/humble_ws/install/python_pkg:/home/tunaprogrammer/projects/gultepe/humble_ws/install/catcher:/opt/ros/humble /usr/bin/cmake --install /home/shared/projects/gultepe/cleaner_ws/build/turtlebot3_gazebo
[2.211s] Level 1:colcon.colcon_core.environment:create_environment_scripts_only(turtlebot3_gazebo)
[2.234s] DEBUG:colcon.colcon_core.event_handler.log_command:Invoked command in '/home/shared/projects/gultepe/cleaner_ws/build/turtlebot3_gazebo' returned '0': CMAKE_PREFIX_PATH=${CMAKE_PREFIX_PATH}:/home/tunaprogrammer/projects/gultepe/humble_ws/install/jetpack:/home/tunaprogrammer/projects/gultepe/humble_ws/install/python_pkg:/home/tunaprogrammer/projects/gultepe/humble_ws/install/catcher:/opt/ros/humble /usr/bin/cmake --install /home/shared/projects/gultepe/cleaner_ws/build/turtlebot3_gazebo
[2.263s] Level 1:colcon.colcon_core.environment:checking '/home/shared/projects/gultepe/cleaner_ws/install/turtlebot3_gazebo' for CMake module files
[2.264s] Level 1:colcon.colcon_core.environment:checking '/home/shared/projects/gultepe/cleaner_ws/install/turtlebot3_gazebo' for CMake config files
[2.264s] Level 1:colcon.colcon_core.shell:create_environment_hook('turtlebot3_gazebo', 'cmake_prefix_path')
[2.279s] INFO:colcon.colcon_core.shell:Creating environment hook '/home/shared/projects/gultepe/cleaner_ws/install/turtlebot3_gazebo/share/turtlebot3_gazebo/hook/cmake_prefix_path.ps1'
[2.279s] INFO:colcon.colcon_core.shell:Creating environment descriptor '/home/shared/projects/gultepe/cleaner_ws/install/turtlebot3_gazebo/share/turtlebot3_gazebo/hook/cmake_prefix_path.dsv'
[2.280s] INFO:colcon.colcon_core.shell:Creating environment hook '/home/shared/projects/gultepe/cleaner_ws/install/turtlebot3_gazebo/share/turtlebot3_gazebo/hook/cmake_prefix_path.sh'
[2.281s] Level 1:colcon.colcon_core.environment:checking '/home/shared/projects/gultepe/cleaner_ws/install/turtlebot3_gazebo/lib'
[2.281s] Level 1:colcon.colcon_core.environment:checking '/home/shared/projects/gultepe/cleaner_ws/install/turtlebot3_gazebo/bin'
[2.281s] Level 1:colcon.colcon_core.environment:checking '/home/shared/projects/gultepe/cleaner_ws/install/turtlebot3_gazebo/lib/pkgconfig/turtlebot3_gazebo.pc'
[2.281s] Level 1:colcon.colcon_core.environment:checking '/home/shared/projects/gultepe/cleaner_ws/install/turtlebot3_gazebo/lib/python3.10/site-packages'
[2.281s] Level 1:colcon.colcon_core.environment:checking '/home/shared/projects/gultepe/cleaner_ws/install/turtlebot3_gazebo/bin'
[2.306s] INFO:colcon.colcon_core.shell:Creating package script '/home/shared/projects/gultepe/cleaner_ws/install/turtlebot3_gazebo/share/turtlebot3_gazebo/package.ps1'
[2.306s] INFO:colcon.colcon_core.shell:Creating package descriptor '/home/shared/projects/gultepe/cleaner_ws/install/turtlebot3_gazebo/share/turtlebot3_gazebo/package.dsv'
[2.307s] INFO:colcon.colcon_core.shell:Creating package script '/home/shared/projects/gultepe/cleaner_ws/install/turtlebot3_gazebo/share/turtlebot3_gazebo/package.sh'
[2.308s] INFO:colcon.colcon_core.shell:Creating package script '/home/shared/projects/gultepe/cleaner_ws/install/turtlebot3_gazebo/share/turtlebot3_gazebo/package.bash'
[2.309s] INFO:colcon.colcon_core.shell:Creating package script '/home/shared/projects/gultepe/cleaner_ws/install/turtlebot3_gazebo/share/turtlebot3_gazebo/package.zsh'
[2.310s] Level 1:colcon.colcon_core.environment:create_file_with_runtime_dependencies(/home/shared/projects/gultepe/cleaner_ws/install/turtlebot3_gazebo/share/colcon-core/packages/turtlebot3_gazebo)
[2.313s] DEBUG:colcon.colcon_core.event_handler.log_command:Invoked command in '/home/shared/projects/gultepe/cleaner_ws/build/rplidar_ros' returned '0': CMAKE_PREFIX_PATH=${CMAKE_PREFIX_PATH}:/home/tunaprogrammer/projects/gultepe/humble_ws/install/jetpack:/home/tunaprogrammer/projects/gultepe/humble_ws/install/python_pkg:/home/tunaprogrammer/projects/gultepe/humble_ws/install/catcher:/opt/ros/humble /usr/bin/cmake --build /home/shared/projects/gultepe/cleaner_ws/build/rplidar_ros -- -j12 -l12
[2.314s] Level 1:colcon.colcon_core.environment:create_environment_scripts_only(cleaner_description)
[2.315s] DEBUG:colcon.colcon_core.event_handler.log_command:Invoked command in '/home/shared/projects/gultepe/cleaner_ws/build/cleaner_description' returned '0': CMAKE_PREFIX_PATH=${CMAKE_PREFIX_PATH}:/home/tunaprogrammer/projects/gultepe/humble_ws/install/jetpack:/home/tunaprogrammer/projects/gultepe/humble_ws/install/python_pkg:/home/tunaprogrammer/projects/gultepe/humble_ws/install/catcher:/opt/ros/humble /usr/bin/cmake --install /home/shared/projects/gultepe/cleaner_ws/build/cleaner_description
[2.337s] Level 1:colcon.colcon_core.environment:checking '/home/shared/projects/gultepe/cleaner_ws/install/cleaner_description' for CMake module files
[2.339s] Level 1:colcon.colcon_core.environment:checking '/home/shared/projects/gultepe/cleaner_ws/install/cleaner_description' for CMake config files
[2.339s] Level 1:colcon.colcon_core.shell:create_environment_hook('cleaner_description', 'cmake_prefix_path')
[2.359s] INFO:colcon.colcon_core.shell:Creating environment hook '/home/shared/projects/gultepe/cleaner_ws/install/cleaner_description/share/cleaner_description/hook/cmake_prefix_path.ps1'
[2.361s] INFO:colcon.colcon_core.shell:Creating environment descriptor '/home/shared/projects/gultepe/cleaner_ws/install/cleaner_description/share/cleaner_description/hook/cmake_prefix_path.dsv'
[2.362s] INFO:colcon.colcon_core.shell:Creating environment hook '/home/shared/projects/gultepe/cleaner_ws/install/cleaner_description/share/cleaner_description/hook/cmake_prefix_path.sh'
[2.364s] Level 1:colcon.colcon_core.environment:checking '/home/shared/projects/gultepe/cleaner_ws/install/cleaner_description/bin'
[2.364s] Level 1:colcon.colcon_core.environment:checking '/home/shared/projects/gultepe/cleaner_ws/install/cleaner_description/lib/pkgconfig/cleaner_description.pc'
[2.365s] Level 1:colcon.colcon_core.environment:checking '/home/shared/projects/gultepe/cleaner_ws/install/cleaner_description/lib/python3.10/site-packages'
[2.366s] Level 1:colcon.colcon_core.environment:checking '/home/shared/projects/gultepe/cleaner_ws/install/cleaner_description/bin'
[2.388s] INFO:colcon.colcon_core.shell:Creating package script '/home/shared/projects/gultepe/cleaner_ws/install/cleaner_description/share/cleaner_description/package.ps1'
[2.388s] INFO:colcon.colcon_core.shell:Creating package descriptor '/home/shared/projects/gultepe/cleaner_ws/install/cleaner_description/share/cleaner_description/package.dsv'
[2.389s] INFO:colcon.colcon_core.shell:Creating package script '/home/shared/projects/gultepe/cleaner_ws/install/cleaner_description/share/cleaner_description/package.sh'
[2.389s] INFO:colcon.colcon_core.shell:Creating package script '/home/shared/projects/gultepe/cleaner_ws/install/cleaner_description/share/cleaner_description/package.bash'
[2.390s] INFO:colcon.colcon_core.shell:Creating package script '/home/shared/projects/gultepe/cleaner_ws/install/cleaner_description/share/cleaner_description/package.zsh'
[2.390s] Level 1:colcon.colcon_core.environment:create_file_with_runtime_dependencies(/home/shared/projects/gultepe/cleaner_ws/install/cleaner_description/share/colcon-core/packages/cleaner_description)
[2.410s] Level 1:colcon.colcon_core.environment:create_environment_scripts_only(turtlebot3_gazebo)
[2.425s] Level 1:colcon.colcon_core.environment:checking '/home/shared/projects/gultepe/cleaner_ws/install/turtlebot3_gazebo' for CMake module files
[2.425s] Level 1:colcon.colcon_core.environment:checking '/home/shared/projects/gultepe/cleaner_ws/install/turtlebot3_gazebo' for CMake config files
[2.426s] Level 1:colcon.colcon_core.shell:create_environment_hook('turtlebot3_gazebo', 'cmake_prefix_path')
[2.450s] INFO:colcon.colcon_core.shell:Creating environment hook '/home/shared/projects/gultepe/cleaner_ws/install/turtlebot3_gazebo/share/turtlebot3_gazebo/hook/cmake_prefix_path.ps1'
[2.450s] INFO:colcon.colcon_core.shell:Creating environment descriptor '/home/shared/projects/gultepe/cleaner_ws/install/turtlebot3_gazebo/share/turtlebot3_gazebo/hook/cmake_prefix_path.dsv'
[2.451s] INFO:colcon.colcon_core.shell:Creating environment hook '/home/shared/projects/gultepe/cleaner_ws/install/turtlebot3_gazebo/share/turtlebot3_gazebo/hook/cmake_prefix_path.sh'
[2.452s] Level 1:colcon.colcon_core.environment:checking '/home/shared/projects/gultepe/cleaner_ws/install/turtlebot3_gazebo/lib'
[2.452s] Level 1:colcon.colcon_core.environment:checking '/home/shared/projects/gultepe/cleaner_ws/install/turtlebot3_gazebo/bin'
[2.452s] Level 1:colcon.colcon_core.environment:checking '/home/shared/projects/gultepe/cleaner_ws/install/turtlebot3_gazebo/lib/pkgconfig/turtlebot3_gazebo.pc'
[2.452s] Level 1:colcon.colcon_core.environment:checking '/home/shared/projects/gultepe/cleaner_ws/install/turtlebot3_gazebo/lib/python3.10/site-packages'
[2.452s] Level 1:colcon.colcon_core.environment:checking '/home/shared/projects/gultepe/cleaner_ws/install/turtlebot3_gazebo/bin'
[2.467s] INFO:colcon.colcon_core.shell:Creating package script '/home/shared/projects/gultepe/cleaner_ws/install/turtlebot3_gazebo/share/turtlebot3_gazebo/package.ps1'
[2.468s] INFO:colcon.colcon_core.shell:Creating package descriptor '/home/shared/projects/gultepe/cleaner_ws/install/turtlebot3_gazebo/share/turtlebot3_gazebo/package.dsv'
[2.468s] INFO:colcon.colcon_core.shell:Creating package script '/home/shared/projects/gultepe/cleaner_ws/install/turtlebot3_gazebo/share/turtlebot3_gazebo/package.sh'
[2.469s] INFO:colcon.colcon_core.shell:Creating package script '/home/shared/projects/gultepe/cleaner_ws/install/turtlebot3_gazebo/share/turtlebot3_gazebo/package.bash'
[2.469s] INFO:colcon.colcon_core.shell:Creating package script '/home/shared/projects/gultepe/cleaner_ws/install/turtlebot3_gazebo/share/turtlebot3_gazebo/package.zsh'
[2.469s] Level 1:colcon.colcon_core.environment:create_file_with_runtime_dependencies(/home/shared/projects/gultepe/cleaner_ws/install/turtlebot3_gazebo/share/colcon-core/packages/turtlebot3_gazebo)
[2.470s] INFO:colcon.colcon_ros.task.ament_cmake.build:Building ROS package in '/home/shared/projects/gultepe/cleaner_ws/src/turtlebot3_simulations' with build type 'ament_cmake'
[2.470s] INFO:colcon.colcon_cmake.task.cmake.build:Building CMake package in '/home/shared/projects/gultepe/cleaner_ws/src/turtlebot3_simulations'
[2.489s] INFO:colcon.colcon_core.shell:Skip shell extension 'powershell' for command environment: Not usable outside of PowerShell
[2.489s] DEBUG:colcon.colcon_core.shell:Skip shell extension 'dsv' for command environment
[2.561s] DEBUG:colcon.colcon_core.event_handler.log_command:Invoking command in '/home/shared/projects/gultepe/cleaner_ws/build/rplidar_ros': CMAKE_PREFIX_PATH=${CMAKE_PREFIX_PATH}:/home/tunaprogrammer/projects/gultepe/humble_ws/install/jetpack:/home/tunaprogrammer/projects/gultepe/humble_ws/install/python_pkg:/home/tunaprogrammer/projects/gultepe/humble_ws/install/catcher:/opt/ros/humble /usr/bin/cmake --install /home/shared/projects/gultepe/cleaner_ws/build/rplidar_ros
[2.583s] Level 1:colcon.colcon_core.environment:create_environment_scripts_only(cleaner_description)
[2.597s] Level 1:colcon.colcon_core.environment:checking '/home/shared/projects/gultepe/cleaner_ws/install/cleaner_description' for CMake module files
[2.597s] Level 1:colcon.colcon_core.environment:checking '/home/shared/projects/gultepe/cleaner_ws/install/cleaner_description' for CMake config files
[2.598s] Level 1:colcon.colcon_core.shell:create_environment_hook('cleaner_description', 'cmake_prefix_path')
[2.613s] INFO:colcon.colcon_core.shell:Creating environment hook '/home/shared/projects/gultepe/cleaner_ws/install/cleaner_description/share/cleaner_description/hook/cmake_prefix_path.ps1'
[2.613s] INFO:colcon.colcon_core.shell:Creating environment descriptor '/home/shared/projects/gultepe/cleaner_ws/install/cleaner_description/share/cleaner_description/hook/cmake_prefix_path.dsv'
[2.613s] INFO:colcon.colcon_core.shell:Creating environment hook '/home/shared/projects/gultepe/cleaner_ws/install/cleaner_description/share/cleaner_description/hook/cmake_prefix_path.sh'
[2.614s] Level 1:colcon.colcon_core.environment:checking '/home/shared/projects/gultepe/cleaner_ws/install/cleaner_description/bin'
[2.614s] Level 1:colcon.colcon_core.environment:checking '/home/shared/projects/gultepe/cleaner_ws/install/cleaner_description/lib/pkgconfig/cleaner_description.pc'
[2.614s] Level 1:colcon.colcon_core.environment:checking '/home/shared/projects/gultepe/cleaner_ws/install/cleaner_description/lib/python3.10/site-packages'
[2.615s] Level 1:colcon.colcon_core.environment:checking '/home/shared/projects/gultepe/cleaner_ws/install/cleaner_description/bin'
[2.629s] INFO:colcon.colcon_core.shell:Creating package script '/home/shared/projects/gultepe/cleaner_ws/install/cleaner_description/share/cleaner_description/package.ps1'
[2.630s] INFO:colcon.colcon_core.shell:Creating package descriptor '/home/shared/projects/gultepe/cleaner_ws/install/cleaner_description/share/cleaner_description/package.dsv'
[2.630s] INFO:colcon.colcon_core.shell:Creating package script '/home/shared/projects/gultepe/cleaner_ws/install/cleaner_description/share/cleaner_description/package.sh'
[2.631s] INFO:colcon.colcon_core.shell:Creating package script '/home/shared/projects/gultepe/cleaner_ws/install/cleaner_description/share/cleaner_description/package.bash'
[2.631s] INFO:colcon.colcon_core.shell:Creating package script '/home/shared/projects/gultepe/cleaner_ws/install/cleaner_description/share/cleaner_description/package.zsh'
[2.632s] Level 1:colcon.colcon_core.environment:create_file_with_runtime_dependencies(/home/shared/projects/gultepe/cleaner_ws/install/cleaner_description/share/colcon-core/packages/cleaner_description)
[2.633s] INFO:colcon.colcon_ros.task.ament_cmake.build:Building ROS package in '/home/shared/projects/gultepe/cleaner_ws/src/cleaner_bringup' with build type 'ament_cmake'
[2.633s] INFO:colcon.colcon_cmake.task.cmake.build:Building CMake package in '/home/shared/projects/gultepe/cleaner_ws/src/cleaner_bringup'
[2.656s] INFO:colcon.colcon_core.shell:Skip shell extension 'powershell' for command environment: Not usable outside of PowerShell
[2.656s] DEBUG:colcon.colcon_core.shell:Skip shell extension 'dsv' for command environment
[2.752s] Level 1:colcon.colcon_core.environment:create_environment_scripts_only(rplidar_ros)
[2.753s] DEBUG:colcon.colcon_core.event_handler.log_command:Invoking command in '/home/shared/projects/gultepe/cleaner_ws/build/turtlebot3_simulations': AMENT_PREFIX_PATH=/home/shared/projects/gultepe/cleaner_ws/install/turtlebot3_gazebo:${AMENT_PREFIX_PATH} CMAKE_PREFIX_PATH=/home/shared/projects/gultepe/cleaner_ws/install/turtlebot3_gazebo:/home/tunaprogrammer/projects/gultepe/cleaner_ws/install/turtlebot3_simulations:/home/tunaprogrammer/projects/gultepe/cleaner_ws/install/turtlebot3_gazebo:/home/tunaprogrammer/projects/gultepe/cleaner_ws/install/rplidar_ros:/home/tunaprogrammer/projects/gultepe/cleaner_ws/install/cleaner_bringup:/home/tunaprogrammer/projects/gultepe/cleaner_ws/install/cleaner_description:/home/tunaprogrammer/projects/gultepe/humble_ws/install/robot_arise:/home/tunaprogrammer/projects/gultepe/humble_ws/install/test_interfaces:/home/tunaprogrammer/projects/gultepe/humble_ws/install/jetpack:/home/tunaprogrammer/projects/gultepe/humble_ws/install/python_pkg:/home/tunaprogrammer/projects/gultepe/humble_ws/install/catcher:/opt/ros/humble /usr/bin/cmake --build /home/shared/projects/gultepe/cleaner_ws/build/turtlebot3_simulations -- -j12 -l12
[2.754s] DEBUG:colcon.colcon_core.event_handler.log_command:Invoking command in '/home/shared/projects/gultepe/cleaner_ws/src/bno055': PYTHONPATH=/home/shared/projects/gultepe/cleaner_ws/build/bno055/prefix_override:/home/shared/projects/gultepe/cleaner_ws/install/bno055/lib/python3.10/site-packages:${PYTHONPATH} /usr/bin/python3 setup.py egg_info --egg-base ../../build/bno055 build --build-base /home/shared/projects/gultepe/cleaner_ws/build/bno055/build install --record /home/shared/projects/gultepe/cleaner_ws/build/bno055/install.log --single-version-externally-managed
[2.755s] DEBUG:colcon.colcon_core.event_handler.log_command:Invoked command in '/home/shared/projects/gultepe/cleaner_ws/build/rplidar_ros' returned '0': CMAKE_PREFIX_PATH=${CMAKE_PREFIX_PATH}:/home/tunaprogrammer/projects/gultepe/humble_ws/install/jetpack:/home/tunaprogrammer/projects/gultepe/humble_ws/install/python_pkg:/home/tunaprogrammer/projects/gultepe/humble_ws/install/catcher:/opt/ros/humble /usr/bin/cmake --install /home/shared/projects/gultepe/cleaner_ws/build/rplidar_ros
[2.771s] Level 1:colcon.colcon_core.environment:checking '/home/shared/projects/gultepe/cleaner_ws/install/rplidar_ros' for CMake module files
[2.771s] Level 1:colcon.colcon_core.environment:checking '/home/shared/projects/gultepe/cleaner_ws/install/rplidar_ros' for CMake config files
[2.772s] Level 1:colcon.colcon_core.shell:create_environment_hook('rplidar_ros', 'cmake_prefix_path')
[2.787s] INFO:colcon.colcon_core.shell:Creating environment hook '/home/shared/projects/gultepe/cleaner_ws/install/rplidar_ros/share/rplidar_ros/hook/cmake_prefix_path.ps1'
[2.787s] INFO:colcon.colcon_core.shell:Creating environment descriptor '/home/shared/projects/gultepe/cleaner_ws/install/rplidar_ros/share/rplidar_ros/hook/cmake_prefix_path.dsv'
[2.788s] INFO:colcon.colcon_core.shell:Creating environment hook '/home/shared/projects/gultepe/cleaner_ws/install/rplidar_ros/share/rplidar_ros/hook/cmake_prefix_path.sh'
[2.788s] Level 1:colcon.colcon_core.environment:checking '/home/shared/projects/gultepe/cleaner_ws/install/rplidar_ros/lib'
[2.789s] Level 1:colcon.colcon_core.environment:checking '/home/shared/projects/gultepe/cleaner_ws/install/rplidar_ros/bin'
[2.789s] Level 1:colcon.colcon_core.environment:checking '/home/shared/projects/gultepe/cleaner_ws/install/rplidar_ros/lib/pkgconfig/rplidar_ros.pc'
[2.789s] Level 1:colcon.colcon_core.environment:checking '/home/shared/projects/gultepe/cleaner_ws/install/rplidar_ros/lib/python3.10/site-packages'
[2.789s] Level 1:colcon.colcon_core.environment:checking '/home/shared/projects/gultepe/cleaner_ws/install/rplidar_ros/bin'
[2.804s] INFO:colcon.colcon_core.shell:Creating package script '/home/shared/projects/gultepe/cleaner_ws/install/rplidar_ros/share/rplidar_ros/package.ps1'
[2.805s] INFO:colcon.colcon_core.shell:Creating package descriptor '/home/shared/projects/gultepe/cleaner_ws/install/rplidar_ros/share/rplidar_ros/package.dsv'
[2.805s] INFO:colcon.colcon_core.shell:Creating package script '/home/shared/projects/gultepe/cleaner_ws/install/rplidar_ros/share/rplidar_ros/package.sh'
[2.805s] INFO:colcon.colcon_core.shell:Creating package script '/home/shared/projects/gultepe/cleaner_ws/install/rplidar_ros/share/rplidar_ros/package.bash'
[2.806s] INFO:colcon.colcon_core.shell:Creating package script '/home/shared/projects/gultepe/cleaner_ws/install/rplidar_ros/share/rplidar_ros/package.zsh'
[2.806s] Level 1:colcon.colcon_core.environment:create_file_with_runtime_dependencies(/home/shared/projects/gultepe/cleaner_ws/install/rplidar_ros/share/colcon-core/packages/rplidar_ros)
[2.814s] DEBUG:colcon.colcon_core.event_handler.log_command:Invoking command in '/home/shared/projects/gultepe/cleaner_ws/build/cleaner_bringup': AMENT_PREFIX_PATH=/home/shared/projects/gultepe/cleaner_ws/install/cleaner_description:${AMENT_PREFIX_PATH} CMAKE_PREFIX_PATH=/home/shared/projects/gultepe/cleaner_ws/install/cleaner_description:/home/tunaprogrammer/projects/gultepe/cleaner_ws/install/turtlebot3_simulations:/home/tunaprogrammer/projects/gultepe/cleaner_ws/install/turtlebot3_gazebo:/home/tunaprogrammer/projects/gultepe/cleaner_ws/install/rplidar_ros:/home/tunaprogrammer/projects/gultepe/cleaner_ws/install/cleaner_bringup:/home/tunaprogrammer/projects/gultepe/cleaner_ws/install/cleaner_description:/home/tunaprogrammer/projects/gultepe/humble_ws/install/robot_arise:/home/tunaprogrammer/projects/gultepe/humble_ws/install/test_interfaces:/home/tunaprogrammer/projects/gultepe/humble_ws/install/jetpack:/home/tunaprogrammer/projects/gultepe/humble_ws/install/python_pkg:/home/tunaprogrammer/projects/gultepe/humble_ws/install/catcher:/opt/ros/humble /usr/bin/cmake --build /home/shared/projects/gultepe/cleaner_ws/build/cleaner_bringup -- -j12 -l12
[2.815s] DEBUG:colcon.colcon_core.event_handler.log_command:Invoked command in '/home/shared/projects/gultepe/cleaner_ws/build/turtlebot3_simulations' returned '0': AMENT_PREFIX_PATH=/home/shared/projects/gultepe/cleaner_ws/install/turtlebot3_gazebo:${AMENT_PREFIX_PATH} CMAKE_PREFIX_PATH=/home/shared/projects/gultepe/cleaner_ws/install/turtlebot3_gazebo:/home/tunaprogrammer/projects/gultepe/cleaner_ws/install/turtlebot3_simulations:/home/tunaprogrammer/projects/gultepe/cleaner_ws/install/turtlebot3_gazebo:/home/tunaprogrammer/projects/gultepe/cleaner_ws/install/rplidar_ros:/home/tunaprogrammer/projects/gultepe/cleaner_ws/install/cleaner_bringup:/home/tunaprogrammer/projects/gultepe/cleaner_ws/install/cleaner_description:/home/tunaprogrammer/projects/gultepe/humble_ws/install/robot_arise:/home/tunaprogrammer/projects/gultepe/humble_ws/install/test_interfaces:/home/tunaprogrammer/projects/gultepe/humble_ws/install/jetpack:/home/tunaprogrammer/projects/gultepe/humble_ws/install/python_pkg:/home/tunaprogrammer/projects/gultepe/humble_ws/install/catcher:/opt/ros/humble /usr/bin/cmake --build /home/shared/projects/gultepe/cleaner_ws/build/turtlebot3_simulations -- -j12 -l12
[2.857s] DEBUG:colcon.colcon_core.event_handler.log_command:Invoking command in '/home/shared/projects/gultepe/cleaner_ws/build/turtlebot3_simulations': AMENT_PREFIX_PATH=/home/shared/projects/gultepe/cleaner_ws/install/turtlebot3_gazebo:${AMENT_PREFIX_PATH} CMAKE_PREFIX_PATH=/home/shared/projects/gultepe/cleaner_ws/install/turtlebot3_gazebo:/home/tunaprogrammer/projects/gultepe/cleaner_ws/install/turtlebot3_simulations:/home/tunaprogrammer/projects/gultepe/cleaner_ws/install/turtlebot3_gazebo:/home/tunaprogrammer/projects/gultepe/cleaner_ws/install/rplidar_ros:/home/tunaprogrammer/projects/gultepe/cleaner_ws/install/cleaner_bringup:/home/tunaprogrammer/projects/gultepe/cleaner_ws/install/cleaner_description:/home/tunaprogrammer/projects/gultepe/humble_ws/install/robot_arise:/home/tunaprogrammer/projects/gultepe/humble_ws/install/test_interfaces:/home/tunaprogrammer/projects/gultepe/humble_ws/install/jetpack:/home/tunaprogrammer/projects/gultepe/humble_ws/install/python_pkg:/home/tunaprogrammer/projects/gultepe/humble_ws/install/catcher:/opt/ros/humble /usr/bin/cmake --install /home/shared/projects/gultepe/cleaner_ws/build/turtlebot3_simulations
[2.871s] Level 1:colcon.colcon_core.environment:create_environment_scripts_only(turtlebot3_simulations)
[2.872s] DEBUG:colcon.colcon_core.event_handler.log_command:Invoked command in '/home/shared/projects/gultepe/cleaner_ws/build/turtlebot3_simulations' returned '0': AMENT_PREFIX_PATH=/home/shared/projects/gultepe/cleaner_ws/install/turtlebot3_gazebo:${AMENT_PREFIX_PATH} CMAKE_PREFIX_PATH=/home/shared/projects/gultepe/cleaner_ws/install/turtlebot3_gazebo:/home/tunaprogrammer/projects/gultepe/cleaner_ws/install/turtlebot3_simulations:/home/tunaprogrammer/projects/gultepe/cleaner_ws/install/turtlebot3_gazebo:/home/tunaprogrammer/projects/gultepe/cleaner_ws/install/rplidar_ros:/home/tunaprogrammer/projects/gultepe/cleaner_ws/install/cleaner_bringup:/home/tunaprogrammer/projects/gultepe/cleaner_ws/install/cleaner_description:/home/tunaprogrammer/projects/gultepe/humble_ws/install/robot_arise:/home/tunaprogrammer/projects/gultepe/humble_ws/install/test_interfaces:/home/tunaprogrammer/projects/gultepe/humble_ws/install/jetpack:/home/tunaprogrammer/projects/gultepe/humble_ws/install/python_pkg:/home/tunaprogrammer/projects/gultepe/humble_ws/install/catcher:/opt/ros/humble /usr/bin/cmake --install /home/shared/projects/gultepe/cleaner_ws/build/turtlebot3_simulations
[2.889s] Level 1:colcon.colcon_core.environment:checking '/home/shared/projects/gultepe/cleaner_ws/install/turtlebot3_simulations' for CMake module files
[2.889s] Level 1:colcon.colcon_core.environment:checking '/home/shared/projects/gultepe/cleaner_ws/install/turtlebot3_simulations' for CMake config files
[2.890s] Level 1:colcon.colcon_core.shell:create_environment_hook('turtlebot3_simulations', 'cmake_prefix_path')
[2.905s] INFO:colcon.colcon_core.shell:Creating environment hook '/home/shared/projects/gultepe/cleaner_ws/install/turtlebot3_simulations/share/turtlebot3_simulations/hook/cmake_prefix_path.ps1'
[2.905s] INFO:colcon.colcon_core.shell:Creating environment descriptor '/home/shared/projects/gultepe/cleaner_ws/install/turtlebot3_simulations/share/turtlebot3_simulations/hook/cmake_prefix_path.dsv'
[2.906s] INFO:colcon.colcon_core.shell:Creating environment hook '/home/shared/projects/gultepe/cleaner_ws/install/turtlebot3_simulations/share/turtlebot3_simulations/hook/cmake_prefix_path.sh'
[2.906s] Level 1:colcon.colcon_core.environment:checking '/home/shared/projects/gultepe/cleaner_ws/install/turtlebot3_simulations/bin'
[2.906s] Level 1:colcon.colcon_core.environment:checking '/home/shared/projects/gultepe/cleaner_ws/install/turtlebot3_simulations/lib/pkgconfig/turtlebot3_simulations.pc'
[2.906s] Level 1:colcon.colcon_core.environment:checking '/home/shared/projects/gultepe/cleaner_ws/install/turtlebot3_simulations/lib/python3.10/site-packages'
[2.907s] Level 1:colcon.colcon_core.environment:checking '/home/shared/projects/gultepe/cleaner_ws/install/turtlebot3_simulations/bin'
[2.940s] INFO:colcon.colcon_core.shell:Creating package script '/home/shared/projects/gultepe/cleaner_ws/install/turtlebot3_simulations/share/turtlebot3_simulations/package.ps1'
[2.940s] INFO:colcon.colcon_core.shell:Creating package descriptor '/home/shared/projects/gultepe/cleaner_ws/install/turtlebot3_simulations/share/turtlebot3_simulations/package.dsv'
[2.941s] INFO:colcon.colcon_core.shell:Creating package script '/home/shared/projects/gultepe/cleaner_ws/install/turtlebot3_simulations/share/turtlebot3_simulations/package.sh'
[2.941s] INFO:colcon.colcon_core.shell:Creating package script '/home/shared/projects/gultepe/cleaner_ws/install/turtlebot3_simulations/share/turtlebot3_simulations/package.bash'
[2.941s] INFO:colcon.colcon_core.shell:Creating package script '/home/shared/projects/gultepe/cleaner_ws/install/turtlebot3_simulations/share/turtlebot3_simulations/package.zsh'
[2.942s] Level 1:colcon.colcon_core.environment:create_file_with_runtime_dependencies(/home/shared/projects/gultepe/cleaner_ws/install/turtlebot3_simulations/share/colcon-core/packages/turtlebot3_simulations)
[2.961s] Level 1:colcon.colcon_core.environment:create_environment_scripts_only(rplidar_ros)
[2.976s] Level 1:colcon.colcon_core.environment:checking '/home/shared/projects/gultepe/cleaner_ws/install/rplidar_ros' for CMake module files
[2.977s] Level 1:colcon.colcon_core.environment:checking '/home/shared/projects/gultepe/cleaner_ws/install/rplidar_ros' for CMake config files
[2.977s] Level 1:colcon.colcon_core.shell:create_environment_hook('rplidar_ros', 'cmake_prefix_path')
[2.992s] INFO:colcon.colcon_core.shell:Creating environment hook '/home/shared/projects/gultepe/cleaner_ws/install/rplidar_ros/share/rplidar_ros/hook/cmake_prefix_path.ps1'
[2.992s] INFO:colcon.colcon_core.shell:Creating environment descriptor '/home/shared/projects/gultepe/cleaner_ws/install/rplidar_ros/share/rplidar_ros/hook/cmake_prefix_path.dsv'
[2.993s] INFO:colcon.colcon_core.shell:Creating environment hook '/home/shared/projects/gultepe/cleaner_ws/install/rplidar_ros/share/rplidar_ros/hook/cmake_prefix_path.sh'
[2.993s] Level 1:colcon.colcon_core.environment:checking '/home/shared/projects/gultepe/cleaner_ws/install/rplidar_ros/lib'
[2.993s] Level 1:colcon.colcon_core.environment:checking '/home/shared/projects/gultepe/cleaner_ws/install/rplidar_ros/bin'
[2.993s] Level 1:colcon.colcon_core.environment:checking '/home/shared/projects/gultepe/cleaner_ws/install/rplidar_ros/lib/pkgconfig/rplidar_ros.pc'
[2.994s] Level 1:colcon.colcon_core.environment:checking '/home/shared/projects/gultepe/cleaner_ws/install/rplidar_ros/lib/python3.10/site-packages'
[2.994s] Level 1:colcon.colcon_core.environment:checking '/home/shared/projects/gultepe/cleaner_ws/install/rplidar_ros/bin'
[3.019s] INFO:colcon.colcon_core.shell:Creating package script '/home/shared/projects/gultepe/cleaner_ws/install/rplidar_ros/share/rplidar_ros/package.ps1'
[3.019s] INFO:colcon.colcon_core.shell:Creating package descriptor '/home/shared/projects/gultepe/cleaner_ws/install/rplidar_ros/share/rplidar_ros/package.dsv'
[3.020s] INFO:colcon.colcon_core.shell:Creating package script '/home/shared/projects/gultepe/cleaner_ws/install/rplidar_ros/share/rplidar_ros/package.sh'
[3.020s] INFO:colcon.colcon_core.shell:Creating package script '/home/shared/projects/gultepe/cleaner_ws/install/rplidar_ros/share/rplidar_ros/package.bash'
[3.021s] INFO:colcon.colcon_core.shell:Creating package script '/home/shared/projects/gultepe/cleaner_ws/install/rplidar_ros/share/rplidar_ros/package.zsh'
[3.021s] Level 1:colcon.colcon_core.environment:create_file_with_runtime_dependencies(/home/shared/projects/gultepe/cleaner_ws/install/rplidar_ros/share/colcon-core/packages/rplidar_ros)
[3.024s] DEBUG:colcon.colcon_core.event_handler.log_command:Invoked command in '/home/shared/projects/gultepe/cleaner_ws/build/cleaner_bringup' returned '0': AMENT_PREFIX_PATH=/home/shared/projects/gultepe/cleaner_ws/install/cleaner_description:${AMENT_PREFIX_PATH} CMAKE_PREFIX_PATH=/home/shared/projects/gultepe/cleaner_ws/install/cleaner_description:/home/tunaprogrammer/projects/gultepe/cleaner_ws/install/turtlebot3_simulations:/home/tunaprogrammer/projects/gultepe/cleaner_ws/install/turtlebot3_gazebo:/home/tunaprogrammer/projects/gultepe/cleaner_ws/install/rplidar_ros:/home/tunaprogrammer/projects/gultepe/cleaner_ws/install/cleaner_bringup:/home/tunaprogrammer/projects/gultepe/cleaner_ws/install/cleaner_description:/home/tunaprogrammer/projects/gultepe/humble_ws/install/robot_arise:/home/tunaprogrammer/projects/gultepe/humble_ws/install/test_interfaces:/home/tunaprogrammer/projects/gultepe/humble_ws/install/jetpack:/home/tunaprogrammer/projects/gultepe/humble_ws/install/python_pkg:/home/tunaprogrammer/projects/gultepe/humble_ws/install/catcher:/opt/ros/humble /usr/bin/cmake --build /home/shared/projects/gultepe/cleaner_ws/build/cleaner_bringup -- -j12 -l12
[3.041s] Level 1:colcon.colcon_core.environment:create_environment_scripts_only(turtlebot3_simulations)
[3.058s] Level 1:colcon.colcon_core.environment:checking '/home/shared/projects/gultepe/cleaner_ws/install/turtlebot3_simulations' for CMake module files
[3.058s] Level 1:colcon.colcon_core.environment:checking '/home/shared/projects/gultepe/cleaner_ws/install/turtlebot3_simulations' for CMake config files
[3.058s] Level 1:colcon.colcon_core.shell:create_environment_hook('turtlebot3_simulations', 'cmake_prefix_path')
[3.073s] INFO:colcon.colcon_core.shell:Creating environment hook '/home/shared/projects/gultepe/cleaner_ws/install/turtlebot3_simulations/share/turtlebot3_simulations/hook/cmake_prefix_path.ps1'
[3.073s] INFO:colcon.colcon_core.shell:Creating environment descriptor '/home/shared/projects/gultepe/cleaner_ws/install/turtlebot3_simulations/share/turtlebot3_simulations/hook/cmake_prefix_path.dsv'
[3.073s] INFO:colcon.colcon_core.shell:Creating environment hook '/home/shared/projects/gultepe/cleaner_ws/install/turtlebot3_simulations/share/turtlebot3_simulations/hook/cmake_prefix_path.sh'
[3.074s] Level 1:colcon.colcon_core.environment:checking '/home/shared/projects/gultepe/cleaner_ws/install/turtlebot3_simulations/bin'
[3.074s] Level 1:colcon.colcon_core.environment:checking '/home/shared/projects/gultepe/cleaner_ws/install/turtlebot3_simulations/lib/pkgconfig/turtlebot3_simulations.pc'
[3.074s] Level 1:colcon.colcon_core.environment:checking '/home/shared/projects/gultepe/cleaner_ws/install/turtlebot3_simulations/lib/python3.10/site-packages'
[3.075s] Level 1:colcon.colcon_core.environment:checking '/home/shared/projects/gultepe/cleaner_ws/install/turtlebot3_simulations/bin'
[3.107s] INFO:colcon.colcon_core.shell:Creating package script '/home/shared/projects/gultepe/cleaner_ws/install/turtlebot3_simulations/share/turtlebot3_simulations/package.ps1'
[3.108s] INFO:colcon.colcon_core.shell:Creating package descriptor '/home/shared/projects/gultepe/cleaner_ws/install/turtlebot3_simulations/share/turtlebot3_simulations/package.dsv'
[3.109s] INFO:colcon.colcon_core.shell:Creating package script '/home/shared/projects/gultepe/cleaner_ws/install/turtlebot3_simulations/share/turtlebot3_simulations/package.sh'
[3.109s] INFO:colcon.colcon_core.shell:Creating package script '/home/shared/projects/gultepe/cleaner_ws/install/turtlebot3_simulations/share/turtlebot3_simulations/package.bash'
[3.110s] INFO:colcon.colcon_core.shell:Creating package script '/home/shared/projects/gultepe/cleaner_ws/install/turtlebot3_simulations/share/turtlebot3_simulations/package.zsh'
[3.110s] Level 1:colcon.colcon_core.environment:create_file_with_runtime_dependencies(/home/shared/projects/gultepe/cleaner_ws/install/turtlebot3_simulations/share/colcon-core/packages/turtlebot3_simulations)
[3.112s] DEBUG:colcon.colcon_core.event_handler.log_command:Invoking command in '/home/shared/projects/gultepe/cleaner_ws/build/cleaner_bringup': AMENT_PREFIX_PATH=/home/shared/projects/gultepe/cleaner_ws/install/cleaner_description:${AMENT_PREFIX_PATH} CMAKE_PREFIX_PATH=/home/shared/projects/gultepe/cleaner_ws/install/cleaner_description:/home/tunaprogrammer/projects/gultepe/cleaner_ws/install/turtlebot3_simulations:/home/tunaprogrammer/projects/gultepe/cleaner_ws/install/turtlebot3_gazebo:/home/tunaprogrammer/projects/gultepe/cleaner_ws/install/rplidar_ros:/home/tunaprogrammer/projects/gultepe/cleaner_ws/install/cleaner_bringup:/home/tunaprogrammer/projects/gultepe/cleaner_ws/install/cleaner_description:/home/tunaprogrammer/projects/gultepe/humble_ws/install/robot_arise:/home/tunaprogrammer/projects/gultepe/humble_ws/install/test_interfaces:/home/tunaprogrammer/projects/gultepe/humble_ws/install/jetpack:/home/tunaprogrammer/projects/gultepe/humble_ws/install/python_pkg:/home/tunaprogrammer/projects/gultepe/humble_ws/install/catcher:/opt/ros/humble /usr/bin/cmake --install /home/shared/projects/gultepe/cleaner_ws/build/cleaner_bringup
[3.136s] Level 1:colcon.colcon_core.environment:create_environment_scripts_only(cleaner_bringup)
[3.138s] DEBUG:colcon.colcon_core.event_handler.log_command:Invoked command in '/home/shared/projects/gultepe/cleaner_ws/build/cleaner_bringup' returned '0': AMENT_PREFIX_PATH=/home/shared/projects/gultepe/cleaner_ws/install/cleaner_description:${AMENT_PREFIX_PATH} CMAKE_PREFIX_PATH=/home/shared/projects/gultepe/cleaner_ws/install/cleaner_description:/home/tunaprogrammer/projects/gultepe/cleaner_ws/install/turtlebot3_simulations:/home/tunaprogrammer/projects/gultepe/cleaner_ws/install/turtlebot3_gazebo:/home/tunaprogrammer/projects/gultepe/cleaner_ws/install/rplidar_ros:/home/tunaprogrammer/projects/gultepe/cleaner_ws/install/cleaner_bringup:/home/tunaprogrammer/projects/gultepe/cleaner_ws/install/cleaner_description:/home/tunaprogrammer/projects/gultepe/humble_ws/install/robot_arise:/home/tunaprogrammer/projects/gultepe/humble_ws/install/test_interfaces:/home/tunaprogrammer/projects/gultepe/humble_ws/install/jetpack:/home/tunaprogrammer/projects/gultepe/humble_ws/install/python_pkg:/home/tunaprogrammer/projects/gultepe/humble_ws/install/catcher:/opt/ros/humble /usr/bin/cmake --install /home/shared/projects/gultepe/cleaner_ws/build/cleaner_bringup
[3.155s] Level 1:colcon.colcon_core.environment:checking '/home/shared/projects/gultepe/cleaner_ws/install/cleaner_bringup' for CMake module files
[3.156s] Level 1:colcon.colcon_core.environment:checking '/home/shared/projects/gultepe/cleaner_ws/install/cleaner_bringup' for CMake config files
[3.156s] Level 1:colcon.colcon_core.shell:create_environment_hook('cleaner_bringup', 'cmake_prefix_path')
[3.171s] INFO:colcon.colcon_core.shell:Creating environment hook '/home/shared/projects/gultepe/cleaner_ws/install/cleaner_bringup/share/cleaner_bringup/hook/cmake_prefix_path.ps1'
[3.172s] INFO:colcon.colcon_core.shell:Creating environment descriptor '/home/shared/projects/gultepe/cleaner_ws/install/cleaner_bringup/share/cleaner_bringup/hook/cmake_prefix_path.dsv'
[3.172s] INFO:colcon.colcon_core.shell:Creating environment hook '/home/shared/projects/gultepe/cleaner_ws/install/cleaner_bringup/share/cleaner_bringup/hook/cmake_prefix_path.sh'
[3.173s] Level 1:colcon.colcon_core.environment:checking '/home/shared/projects/gultepe/cleaner_ws/install/cleaner_bringup/bin'
[3.173s] Level 1:colcon.colcon_core.environment:checking '/home/shared/projects/gultepe/cleaner_ws/install/cleaner_bringup/lib/pkgconfig/cleaner_bringup.pc'
[3.173s] Level 1:colcon.colcon_core.environment:checking '/home/shared/projects/gultepe/cleaner_ws/install/cleaner_bringup/lib/python3.10/site-packages'
[3.173s] Level 1:colcon.colcon_core.environment:checking '/home/shared/projects/gultepe/cleaner_ws/install/cleaner_bringup/bin'
[3.188s] INFO:colcon.colcon_core.shell:Creating package script '/home/shared/projects/gultepe/cleaner_ws/install/cleaner_bringup/share/cleaner_bringup/package.ps1'
[3.188s] INFO:colcon.colcon_core.shell:Creating package descriptor '/home/shared/projects/gultepe/cleaner_ws/install/cleaner_bringup/share/cleaner_bringup/package.dsv'
[3.189s] INFO:colcon.colcon_core.shell:Creating package script '/home/shared/projects/gultepe/cleaner_ws/install/cleaner_bringup/share/cleaner_bringup/package.sh'
[3.189s] INFO:colcon.colcon_core.shell:Creating package script '/home/shared/projects/gultepe/cleaner_ws/install/cleaner_bringup/share/cleaner_bringup/package.bash'
[3.189s] INFO:colcon.colcon_core.shell:Creating package script '/home/shared/projects/gultepe/cleaner_ws/install/cleaner_bringup/share/cleaner_bringup/package.zsh'
[3.190s] Level 1:colcon.colcon_core.environment:create_file_with_runtime_dependencies(/home/shared/projects/gultepe/cleaner_ws/install/cleaner_bringup/share/colcon-core/packages/cleaner_bringup)
[3.192s] DEBUG:colcon.colcon_core.event_handler.log_command:Invoked command in '/home/shared/projects/gultepe/cleaner_ws/src/bno055' returned '0': PYTHONPATH=/home/shared/projects/gultepe/cleaner_ws/build/bno055/prefix_override:/home/shared/projects/gultepe/cleaner_ws/install/bno055/lib/python3.10/site-packages:${PYTHONPATH} /usr/bin/python3 setup.py egg_info --egg-base ../../build/bno055 build --build-base /home/shared/projects/gultepe/cleaner_ws/build/bno055/build install --record /home/shared/projects/gultepe/cleaner_ws/build/bno055/install.log --single-version-externally-managed
[3.207s] Level 1:colcon.colcon_core.environment:checking '/home/shared/projects/gultepe/cleaner_ws/install/bno055' for CMake module files
[3.208s] Level 1:colcon.colcon_core.environment:checking '/home/shared/projects/gultepe/cleaner_ws/install/bno055' for CMake config files
[3.208s] Level 1:colcon.colcon_core.environment:checking '/home/shared/projects/gultepe/cleaner_ws/install/bno055/lib'
[3.208s] Level 1:colcon.colcon_core.environment:checking '/home/shared/projects/gultepe/cleaner_ws/install/bno055/bin'
[3.208s] Level 1:colcon.colcon_core.environment:checking '/home/shared/projects/gultepe/cleaner_ws/install/bno055/lib/pkgconfig/bno055.pc'
[3.209s] Level 1:colcon.colcon_core.environment:checking '/home/shared/projects/gultepe/cleaner_ws/install/bno055/lib/python3.10/site-packages'
[3.209s] Level 1:colcon.colcon_core.shell:create_environment_hook('bno055', 'pythonpath')
[3.226s] INFO:colcon.colcon_core.shell:Creating environment hook '/home/shared/projects/gultepe/cleaner_ws/install/bno055/share/bno055/hook/pythonpath.ps1'
[3.227s] INFO:colcon.colcon_core.shell:Creating environment descriptor '/home/shared/projects/gultepe/cleaner_ws/install/bno055/share/bno055/hook/pythonpath.dsv'
[3.227s] INFO:colcon.colcon_core.shell:Creating environment hook '/home/shared/projects/gultepe/cleaner_ws/install/bno055/share/bno055/hook/pythonpath.sh'
[3.227s] Level 1:colcon.colcon_core.environment:checking '/home/shared/projects/gultepe/cleaner_ws/install/bno055/bin'
[3.227s] Level 1:colcon.colcon_core.environment:create_environment_scripts_only(bno055)
[3.243s] INFO:colcon.colcon_core.shell:Creating package script '/home/shared/projects/gultepe/cleaner_ws/install/bno055/share/bno055/package.ps1'
[3.244s] INFO:colcon.colcon_core.shell:Creating package descriptor '/home/shared/projects/gultepe/cleaner_ws/install/bno055/share/bno055/package.dsv'
[3.244s] INFO:colcon.colcon_core.shell:Creating package script '/home/shared/projects/gultepe/cleaner_ws/install/bno055/share/bno055/package.sh'
[3.244s] INFO:colcon.colcon_core.shell:Creating package script '/home/shared/projects/gultepe/cleaner_ws/install/bno055/share/bno055/package.bash'
[3.244s] INFO:colcon.colcon_core.shell:Creating package script '/home/shared/projects/gultepe/cleaner_ws/install/bno055/share/bno055/package.zsh'
[3.245s] Level 1:colcon.colcon_core.environment:create_file_with_runtime_dependencies(/home/shared/projects/gultepe/cleaner_ws/install/bno055/share/colcon-core/packages/bno055)
[3.262s] Level 1:colcon.colcon_core.environment:create_environment_scripts_only(cleaner_bringup)
[3.277s] Level 1:colcon.colcon_core.environment:checking '/home/shared/projects/gultepe/cleaner_ws/install/cleaner_bringup' for CMake module files
[3.277s] Level 1:colcon.colcon_core.environment:checking '/home/shared/projects/gultepe/cleaner_ws/install/cleaner_bringup' for CMake config files
[3.278s] Level 1:colcon.colcon_core.shell:create_environment_hook('cleaner_bringup', 'cmake_prefix_path')
[3.293s] INFO:colcon.colcon_core.shell:Creating environment hook '/home/shared/projects/gultepe/cleaner_ws/install/cleaner_bringup/share/cleaner_bringup/hook/cmake_prefix_path.ps1'
[3.294s] INFO:colcon.colcon_core.shell:Creating environment descriptor '/home/shared/projects/gultepe/cleaner_ws/install/cleaner_bringup/share/cleaner_bringup/hook/cmake_prefix_path.dsv'
[3.294s] INFO:colcon.colcon_core.shell:Creating environment hook '/home/shared/projects/gultepe/cleaner_ws/install/cleaner_bringup/share/cleaner_bringup/hook/cmake_prefix_path.sh'
[3.294s] Level 1:colcon.colcon_core.environment:checking '/home/shared/projects/gultepe/cleaner_ws/install/cleaner_bringup/bin'
[3.295s] Level 1:colcon.colcon_core.environment:checking '/home/shared/projects/gultepe/cleaner_ws/install/cleaner_bringup/lib/pkgconfig/cleaner_bringup.pc'
[3.295s] Level 1:colcon.colcon_core.environment:checking '/home/shared/projects/gultepe/cleaner_ws/install/cleaner_bringup/lib/python3.10/site-packages'
[3.295s] Level 1:colcon.colcon_core.environment:checking '/home/shared/projects/gultepe/cleaner_ws/install/cleaner_bringup/bin'
[3.310s] INFO:colcon.colcon_core.shell:Creating package script '/home/shared/projects/gultepe/cleaner_ws/install/cleaner_bringup/share/cleaner_bringup/package.ps1'
[3.310s] INFO:colcon.colcon_core.shell:Creating package descriptor '/home/shared/projects/gultepe/cleaner_ws/install/cleaner_bringup/share/cleaner_bringup/package.dsv'
[3.311s] INFO:colcon.colcon_core.shell:Creating package script '/home/shared/projects/gultepe/cleaner_ws/install/cleaner_bringup/share/cleaner_bringup/package.sh'
[3.311s] INFO:colcon.colcon_core.shell:Creating package script '/home/shared/projects/gultepe/cleaner_ws/install/cleaner_bringup/share/cleaner_bringup/package.bash'
[3.312s] INFO:colcon.colcon_core.shell:Creating package script '/home/shared/projects/gultepe/cleaner_ws/install/cleaner_bringup/share/cleaner_bringup/package.zsh'
[3.312s] Level 1:colcon.colcon_core.environment:create_file_with_runtime_dependencies(/home/shared/projects/gultepe/cleaner_ws/install/cleaner_bringup/share/colcon-core/packages/cleaner_bringup)
[3.312s] DEBUG:colcon.colcon_parallel_executor.executor.parallel:closing loop
[3.313s] DEBUG:colcon.colcon_parallel_executor.executor.parallel:loop closed
[3.313s] DEBUG:colcon.colcon_parallel_executor.executor.parallel:run_until_complete finished with '0'
[3.313s] DEBUG:colcon.colcon_core.event_reactor:joining thread
[3.336s] INFO:colcon.colcon_core.plugin_system:Skipping extension 'colcon_notification.desktop_notification.terminal_notifier': Not used on non-Darwin systems
[3.336s] INFO:colcon.colcon_core.plugin_system:Skipping extension 'colcon_notification.desktop_notification.win32': Not used on non-Windows systems
[3.336s] INFO:colcon.colcon_notification.desktop_notification:Sending desktop notification using 'notify2'
[3.348s] DEBUG:colcon.colcon_core.event_reactor:joined thread
[3.363s] INFO:colcon.colcon_core.shell:Creating prefix script '/home/shared/projects/gultepe/cleaner_ws/install/local_setup.ps1'
[3.365s] INFO:colcon.colcon_core.shell:Creating prefix util module '/home/shared/projects/gultepe/cleaner_ws/install/_local_setup_util_ps1.py'
[3.366s] INFO:colcon.colcon_core.shell:Creating prefix chain script '/home/shared/projects/gultepe/cleaner_ws/install/setup.ps1'
[3.384s] INFO:colcon.colcon_core.shell:Creating prefix script '/home/shared/projects/gultepe/cleaner_ws/install/local_setup.sh'
[3.385s] INFO:colcon.colcon_core.shell:Creating prefix util module '/home/shared/projects/gultepe/cleaner_ws/install/_local_setup_util_sh.py'
[3.385s] INFO:colcon.colcon_core.shell:Creating prefix chain script '/home/shared/projects/gultepe/cleaner_ws/install/setup.sh'
[3.401s] INFO:colcon.colcon_core.shell:Creating prefix script '/home/shared/projects/gultepe/cleaner_ws/install/local_setup.bash'
[3.402s] INFO:colcon.colcon_core.shell:Creating prefix chain script '/home/shared/projects/gultepe/cleaner_ws/install/setup.bash'
[3.417s] INFO:colcon.colcon_core.shell:Creating prefix script '/home/shared/projects/gultepe/cleaner_ws/install/local_setup.zsh'
[3.418s] INFO:colcon.colcon_core.shell:Creating prefix chain script '/home/shared/projects/gultepe/cleaner_ws/install/setup.zsh'
