[0.906s] Invoking command in '/home/shared/projects/gultepe/cleaner_ws/build/cleaner_description': CMAKE_PREFIX_PATH=${CMAKE_PREFIX_PATH}:/home/tunaprogrammer/projects/gultepe/cleaner_ws/install/explorer_wanderer:/home/tunaprogrammer/projects/gultepe/cleaner_ws/install/explorer_navigation2:/home/tunaprogrammer/projects/gultepe/cleaner_ws/install/explorer_map_utils:/home/tunaprogrammer/projects/gultepe/cleaner_ws/install/explorer_bringup:/home/tunaprogrammer/projects/gultepe/cleaner_ws/install/bno055:/home/tunaprogrammer/projects/gultepe/humble_ws/install/jetpack:/home/tunaprogrammer/projects/gultepe/humble_ws/install/python_pkg:/home/tunaprogrammer/projects/gultepe/humble_ws/install/catcher:/opt/ros/humble /usr/bin/cmake --build /home/shared/projects/gultepe/cleaner_ws/build/cleaner_description -- -j12 -l12
[2.740s] Invoked command in '/home/shared/projects/gultepe/cleaner_ws/build/cleaner_description' returned '0': CMAKE_PREFIX_PATH=${CMAKE_PREFIX_PATH}:/home/tunaprogrammer/projects/gultepe/cleaner_ws/install/explorer_wanderer:/home/tunaprogrammer/projects/gultepe/cleaner_ws/install/explorer_navigation2:/home/tunaprogrammer/projects/gultepe/cleaner_ws/install/explorer_map_utils:/home/tunaprogrammer/projects/gultepe/cleaner_ws/install/explorer_bringup:/home/tunaprogrammer/projects/gultepe/cleaner_ws/install/bno055:/home/tunaprogrammer/projects/gultepe/humble_ws/install/jetpack:/home/tunaprogrammer/projects/gultepe/humble_ws/install/python_pkg:/home/tunaprogrammer/projects/gultepe/humble_ws/install/catcher:/opt/ros/humble /usr/bin/cmake --build /home/shared/projects/gultepe/cleaner_ws/build/cleaner_description -- -j12 -l12
[2.788s] Invoking command in '/home/shared/projects/gultepe/cleaner_ws/build/cleaner_description': CMAKE_PREFIX_PATH=${CMAKE_PREFIX_PATH}:/home/tunaprogrammer/projects/gultepe/cleaner_ws/install/explorer_wanderer:/home/tunaprogrammer/projects/gultepe/cleaner_ws/install/explorer_navigation2:/home/tunaprogrammer/projects/gultepe/cleaner_ws/install/explorer_map_utils:/home/tunaprogrammer/projects/gultepe/cleaner_ws/install/explorer_bringup:/home/tunaprogrammer/projects/gultepe/cleaner_ws/install/bno055:/home/tunaprogrammer/projects/gultepe/humble_ws/install/jetpack:/home/tunaprogrammer/projects/gultepe/humble_ws/install/python_pkg:/home/tunaprogrammer/projects/gultepe/humble_ws/install/catcher:/opt/ros/humble /usr/bin/cmake --install /home/shared/projects/gultepe/cleaner_ws/build/cleaner_description
[2.854s] -- Install configuration: ""
[2.857s] -- Execute custom install script
[2.857s] -- Up-to-date symlink: /home/shared/projects/gultepe/cleaner_ws/install/cleaner_description/share/cleaner_description//urdf/cleaner.urdf.xacro
[2.858s] -- Up-to-date symlink: /home/shared/projects/gultepe/cleaner_ws/install/cleaner_description/share/cleaner_description//urdf/common.xacro
[2.858s] -- Up-to-date symlink: /home/shared/projects/gultepe/cleaner_ws/install/cleaner_description/share/cleaner_description//urdf/mobile_base.xacro
[2.858s] -- Up-to-date symlink: /home/shared/projects/gultepe/cleaner_ws/install/cleaner_description/share/cleaner_description//urdf/mobile_base_gazebo.xacro
[2.859s] -- Up-to-date symlink: /home/shared/projects/gultepe/cleaner_ws/install/cleaner_description/share/cleaner_description//rviz/cleaner_default.rviz
[2.859s] -- Up-to-date symlink: /home/shared/projects/gultepe/cleaner_ws/install/cleaner_description/share/ament_index/resource_index/package_run_dependencies/cleaner_description
[2.859s] -- Up-to-date symlink: /home/shared/projects/gultepe/cleaner_ws/install/cleaner_description/share/ament_index/resource_index/parent_prefix_path/cleaner_description
[2.860s] -- Up-to-date symlink: /home/shared/projects/gultepe/cleaner_ws/install/cleaner_description/share/cleaner_description/environment/ament_prefix_path.sh
[2.860s] -- Up-to-date symlink: /home/shared/projects/gultepe/cleaner_ws/install/cleaner_description/share/cleaner_description/environment/ament_prefix_path.dsv
[2.861s] -- Up-to-date symlink: /home/shared/projects/gultepe/cleaner_ws/install/cleaner_description/share/cleaner_description/environment/path.sh
[2.861s] -- Up-to-date symlink: /home/shared/projects/gultepe/cleaner_ws/install/cleaner_description/share/cleaner_description/environment/path.dsv
[2.862s] -- Up-to-date symlink: /home/shared/projects/gultepe/cleaner_ws/install/cleaner_description/share/cleaner_description/local_setup.bash
[2.862s] -- Up-to-date symlink: /home/shared/projects/gultepe/cleaner_ws/install/cleaner_description/share/cleaner_description/local_setup.sh
[2.863s] -- Up-to-date symlink: /home/shared/projects/gultepe/cleaner_ws/install/cleaner_description/share/cleaner_description/local_setup.zsh
[2.863s] -- Up-to-date symlink: /home/shared/projects/gultepe/cleaner_ws/install/cleaner_description/share/cleaner_description/local_setup.dsv
[2.864s] -- Symlinking: /home/shared/projects/gultepe/cleaner_ws/install/cleaner_description/share/cleaner_description/package.dsv
[2.882s] -- Up-to-date symlink: /home/shared/projects/gultepe/cleaner_ws/install/cleaner_description/share/ament_index/resource_index/packages/cleaner_description
[2.883s] -- Up-to-date symlink: /home/shared/projects/gultepe/cleaner_ws/install/cleaner_description/share/cleaner_description/cmake/cleaner_descriptionConfig.cmake
[2.883s] -- Up-to-date symlink: /home/shared/projects/gultepe/cleaner_ws/install/cleaner_description/share/cleaner_description/cmake/cleaner_descriptionConfig-version.cmake
[2.884s] -- Up-to-date symlink: /home/shared/projects/gultepe/cleaner_ws/install/cleaner_description/share/cleaner_description/package.xml
[3.034s] Invoked command in '/home/shared/projects/gultepe/cleaner_ws/build/cleaner_description' returned '0': CMAKE_PREFIX_PATH=${CMAKE_PREFIX_PATH}:/home/tunaprogrammer/projects/gultepe/cleaner_ws/install/explorer_wanderer:/home/tunaprogrammer/projects/gultepe/cleaner_ws/install/explorer_navigation2:/home/tunaprogrammer/projects/gultepe/cleaner_ws/install/explorer_map_utils:/home/tunaprogrammer/projects/gultepe/cleaner_ws/install/explorer_bringup:/home/tunaprogrammer/projects/gultepe/cleaner_ws/install/bno055:/home/tunaprogrammer/projects/gultepe/humble_ws/install/jetpack:/home/tunaprogrammer/projects/gultepe/humble_ws/install/python_pkg:/home/tunaprogrammer/projects/gultepe/humble_ws/install/catcher:/opt/ros/humble /usr/bin/cmake --install /home/shared/projects/gultepe/cleaner_ws/build/cleaner_description
