[1.247s] Invoking command in '/home/shared/projects/gultepe/cleaner_ws/build/explorer_interfaces': CMAKE_PREFIX_PATH=${CMAKE_PREFIX_PATH}:/home/tunaprogrammer/projects/gultepe/cleaner_ws/install/explorer_wanderer:/home/tunaprogrammer/projects/gultepe/cleaner_ws/install/explorer_navigation2:/home/tunaprogrammer/projects/gultepe/cleaner_ws/install/explorer_map_utils:/home/tunaprogrammer/projects/gultepe/cleaner_ws/install/explorer_bringup:/home/tunaprogrammer/projects/gultepe/cleaner_ws/install/bno055:/home/tunaprogrammer/projects/gultepe/humble_ws/install/jetpack:/home/tunaprogrammer/projects/gultepe/humble_ws/install/python_pkg:/home/tunaprogrammer/projects/gultepe/humble_ws/install/catcher:/opt/ros/humble /usr/bin/cmake --build /home/shared/projects/gultepe/cleaner_ws/build/explorer_interfaces -- -j12 -l12
[2.346s] [  2%] Built target explorer_interfaces__cpp
[2.346s] [ 12%] Built target explorer_interfaces__rosidl_generator_c
[2.346s] [ 12%] Built target ament_cmake_python_symlink_explorer_interfaces
[2.346s] [ 23%] Built target explorer_interfaces__rosidl_typesupport_fastrtps_cpp
[2.348s] [ 35%] Built target explorer_interfaces__rosidl_typesupport_c
[2.349s] [ 43%] Built target explorer_interfaces__rosidl_typesupport_cpp
[2.350s] [ 53%] Built target explorer_interfaces__rosidl_typesupport_introspection_cpp
[2.350s] [ 64%] Built target explorer_interfaces__rosidl_typesupport_introspection_c
[2.350s] [ 74%] Built target explorer_interfaces__rosidl_typesupport_fastrtps_c
[2.350s] [ 74%] Built target explorer_interfaces
[2.350s] [ 76%] Built target explorer_interfaces__py
[2.351s] [ 84%] Built target explorer_interfaces__rosidl_generator_py
[2.351s] [100%] Built target explorer_interfaces__rosidl_typesupport_introspection_c__pyext
[2.351s] [100%] Built target explorer_interfaces__rosidl_typesupport_c__pyext
[2.351s] [100%] Built target explorer_interfaces__rosidl_typesupport_fastrtps_c__pyext
[2.351s] running egg_info
[2.352s] writing explorer_interfaces.egg-info/PKG-INFO
[2.352s] writing dependency_links to explorer_interfaces.egg-info/dependency_links.txt
[2.353s] writing top-level names to explorer_interfaces.egg-info/top_level.txt
[2.353s] reading manifest file 'explorer_interfaces.egg-info/SOURCES.txt'
[2.353s] writing manifest file 'explorer_interfaces.egg-info/SOURCES.txt'
[2.353s] [100%] Built target ament_cmake_python_build_explorer_interfaces_egg
[2.361s] Invoked command in '/home/shared/projects/gultepe/cleaner_ws/build/explorer_interfaces' returned '0': CMAKE_PREFIX_PATH=${CMAKE_PREFIX_PATH}:/home/tunaprogrammer/projects/gultepe/cleaner_ws/install/explorer_wanderer:/home/tunaprogrammer/projects/gultepe/cleaner_ws/install/explorer_navigation2:/home/tunaprogrammer/projects/gultepe/cleaner_ws/install/explorer_map_utils:/home/tunaprogrammer/projects/gultepe/cleaner_ws/install/explorer_bringup:/home/tunaprogrammer/projects/gultepe/cleaner_ws/install/bno055:/home/tunaprogrammer/projects/gultepe/humble_ws/install/jetpack:/home/tunaprogrammer/projects/gultepe/humble_ws/install/python_pkg:/home/tunaprogrammer/projects/gultepe/humble_ws/install/catcher:/opt/ros/humble /usr/bin/cmake --build /home/shared/projects/gultepe/cleaner_ws/build/explorer_interfaces -- -j12 -l12
[2.585s] Invoking command in '/home/shared/projects/gultepe/cleaner_ws/build/explorer_interfaces': CMAKE_PREFIX_PATH=${CMAKE_PREFIX_PATH}:/home/tunaprogrammer/projects/gultepe/cleaner_ws/install/explorer_wanderer:/home/tunaprogrammer/projects/gultepe/cleaner_ws/install/explorer_navigation2:/home/tunaprogrammer/projects/gultepe/cleaner_ws/install/explorer_map_utils:/home/tunaprogrammer/projects/gultepe/cleaner_ws/install/explorer_bringup:/home/tunaprogrammer/projects/gultepe/cleaner_ws/install/bno055:/home/tunaprogrammer/projects/gultepe/humble_ws/install/jetpack:/home/tunaprogrammer/projects/gultepe/humble_ws/install/python_pkg:/home/tunaprogrammer/projects/gultepe/humble_ws/install/catcher:/opt/ros/humble /usr/bin/cmake --install /home/shared/projects/gultepe/cleaner_ws/build/explorer_interfaces
[2.707s] -- Install configuration: ""
[2.709s] -- Execute custom install script
[2.709s] -- Up-to-date symlink: /home/shared/projects/gultepe/cleaner_ws/install/explorer_interfaces/share/ament_index/resource_index/rosidl_interfaces/explorer_interfaces
[2.709s] -- Up-to-date symlink: /home/shared/projects/gultepe/cleaner_ws/install/explorer_interfaces/include/explorer_interfaces/explorer_interfaces/action/detail/discover__functions.h
[2.710s] -- Up-to-date symlink: /home/shared/projects/gultepe/cleaner_ws/install/explorer_interfaces/include/explorer_interfaces/explorer_interfaces/action/detail/discover__struct.h
[2.710s] -- Up-to-date symlink: /home/shared/projects/gultepe/cleaner_ws/install/explorer_interfaces/include/explorer_interfaces/explorer_interfaces/action/detail/discover__type_support.h
[2.710s] -- Up-to-date symlink: /home/shared/projects/gultepe/cleaner_ws/install/explorer_interfaces/include/explorer_interfaces/explorer_interfaces/action/detail/wander__functions.h
[2.710s] -- Up-to-date symlink: /home/shared/projects/gultepe/cleaner_ws/install/explorer_interfaces/include/explorer_interfaces/explorer_interfaces/action/detail/wander__struct.h
[2.710s] -- Up-to-date symlink: /home/shared/projects/gultepe/cleaner_ws/install/explorer_interfaces/include/explorer_interfaces/explorer_interfaces/action/detail/wander__type_support.h
[2.711s] -- Up-to-date symlink: /home/shared/projects/gultepe/cleaner_ws/install/explorer_interfaces/include/explorer_interfaces/explorer_interfaces/action/discover.h
[2.711s] -- Up-to-date symlink: /home/shared/projects/gultepe/cleaner_ws/install/explorer_interfaces/include/explorer_interfaces/explorer_interfaces/action/wander.h
[2.711s] -- Up-to-date symlink: /home/shared/projects/gultepe/cleaner_ws/install/explorer_interfaces/include/explorer_interfaces/explorer_interfaces/msg/rosidl_generator_c__visibility_control.h
[2.711s] -- Up-to-date symlink: /home/shared/projects/gultepe/cleaner_ws/install/explorer_interfaces/share/explorer_interfaces/environment/library_path.sh
[2.711s] -- Up-to-date symlink: /home/shared/projects/gultepe/cleaner_ws/install/explorer_interfaces/share/explorer_interfaces/environment/library_path.dsv
[2.711s] -- Up-to-date symlink: /home/shared/projects/gultepe/cleaner_ws/install/explorer_interfaces/include/explorer_interfaces/explorer_interfaces/action/detail/discover__rosidl_typesupport_fastrtps_c.h
[2.711s] -- Up-to-date symlink: /home/shared/projects/gultepe/cleaner_ws/install/explorer_interfaces/include/explorer_interfaces/explorer_interfaces/action/detail/wander__rosidl_typesupport_fastrtps_c.h
[2.712s] -- Up-to-date symlink: /home/shared/projects/gultepe/cleaner_ws/install/explorer_interfaces/include/explorer_interfaces/explorer_interfaces/msg/rosidl_typesupport_fastrtps_c__visibility_control.h
[2.712s] -- Up-to-date symlink: /home/shared/projects/gultepe/cleaner_ws/install/explorer_interfaces/include/explorer_interfaces/explorer_interfaces/action/detail/discover__rosidl_typesupport_introspection_c.h
[2.712s] -- Up-to-date symlink: /home/shared/projects/gultepe/cleaner_ws/install/explorer_interfaces/include/explorer_interfaces/explorer_interfaces/action/detail/wander__rosidl_typesupport_introspection_c.h
[2.712s] -- Up-to-date symlink: /home/shared/projects/gultepe/cleaner_ws/install/explorer_interfaces/include/explorer_interfaces/explorer_interfaces/msg/rosidl_typesupport_introspection_c__visibility_control.h
[2.712s] -- Up-to-date symlink: /home/shared/projects/gultepe/cleaner_ws/install/explorer_interfaces/include/explorer_interfaces/explorer_interfaces/action/detail/discover__builder.hpp
[2.712s] -- Up-to-date symlink: /home/shared/projects/gultepe/cleaner_ws/install/explorer_interfaces/include/explorer_interfaces/explorer_interfaces/action/detail/discover__struct.hpp
[2.712s] -- Up-to-date symlink: /home/shared/projects/gultepe/cleaner_ws/install/explorer_interfaces/include/explorer_interfaces/explorer_interfaces/action/detail/discover__traits.hpp
[2.713s] -- Up-to-date symlink: /home/shared/projects/gultepe/cleaner_ws/install/explorer_interfaces/include/explorer_interfaces/explorer_interfaces/action/detail/wander__builder.hpp
[2.713s] -- Up-to-date symlink: /home/shared/projects/gultepe/cleaner_ws/install/explorer_interfaces/include/explorer_interfaces/explorer_interfaces/action/detail/wander__struct.hpp
[2.713s] -- Up-to-date symlink: /home/shared/projects/gultepe/cleaner_ws/install/explorer_interfaces/include/explorer_interfaces/explorer_interfaces/action/detail/wander__traits.hpp
[2.713s] -- Up-to-date symlink: /home/shared/projects/gultepe/cleaner_ws/install/explorer_interfaces/include/explorer_interfaces/explorer_interfaces/action/discover.hpp
[2.713s] -- Up-to-date symlink: /home/shared/projects/gultepe/cleaner_ws/install/explorer_interfaces/include/explorer_interfaces/explorer_interfaces/action/wander.hpp
[2.713s] -- Up-to-date symlink: /home/shared/projects/gultepe/cleaner_ws/install/explorer_interfaces/include/explorer_interfaces/explorer_interfaces/action/detail/discover__rosidl_typesupport_fastrtps_cpp.hpp
[2.714s] -- Up-to-date symlink: /home/shared/projects/gultepe/cleaner_ws/install/explorer_interfaces/include/explorer_interfaces/explorer_interfaces/action/detail/wander__rosidl_typesupport_fastrtps_cpp.hpp
[2.714s] -- Up-to-date symlink: /home/shared/projects/gultepe/cleaner_ws/install/explorer_interfaces/include/explorer_interfaces/explorer_interfaces/msg/rosidl_typesupport_fastrtps_cpp__visibility_control.h
[2.714s] -- Up-to-date symlink: /home/shared/projects/gultepe/cleaner_ws/install/explorer_interfaces/include/explorer_interfaces/explorer_interfaces/action/detail/discover__rosidl_typesupport_introspection_cpp.hpp
[2.714s] -- Up-to-date symlink: /home/shared/projects/gultepe/cleaner_ws/install/explorer_interfaces/include/explorer_interfaces/explorer_interfaces/action/detail/wander__rosidl_typesupport_introspection_cpp.hpp
[2.714s] -- Up-to-date symlink: /home/shared/projects/gultepe/cleaner_ws/install/explorer_interfaces/share/explorer_interfaces/environment/pythonpath.sh
[2.714s] -- Up-to-date symlink: /home/shared/projects/gultepe/cleaner_ws/install/explorer_interfaces/share/explorer_interfaces/environment/pythonpath.dsv
[2.714s] -- Up-to-date symlink: /home/shared/projects/gultepe/cleaner_ws/install/explorer_interfaces/local/lib/python3.10/dist-packages/explorer_interfaces-0.0.0-py3.10.egg-info/PKG-INFO
[2.715s] -- Up-to-date symlink: /home/shared/projects/gultepe/cleaner_ws/install/explorer_interfaces/local/lib/python3.10/dist-packages/explorer_interfaces-0.0.0-py3.10.egg-info/SOURCES.txt
[2.715s] -- Up-to-date symlink: /home/shared/projects/gultepe/cleaner_ws/install/explorer_interfaces/local/lib/python3.10/dist-packages/explorer_interfaces-0.0.0-py3.10.egg-info/dependency_links.txt
[2.715s] -- Up-to-date symlink: /home/shared/projects/gultepe/cleaner_ws/install/explorer_interfaces/local/lib/python3.10/dist-packages/explorer_interfaces-0.0.0-py3.10.egg-info/top_level.txt
[2.715s] -- Up-to-date symlink: /home/shared/projects/gultepe/cleaner_ws/install/explorer_interfaces/local/lib/python3.10/dist-packages/explorer_interfaces/__init__.py
[2.715s] -- Up-to-date symlink: /home/shared/projects/gultepe/cleaner_ws/install/explorer_interfaces/local/lib/python3.10/dist-packages/explorer_interfaces/_explorer_interfaces_s.ep.rosidl_typesupport_c.c
[2.715s] -- Up-to-date symlink: /home/shared/projects/gultepe/cleaner_ws/install/explorer_interfaces/local/lib/python3.10/dist-packages/explorer_interfaces/_explorer_interfaces_s.ep.rosidl_typesupport_fastrtps_c.c
[2.715s] -- Up-to-date symlink: /home/shared/projects/gultepe/cleaner_ws/install/explorer_interfaces/local/lib/python3.10/dist-packages/explorer_interfaces/_explorer_interfaces_s.ep.rosidl_typesupport_introspection_c.c
[2.715s] -- Up-to-date symlink: /home/shared/projects/gultepe/cleaner_ws/install/explorer_interfaces/local/lib/python3.10/dist-packages/explorer_interfaces/action/__init__.py
[2.716s] -- Up-to-date symlink: /home/shared/projects/gultepe/cleaner_ws/install/explorer_interfaces/local/lib/python3.10/dist-packages/explorer_interfaces/action/_discover.py
[2.716s] -- Up-to-date symlink: /home/shared/projects/gultepe/cleaner_ws/install/explorer_interfaces/local/lib/python3.10/dist-packages/explorer_interfaces/action/_discover_s.c
[2.716s] -- Up-to-date symlink: /home/shared/projects/gultepe/cleaner_ws/install/explorer_interfaces/local/lib/python3.10/dist-packages/explorer_interfaces/action/_wander.py
[2.716s] -- Up-to-date symlink: /home/shared/projects/gultepe/cleaner_ws/install/explorer_interfaces/local/lib/python3.10/dist-packages/explorer_interfaces/action/_wander_s.c
[2.716s] -- Up-to-date symlink: /home/shared/projects/gultepe/cleaner_ws/install/explorer_interfaces/local/lib/python3.10/dist-packages/explorer_interfaces/explorer_interfaces_s__rosidl_typesupport_c.cpython-310-x86_64-linux-gnu.so
[2.716s] -- Up-to-date symlink: /home/shared/projects/gultepe/cleaner_ws/install/explorer_interfaces/local/lib/python3.10/dist-packages/explorer_interfaces/explorer_interfaces_s__rosidl_typesupport_fastrtps_c.cpython-310-x86_64-linux-gnu.so
[2.716s] -- Up-to-date symlink: /home/shared/projects/gultepe/cleaner_ws/install/explorer_interfaces/local/lib/python3.10/dist-packages/explorer_interfaces/explorer_interfaces_s__rosidl_typesupport_introspection_c.cpython-310-x86_64-linux-gnu.so
[2.717s] -- Up-to-date symlink: /home/shared/projects/gultepe/cleaner_ws/install/explorer_interfaces/local/lib/python3.10/dist-packages/explorer_interfaces/libexplorer_interfaces__rosidl_generator_py.so
[2.717s] -- Up-to-date symlink: /home/shared/projects/gultepe/cleaner_ws/install/explorer_interfaces/local/lib/python3.10/dist-packages/explorer_interfaces/explorer_interfaces_s__rosidl_typesupport_fastrtps_c.cpython-310-x86_64-linux-gnu.so
[2.717s] -- Up-to-date symlink: /home/shared/projects/gultepe/cleaner_ws/install/explorer_interfaces/local/lib/python3.10/dist-packages/explorer_interfaces/explorer_interfaces_s__rosidl_typesupport_introspection_c.cpython-310-x86_64-linux-gnu.so
[2.718s] -- Up-to-date symlink: /home/shared/projects/gultepe/cleaner_ws/install/explorer_interfaces/local/lib/python3.10/dist-packages/explorer_interfaces/explorer_interfaces_s__rosidl_typesupport_c.cpython-310-x86_64-linux-gnu.so
[2.718s] -- Up-to-date symlink: /home/shared/projects/gultepe/cleaner_ws/install/explorer_interfaces/share/explorer_interfaces/action/Wander.idl
[2.719s] -- Up-to-date symlink: /home/shared/projects/gultepe/cleaner_ws/install/explorer_interfaces/share/explorer_interfaces/action/Discover.idl
[2.719s] -- Up-to-date symlink: /home/shared/projects/gultepe/cleaner_ws/install/explorer_interfaces/share/explorer_interfaces/action/Wander.action
[2.719s] -- Up-to-date symlink: /home/shared/projects/gultepe/cleaner_ws/install/explorer_interfaces/share/explorer_interfaces/action/Discover.action
[2.719s] -- Up-to-date symlink: /home/shared/projects/gultepe/cleaner_ws/install/explorer_interfaces/share/ament_index/resource_index/package_run_dependencies/explorer_interfaces
[2.720s] -- Up-to-date symlink: /home/shared/projects/gultepe/cleaner_ws/install/explorer_interfaces/share/ament_index/resource_index/parent_prefix_path/explorer_interfaces
[2.720s] -- Up-to-date symlink: /home/shared/projects/gultepe/cleaner_ws/install/explorer_interfaces/share/explorer_interfaces/environment/ament_prefix_path.sh
[2.720s] -- Up-to-date symlink: /home/shared/projects/gultepe/cleaner_ws/install/explorer_interfaces/share/explorer_interfaces/environment/ament_prefix_path.dsv
[2.720s] -- Up-to-date symlink: /home/shared/projects/gultepe/cleaner_ws/install/explorer_interfaces/share/explorer_interfaces/environment/path.sh
[2.721s] -- Up-to-date symlink: /home/shared/projects/gultepe/cleaner_ws/install/explorer_interfaces/share/explorer_interfaces/environment/path.dsv
[2.721s] -- Up-to-date symlink: /home/shared/projects/gultepe/cleaner_ws/install/explorer_interfaces/share/explorer_interfaces/local_setup.bash
[2.721s] -- Up-to-date symlink: /home/shared/projects/gultepe/cleaner_ws/install/explorer_interfaces/share/explorer_interfaces/local_setup.sh
[2.722s] -- Up-to-date symlink: /home/shared/projects/gultepe/cleaner_ws/install/explorer_interfaces/share/explorer_interfaces/local_setup.zsh
[2.722s] -- Up-to-date symlink: /home/shared/projects/gultepe/cleaner_ws/install/explorer_interfaces/share/explorer_interfaces/local_setup.dsv
[2.722s] -- Symlinking: /home/shared/projects/gultepe/cleaner_ws/install/explorer_interfaces/share/explorer_interfaces/package.dsv
[2.723s] -- Up-to-date symlink: /home/shared/projects/gultepe/cleaner_ws/install/explorer_interfaces/share/ament_index/resource_index/packages/explorer_interfaces
[2.723s] -- Up-to-date symlink: /home/shared/projects/gultepe/cleaner_ws/install/explorer_interfaces/share/explorer_interfaces/cmake/rosidl_cmake-extras.cmake
[2.723s] -- Up-to-date symlink: /home/shared/projects/gultepe/cleaner_ws/install/explorer_interfaces/share/explorer_interfaces/cmake/ament_cmake_export_dependencies-extras.cmake
[2.724s] -- Up-to-date symlink: /home/shared/projects/gultepe/cleaner_ws/install/explorer_interfaces/share/explorer_interfaces/cmake/ament_cmake_export_include_directories-extras.cmake
[2.724s] -- Up-to-date symlink: /home/shared/projects/gultepe/cleaner_ws/install/explorer_interfaces/share/explorer_interfaces/cmake/ament_cmake_export_libraries-extras.cmake
[2.724s] -- Up-to-date symlink: /home/shared/projects/gultepe/cleaner_ws/install/explorer_interfaces/share/explorer_interfaces/cmake/ament_cmake_export_targets-extras.cmake
[2.725s] -- Up-to-date symlink: /home/shared/projects/gultepe/cleaner_ws/install/explorer_interfaces/share/explorer_interfaces/cmake/rosidl_cmake_export_typesupport_targets-extras.cmake
[2.725s] -- Up-to-date symlink: /home/shared/projects/gultepe/cleaner_ws/install/explorer_interfaces/share/explorer_interfaces/cmake/rosidl_cmake_export_typesupport_libraries-extras.cmake
[2.725s] -- Up-to-date symlink: /home/shared/projects/gultepe/cleaner_ws/install/explorer_interfaces/share/explorer_interfaces/cmake/explorer_interfacesConfig.cmake
[2.726s] -- Up-to-date symlink: /home/shared/projects/gultepe/cleaner_ws/install/explorer_interfaces/share/explorer_interfaces/cmake/explorer_interfacesConfig-version.cmake
[2.726s] -- Up-to-date symlink: /home/shared/projects/gultepe/cleaner_ws/install/explorer_interfaces/share/explorer_interfaces/package.xml
[2.726s] -- Up-to-date: /home/shared/projects/gultepe/cleaner_ws/install/explorer_interfaces/lib/libexplorer_interfaces__rosidl_generator_c.so
[2.727s] -- Up-to-date: /home/shared/projects/gultepe/cleaner_ws/install/explorer_interfaces/lib/libexplorer_interfaces__rosidl_typesupport_fastrtps_c.so
[2.727s] -- Up-to-date: /home/shared/projects/gultepe/cleaner_ws/install/explorer_interfaces/lib/libexplorer_interfaces__rosidl_typesupport_introspection_c.so
[2.727s] -- Up-to-date: /home/shared/projects/gultepe/cleaner_ws/install/explorer_interfaces/lib/libexplorer_interfaces__rosidl_typesupport_c.so
[2.728s] -- Up-to-date: /home/shared/projects/gultepe/cleaner_ws/install/explorer_interfaces/lib/libexplorer_interfaces__rosidl_typesupport_fastrtps_cpp.so
[2.728s] -- Up-to-date: /home/shared/projects/gultepe/cleaner_ws/install/explorer_interfaces/lib/libexplorer_interfaces__rosidl_typesupport_introspection_cpp.so
[2.728s] -- Up-to-date: /home/shared/projects/gultepe/cleaner_ws/install/explorer_interfaces/lib/libexplorer_interfaces__rosidl_typesupport_cpp.so
[2.728s] Listing '/home/shared/projects/gultepe/cleaner_ws/install/explorer_interfaces/local/lib/python3.10/dist-packages/explorer_interfaces'...
[2.729s] Listing '/home/shared/projects/gultepe/cleaner_ws/install/explorer_interfaces/local/lib/python3.10/dist-packages/explorer_interfaces/action'...
[2.729s] -- Up-to-date: /home/shared/projects/gultepe/cleaner_ws/install/explorer_interfaces/lib/libexplorer_interfaces__rosidl_generator_py.so
[2.730s] -- Up-to-date: /home/shared/projects/gultepe/cleaner_ws/install/explorer_interfaces/share/explorer_interfaces/cmake/export_explorer_interfaces__rosidl_generator_cExport.cmake
[2.730s] -- Up-to-date: /home/shared/projects/gultepe/cleaner_ws/install/explorer_interfaces/share/explorer_interfaces/cmake/export_explorer_interfaces__rosidl_generator_cExport-noconfig.cmake
[2.730s] -- Up-to-date: /home/shared/projects/gultepe/cleaner_ws/install/explorer_interfaces/share/explorer_interfaces/cmake/export_explorer_interfaces__rosidl_typesupport_fastrtps_cExport.cmake
[2.731s] -- Up-to-date: /home/shared/projects/gultepe/cleaner_ws/install/explorer_interfaces/share/explorer_interfaces/cmake/export_explorer_interfaces__rosidl_typesupport_fastrtps_cExport-noconfig.cmake
[2.731s] -- Up-to-date: /home/shared/projects/gultepe/cleaner_ws/install/explorer_interfaces/share/explorer_interfaces/cmake/explorer_interfaces__rosidl_typesupport_introspection_cExport.cmake
[2.731s] -- Up-to-date: /home/shared/projects/gultepe/cleaner_ws/install/explorer_interfaces/share/explorer_interfaces/cmake/explorer_interfaces__rosidl_typesupport_introspection_cExport-noconfig.cmake
[2.732s] -- Up-to-date: /home/shared/projects/gultepe/cleaner_ws/install/explorer_interfaces/share/explorer_interfaces/cmake/explorer_interfaces__rosidl_typesupport_cExport.cmake
[2.732s] -- Up-to-date: /home/shared/projects/gultepe/cleaner_ws/install/explorer_interfaces/share/explorer_interfaces/cmake/explorer_interfaces__rosidl_typesupport_cExport-noconfig.cmake
[2.732s] -- Up-to-date: /home/shared/projects/gultepe/cleaner_ws/install/explorer_interfaces/share/explorer_interfaces/cmake/export_explorer_interfaces__rosidl_generator_cppExport.cmake
[2.733s] -- Up-to-date: /home/shared/projects/gultepe/cleaner_ws/install/explorer_interfaces/share/explorer_interfaces/cmake/export_explorer_interfaces__rosidl_typesupport_fastrtps_cppExport.cmake
[2.733s] -- Up-to-date: /home/shared/projects/gultepe/cleaner_ws/install/explorer_interfaces/share/explorer_interfaces/cmake/export_explorer_interfaces__rosidl_typesupport_fastrtps_cppExport-noconfig.cmake
[2.734s] -- Up-to-date: /home/shared/projects/gultepe/cleaner_ws/install/explorer_interfaces/share/explorer_interfaces/cmake/explorer_interfaces__rosidl_typesupport_introspection_cppExport.cmake
[2.734s] -- Up-to-date: /home/shared/projects/gultepe/cleaner_ws/install/explorer_interfaces/share/explorer_interfaces/cmake/explorer_interfaces__rosidl_typesupport_introspection_cppExport-noconfig.cmake
[2.735s] -- Up-to-date: /home/shared/projects/gultepe/cleaner_ws/install/explorer_interfaces/share/explorer_interfaces/cmake/explorer_interfaces__rosidl_typesupport_cppExport.cmake
[2.735s] -- Up-to-date: /home/shared/projects/gultepe/cleaner_ws/install/explorer_interfaces/share/explorer_interfaces/cmake/explorer_interfaces__rosidl_typesupport_cppExport-noconfig.cmake
[2.735s] -- Up-to-date: /home/shared/projects/gultepe/cleaner_ws/install/explorer_interfaces/share/explorer_interfaces/cmake/export_explorer_interfaces__rosidl_generator_pyExport.cmake
[2.736s] -- Up-to-date: /home/shared/projects/gultepe/cleaner_ws/install/explorer_interfaces/share/explorer_interfaces/cmake/export_explorer_interfaces__rosidl_generator_pyExport-noconfig.cmake
[3.088s] Invoked command in '/home/shared/projects/gultepe/cleaner_ws/build/explorer_interfaces' returned '0': CMAKE_PREFIX_PATH=${CMAKE_PREFIX_PATH}:/home/tunaprogrammer/projects/gultepe/cleaner_ws/install/explorer_wanderer:/home/tunaprogrammer/projects/gultepe/cleaner_ws/install/explorer_navigation2:/home/tunaprogrammer/projects/gultepe/cleaner_ws/install/explorer_map_utils:/home/tunaprogrammer/projects/gultepe/cleaner_ws/install/explorer_bringup:/home/tunaprogrammer/projects/gultepe/cleaner_ws/install/bno055:/home/tunaprogrammer/projects/gultepe/humble_ws/install/jetpack:/home/tunaprogrammer/projects/gultepe/humble_ws/install/python_pkg:/home/tunaprogrammer/projects/gultepe/humble_ws/install/catcher:/opt/ros/humble /usr/bin/cmake --install /home/shared/projects/gultepe/cleaner_ws/build/explorer_interfaces
