[0.150s] Invoking command in '/home/shared/projects/gultepe/cleaner_ws/build/cleaner_description': CMAKE_PREFIX_PATH=${CMAKE_PREFIX_PATH}:/home/tunaprogrammer/projects/gultepe/humble_ws/install/jetpack:/home/tunaprogrammer/projects/gultepe/humble_ws/install/python_pkg:/home/tunaprogrammer/projects/gultepe/humble_ws/install/catcher:/opt/ros/humble /usr/bin/cmake /home/shared/projects/gultepe/cleaner_ws/src/cleaner_description -DCMAKE_INSTALL_PREFIX=/home/shared/projects/gultepe/cleaner_ws/install/cleaner_description
[0.183s] -- Found ament_cmake: 1.3.6 (/opt/ros/humble/share/ament_cmake/cmake)
[0.422s] -- Override CMake install command with custom implementation using symlinks instead of copying resources
[0.556s] -- Configuring done
[0.563s] -- Generating done
[0.565s] -- Build files have been written to: /home/shared/projects/gultepe/cleaner_ws/build/cleaner_description
[0.570s] Invoked command in '/home/shared/projects/gultepe/cleaner_ws/build/cleaner_description' returned '0': CMAKE_PREFIX_PATH=${CMAKE_PREFIX_PATH}:/home/tunaprogrammer/projects/gultepe/humble_ws/install/jetpack:/home/tunaprogrammer/projects/gultepe/humble_ws/install/python_pkg:/home/tunaprogrammer/projects/gultepe/humble_ws/install/catcher:/opt/ros/humble /usr/bin/cmake /home/shared/projects/gultepe/cleaner_ws/src/cleaner_description -DCMAKE_INSTALL_PREFIX=/home/shared/projects/gultepe/cleaner_ws/install/cleaner_description
[0.573s] Invoking command in '/home/shared/projects/gultepe/cleaner_ws/build/cleaner_description': CMAKE_PREFIX_PATH=${CMAKE_PREFIX_PATH}:/home/tunaprogrammer/projects/gultepe/humble_ws/install/jetpack:/home/tunaprogrammer/projects/gultepe/humble_ws/install/python_pkg:/home/tunaprogrammer/projects/gultepe/humble_ws/install/catcher:/opt/ros/humble /usr/bin/cmake --build /home/shared/projects/gultepe/cleaner_ws/build/cleaner_description -- -j12 -l12
[0.632s] Invoked command in '/home/shared/projects/gultepe/cleaner_ws/build/cleaner_description' returned '0': CMAKE_PREFIX_PATH=${CMAKE_PREFIX_PATH}:/home/tunaprogrammer/projects/gultepe/humble_ws/install/jetpack:/home/tunaprogrammer/projects/gultepe/humble_ws/install/python_pkg:/home/tunaprogrammer/projects/gultepe/humble_ws/install/catcher:/opt/ros/humble /usr/bin/cmake --build /home/shared/projects/gultepe/cleaner_ws/build/cleaner_description -- -j12 -l12
[0.686s] Invoking command in '/home/shared/projects/gultepe/cleaner_ws/build/cleaner_description': CMAKE_PREFIX_PATH=${CMAKE_PREFIX_PATH}:/home/tunaprogrammer/projects/gultepe/humble_ws/install/jetpack:/home/tunaprogrammer/projects/gultepe/humble_ws/install/python_pkg:/home/tunaprogrammer/projects/gultepe/humble_ws/install/catcher:/opt/ros/humble /usr/bin/cmake --install /home/shared/projects/gultepe/cleaner_ws/build/cleaner_description
[0.697s] -- Install configuration: ""
[0.698s] -- Execute custom install script
[0.706s] -- Up-to-date symlink: /home/shared/projects/gultepe/cleaner_ws/install/cleaner_description/share/cleaner_description//urdf/cleaner.urdf.xacro
[0.706s] -- Up-to-date symlink: /home/shared/projects/gultepe/cleaner_ws/install/cleaner_description/share/cleaner_description//urdf/common.xacro
[0.706s] -- Up-to-date symlink: /home/shared/projects/gultepe/cleaner_ws/install/cleaner_description/share/cleaner_description//urdf/mobile_base.xacro
[0.707s] -- Up-to-date symlink: /home/shared/projects/gultepe/cleaner_ws/install/cleaner_description/share/cleaner_description//urdf/mobile_base_gazebo.xacro
[0.707s] -- Up-to-date symlink: /home/shared/projects/gultepe/cleaner_ws/install/cleaner_description/share/cleaner_description//rviz/cleaner_default.rviz
[0.708s] -- Up-to-date symlink: /home/shared/projects/gultepe/cleaner_ws/install/cleaner_description/share/ament_index/resource_index/package_run_dependencies/cleaner_description
[0.708s] -- Up-to-date symlink: /home/shared/projects/gultepe/cleaner_ws/install/cleaner_description/share/ament_index/resource_index/parent_prefix_path/cleaner_description
[0.709s] -- Up-to-date symlink: /home/shared/projects/gultepe/cleaner_ws/install/cleaner_description/share/cleaner_description/environment/ament_prefix_path.sh
[0.709s] -- Up-to-date symlink: /home/shared/projects/gultepe/cleaner_ws/install/cleaner_description/share/cleaner_description/environment/ament_prefix_path.dsv
[0.709s] -- Up-to-date symlink: /home/shared/projects/gultepe/cleaner_ws/install/cleaner_description/share/cleaner_description/environment/path.sh
[0.710s] -- Up-to-date symlink: /home/shared/projects/gultepe/cleaner_ws/install/cleaner_description/share/cleaner_description/environment/path.dsv
[0.710s] -- Up-to-date symlink: /home/shared/projects/gultepe/cleaner_ws/install/cleaner_description/share/cleaner_description/local_setup.bash
[0.711s] -- Up-to-date symlink: /home/shared/projects/gultepe/cleaner_ws/install/cleaner_description/share/cleaner_description/local_setup.sh
[0.711s] -- Up-to-date symlink: /home/shared/projects/gultepe/cleaner_ws/install/cleaner_description/share/cleaner_description/local_setup.zsh
[0.711s] -- Up-to-date symlink: /home/shared/projects/gultepe/cleaner_ws/install/cleaner_description/share/cleaner_description/local_setup.dsv
[0.712s] -- Symlinking: /home/shared/projects/gultepe/cleaner_ws/install/cleaner_description/share/cleaner_description/package.dsv
[0.726s] -- Up-to-date symlink: /home/shared/projects/gultepe/cleaner_ws/install/cleaner_description/share/ament_index/resource_index/packages/cleaner_description
[0.727s] -- Up-to-date symlink: /home/shared/projects/gultepe/cleaner_ws/install/cleaner_description/share/cleaner_description/cmake/cleaner_descriptionConfig.cmake
[0.727s] -- Up-to-date symlink: /home/shared/projects/gultepe/cleaner_ws/install/cleaner_description/share/cleaner_description/cmake/cleaner_descriptionConfig-version.cmake
[0.728s] -- Up-to-date symlink: /home/shared/projects/gultepe/cleaner_ws/install/cleaner_description/share/cleaner_description/package.xml
[0.731s] Invoked command in '/home/shared/projects/gultepe/cleaner_ws/build/cleaner_description' returned '0': CMAKE_PREFIX_PATH=${CMAKE_PREFIX_PATH}:/home/tunaprogrammer/projects/gultepe/humble_ws/install/jetpack:/home/tunaprogrammer/projects/gultepe/humble_ws/install/python_pkg:/home/tunaprogrammer/projects/gultepe/humble_ws/install/catcher:/opt/ros/humble /usr/bin/cmake --install /home/shared/projects/gultepe/cleaner_ws/build/cleaner_description
