[1.173s] Invoking command in '/home/shared/projects/gultepe/cleaner_ws/build/explorer_interfaces': CMAKE_PREFIX_PATH=${CMAKE_PREFIX_PATH}:/home/tunaprogrammer/projects/gultepe/cleaner_ws/install/explorer_wanderer:/home/tunaprogrammer/projects/gultepe/cleaner_ws/install/explorer_navigation2:/home/tunaprogrammer/projects/gultepe/cleaner_ws/install/explorer_map_utils:/home/tunaprogrammer/projects/gultepe/cleaner_ws/install/explorer_bringup:/home/tunaprogrammer/projects/gultepe/cleaner_ws/install/bno055:/home/tunaprogrammer/projects/gultepe/humble_ws/install/jetpack:/home/tunaprogrammer/projects/gultepe/humble_ws/install/python_pkg:/home/tunaprogrammer/projects/gultepe/humble_ws/install/catcher:/opt/ros/humble /usr/bin/cmake --build /home/shared/projects/gultepe/cleaner_ws/build/explorer_interfaces -- -j12 -l12
[2.254s] [  2%] Built target explorer_interfaces__cpp
[2.255s] [ 12%] Built target explorer_interfaces__rosidl_generator_c
[2.255s] [ 12%] Built target ament_cmake_python_symlink_explorer_interfaces
[2.256s] [ 43%] Built target explorer_interfaces__rosidl_typesupport_fastrtps_c
[2.257s] [ 43%] Built target explorer_interfaces__rosidl_typesupport_introspection_cpp
[2.258s] [ 43%] Built target explorer_interfaces__rosidl_typesupport_c
[2.258s] [ 64%] Built target explorer_interfaces__rosidl_typesupport_cpp
[2.258s] [ 64%] Built target explorer_interfaces__rosidl_typesupport_introspection_c
[2.258s] [ 74%] Built target explorer_interfaces__rosidl_typesupport_fastrtps_cpp
[2.258s] [ 74%] Built target explorer_interfaces
[2.259s] [ 76%] Built target explorer_interfaces__py
[2.259s] [ 84%] Built target explorer_interfaces__rosidl_generator_py
[2.259s] [100%] Built target explorer_interfaces__rosidl_typesupport_fastrtps_c__pyext
[2.259s] [100%] Built target explorer_interfaces__rosidl_typesupport_introspection_c__pyext
[2.259s] [100%] Built target explorer_interfaces__rosidl_typesupport_c__pyext
[2.259s] running egg_info
[2.260s] writing explorer_interfaces.egg-info/PKG-INFO
[2.261s] writing dependency_links to explorer_interfaces.egg-info/dependency_links.txt
[2.261s] writing top-level names to explorer_interfaces.egg-info/top_level.txt
[2.262s] reading manifest file 'explorer_interfaces.egg-info/SOURCES.txt'
[2.263s] writing manifest file 'explorer_interfaces.egg-info/SOURCES.txt'
[2.263s] [100%] Built target ament_cmake_python_build_explorer_interfaces_egg
[2.272s] Invoked command in '/home/shared/projects/gultepe/cleaner_ws/build/explorer_interfaces' returned '0': CMAKE_PREFIX_PATH=${CMAKE_PREFIX_PATH}:/home/tunaprogrammer/projects/gultepe/cleaner_ws/install/explorer_wanderer:/home/tunaprogrammer/projects/gultepe/cleaner_ws/install/explorer_navigation2:/home/tunaprogrammer/projects/gultepe/cleaner_ws/install/explorer_map_utils:/home/tunaprogrammer/projects/gultepe/cleaner_ws/install/explorer_bringup:/home/tunaprogrammer/projects/gultepe/cleaner_ws/install/bno055:/home/tunaprogrammer/projects/gultepe/humble_ws/install/jetpack:/home/tunaprogrammer/projects/gultepe/humble_ws/install/python_pkg:/home/tunaprogrammer/projects/gultepe/humble_ws/install/catcher:/opt/ros/humble /usr/bin/cmake --build /home/shared/projects/gultepe/cleaner_ws/build/explorer_interfaces -- -j12 -l12
[2.470s] Invoking command in '/home/shared/projects/gultepe/cleaner_ws/build/explorer_interfaces': CMAKE_PREFIX_PATH=${CMAKE_PREFIX_PATH}:/home/tunaprogrammer/projects/gultepe/cleaner_ws/install/explorer_wanderer:/home/tunaprogrammer/projects/gultepe/cleaner_ws/install/explorer_navigation2:/home/tunaprogrammer/projects/gultepe/cleaner_ws/install/explorer_map_utils:/home/tunaprogrammer/projects/gultepe/cleaner_ws/install/explorer_bringup:/home/tunaprogrammer/projects/gultepe/cleaner_ws/install/bno055:/home/tunaprogrammer/projects/gultepe/humble_ws/install/jetpack:/home/tunaprogrammer/projects/gultepe/humble_ws/install/python_pkg:/home/tunaprogrammer/projects/gultepe/humble_ws/install/catcher:/opt/ros/humble /usr/bin/cmake --install /home/shared/projects/gultepe/cleaner_ws/build/explorer_interfaces
[2.484s] -- Install configuration: ""
[2.485s] -- Execute custom install script
[2.486s] -- Up-to-date symlink: /home/shared/projects/gultepe/cleaner_ws/install/explorer_interfaces/share/ament_index/resource_index/rosidl_interfaces/explorer_interfaces
[2.487s] -- Up-to-date symlink: /home/shared/projects/gultepe/cleaner_ws/install/explorer_interfaces/include/explorer_interfaces/explorer_interfaces/action/detail/discover__functions.h
[2.487s] -- Up-to-date symlink: /home/shared/projects/gultepe/cleaner_ws/install/explorer_interfaces/include/explorer_interfaces/explorer_interfaces/action/detail/discover__struct.h
[2.488s] -- Up-to-date symlink: /home/shared/projects/gultepe/cleaner_ws/install/explorer_interfaces/include/explorer_interfaces/explorer_interfaces/action/detail/discover__type_support.h
[2.488s] -- Up-to-date symlink: /home/shared/projects/gultepe/cleaner_ws/install/explorer_interfaces/include/explorer_interfaces/explorer_interfaces/action/detail/wander__functions.h
[2.489s] -- Up-to-date symlink: /home/shared/projects/gultepe/cleaner_ws/install/explorer_interfaces/include/explorer_interfaces/explorer_interfaces/action/detail/wander__struct.h
[2.489s] -- Up-to-date symlink: /home/shared/projects/gultepe/cleaner_ws/install/explorer_interfaces/include/explorer_interfaces/explorer_interfaces/action/detail/wander__type_support.h
[2.490s] -- Up-to-date symlink: /home/shared/projects/gultepe/cleaner_ws/install/explorer_interfaces/include/explorer_interfaces/explorer_interfaces/action/discover.h
[2.490s] -- Up-to-date symlink: /home/shared/projects/gultepe/cleaner_ws/install/explorer_interfaces/include/explorer_interfaces/explorer_interfaces/action/wander.h
[2.491s] -- Up-to-date symlink: /home/shared/projects/gultepe/cleaner_ws/install/explorer_interfaces/include/explorer_interfaces/explorer_interfaces/msg/rosidl_generator_c__visibility_control.h
[2.491s] -- Up-to-date symlink: /home/shared/projects/gultepe/cleaner_ws/install/explorer_interfaces/share/explorer_interfaces/environment/library_path.sh
[2.492s] -- Up-to-date symlink: /home/shared/projects/gultepe/cleaner_ws/install/explorer_interfaces/share/explorer_interfaces/environment/library_path.dsv
[2.493s] -- Up-to-date symlink: /home/shared/projects/gultepe/cleaner_ws/install/explorer_interfaces/include/explorer_interfaces/explorer_interfaces/action/detail/discover__rosidl_typesupport_fastrtps_c.h
[2.493s] -- Up-to-date symlink: /home/shared/projects/gultepe/cleaner_ws/install/explorer_interfaces/include/explorer_interfaces/explorer_interfaces/action/detail/wander__rosidl_typesupport_fastrtps_c.h
[2.494s] -- Up-to-date symlink: /home/shared/projects/gultepe/cleaner_ws/install/explorer_interfaces/include/explorer_interfaces/explorer_interfaces/msg/rosidl_typesupport_fastrtps_c__visibility_control.h
[2.495s] -- Up-to-date symlink: /home/shared/projects/gultepe/cleaner_ws/install/explorer_interfaces/include/explorer_interfaces/explorer_interfaces/action/detail/discover__rosidl_typesupport_introspection_c.h
[2.495s] -- Up-to-date symlink: /home/shared/projects/gultepe/cleaner_ws/install/explorer_interfaces/include/explorer_interfaces/explorer_interfaces/action/detail/wander__rosidl_typesupport_introspection_c.h
[2.496s] -- Up-to-date symlink: /home/shared/projects/gultepe/cleaner_ws/install/explorer_interfaces/include/explorer_interfaces/explorer_interfaces/msg/rosidl_typesupport_introspection_c__visibility_control.h
[2.497s] -- Up-to-date symlink: /home/shared/projects/gultepe/cleaner_ws/install/explorer_interfaces/include/explorer_interfaces/explorer_interfaces/action/detail/discover__builder.hpp
[2.497s] -- Up-to-date symlink: /home/shared/projects/gultepe/cleaner_ws/install/explorer_interfaces/include/explorer_interfaces/explorer_interfaces/action/detail/discover__struct.hpp
[2.498s] -- Up-to-date symlink: /home/shared/projects/gultepe/cleaner_ws/install/explorer_interfaces/include/explorer_interfaces/explorer_interfaces/action/detail/discover__traits.hpp
[2.498s] -- Up-to-date symlink: /home/shared/projects/gultepe/cleaner_ws/install/explorer_interfaces/include/explorer_interfaces/explorer_interfaces/action/detail/wander__builder.hpp
[2.499s] -- Up-to-date symlink: /home/shared/projects/gultepe/cleaner_ws/install/explorer_interfaces/include/explorer_interfaces/explorer_interfaces/action/detail/wander__struct.hpp
[2.499s] -- Up-to-date symlink: /home/shared/projects/gultepe/cleaner_ws/install/explorer_interfaces/include/explorer_interfaces/explorer_interfaces/action/detail/wander__traits.hpp
[2.500s] -- Up-to-date symlink: /home/shared/projects/gultepe/cleaner_ws/install/explorer_interfaces/include/explorer_interfaces/explorer_interfaces/action/discover.hpp
[2.500s] -- Up-to-date symlink: /home/shared/projects/gultepe/cleaner_ws/install/explorer_interfaces/include/explorer_interfaces/explorer_interfaces/action/wander.hpp
[2.501s] -- Up-to-date symlink: /home/shared/projects/gultepe/cleaner_ws/install/explorer_interfaces/include/explorer_interfaces/explorer_interfaces/action/detail/discover__rosidl_typesupport_fastrtps_cpp.hpp
[2.501s] -- Up-to-date symlink: /home/shared/projects/gultepe/cleaner_ws/install/explorer_interfaces/include/explorer_interfaces/explorer_interfaces/action/detail/wander__rosidl_typesupport_fastrtps_cpp.hpp
[2.502s] -- Up-to-date symlink: /home/shared/projects/gultepe/cleaner_ws/install/explorer_interfaces/include/explorer_interfaces/explorer_interfaces/msg/rosidl_typesupport_fastrtps_cpp__visibility_control.h
[2.502s] -- Up-to-date symlink: /home/shared/projects/gultepe/cleaner_ws/install/explorer_interfaces/include/explorer_interfaces/explorer_interfaces/action/detail/discover__rosidl_typesupport_introspection_cpp.hpp
[2.503s] -- Up-to-date symlink: /home/shared/projects/gultepe/cleaner_ws/install/explorer_interfaces/include/explorer_interfaces/explorer_interfaces/action/detail/wander__rosidl_typesupport_introspection_cpp.hpp
[2.504s] -- Up-to-date symlink: /home/shared/projects/gultepe/cleaner_ws/install/explorer_interfaces/share/explorer_interfaces/environment/pythonpath.sh
[2.504s] -- Up-to-date symlink: /home/shared/projects/gultepe/cleaner_ws/install/explorer_interfaces/share/explorer_interfaces/environment/pythonpath.dsv
[2.505s] -- Up-to-date symlink: /home/shared/projects/gultepe/cleaner_ws/install/explorer_interfaces/local/lib/python3.10/dist-packages/explorer_interfaces-0.0.0-py3.10.egg-info/PKG-INFO
[2.506s] -- Up-to-date symlink: /home/shared/projects/gultepe/cleaner_ws/install/explorer_interfaces/local/lib/python3.10/dist-packages/explorer_interfaces-0.0.0-py3.10.egg-info/SOURCES.txt
[2.506s] -- Up-to-date symlink: /home/shared/projects/gultepe/cleaner_ws/install/explorer_interfaces/local/lib/python3.10/dist-packages/explorer_interfaces-0.0.0-py3.10.egg-info/dependency_links.txt
[2.507s] -- Up-to-date symlink: /home/shared/projects/gultepe/cleaner_ws/install/explorer_interfaces/local/lib/python3.10/dist-packages/explorer_interfaces-0.0.0-py3.10.egg-info/top_level.txt
[2.507s] -- Up-to-date symlink: /home/shared/projects/gultepe/cleaner_ws/install/explorer_interfaces/local/lib/python3.10/dist-packages/explorer_interfaces/__init__.py
[2.508s] -- Up-to-date symlink: /home/shared/projects/gultepe/cleaner_ws/install/explorer_interfaces/local/lib/python3.10/dist-packages/explorer_interfaces/_explorer_interfaces_s.ep.rosidl_typesupport_c.c
[2.509s] -- Up-to-date symlink: /home/shared/projects/gultepe/cleaner_ws/install/explorer_interfaces/local/lib/python3.10/dist-packages/explorer_interfaces/_explorer_interfaces_s.ep.rosidl_typesupport_fastrtps_c.c
[2.509s] -- Up-to-date symlink: /home/shared/projects/gultepe/cleaner_ws/install/explorer_interfaces/local/lib/python3.10/dist-packages/explorer_interfaces/_explorer_interfaces_s.ep.rosidl_typesupport_introspection_c.c
[2.510s] -- Up-to-date symlink: /home/shared/projects/gultepe/cleaner_ws/install/explorer_interfaces/local/lib/python3.10/dist-packages/explorer_interfaces/action/__init__.py
[2.510s] -- Up-to-date symlink: /home/shared/projects/gultepe/cleaner_ws/install/explorer_interfaces/local/lib/python3.10/dist-packages/explorer_interfaces/action/_discover.py
[2.510s] -- Up-to-date symlink: /home/shared/projects/gultepe/cleaner_ws/install/explorer_interfaces/local/lib/python3.10/dist-packages/explorer_interfaces/action/_discover_s.c
[2.511s] -- Up-to-date symlink: /home/shared/projects/gultepe/cleaner_ws/install/explorer_interfaces/local/lib/python3.10/dist-packages/explorer_interfaces/action/_wander.py
[2.511s] -- Up-to-date symlink: /home/shared/projects/gultepe/cleaner_ws/install/explorer_interfaces/local/lib/python3.10/dist-packages/explorer_interfaces/action/_wander_s.c
[2.511s] -- Up-to-date symlink: /home/shared/projects/gultepe/cleaner_ws/install/explorer_interfaces/local/lib/python3.10/dist-packages/explorer_interfaces/explorer_interfaces_s__rosidl_typesupport_c.cpython-310-x86_64-linux-gnu.so
[2.512s] -- Up-to-date symlink: /home/shared/projects/gultepe/cleaner_ws/install/explorer_interfaces/local/lib/python3.10/dist-packages/explorer_interfaces/explorer_interfaces_s__rosidl_typesupport_fastrtps_c.cpython-310-x86_64-linux-gnu.so
[2.512s] -- Up-to-date symlink: /home/shared/projects/gultepe/cleaner_ws/install/explorer_interfaces/local/lib/python3.10/dist-packages/explorer_interfaces/explorer_interfaces_s__rosidl_typesupport_introspection_c.cpython-310-x86_64-linux-gnu.so
[2.513s] -- Up-to-date symlink: /home/shared/projects/gultepe/cleaner_ws/install/explorer_interfaces/local/lib/python3.10/dist-packages/explorer_interfaces/libexplorer_interfaces__rosidl_generator_py.so
[2.513s] -- Up-to-date symlink: /home/shared/projects/gultepe/cleaner_ws/install/explorer_interfaces/local/lib/python3.10/dist-packages/explorer_interfaces/explorer_interfaces_s__rosidl_typesupport_fastrtps_c.cpython-310-x86_64-linux-gnu.so
[2.513s] -- Up-to-date symlink: /home/shared/projects/gultepe/cleaner_ws/install/explorer_interfaces/local/lib/python3.10/dist-packages/explorer_interfaces/explorer_interfaces_s__rosidl_typesupport_introspection_c.cpython-310-x86_64-linux-gnu.so
[2.514s] -- Up-to-date symlink: /home/shared/projects/gultepe/cleaner_ws/install/explorer_interfaces/local/lib/python3.10/dist-packages/explorer_interfaces/explorer_interfaces_s__rosidl_typesupport_c.cpython-310-x86_64-linux-gnu.so
[2.514s] -- Up-to-date symlink: /home/shared/projects/gultepe/cleaner_ws/install/explorer_interfaces/share/explorer_interfaces/action/Wander.idl
[2.515s] -- Up-to-date symlink: /home/shared/projects/gultepe/cleaner_ws/install/explorer_interfaces/share/explorer_interfaces/action/Discover.idl
[2.515s] -- Up-to-date symlink: /home/shared/projects/gultepe/cleaner_ws/install/explorer_interfaces/share/explorer_interfaces/action/Wander.action
[2.515s] -- Up-to-date symlink: /home/shared/projects/gultepe/cleaner_ws/install/explorer_interfaces/share/explorer_interfaces/action/Discover.action
[2.516s] -- Up-to-date symlink: /home/shared/projects/gultepe/cleaner_ws/install/explorer_interfaces/share/ament_index/resource_index/package_run_dependencies/explorer_interfaces
[2.516s] -- Up-to-date symlink: /home/shared/projects/gultepe/cleaner_ws/install/explorer_interfaces/share/ament_index/resource_index/parent_prefix_path/explorer_interfaces
[2.517s] -- Up-to-date symlink: /home/shared/projects/gultepe/cleaner_ws/install/explorer_interfaces/share/explorer_interfaces/environment/ament_prefix_path.sh
[2.517s] -- Up-to-date symlink: /home/shared/projects/gultepe/cleaner_ws/install/explorer_interfaces/share/explorer_interfaces/environment/ament_prefix_path.dsv
[2.518s] -- Up-to-date symlink: /home/shared/projects/gultepe/cleaner_ws/install/explorer_interfaces/share/explorer_interfaces/environment/path.sh
[2.519s] -- Up-to-date symlink: /home/shared/projects/gultepe/cleaner_ws/install/explorer_interfaces/share/explorer_interfaces/environment/path.dsv
[2.519s] -- Up-to-date symlink: /home/shared/projects/gultepe/cleaner_ws/install/explorer_interfaces/share/explorer_interfaces/local_setup.bash
[2.519s] -- Up-to-date symlink: /home/shared/projects/gultepe/cleaner_ws/install/explorer_interfaces/share/explorer_interfaces/local_setup.sh
[2.520s] -- Up-to-date symlink: /home/shared/projects/gultepe/cleaner_ws/install/explorer_interfaces/share/explorer_interfaces/local_setup.zsh
[2.520s] -- Up-to-date symlink: /home/shared/projects/gultepe/cleaner_ws/install/explorer_interfaces/share/explorer_interfaces/local_setup.dsv
[2.521s] -- Symlinking: /home/shared/projects/gultepe/cleaner_ws/install/explorer_interfaces/share/explorer_interfaces/package.dsv
[2.521s] -- Up-to-date symlink: /home/shared/projects/gultepe/cleaner_ws/install/explorer_interfaces/share/ament_index/resource_index/packages/explorer_interfaces
[2.522s] -- Up-to-date symlink: /home/shared/projects/gultepe/cleaner_ws/install/explorer_interfaces/share/explorer_interfaces/cmake/rosidl_cmake-extras.cmake
[2.522s] -- Up-to-date symlink: /home/shared/projects/gultepe/cleaner_ws/install/explorer_interfaces/share/explorer_interfaces/cmake/ament_cmake_export_dependencies-extras.cmake
[2.523s] -- Up-to-date symlink: /home/shared/projects/gultepe/cleaner_ws/install/explorer_interfaces/share/explorer_interfaces/cmake/ament_cmake_export_include_directories-extras.cmake
[2.523s] -- Up-to-date symlink: /home/shared/projects/gultepe/cleaner_ws/install/explorer_interfaces/share/explorer_interfaces/cmake/ament_cmake_export_libraries-extras.cmake
[2.524s] -- Up-to-date symlink: /home/shared/projects/gultepe/cleaner_ws/install/explorer_interfaces/share/explorer_interfaces/cmake/ament_cmake_export_targets-extras.cmake
[2.524s] -- Up-to-date symlink: /home/shared/projects/gultepe/cleaner_ws/install/explorer_interfaces/share/explorer_interfaces/cmake/rosidl_cmake_export_typesupport_targets-extras.cmake
[2.525s] -- Up-to-date symlink: /home/shared/projects/gultepe/cleaner_ws/install/explorer_interfaces/share/explorer_interfaces/cmake/rosidl_cmake_export_typesupport_libraries-extras.cmake
[2.525s] -- Up-to-date symlink: /home/shared/projects/gultepe/cleaner_ws/install/explorer_interfaces/share/explorer_interfaces/cmake/explorer_interfacesConfig.cmake
[2.525s] -- Up-to-date symlink: /home/shared/projects/gultepe/cleaner_ws/install/explorer_interfaces/share/explorer_interfaces/cmake/explorer_interfacesConfig-version.cmake
[2.526s] -- Up-to-date symlink: /home/shared/projects/gultepe/cleaner_ws/install/explorer_interfaces/share/explorer_interfaces/package.xml
[2.526s] -- Up-to-date: /home/shared/projects/gultepe/cleaner_ws/install/explorer_interfaces/lib/libexplorer_interfaces__rosidl_generator_c.so
[2.527s] -- Up-to-date: /home/shared/projects/gultepe/cleaner_ws/install/explorer_interfaces/lib/libexplorer_interfaces__rosidl_typesupport_fastrtps_c.so
[2.528s] -- Up-to-date: /home/shared/projects/gultepe/cleaner_ws/install/explorer_interfaces/lib/libexplorer_interfaces__rosidl_typesupport_introspection_c.so
[2.528s] -- Up-to-date: /home/shared/projects/gultepe/cleaner_ws/install/explorer_interfaces/lib/libexplorer_interfaces__rosidl_typesupport_c.so
[2.529s] -- Up-to-date: /home/shared/projects/gultepe/cleaner_ws/install/explorer_interfaces/lib/libexplorer_interfaces__rosidl_typesupport_fastrtps_cpp.so
[2.529s] -- Up-to-date: /home/shared/projects/gultepe/cleaner_ws/install/explorer_interfaces/lib/libexplorer_interfaces__rosidl_typesupport_introspection_cpp.so
[2.529s] -- Up-to-date: /home/shared/projects/gultepe/cleaner_ws/install/explorer_interfaces/lib/libexplorer_interfaces__rosidl_typesupport_cpp.so
[2.573s] Listing '/home/shared/projects/gultepe/cleaner_ws/install/explorer_interfaces/local/lib/python3.10/dist-packages/explorer_interfaces'...
[2.573s] Listing '/home/shared/projects/gultepe/cleaner_ws/install/explorer_interfaces/local/lib/python3.10/dist-packages/explorer_interfaces/action'...
[2.579s] -- Up-to-date: /home/shared/projects/gultepe/cleaner_ws/install/explorer_interfaces/lib/libexplorer_interfaces__rosidl_generator_py.so
[2.580s] -- Up-to-date: /home/shared/projects/gultepe/cleaner_ws/install/explorer_interfaces/share/explorer_interfaces/cmake/export_explorer_interfaces__rosidl_generator_cExport.cmake
[2.581s] -- Up-to-date: /home/shared/projects/gultepe/cleaner_ws/install/explorer_interfaces/share/explorer_interfaces/cmake/export_explorer_interfaces__rosidl_generator_cExport-noconfig.cmake
[2.581s] -- Up-to-date: /home/shared/projects/gultepe/cleaner_ws/install/explorer_interfaces/share/explorer_interfaces/cmake/export_explorer_interfaces__rosidl_typesupport_fastrtps_cExport.cmake
[2.581s] -- Up-to-date: /home/shared/projects/gultepe/cleaner_ws/install/explorer_interfaces/share/explorer_interfaces/cmake/export_explorer_interfaces__rosidl_typesupport_fastrtps_cExport-noconfig.cmake
[2.582s] -- Up-to-date: /home/shared/projects/gultepe/cleaner_ws/install/explorer_interfaces/share/explorer_interfaces/cmake/explorer_interfaces__rosidl_typesupport_introspection_cExport.cmake
[2.582s] -- Up-to-date: /home/shared/projects/gultepe/cleaner_ws/install/explorer_interfaces/share/explorer_interfaces/cmake/explorer_interfaces__rosidl_typesupport_introspection_cExport-noconfig.cmake
[2.582s] -- Up-to-date: /home/shared/projects/gultepe/cleaner_ws/install/explorer_interfaces/share/explorer_interfaces/cmake/explorer_interfaces__rosidl_typesupport_cExport.cmake
[2.583s] -- Up-to-date: /home/shared/projects/gultepe/cleaner_ws/install/explorer_interfaces/share/explorer_interfaces/cmake/explorer_interfaces__rosidl_typesupport_cExport-noconfig.cmake
[2.583s] -- Up-to-date: /home/shared/projects/gultepe/cleaner_ws/install/explorer_interfaces/share/explorer_interfaces/cmake/export_explorer_interfaces__rosidl_generator_cppExport.cmake
[2.583s] -- Up-to-date: /home/shared/projects/gultepe/cleaner_ws/install/explorer_interfaces/share/explorer_interfaces/cmake/export_explorer_interfaces__rosidl_typesupport_fastrtps_cppExport.cmake
[2.583s] -- Up-to-date: /home/shared/projects/gultepe/cleaner_ws/install/explorer_interfaces/share/explorer_interfaces/cmake/export_explorer_interfaces__rosidl_typesupport_fastrtps_cppExport-noconfig.cmake
[2.584s] -- Up-to-date: /home/shared/projects/gultepe/cleaner_ws/install/explorer_interfaces/share/explorer_interfaces/cmake/explorer_interfaces__rosidl_typesupport_introspection_cppExport.cmake
[2.584s] -- Up-to-date: /home/shared/projects/gultepe/cleaner_ws/install/explorer_interfaces/share/explorer_interfaces/cmake/explorer_interfaces__rosidl_typesupport_introspection_cppExport-noconfig.cmake
[2.584s] -- Up-to-date: /home/shared/projects/gultepe/cleaner_ws/install/explorer_interfaces/share/explorer_interfaces/cmake/explorer_interfaces__rosidl_typesupport_cppExport.cmake
[2.584s] -- Up-to-date: /home/shared/projects/gultepe/cleaner_ws/install/explorer_interfaces/share/explorer_interfaces/cmake/explorer_interfaces__rosidl_typesupport_cppExport-noconfig.cmake
[2.585s] -- Up-to-date: /home/shared/projects/gultepe/cleaner_ws/install/explorer_interfaces/share/explorer_interfaces/cmake/export_explorer_interfaces__rosidl_generator_pyExport.cmake
[2.585s] -- Up-to-date: /home/shared/projects/gultepe/cleaner_ws/install/explorer_interfaces/share/explorer_interfaces/cmake/export_explorer_interfaces__rosidl_generator_pyExport-noconfig.cmake
[2.907s] Invoked command in '/home/shared/projects/gultepe/cleaner_ws/build/explorer_interfaces' returned '0': CMAKE_PREFIX_PATH=${CMAKE_PREFIX_PATH}:/home/tunaprogrammer/projects/gultepe/cleaner_ws/install/explorer_wanderer:/home/tunaprogrammer/projects/gultepe/cleaner_ws/install/explorer_navigation2:/home/tunaprogrammer/projects/gultepe/cleaner_ws/install/explorer_map_utils:/home/tunaprogrammer/projects/gultepe/cleaner_ws/install/explorer_bringup:/home/tunaprogrammer/projects/gultepe/cleaner_ws/install/bno055:/home/tunaprogrammer/projects/gultepe/humble_ws/install/jetpack:/home/tunaprogrammer/projects/gultepe/humble_ws/install/python_pkg:/home/tunaprogrammer/projects/gultepe/humble_ws/install/catcher:/opt/ros/humble /usr/bin/cmake --install /home/shared/projects/gultepe/cleaner_ws/build/explorer_interfaces
