[3.423s] Invoking command in '/home/shared/projects/gultepe/cleaner_ws/src/ros2_explorer/explorer_navigation2': PYTHONPATH=/home/shared/projects/gultepe/cleaner_ws/build/explorer_navigation2/prefix_override:/home/shared/projects/gultepe/cleaner_ws/install/explorer_navigation2/lib/python3.10/site-packages:${PYTHONPATH} /usr/bin/python3 setup.py egg_info --egg-base ../../../build/explorer_navigation2 build --build-base /home/shared/projects/gultepe/cleaner_ws/build/explorer_navigation2/build install --record /home/shared/projects/gultepe/cleaner_ws/build/explorer_navigation2/install.log --install-scripts $base/lib/explorer_navigation2 --single-version-externally-managed
[3.895s] /home/tunaprogrammer/.local/lib/python3.10/site-packages/setuptools/dist.py:717: UserWarning: Usage of dash-separated 'script-dir' will not be supported in future versions. Please use the underscore name 'script_dir' instead
[3.896s]   warnings.warn(
[3.954s] running egg_info
[3.954s] writing ../../../build/explorer_navigation2/explorer_navigation2.egg-info/PKG-INFO
[3.955s] writing dependency_links to ../../../build/explorer_navigation2/explorer_navigation2.egg-info/dependency_links.txt
[3.956s] writing entry points to ../../../build/explorer_navigation2/explorer_navigation2.egg-info/entry_points.txt
[3.956s] writing requirements to ../../../build/explorer_navigation2/explorer_navigation2.egg-info/requires.txt
[3.956s] writing top-level names to ../../../build/explorer_navigation2/explorer_navigation2.egg-info/top_level.txt
[3.958s] reading manifest file '../../../build/explorer_navigation2/explorer_navigation2.egg-info/SOURCES.txt'
[3.960s] writing manifest file '../../../build/explorer_navigation2/explorer_navigation2.egg-info/SOURCES.txt'
[3.960s] running build
[3.960s] running build_py
[3.961s] running install
[3.961s] running install_lib
[3.963s] running install_data
[3.965s] running install_egg_info
[3.969s] removing '/home/shared/projects/gultepe/cleaner_ws/install/explorer_navigation2/lib/python3.10/site-packages/explorer_navigation2-0.0.0-py3.10.egg-info' (and everything under it)
[3.970s] Copying ../../../build/explorer_navigation2/explorer_navigation2.egg-info to /home/shared/projects/gultepe/cleaner_ws/install/explorer_navigation2/lib/python3.10/site-packages/explorer_navigation2-0.0.0-py3.10.egg-info
[3.971s] running install_scripts
[4.023s] writing list of installed files to '/home/shared/projects/gultepe/cleaner_ws/build/explorer_navigation2/install.log'
[4.273s] Invoked command in '/home/shared/projects/gultepe/cleaner_ws/src/ros2_explorer/explorer_navigation2' returned '0': PYTHONPATH=/home/shared/projects/gultepe/cleaner_ws/build/explorer_navigation2/prefix_override:/home/shared/projects/gultepe/cleaner_ws/install/explorer_navigation2/lib/python3.10/site-packages:${PYTHONPATH} /usr/bin/python3 setup.py egg_info --egg-base ../../../build/explorer_navigation2 build --build-base /home/shared/projects/gultepe/cleaner_ws/build/explorer_navigation2/build install --record /home/shared/projects/gultepe/cleaner_ws/build/explorer_navigation2/install.log --install-scripts $base/lib/explorer_navigation2 --single-version-externally-managed
