[23.584s] Invoking command in '/home/shared/projects/gultepe/cleaner_ws/src/bno055': PYTHONPATH=/home/shared/projects/gultepe/cleaner_ws/build/bno055/prefix_override:/home/shared/projects/gultepe/cleaner_ws/install/bno055/lib/python3.10/site-packages:${PYTHONPATH} /usr/bin/python3 setup.py egg_info --egg-base ../../build/bno055 build --build-base /home/shared/projects/gultepe/cleaner_ws/build/bno055/build install --record /home/shared/projects/gultepe/cleaner_ws/build/bno055/install.log --single-version-externally-managed
[25.760s] running egg_info
[25.765s] writing ../../build/bno055/bno055.egg-info/PKG-INFO
[25.766s] writing dependency_links to ../../build/bno055/bno055.egg-info/dependency_links.txt
[25.767s] writing entry points to ../../build/bno055/bno055.egg-info/entry_points.txt
[25.768s] writing requirements to ../../build/bno055/bno055.egg-info/requires.txt
[25.769s] writing top-level names to ../../build/bno055/bno055.egg-info/top_level.txt
[25.793s] reading manifest file '../../build/bno055/bno055.egg-info/SOURCES.txt'
[25.798s] adding license file 'LICENSE'
[25.799s] adding license file 'AUTHORS'
[25.800s] writing manifest file '../../build/bno055/bno055.egg-info/SOURCES.txt'
[25.800s] running build
[25.801s] running build_py
[25.803s] running install
[25.805s] running install_lib
[25.826s] running install_data
[25.828s] running install_egg_info
[25.839s] removing '/home/shared/projects/gultepe/cleaner_ws/install/bno055/lib/python3.10/site-packages/bno055-0.4.1-py3.10.egg-info' (and everything under it)
[25.842s] Copying ../../build/bno055/bno055.egg-info to /home/shared/projects/gultepe/cleaner_ws/install/bno055/lib/python3.10/site-packages/bno055-0.4.1-py3.10.egg-info
[25.852s] running install_scripts
[26.006s] Installing bno055 script to /home/shared/projects/gultepe/cleaner_ws/install/bno055/lib/bno055
[26.015s] writing list of installed files to '/home/shared/projects/gultepe/cleaner_ws/build/bno055/install.log'
[26.943s] Invoked command in '/home/shared/projects/gultepe/cleaner_ws/src/bno055' returned '0': PYTHONPATH=/home/shared/projects/gultepe/cleaner_ws/build/bno055/prefix_override:/home/shared/projects/gultepe/cleaner_ws/install/bno055/lib/python3.10/site-packages:${PYTHONPATH} /usr/bin/python3 setup.py egg_info --egg-base ../../build/bno055 build --build-base /home/shared/projects/gultepe/cleaner_ws/build/bno055/build install --record /home/shared/projects/gultepe/cleaner_ws/build/bno055/install.log --single-version-externally-managed
