[1.244s] Invoking command in '/home/shared/projects/gultepe/cleaner_ws/build/explorer_interfaces': CMAKE_PREFIX_PATH=${CMAKE_PREFIX_PATH}:/home/tunaprogrammer/projects/gultepe/cleaner_ws/install/explorer_wanderer:/home/tunaprogrammer/projects/gultepe/cleaner_ws/install/explorer_navigation2:/home/tunaprogrammer/projects/gultepe/cleaner_ws/install/explorer_map_utils:/home/tunaprogrammer/projects/gultepe/cleaner_ws/install/explorer_bringup:/home/tunaprogrammer/projects/gultepe/cleaner_ws/install/bno055:/home/tunaprogrammer/projects/gultepe/humble_ws/install/jetpack:/home/tunaprogrammer/projects/gultepe/humble_ws/install/python_pkg:/home/tunaprogrammer/projects/gultepe/humble_ws/install/catcher:/opt/ros/humble /usr/bin/cmake --build /home/shared/projects/gultepe/cleaner_ws/build/explorer_interfaces -- -j12 -l12
[2.531s] [  2%] Built target explorer_interfaces__cpp
[2.532s] [ 12%] Built target explorer_interfaces__rosidl_generator_c
[2.532s] [ 12%] Built target ament_cmake_python_symlink_explorer_interfaces
[2.533s] [ 23%] Built target explorer_interfaces__rosidl_typesupport_introspection_cpp
[2.534s] [ 33%] Built target explorer_interfaces__rosidl_typesupport_introspection_c
[2.534s] [ 43%] Built target explorer_interfaces__rosidl_typesupport_cpp
[2.534s] [ 53%] Built target explorer_interfaces__rosidl_typesupport_fastrtps_c
[2.535s] [ 64%] Built target explorer_interfaces__rosidl_typesupport_fastrtps_cpp
[2.535s] [ 74%] Built target explorer_interfaces__rosidl_typesupport_c
[2.535s] [ 74%] Built target explorer_interfaces
[2.536s] [ 76%] Built target explorer_interfaces__py
[2.536s] [ 84%] Built target explorer_interfaces__rosidl_generator_py
[2.536s] [100%] Built target explorer_interfaces__rosidl_typesupport_fastrtps_c__pyext
[2.536s] [100%] Built target explorer_interfaces__rosidl_typesupport_c__pyext
[2.537s] [100%] Built target explorer_interfaces__rosidl_typesupport_introspection_c__pyext
[2.537s] running egg_info
[2.537s] writing explorer_interfaces.egg-info/PKG-INFO
[2.537s] writing dependency_links to explorer_interfaces.egg-info/dependency_links.txt
[2.538s] writing top-level names to explorer_interfaces.egg-info/top_level.txt
[2.538s] reading manifest file 'explorer_interfaces.egg-info/SOURCES.txt'
[2.538s] writing manifest file 'explorer_interfaces.egg-info/SOURCES.txt'
[2.538s] [100%] Built target ament_cmake_python_build_explorer_interfaces_egg
[2.548s] Invoked command in '/home/shared/projects/gultepe/cleaner_ws/build/explorer_interfaces' returned '0': CMAKE_PREFIX_PATH=${CMAKE_PREFIX_PATH}:/home/tunaprogrammer/projects/gultepe/cleaner_ws/install/explorer_wanderer:/home/tunaprogrammer/projects/gultepe/cleaner_ws/install/explorer_navigation2:/home/tunaprogrammer/projects/gultepe/cleaner_ws/install/explorer_map_utils:/home/tunaprogrammer/projects/gultepe/cleaner_ws/install/explorer_bringup:/home/tunaprogrammer/projects/gultepe/cleaner_ws/install/bno055:/home/tunaprogrammer/projects/gultepe/humble_ws/install/jetpack:/home/tunaprogrammer/projects/gultepe/humble_ws/install/python_pkg:/home/tunaprogrammer/projects/gultepe/humble_ws/install/catcher:/opt/ros/humble /usr/bin/cmake --build /home/shared/projects/gultepe/cleaner_ws/build/explorer_interfaces -- -j12 -l12
[2.966s] Invoking command in '/home/shared/projects/gultepe/cleaner_ws/build/explorer_interfaces': CMAKE_PREFIX_PATH=${CMAKE_PREFIX_PATH}:/home/tunaprogrammer/projects/gultepe/cleaner_ws/install/explorer_wanderer:/home/tunaprogrammer/projects/gultepe/cleaner_ws/install/explorer_navigation2:/home/tunaprogrammer/projects/gultepe/cleaner_ws/install/explorer_map_utils:/home/tunaprogrammer/projects/gultepe/cleaner_ws/install/explorer_bringup:/home/tunaprogrammer/projects/gultepe/cleaner_ws/install/bno055:/home/tunaprogrammer/projects/gultepe/humble_ws/install/jetpack:/home/tunaprogrammer/projects/gultepe/humble_ws/install/python_pkg:/home/tunaprogrammer/projects/gultepe/humble_ws/install/catcher:/opt/ros/humble /usr/bin/cmake --install /home/shared/projects/gultepe/cleaner_ws/build/explorer_interfaces
[3.140s] -- Install configuration: ""
[3.140s] -- Execute custom install script
[3.141s] -- Up-to-date symlink: /home/shared/projects/gultepe/cleaner_ws/install/explorer_interfaces/share/ament_index/resource_index/rosidl_interfaces/explorer_interfaces
[3.141s] -- Up-to-date symlink: /home/shared/projects/gultepe/cleaner_ws/install/explorer_interfaces/include/explorer_interfaces/explorer_interfaces/action/detail/discover__functions.h
[3.141s] -- Up-to-date symlink: /home/shared/projects/gultepe/cleaner_ws/install/explorer_interfaces/include/explorer_interfaces/explorer_interfaces/action/detail/discover__struct.h
[3.142s] -- Up-to-date symlink: /home/shared/projects/gultepe/cleaner_ws/install/explorer_interfaces/include/explorer_interfaces/explorer_interfaces/action/detail/discover__type_support.h
[3.142s] -- Up-to-date symlink: /home/shared/projects/gultepe/cleaner_ws/install/explorer_interfaces/include/explorer_interfaces/explorer_interfaces/action/detail/wander__functions.h
[3.142s] -- Up-to-date symlink: /home/shared/projects/gultepe/cleaner_ws/install/explorer_interfaces/include/explorer_interfaces/explorer_interfaces/action/detail/wander__struct.h
[3.142s] -- Up-to-date symlink: /home/shared/projects/gultepe/cleaner_ws/install/explorer_interfaces/include/explorer_interfaces/explorer_interfaces/action/detail/wander__type_support.h
[3.143s] -- Up-to-date symlink: /home/shared/projects/gultepe/cleaner_ws/install/explorer_interfaces/include/explorer_interfaces/explorer_interfaces/action/discover.h
[3.143s] -- Up-to-date symlink: /home/shared/projects/gultepe/cleaner_ws/install/explorer_interfaces/include/explorer_interfaces/explorer_interfaces/action/wander.h
[3.144s] -- Up-to-date symlink: /home/shared/projects/gultepe/cleaner_ws/install/explorer_interfaces/include/explorer_interfaces/explorer_interfaces/msg/rosidl_generator_c__visibility_control.h
[3.145s] -- Up-to-date symlink: /home/shared/projects/gultepe/cleaner_ws/install/explorer_interfaces/share/explorer_interfaces/environment/library_path.sh
[3.145s] -- Up-to-date symlink: /home/shared/projects/gultepe/cleaner_ws/install/explorer_interfaces/share/explorer_interfaces/environment/library_path.dsv
[3.145s] -- Up-to-date symlink: /home/shared/projects/gultepe/cleaner_ws/install/explorer_interfaces/include/explorer_interfaces/explorer_interfaces/action/detail/discover__rosidl_typesupport_fastrtps_c.h
[3.145s] -- Up-to-date symlink: /home/shared/projects/gultepe/cleaner_ws/install/explorer_interfaces/include/explorer_interfaces/explorer_interfaces/action/detail/wander__rosidl_typesupport_fastrtps_c.h
[3.145s] -- Up-to-date symlink: /home/shared/projects/gultepe/cleaner_ws/install/explorer_interfaces/include/explorer_interfaces/explorer_interfaces/msg/rosidl_typesupport_fastrtps_c__visibility_control.h
[3.145s] -- Up-to-date symlink: /home/shared/projects/gultepe/cleaner_ws/install/explorer_interfaces/include/explorer_interfaces/explorer_interfaces/action/detail/discover__rosidl_typesupport_introspection_c.h
[3.146s] -- Up-to-date symlink: /home/shared/projects/gultepe/cleaner_ws/install/explorer_interfaces/include/explorer_interfaces/explorer_interfaces/action/detail/wander__rosidl_typesupport_introspection_c.h
[3.146s] -- Up-to-date symlink: /home/shared/projects/gultepe/cleaner_ws/install/explorer_interfaces/include/explorer_interfaces/explorer_interfaces/msg/rosidl_typesupport_introspection_c__visibility_control.h
[3.146s] -- Up-to-date symlink: /home/shared/projects/gultepe/cleaner_ws/install/explorer_interfaces/include/explorer_interfaces/explorer_interfaces/action/detail/discover__builder.hpp
[3.146s] -- Up-to-date symlink: /home/shared/projects/gultepe/cleaner_ws/install/explorer_interfaces/include/explorer_interfaces/explorer_interfaces/action/detail/discover__struct.hpp
[3.146s] -- Up-to-date symlink: /home/shared/projects/gultepe/cleaner_ws/install/explorer_interfaces/include/explorer_interfaces/explorer_interfaces/action/detail/discover__traits.hpp
[3.146s] -- Up-to-date symlink: /home/shared/projects/gultepe/cleaner_ws/install/explorer_interfaces/include/explorer_interfaces/explorer_interfaces/action/detail/wander__builder.hpp
[3.147s] -- Up-to-date symlink: /home/shared/projects/gultepe/cleaner_ws/install/explorer_interfaces/include/explorer_interfaces/explorer_interfaces/action/detail/wander__struct.hpp
[3.147s] -- Up-to-date symlink: /home/shared/projects/gultepe/cleaner_ws/install/explorer_interfaces/include/explorer_interfaces/explorer_interfaces/action/detail/wander__traits.hpp
[3.147s] -- Up-to-date symlink: /home/shared/projects/gultepe/cleaner_ws/install/explorer_interfaces/include/explorer_interfaces/explorer_interfaces/action/discover.hpp
[3.147s] -- Up-to-date symlink: /home/shared/projects/gultepe/cleaner_ws/install/explorer_interfaces/include/explorer_interfaces/explorer_interfaces/action/wander.hpp
[3.148s] -- Up-to-date symlink: /home/shared/projects/gultepe/cleaner_ws/install/explorer_interfaces/include/explorer_interfaces/explorer_interfaces/action/detail/discover__rosidl_typesupport_fastrtps_cpp.hpp
[3.148s] -- Up-to-date symlink: /home/shared/projects/gultepe/cleaner_ws/install/explorer_interfaces/include/explorer_interfaces/explorer_interfaces/action/detail/wander__rosidl_typesupport_fastrtps_cpp.hpp
[3.148s] -- Up-to-date symlink: /home/shared/projects/gultepe/cleaner_ws/install/explorer_interfaces/include/explorer_interfaces/explorer_interfaces/msg/rosidl_typesupport_fastrtps_cpp__visibility_control.h
[3.149s] -- Up-to-date symlink: /home/shared/projects/gultepe/cleaner_ws/install/explorer_interfaces/include/explorer_interfaces/explorer_interfaces/action/detail/discover__rosidl_typesupport_introspection_cpp.hpp
[3.150s] -- Up-to-date symlink: /home/shared/projects/gultepe/cleaner_ws/install/explorer_interfaces/include/explorer_interfaces/explorer_interfaces/action/detail/wander__rosidl_typesupport_introspection_cpp.hpp
[3.150s] -- Up-to-date symlink: /home/shared/projects/gultepe/cleaner_ws/install/explorer_interfaces/share/explorer_interfaces/environment/pythonpath.sh
[3.150s] -- Up-to-date symlink: /home/shared/projects/gultepe/cleaner_ws/install/explorer_interfaces/share/explorer_interfaces/environment/pythonpath.dsv
[3.151s] -- Up-to-date symlink: /home/shared/projects/gultepe/cleaner_ws/install/explorer_interfaces/local/lib/python3.10/dist-packages/explorer_interfaces-0.0.0-py3.10.egg-info/PKG-INFO
[3.151s] -- Up-to-date symlink: /home/shared/projects/gultepe/cleaner_ws/install/explorer_interfaces/local/lib/python3.10/dist-packages/explorer_interfaces-0.0.0-py3.10.egg-info/SOURCES.txt
[3.152s] -- Up-to-date symlink: /home/shared/projects/gultepe/cleaner_ws/install/explorer_interfaces/local/lib/python3.10/dist-packages/explorer_interfaces-0.0.0-py3.10.egg-info/dependency_links.txt
[3.152s] -- Up-to-date symlink: /home/shared/projects/gultepe/cleaner_ws/install/explorer_interfaces/local/lib/python3.10/dist-packages/explorer_interfaces-0.0.0-py3.10.egg-info/top_level.txt
[3.152s] -- Up-to-date symlink: /home/shared/projects/gultepe/cleaner_ws/install/explorer_interfaces/local/lib/python3.10/dist-packages/explorer_interfaces/__init__.py
[3.153s] -- Up-to-date symlink: /home/shared/projects/gultepe/cleaner_ws/install/explorer_interfaces/local/lib/python3.10/dist-packages/explorer_interfaces/_explorer_interfaces_s.ep.rosidl_typesupport_c.c
[3.154s] -- Up-to-date symlink: /home/shared/projects/gultepe/cleaner_ws/install/explorer_interfaces/local/lib/python3.10/dist-packages/explorer_interfaces/_explorer_interfaces_s.ep.rosidl_typesupport_fastrtps_c.c
[3.154s] -- Up-to-date symlink: /home/shared/projects/gultepe/cleaner_ws/install/explorer_interfaces/local/lib/python3.10/dist-packages/explorer_interfaces/_explorer_interfaces_s.ep.rosidl_typesupport_introspection_c.c
[3.154s] -- Up-to-date symlink: /home/shared/projects/gultepe/cleaner_ws/install/explorer_interfaces/local/lib/python3.10/dist-packages/explorer_interfaces/action/__init__.py
[3.154s] -- Up-to-date symlink: /home/shared/projects/gultepe/cleaner_ws/install/explorer_interfaces/local/lib/python3.10/dist-packages/explorer_interfaces/action/_discover.py
[3.154s] -- Up-to-date symlink: /home/shared/projects/gultepe/cleaner_ws/install/explorer_interfaces/local/lib/python3.10/dist-packages/explorer_interfaces/action/_discover_s.c
[3.155s] -- Up-to-date symlink: /home/shared/projects/gultepe/cleaner_ws/install/explorer_interfaces/local/lib/python3.10/dist-packages/explorer_interfaces/action/_wander.py
[3.155s] -- Up-to-date symlink: /home/shared/projects/gultepe/cleaner_ws/install/explorer_interfaces/local/lib/python3.10/dist-packages/explorer_interfaces/action/_wander_s.c
[3.155s] -- Up-to-date symlink: /home/shared/projects/gultepe/cleaner_ws/install/explorer_interfaces/local/lib/python3.10/dist-packages/explorer_interfaces/explorer_interfaces_s__rosidl_typesupport_c.cpython-310-x86_64-linux-gnu.so
[3.156s] -- Up-to-date symlink: /home/shared/projects/gultepe/cleaner_ws/install/explorer_interfaces/local/lib/python3.10/dist-packages/explorer_interfaces/explorer_interfaces_s__rosidl_typesupport_fastrtps_c.cpython-310-x86_64-linux-gnu.so
[3.156s] -- Up-to-date symlink: /home/shared/projects/gultepe/cleaner_ws/install/explorer_interfaces/local/lib/python3.10/dist-packages/explorer_interfaces/explorer_interfaces_s__rosidl_typesupport_introspection_c.cpython-310-x86_64-linux-gnu.so
[3.156s] -- Up-to-date symlink: /home/shared/projects/gultepe/cleaner_ws/install/explorer_interfaces/local/lib/python3.10/dist-packages/explorer_interfaces/libexplorer_interfaces__rosidl_generator_py.so
[3.156s] -- Up-to-date symlink: /home/shared/projects/gultepe/cleaner_ws/install/explorer_interfaces/local/lib/python3.10/dist-packages/explorer_interfaces/explorer_interfaces_s__rosidl_typesupport_fastrtps_c.cpython-310-x86_64-linux-gnu.so
[3.157s] -- Up-to-date symlink: /home/shared/projects/gultepe/cleaner_ws/install/explorer_interfaces/local/lib/python3.10/dist-packages/explorer_interfaces/explorer_interfaces_s__rosidl_typesupport_introspection_c.cpython-310-x86_64-linux-gnu.so
[3.157s] -- Up-to-date symlink: /home/shared/projects/gultepe/cleaner_ws/install/explorer_interfaces/local/lib/python3.10/dist-packages/explorer_interfaces/explorer_interfaces_s__rosidl_typesupport_c.cpython-310-x86_64-linux-gnu.so
[3.158s] -- Up-to-date symlink: /home/shared/projects/gultepe/cleaner_ws/install/explorer_interfaces/share/explorer_interfaces/action/Wander.idl
[3.158s] -- Up-to-date symlink: /home/shared/projects/gultepe/cleaner_ws/install/explorer_interfaces/share/explorer_interfaces/action/Discover.idl
[3.158s] -- Up-to-date symlink: /home/shared/projects/gultepe/cleaner_ws/install/explorer_interfaces/share/explorer_interfaces/action/Wander.action
[3.158s] -- Up-to-date symlink: /home/shared/projects/gultepe/cleaner_ws/install/explorer_interfaces/share/explorer_interfaces/action/Discover.action
[3.158s] -- Up-to-date symlink: /home/shared/projects/gultepe/cleaner_ws/install/explorer_interfaces/share/ament_index/resource_index/package_run_dependencies/explorer_interfaces
[3.158s] -- Up-to-date symlink: /home/shared/projects/gultepe/cleaner_ws/install/explorer_interfaces/share/ament_index/resource_index/parent_prefix_path/explorer_interfaces
[3.158s] -- Up-to-date symlink: /home/shared/projects/gultepe/cleaner_ws/install/explorer_interfaces/share/explorer_interfaces/environment/ament_prefix_path.sh
[3.159s] -- Up-to-date symlink: /home/shared/projects/gultepe/cleaner_ws/install/explorer_interfaces/share/explorer_interfaces/environment/ament_prefix_path.dsv
[3.159s] -- Up-to-date symlink: /home/shared/projects/gultepe/cleaner_ws/install/explorer_interfaces/share/explorer_interfaces/environment/path.sh
[3.159s] -- Up-to-date symlink: /home/shared/projects/gultepe/cleaner_ws/install/explorer_interfaces/share/explorer_interfaces/environment/path.dsv
[3.159s] -- Up-to-date symlink: /home/shared/projects/gultepe/cleaner_ws/install/explorer_interfaces/share/explorer_interfaces/local_setup.bash
[3.159s] -- Up-to-date symlink: /home/shared/projects/gultepe/cleaner_ws/install/explorer_interfaces/share/explorer_interfaces/local_setup.sh
[3.159s] -- Up-to-date symlink: /home/shared/projects/gultepe/cleaner_ws/install/explorer_interfaces/share/explorer_interfaces/local_setup.zsh
[3.159s] -- Up-to-date symlink: /home/shared/projects/gultepe/cleaner_ws/install/explorer_interfaces/share/explorer_interfaces/local_setup.dsv
[3.159s] -- Symlinking: /home/shared/projects/gultepe/cleaner_ws/install/explorer_interfaces/share/explorer_interfaces/package.dsv
[3.159s] -- Up-to-date symlink: /home/shared/projects/gultepe/cleaner_ws/install/explorer_interfaces/share/ament_index/resource_index/packages/explorer_interfaces
[3.160s] -- Up-to-date symlink: /home/shared/projects/gultepe/cleaner_ws/install/explorer_interfaces/share/explorer_interfaces/cmake/rosidl_cmake-extras.cmake
[3.160s] -- Up-to-date symlink: /home/shared/projects/gultepe/cleaner_ws/install/explorer_interfaces/share/explorer_interfaces/cmake/ament_cmake_export_dependencies-extras.cmake
[3.160s] -- Up-to-date symlink: /home/shared/projects/gultepe/cleaner_ws/install/explorer_interfaces/share/explorer_interfaces/cmake/ament_cmake_export_include_directories-extras.cmake
[3.160s] -- Up-to-date symlink: /home/shared/projects/gultepe/cleaner_ws/install/explorer_interfaces/share/explorer_interfaces/cmake/ament_cmake_export_libraries-extras.cmake
[3.160s] -- Up-to-date symlink: /home/shared/projects/gultepe/cleaner_ws/install/explorer_interfaces/share/explorer_interfaces/cmake/ament_cmake_export_targets-extras.cmake
[3.160s] -- Up-to-date symlink: /home/shared/projects/gultepe/cleaner_ws/install/explorer_interfaces/share/explorer_interfaces/cmake/rosidl_cmake_export_typesupport_targets-extras.cmake
[3.160s] -- Up-to-date symlink: /home/shared/projects/gultepe/cleaner_ws/install/explorer_interfaces/share/explorer_interfaces/cmake/rosidl_cmake_export_typesupport_libraries-extras.cmake
[3.160s] -- Up-to-date symlink: /home/shared/projects/gultepe/cleaner_ws/install/explorer_interfaces/share/explorer_interfaces/cmake/explorer_interfacesConfig.cmake
[3.161s] -- Up-to-date symlink: /home/shared/projects/gultepe/cleaner_ws/install/explorer_interfaces/share/explorer_interfaces/cmake/explorer_interfacesConfig-version.cmake
[3.161s] -- Up-to-date symlink: /home/shared/projects/gultepe/cleaner_ws/install/explorer_interfaces/share/explorer_interfaces/package.xml
[3.161s] -- Up-to-date: /home/shared/projects/gultepe/cleaner_ws/install/explorer_interfaces/lib/libexplorer_interfaces__rosidl_generator_c.so
[3.161s] -- Up-to-date: /home/shared/projects/gultepe/cleaner_ws/install/explorer_interfaces/lib/libexplorer_interfaces__rosidl_typesupport_fastrtps_c.so
[3.162s] -- Up-to-date: /home/shared/projects/gultepe/cleaner_ws/install/explorer_interfaces/lib/libexplorer_interfaces__rosidl_typesupport_introspection_c.so
[3.162s] -- Up-to-date: /home/shared/projects/gultepe/cleaner_ws/install/explorer_interfaces/lib/libexplorer_interfaces__rosidl_typesupport_c.so
[3.162s] -- Up-to-date: /home/shared/projects/gultepe/cleaner_ws/install/explorer_interfaces/lib/libexplorer_interfaces__rosidl_typesupport_fastrtps_cpp.so
[3.162s] -- Up-to-date: /home/shared/projects/gultepe/cleaner_ws/install/explorer_interfaces/lib/libexplorer_interfaces__rosidl_typesupport_introspection_cpp.so
[3.162s] -- Up-to-date: /home/shared/projects/gultepe/cleaner_ws/install/explorer_interfaces/lib/libexplorer_interfaces__rosidl_typesupport_cpp.so
[3.162s] Listing '/home/shared/projects/gultepe/cleaner_ws/install/explorer_interfaces/local/lib/python3.10/dist-packages/explorer_interfaces'...
[3.163s] Listing '/home/shared/projects/gultepe/cleaner_ws/install/explorer_interfaces/local/lib/python3.10/dist-packages/explorer_interfaces/action'...
[3.163s] -- Up-to-date: /home/shared/projects/gultepe/cleaner_ws/install/explorer_interfaces/lib/libexplorer_interfaces__rosidl_generator_py.so
[3.163s] -- Up-to-date: /home/shared/projects/gultepe/cleaner_ws/install/explorer_interfaces/share/explorer_interfaces/cmake/export_explorer_interfaces__rosidl_generator_cExport.cmake
[3.163s] -- Up-to-date: /home/shared/projects/gultepe/cleaner_ws/install/explorer_interfaces/share/explorer_interfaces/cmake/export_explorer_interfaces__rosidl_generator_cExport-noconfig.cmake
[3.163s] -- Up-to-date: /home/shared/projects/gultepe/cleaner_ws/install/explorer_interfaces/share/explorer_interfaces/cmake/export_explorer_interfaces__rosidl_typesupport_fastrtps_cExport.cmake
[3.163s] -- Up-to-date: /home/shared/projects/gultepe/cleaner_ws/install/explorer_interfaces/share/explorer_interfaces/cmake/export_explorer_interfaces__rosidl_typesupport_fastrtps_cExport-noconfig.cmake
[3.163s] -- Up-to-date: /home/shared/projects/gultepe/cleaner_ws/install/explorer_interfaces/share/explorer_interfaces/cmake/explorer_interfaces__rosidl_typesupport_introspection_cExport.cmake
[3.164s] -- Up-to-date: /home/shared/projects/gultepe/cleaner_ws/install/explorer_interfaces/share/explorer_interfaces/cmake/explorer_interfaces__rosidl_typesupport_introspection_cExport-noconfig.cmake
[3.164s] -- Up-to-date: /home/shared/projects/gultepe/cleaner_ws/install/explorer_interfaces/share/explorer_interfaces/cmake/explorer_interfaces__rosidl_typesupport_cExport.cmake
[3.164s] -- Up-to-date: /home/shared/projects/gultepe/cleaner_ws/install/explorer_interfaces/share/explorer_interfaces/cmake/explorer_interfaces__rosidl_typesupport_cExport-noconfig.cmake
[3.164s] -- Up-to-date: /home/shared/projects/gultepe/cleaner_ws/install/explorer_interfaces/share/explorer_interfaces/cmake/export_explorer_interfaces__rosidl_generator_cppExport.cmake
[3.164s] -- Up-to-date: /home/shared/projects/gultepe/cleaner_ws/install/explorer_interfaces/share/explorer_interfaces/cmake/export_explorer_interfaces__rosidl_typesupport_fastrtps_cppExport.cmake
[3.164s] -- Up-to-date: /home/shared/projects/gultepe/cleaner_ws/install/explorer_interfaces/share/explorer_interfaces/cmake/export_explorer_interfaces__rosidl_typesupport_fastrtps_cppExport-noconfig.cmake
[3.164s] -- Up-to-date: /home/shared/projects/gultepe/cleaner_ws/install/explorer_interfaces/share/explorer_interfaces/cmake/explorer_interfaces__rosidl_typesupport_introspection_cppExport.cmake
[3.165s] -- Up-to-date: /home/shared/projects/gultepe/cleaner_ws/install/explorer_interfaces/share/explorer_interfaces/cmake/explorer_interfaces__rosidl_typesupport_introspection_cppExport-noconfig.cmake
[3.165s] -- Up-to-date: /home/shared/projects/gultepe/cleaner_ws/install/explorer_interfaces/share/explorer_interfaces/cmake/explorer_interfaces__rosidl_typesupport_cppExport.cmake
[3.165s] -- Up-to-date: /home/shared/projects/gultepe/cleaner_ws/install/explorer_interfaces/share/explorer_interfaces/cmake/explorer_interfaces__rosidl_typesupport_cppExport-noconfig.cmake
[3.166s] -- Up-to-date: /home/shared/projects/gultepe/cleaner_ws/install/explorer_interfaces/share/explorer_interfaces/cmake/export_explorer_interfaces__rosidl_generator_pyExport.cmake
[3.167s] -- Up-to-date: /home/shared/projects/gultepe/cleaner_ws/install/explorer_interfaces/share/explorer_interfaces/cmake/export_explorer_interfaces__rosidl_generator_pyExport-noconfig.cmake
[3.523s] Invoked command in '/home/shared/projects/gultepe/cleaner_ws/build/explorer_interfaces' returned '0': CMAKE_PREFIX_PATH=${CMAKE_PREFIX_PATH}:/home/tunaprogrammer/projects/gultepe/cleaner_ws/install/explorer_wanderer:/home/tunaprogrammer/projects/gultepe/cleaner_ws/install/explorer_navigation2:/home/tunaprogrammer/projects/gultepe/cleaner_ws/install/explorer_map_utils:/home/tunaprogrammer/projects/gultepe/cleaner_ws/install/explorer_bringup:/home/tunaprogrammer/projects/gultepe/cleaner_ws/install/bno055:/home/tunaprogrammer/projects/gultepe/humble_ws/install/jetpack:/home/tunaprogrammer/projects/gultepe/humble_ws/install/python_pkg:/home/tunaprogrammer/projects/gultepe/humble_ws/install/catcher:/opt/ros/humble /usr/bin/cmake --install /home/shared/projects/gultepe/cleaner_ws/build/explorer_interfaces
