[6.046s] Invoking command in '/home/shared/projects/gultepe/cleaner_ws/src/ros2_explorer/explorer_wanderer': PYTHONPATH=/home/shared/projects/gultepe/cleaner_ws/build/explorer_wanderer/prefix_override:/home/shared/projects/gultepe/cleaner_ws/install/explorer_wanderer/lib/python3.10/site-packages:${PYTHONPATH} /usr/bin/python3 setup.py egg_info --egg-base ../../../build/explorer_wanderer build --build-base /home/shared/projects/gultepe/cleaner_ws/build/explorer_wanderer/build install --record /home/shared/projects/gultepe/cleaner_ws/build/explorer_wanderer/install.log --install-scripts $base/lib/explorer_wanderer --single-version-externally-managed
[6.980s] /home/tunaprogrammer/.local/lib/python3.10/site-packages/setuptools/dist.py:717: UserWarning: Usage of dash-separated 'script-dir' will not be supported in future versions. Please use the underscore name 'script_dir' instead
[6.982s]   warnings.warn(
[7.106s] running egg_info
[7.111s] writing ../../../build/explorer_wanderer/explorer_wanderer.egg-info/PKG-INFO
[7.115s] writing dependency_links to ../../../build/explorer_wanderer/explorer_wanderer.egg-info/dependency_links.txt
[7.119s] writing entry points to ../../../build/explorer_wanderer/explorer_wanderer.egg-info/entry_points.txt
[7.120s] writing requirements to ../../../build/explorer_wanderer/explorer_wanderer.egg-info/requires.txt
[7.121s] writing top-level names to ../../../build/explorer_wanderer/explorer_wanderer.egg-info/top_level.txt
[7.125s] reading manifest file '../../../build/explorer_wanderer/explorer_wanderer.egg-info/SOURCES.txt'
[7.127s] writing manifest file '../../../build/explorer_wanderer/explorer_wanderer.egg-info/SOURCES.txt'
[7.127s] running build
[7.127s] running build_py
[7.128s] running install
[7.142s] running install_lib
[7.146s] running install_data
[7.146s] running install_egg_info
[7.146s] removing '/home/shared/projects/gultepe/cleaner_ws/install/explorer_wanderer/lib/python3.10/site-packages/explorer_wanderer-0.0.0-py3.10.egg-info' (and everything under it)
[7.151s] Copying ../../../build/explorer_wanderer/explorer_wanderer.egg-info to /home/shared/projects/gultepe/cleaner_ws/install/explorer_wanderer/lib/python3.10/site-packages/explorer_wanderer-0.0.0-py3.10.egg-info
[7.157s] running install_scripts
[7.254s] Installing discoverer_server script to /home/shared/projects/gultepe/cleaner_ws/install/explorer_wanderer/lib/explorer_wanderer
[7.254s] Installing wanderer script to /home/shared/projects/gultepe/cleaner_ws/install/explorer_wanderer/lib/explorer_wanderer
[7.255s] Installing wanderer_server script to /home/shared/projects/gultepe/cleaner_ws/install/explorer_wanderer/lib/explorer_wanderer
[7.255s] writing list of installed files to '/home/shared/projects/gultepe/cleaner_ws/build/explorer_wanderer/install.log'
[7.556s] Invoked command in '/home/shared/projects/gultepe/cleaner_ws/src/ros2_explorer/explorer_wanderer' returned '0': PYTHONPATH=/home/shared/projects/gultepe/cleaner_ws/build/explorer_wanderer/prefix_override:/home/shared/projects/gultepe/cleaner_ws/install/explorer_wanderer/lib/python3.10/site-packages:${PYTHONPATH} /usr/bin/python3 setup.py egg_info --egg-base ../../../build/explorer_wanderer build --build-base /home/shared/projects/gultepe/cleaner_ws/build/explorer_wanderer/build install --record /home/shared/projects/gultepe/cleaner_ws/build/explorer_wanderer/install.log --install-scripts $base/lib/explorer_wanderer --single-version-externally-managed
