[0.799s] Invoking command in '/home/shared/projects/gultepe/cleaner_ws/build/rplidar_ros': CMAKE_PREFIX_PATH=${CMAKE_PREFIX_PATH}:/home/tunaprogrammer/projects/gultepe/cleaner_ws/install/bno055:/home/tunaprogrammer/projects/gultepe/humble_ws/install/jetpack:/home/tunaprogrammer/projects/gultepe/humble_ws/install/python_pkg:/home/tunaprogrammer/projects/gultepe/humble_ws/install/catcher:/opt/ros/humble /usr/bin/cmake /home/shared/projects/gultepe/cleaner_ws/src/rplidar_ros -DCMAKE_INSTALL_PREFIX=/home/shared/projects/gultepe/cleaner_ws/install/rplidar_ros
[0.817s] -- Found ament_cmake: 1.3.6 (/opt/ros/humble/share/ament_cmake/cmake)
[1.076s] -- Override CMake install command with custom implementation using symlinks instead of copying resources
[1.089s] -- Found rclcpp: 16.0.7 (/opt/ros/humble/share/rclcpp/cmake)
[1.169s] -- Found rosidl_generator_c: 3.1.5 (/opt/ros/humble/share/rosidl_generator_c/cmake)
[1.179s] -- Found rosidl_adapter: 3.1.5 (/opt/ros/humble/share/rosidl_adapter/cmake)
[1.199s] -- Found rosidl_generator_cpp: 3.1.5 (/opt/ros/humble/share/rosidl_generator_cpp/cmake)
[1.231s] -- Using all available rosidl_typesupport_c: rosidl_typesupport_fastrtps_c;rosidl_typesupport_introspection_c
[1.277s] -- Using all available rosidl_typesupport_cpp: rosidl_typesupport_fastrtps_cpp;rosidl_typesupport_introspection_cpp
[1.438s] -- Found rmw_implementation_cmake: 6.1.1 (/opt/ros/humble/share/rmw_implementation_cmake/cmake)
[1.444s] -- Found rmw_fastrtps_cpp: 6.2.5 (/opt/ros/humble/share/rmw_fastrtps_cpp/cmake)
[1.749s] -- Using RMW implementation 'rmw_fastrtps_cpp' as default
[2.115s] -- Found sensor_msgs: 4.2.3 (/opt/ros/humble/share/sensor_msgs/cmake)
[2.372s] -- Found std_srvs: 4.2.3 (/opt/ros/humble/share/std_srvs/cmake)
[2.534s] -- Configuring done
[2.575s] -- Generating done
[2.578s] -- Build files have been written to: /home/shared/projects/gultepe/cleaner_ws/build/rplidar_ros
[2.592s] Invoked command in '/home/shared/projects/gultepe/cleaner_ws/build/rplidar_ros' returned '0': CMAKE_PREFIX_PATH=${CMAKE_PREFIX_PATH}:/home/tunaprogrammer/projects/gultepe/cleaner_ws/install/bno055:/home/tunaprogrammer/projects/gultepe/humble_ws/install/jetpack:/home/tunaprogrammer/projects/gultepe/humble_ws/install/python_pkg:/home/tunaprogrammer/projects/gultepe/humble_ws/install/catcher:/opt/ros/humble /usr/bin/cmake /home/shared/projects/gultepe/cleaner_ws/src/rplidar_ros -DCMAKE_INSTALL_PREFIX=/home/shared/projects/gultepe/cleaner_ws/install/rplidar_ros
[2.594s] Invoking command in '/home/shared/projects/gultepe/cleaner_ws/build/rplidar_ros': CMAKE_PREFIX_PATH=${CMAKE_PREFIX_PATH}:/home/tunaprogrammer/projects/gultepe/cleaner_ws/install/bno055:/home/tunaprogrammer/projects/gultepe/humble_ws/install/jetpack:/home/tunaprogrammer/projects/gultepe/humble_ws/install/python_pkg:/home/tunaprogrammer/projects/gultepe/humble_ws/install/catcher:/opt/ros/humble /usr/bin/cmake --build /home/shared/projects/gultepe/cleaner_ws/build/rplidar_ros -- -j12 -l12
[2.662s] [35m[1mConsolidate compiler generated dependencies of target rplidar_client[0m
[2.669s] [35m[1mConsolidate compiler generated dependencies of target rplidar_composition[0m
[2.670s] [35m[1mConsolidate compiler generated dependencies of target rplidar_node[0m
[2.710s] [  5%] Built target rplidar_client
[2.732s] [100%] Built target rplidar_composition
[2.732s] [100%] Built target rplidar_node
[2.750s] Invoked command in '/home/shared/projects/gultepe/cleaner_ws/build/rplidar_ros' returned '0': CMAKE_PREFIX_PATH=${CMAKE_PREFIX_PATH}:/home/tunaprogrammer/projects/gultepe/cleaner_ws/install/bno055:/home/tunaprogrammer/projects/gultepe/humble_ws/install/jetpack:/home/tunaprogrammer/projects/gultepe/humble_ws/install/python_pkg:/home/tunaprogrammer/projects/gultepe/humble_ws/install/catcher:/opt/ros/humble /usr/bin/cmake --build /home/shared/projects/gultepe/cleaner_ws/build/rplidar_ros -- -j12 -l12
[2.867s] Invoking command in '/home/shared/projects/gultepe/cleaner_ws/build/rplidar_ros': CMAKE_PREFIX_PATH=${CMAKE_PREFIX_PATH}:/home/tunaprogrammer/projects/gultepe/cleaner_ws/install/bno055:/home/tunaprogrammer/projects/gultepe/humble_ws/install/jetpack:/home/tunaprogrammer/projects/gultepe/humble_ws/install/python_pkg:/home/tunaprogrammer/projects/gultepe/humble_ws/install/catcher:/opt/ros/humble /usr/bin/cmake --install /home/shared/projects/gultepe/cleaner_ws/build/rplidar_ros
[2.877s] -- Install configuration: ""
[2.878s] -- Execute custom install script
[2.880s] -- Up-to-date symlink: /home/shared/projects/gultepe/cleaner_ws/install/rplidar_ros/share/rplidar_ros/launch/rplidar_a1_launch.py
[2.881s] -- Up-to-date symlink: /home/shared/projects/gultepe/cleaner_ws/install/rplidar_ros/share/rplidar_ros/launch/rplidar_a2m12_launch.py
[2.881s] -- Up-to-date symlink: /home/shared/projects/gultepe/cleaner_ws/install/rplidar_ros/share/rplidar_ros/launch/rplidar_a2m7_launch.py
[2.882s] -- Up-to-date symlink: /home/shared/projects/gultepe/cleaner_ws/install/rplidar_ros/share/rplidar_ros/launch/rplidar_a2m8_launch.py
[2.882s] -- Up-to-date symlink: /home/shared/projects/gultepe/cleaner_ws/install/rplidar_ros/share/rplidar_ros/launch/rplidar_a3_launch.py
[2.883s] -- Up-to-date symlink: /home/shared/projects/gultepe/cleaner_ws/install/rplidar_ros/share/rplidar_ros/launch/rplidar_c1_launch.py
[2.883s] -- Up-to-date symlink: /home/shared/projects/gultepe/cleaner_ws/install/rplidar_ros/share/rplidar_ros/launch/rplidar_s1_launch.py
[2.884s] -- Up-to-date symlink: /home/shared/projects/gultepe/cleaner_ws/install/rplidar_ros/share/rplidar_ros/launch/rplidar_s1_tcp_launch.py
[2.885s] -- Up-to-date symlink: /home/shared/projects/gultepe/cleaner_ws/install/rplidar_ros/share/rplidar_ros/launch/rplidar_s2_launch.py
[2.885s] -- Up-to-date symlink: /home/shared/projects/gultepe/cleaner_ws/install/rplidar_ros/share/rplidar_ros/launch/rplidar_s2e_launch.py
[2.886s] -- Up-to-date symlink: /home/shared/projects/gultepe/cleaner_ws/install/rplidar_ros/share/rplidar_ros/launch/rplidar_s3_launch.py
[2.886s] -- Up-to-date symlink: /home/shared/projects/gultepe/cleaner_ws/install/rplidar_ros/share/rplidar_ros/launch/rplidar_t1_launch.py
[2.886s] -- Up-to-date symlink: /home/shared/projects/gultepe/cleaner_ws/install/rplidar_ros/share/rplidar_ros/launch/view_rplidar_a1_launch.py
[2.887s] -- Up-to-date symlink: /home/shared/projects/gultepe/cleaner_ws/install/rplidar_ros/share/rplidar_ros/launch/view_rplidar_a2m12_launch.py
[2.887s] -- Up-to-date symlink: /home/shared/projects/gultepe/cleaner_ws/install/rplidar_ros/share/rplidar_ros/launch/view_rplidar_a2m7_launch.py
[2.888s] -- Up-to-date symlink: /home/shared/projects/gultepe/cleaner_ws/install/rplidar_ros/share/rplidar_ros/launch/view_rplidar_a2m8_launch.py
[2.888s] -- Up-to-date symlink: /home/shared/projects/gultepe/cleaner_ws/install/rplidar_ros/share/rplidar_ros/launch/view_rplidar_a3_launch.py
[2.888s] -- Up-to-date symlink: /home/shared/projects/gultepe/cleaner_ws/install/rplidar_ros/share/rplidar_ros/launch/view_rplidar_c1_launch.py
[2.889s] -- Up-to-date symlink: /home/shared/projects/gultepe/cleaner_ws/install/rplidar_ros/share/rplidar_ros/launch/view_rplidar_s1_launch.py
[2.889s] -- Up-to-date symlink: /home/shared/projects/gultepe/cleaner_ws/install/rplidar_ros/share/rplidar_ros/launch/view_rplidar_s1_tcp_launch.py
[2.890s] -- Up-to-date symlink: /home/shared/projects/gultepe/cleaner_ws/install/rplidar_ros/share/rplidar_ros/launch/view_rplidar_s2_launch.py
[2.890s] -- Up-to-date symlink: /home/shared/projects/gultepe/cleaner_ws/install/rplidar_ros/share/rplidar_ros/launch/view_rplidar_s2e_launch.py
[2.890s] -- Up-to-date symlink: /home/shared/projects/gultepe/cleaner_ws/install/rplidar_ros/share/rplidar_ros/launch/view_rplidar_s3_launch.py
[2.891s] -- Up-to-date symlink: /home/shared/projects/gultepe/cleaner_ws/install/rplidar_ros/share/rplidar_ros/launch/view_rplidar_t1_launch.py
[2.893s] -- Up-to-date symlink: /home/shared/projects/gultepe/cleaner_ws/install/rplidar_ros/share/rplidar_ros/rviz/rplidar_ros.rviz
[2.894s] -- Up-to-date symlink: /home/shared/projects/gultepe/cleaner_ws/install/rplidar_ros/lib/rplidar_ros/rplidar_node
[2.894s] -- Up-to-date symlink: /home/shared/projects/gultepe/cleaner_ws/install/rplidar_ros/lib/rplidar_ros/rplidar_composition
[2.895s] -- Up-to-date symlink: /home/shared/projects/gultepe/cleaner_ws/install/rplidar_ros/lib/rplidar_ros/rplidar_client
[2.895s] -- Up-to-date symlink: /home/shared/projects/gultepe/cleaner_ws/install/rplidar_ros/share/ament_index/resource_index/package_run_dependencies/rplidar_ros
[2.896s] -- Up-to-date symlink: /home/shared/projects/gultepe/cleaner_ws/install/rplidar_ros/share/ament_index/resource_index/parent_prefix_path/rplidar_ros
[2.897s] -- Up-to-date symlink: /home/shared/projects/gultepe/cleaner_ws/install/rplidar_ros/share/rplidar_ros/environment/ament_prefix_path.sh
[2.897s] -- Up-to-date symlink: /home/shared/projects/gultepe/cleaner_ws/install/rplidar_ros/share/rplidar_ros/environment/ament_prefix_path.dsv
[2.898s] -- Up-to-date symlink: /home/shared/projects/gultepe/cleaner_ws/install/rplidar_ros/share/rplidar_ros/environment/path.sh
[2.899s] -- Up-to-date symlink: /home/shared/projects/gultepe/cleaner_ws/install/rplidar_ros/share/rplidar_ros/environment/path.dsv
[2.900s] -- Up-to-date symlink: /home/shared/projects/gultepe/cleaner_ws/install/rplidar_ros/share/rplidar_ros/local_setup.bash
[2.900s] -- Up-to-date symlink: /home/shared/projects/gultepe/cleaner_ws/install/rplidar_ros/share/rplidar_ros/local_setup.sh
[2.901s] -- Up-to-date symlink: /home/shared/projects/gultepe/cleaner_ws/install/rplidar_ros/share/rplidar_ros/local_setup.zsh
[2.901s] -- Up-to-date symlink: /home/shared/projects/gultepe/cleaner_ws/install/rplidar_ros/share/rplidar_ros/local_setup.dsv
[2.902s] -- Symlinking: /home/shared/projects/gultepe/cleaner_ws/install/rplidar_ros/share/rplidar_ros/package.dsv
[2.917s] -- Up-to-date symlink: /home/shared/projects/gultepe/cleaner_ws/install/rplidar_ros/share/ament_index/resource_index/packages/rplidar_ros
[2.918s] -- Up-to-date symlink: /home/shared/projects/gultepe/cleaner_ws/install/rplidar_ros/share/rplidar_ros/cmake/ament_cmake_export_dependencies-extras.cmake
[2.918s] -- Up-to-date symlink: /home/shared/projects/gultepe/cleaner_ws/install/rplidar_ros/share/rplidar_ros/cmake/ament_cmake_export_include_directories-extras.cmake
[2.919s] -- Up-to-date symlink: /home/shared/projects/gultepe/cleaner_ws/install/rplidar_ros/share/rplidar_ros/cmake/rplidar_rosConfig.cmake
[2.919s] -- Up-to-date symlink: /home/shared/projects/gultepe/cleaner_ws/install/rplidar_ros/share/rplidar_ros/cmake/rplidar_rosConfig-version.cmake
[2.920s] -- Up-to-date symlink: /home/shared/projects/gultepe/cleaner_ws/install/rplidar_ros/share/rplidar_ros/package.xml
[2.925s] Invoked command in '/home/shared/projects/gultepe/cleaner_ws/build/rplidar_ros' returned '0': CMAKE_PREFIX_PATH=${CMAKE_PREFIX_PATH}:/home/tunaprogrammer/projects/gultepe/cleaner_ws/install/bno055:/home/tunaprogrammer/projects/gultepe/humble_ws/install/jetpack:/home/tunaprogrammer/projects/gultepe/humble_ws/install/python_pkg:/home/tunaprogrammer/projects/gultepe/humble_ws/install/catcher:/opt/ros/humble /usr/bin/cmake --install /home/shared/projects/gultepe/cleaner_ws/build/rplidar_ros
