[0.000000] (-) TimerEvent: {}
[0.000171] (cleaner_description) JobQueued: {'identifier': 'cleaner_description', 'dependencies': OrderedDict()}
[0.000223] (cleaner_description) JobStarted: {'identifier': 'cleaner_description'}
[0.098666] (-) TimerEvent: {}
[0.132251] (cleaner_description) JobProgress: {'identifier': 'cleaner_description', 'progress': 'cmake'}
[0.133172] (cleaner_description) JobProgress: {'identifier': 'cleaner_description', 'progress': 'build'}
[0.134505] (cleaner_description) Command: {'cmd': ['/usr/bin/cmake', '--build', '/home/shared/projects/gultepe/cleaner_ws/build/cleaner_description', '--', '-j12', '-l12'], 'cwd': '/home/shared/projects/gultepe/cleaner_ws/build/cleaner_description', 'env': OrderedDict([('USER', 'tunaprogrammer'), ('LC_TIME', 'tr_TR.UTF-8'), ('XDG_SESSION_TYPE', 'wayland'), ('SHLVL', '1'), ('LD_LIBRARY_PATH', '/home/tunaprogrammer/projects/gultepe/humble_ws/install/test_interfaces/lib:/opt/ros/humble/opt/rviz_ogre_vendor/lib:/opt/ros/humble/lib/x86_64-linux-gnu:/opt/ros/humble/lib'), ('OLDPWD', '/home/tunaprogrammer/projects/gultepe/cleaner_ws/src'), ('HOME', '/home/tunaprogrammer'), ('DESKTOP_SESSION', 'ubuntu'), ('GTK_MODULES', 'gail:atk-bridge'), ('GNOME_SHELL_SESSION_MODE', 'ubuntu'), ('ROS_PYTHON_VERSION', '3'), ('MANAGERPID', '1758'), ('LC_MONETARY', 'tr_TR.UTF-8'), ('SYSTEMD_EXEC_PID', '2131'), ('DBUS_SESSION_BUS_ADDRESS', 'unix:path=/run/user/1000/bus'), ('GIO_LAUNCHED_DESKTOP_FILE_PID', '4150'), ('COLORTERM', 'truecolor'), ('TERMINATOR_DBUS_NAME', 'net.tenshu.Terminator25ef4b219e3b005583550f2b0f9f990c3'), ('WAYLAND_DISPLAY', 'wayland-0'), ('ROS_DISTRO', 'humble'), ('COLCON_PREFIX_PATH', '/home/tunaprogrammer/projects/gultepe/cleaner_ws/install:/home/tunaprogrammer/projects/gultepe/humble_ws/install'), ('LOGNAME', 'tunaprogrammer'), ('_', '/usr/bin/colcon'), ('JOURNAL_STREAM', '8:38114'), ('XDG_SESSION_CLASS', 'user'), ('ROS_VERSION', '2'), ('TERM', 'xterm-256color'), ('USERNAME', 'tunaprogrammer'), ('GNOME_DESKTOP_SESSION_ID', 'this-is-deprecated'), ('ROS_LOCALHOST_ONLY', '0'), ('PATH', '/home/tunaprogrammer/applications:/home/tunaprogrammer/applications:/opt/ros/humble/bin:/home/tunaprogrammer/applications:/usr/local/sbin:/usr/local/bin:/usr/sbin:/usr/bin:/sbin:/bin:/usr/games:/usr/local/games:/snap/bin:/snap/bin'), ('SESSION_MANAGER', 'local/ubuntuna:@/tmp/.ICE-unix/1889,unix/ubuntuna:/tmp/.ICE-unix/1889'), ('INVOCATION_ID', 'ed73ccdb80f34a90816af994f9edc2ef'), ('XDG_MENU_PREFIX', 'gnome-'), ('GNOME_SETUP_DISPLAY', ':1'), ('XDG_RUNTIME_DIR', '/run/user/1000'), ('LC_ADDRESS', 'tr_TR.UTF-8'), ('DISPLAY', ':0'), ('LANG', 'en_US.UTF-8'), ('XDG_CURRENT_DESKTOP', 'ubuntu:GNOME'), ('TERMINATOR_DBUS_PATH', '/net/tenshu/Terminator2'), ('LC_TELEPHONE', 'tr_TR.UTF-8'), ('IBUS_DISABLE_SNOOPER', '1'), ('XMODIFIERS', '@im=ibus'), ('XDG_SESSION_DESKTOP', 'ubuntu'), ('XAUTHORITY', '/run/user/1000/.mutter-Xwaylandauth.1BOCF2'), ('LS_COLORS', 'ow=01;33:ow=01;33:ow=01;33'), ('SSH_AUTH_SOCK', '/run/user/1000/keyring/ssh'), ('SSH_AGENT_LAUNCHER', 'gnome-keyring'), ('AMENT_PREFIX_PATH', '/home/tunaprogrammer/projects/gultepe/cleaner_ws/install/cleaner_description:/home/tunaprogrammer/projects/gultepe/humble_ws/install/robot_arise:/home/tunaprogrammer/projects/gultepe/humble_ws/install/jetpack:/home/tunaprogrammer/projects/gultepe/humble_ws/install/test_interfaces:/home/tunaprogrammer/projects/gultepe/humble_ws/install/python_pkg:/home/tunaprogrammer/projects/gultepe/humble_ws/install/catcher:/opt/ros/humble'), ('TERMINATOR_UUID', 'urn:uuid:f499d8d9-ec70-454c-86a3-b02a6940da0e'), ('SHELL', '/usr/bin/zsh'), ('LC_NAME', 'tr_TR.UTF-8'), ('QT_ACCESSIBILITY', '1'), ('GDMSESSION', 'ubuntu'), ('LC_MEASUREMENT', 'tr_TR.UTF-8'), ('LC_IDENTIFICATION', 'tr_TR.UTF-8'), ('QT_IM_MODULE', 'ibus'), ('PWD', '/home/shared/projects/gultepe/cleaner_ws/build/cleaner_description'), ('XDG_DATA_DIRS', '/usr/local/share/:/usr/share/:/var/lib/snapd/desktop'), ('KEYTIMEOUT', '1'), ('LC_NUMERIC', 'tr_TR.UTF-8'), ('PYTHONPATH', '/home/tunaprogrammer/projects/gultepe/humble_ws/install/jetpack/lib/python3.10/site-packages:/home/tunaprogrammer/projects/gultepe/humble_ws/install/test_interfaces/local/lib/python3.10/dist-packages:/home/tunaprogrammer/projects/gultepe/humble_ws/install/python_pkg/lib/python3.10/site-packages:/home/shared/projects/gultepe/humble_ws/build/catcher:/home/tunaprogrammer/projects/gultepe/humble_ws/install/catcher/lib/python3.10/site-packages:/opt/ros/humble/lib/python3.10/site-packages:/opt/ros/humble/local/lib/python3.10/dist-packages'), ('LC_PAPER', 'tr_TR.UTF-8'), ('COLCON', '1'), ('VTE_VERSION', '6800'), ('CMAKE_PREFIX_PATH', '/home/tunaprogrammer/projects/gultepe/cleaner_ws/install/cleaner_description:/home/tunaprogrammer/projects/gultepe/humble_ws/install/robot_arise:/home/tunaprogrammer/projects/gultepe/humble_ws/install/test_interfaces:/home/tunaprogrammer/projects/gultepe/humble_ws/install/jetpack:/home/tunaprogrammer/projects/gultepe/humble_ws/install/python_pkg:/home/tunaprogrammer/projects/gultepe/humble_ws/install/catcher:/opt/ros/humble')]), 'shell': False}
[0.176737] (cleaner_description) StdoutLine: {'line': b'-- Found ament_cmake: 1.3.6 (/opt/ros/humble/share/ament_cmake/cmake)\n'}
[0.198906] (-) TimerEvent: {}
[0.299651] (-) TimerEvent: {}
[0.400236] (-) TimerEvent: {}
[0.500981] (-) TimerEvent: {}
[0.601618] (-) TimerEvent: {}
[0.702304] (-) TimerEvent: {}
[0.802901] (-) TimerEvent: {}
[0.903616] (-) TimerEvent: {}
[1.004316] (-) TimerEvent: {}
[1.013804] (cleaner_description) StdoutLine: {'line': b'-- Configuring done\n'}
[1.022525] (cleaner_description) StdoutLine: {'line': b'-- Generating done\n'}
[1.025906] (cleaner_description) StdoutLine: {'line': b'-- Build files have been written to: /home/shared/projects/gultepe/cleaner_ws/build/cleaner_description\n'}
[1.103877] (cleaner_description) CommandEnded: {'returncode': 0}
[1.105950] (-) TimerEvent: {}
[1.188090] (cleaner_description) JobProgress: {'identifier': 'cleaner_description', 'progress': 'install'}
[1.206176] (-) TimerEvent: {}
[1.221372] (cleaner_description) Command: {'cmd': ['/usr/bin/cmake', '--install', '/home/shared/projects/gultepe/cleaner_ws/build/cleaner_description'], 'cwd': '/home/shared/projects/gultepe/cleaner_ws/build/cleaner_description', 'env': OrderedDict([('USER', 'tunaprogrammer'), ('LC_TIME', 'tr_TR.UTF-8'), ('XDG_SESSION_TYPE', 'wayland'), ('SHLVL', '1'), ('LD_LIBRARY_PATH', '/home/tunaprogrammer/projects/gultepe/humble_ws/install/test_interfaces/lib:/opt/ros/humble/opt/rviz_ogre_vendor/lib:/opt/ros/humble/lib/x86_64-linux-gnu:/opt/ros/humble/lib'), ('OLDPWD', '/home/tunaprogrammer/projects/gultepe/cleaner_ws/src'), ('HOME', '/home/tunaprogrammer'), ('DESKTOP_SESSION', 'ubuntu'), ('GTK_MODULES', 'gail:atk-bridge'), ('GNOME_SHELL_SESSION_MODE', 'ubuntu'), ('ROS_PYTHON_VERSION', '3'), ('MANAGERPID', '1758'), ('LC_MONETARY', 'tr_TR.UTF-8'), ('SYSTEMD_EXEC_PID', '2131'), ('DBUS_SESSION_BUS_ADDRESS', 'unix:path=/run/user/1000/bus'), ('GIO_LAUNCHED_DESKTOP_FILE_PID', '4150'), ('COLORTERM', 'truecolor'), ('TERMINATOR_DBUS_NAME', 'net.tenshu.Terminator25ef4b219e3b005583550f2b0f9f990c3'), ('WAYLAND_DISPLAY', 'wayland-0'), ('ROS_DISTRO', 'humble'), ('COLCON_PREFIX_PATH', '/home/tunaprogrammer/projects/gultepe/cleaner_ws/install:/home/tunaprogrammer/projects/gultepe/humble_ws/install'), ('LOGNAME', 'tunaprogrammer'), ('_', '/usr/bin/colcon'), ('JOURNAL_STREAM', '8:38114'), ('XDG_SESSION_CLASS', 'user'), ('ROS_VERSION', '2'), ('TERM', 'xterm-256color'), ('USERNAME', 'tunaprogrammer'), ('GNOME_DESKTOP_SESSION_ID', 'this-is-deprecated'), ('ROS_LOCALHOST_ONLY', '0'), ('PATH', '/home/tunaprogrammer/applications:/home/tunaprogrammer/applications:/opt/ros/humble/bin:/home/tunaprogrammer/applications:/usr/local/sbin:/usr/local/bin:/usr/sbin:/usr/bin:/sbin:/bin:/usr/games:/usr/local/games:/snap/bin:/snap/bin'), ('SESSION_MANAGER', 'local/ubuntuna:@/tmp/.ICE-unix/1889,unix/ubuntuna:/tmp/.ICE-unix/1889'), ('INVOCATION_ID', 'ed73ccdb80f34a90816af994f9edc2ef'), ('XDG_MENU_PREFIX', 'gnome-'), ('GNOME_SETUP_DISPLAY', ':1'), ('XDG_RUNTIME_DIR', '/run/user/1000'), ('LC_ADDRESS', 'tr_TR.UTF-8'), ('DISPLAY', ':0'), ('LANG', 'en_US.UTF-8'), ('XDG_CURRENT_DESKTOP', 'ubuntu:GNOME'), ('TERMINATOR_DBUS_PATH', '/net/tenshu/Terminator2'), ('LC_TELEPHONE', 'tr_TR.UTF-8'), ('IBUS_DISABLE_SNOOPER', '1'), ('XMODIFIERS', '@im=ibus'), ('XDG_SESSION_DESKTOP', 'ubuntu'), ('XAUTHORITY', '/run/user/1000/.mutter-Xwaylandauth.1BOCF2'), ('LS_COLORS', 'ow=01;33:ow=01;33:ow=01;33'), ('SSH_AUTH_SOCK', '/run/user/1000/keyring/ssh'), ('SSH_AGENT_LAUNCHER', 'gnome-keyring'), ('AMENT_PREFIX_PATH', '/home/tunaprogrammer/projects/gultepe/cleaner_ws/install/cleaner_description:/home/tunaprogrammer/projects/gultepe/humble_ws/install/robot_arise:/home/tunaprogrammer/projects/gultepe/humble_ws/install/jetpack:/home/tunaprogrammer/projects/gultepe/humble_ws/install/test_interfaces:/home/tunaprogrammer/projects/gultepe/humble_ws/install/python_pkg:/home/tunaprogrammer/projects/gultepe/humble_ws/install/catcher:/opt/ros/humble'), ('TERMINATOR_UUID', 'urn:uuid:f499d8d9-ec70-454c-86a3-b02a6940da0e'), ('SHELL', '/usr/bin/zsh'), ('LC_NAME', 'tr_TR.UTF-8'), ('QT_ACCESSIBILITY', '1'), ('GDMSESSION', 'ubuntu'), ('LC_MEASUREMENT', 'tr_TR.UTF-8'), ('LC_IDENTIFICATION', 'tr_TR.UTF-8'), ('QT_IM_MODULE', 'ibus'), ('PWD', '/home/shared/projects/gultepe/cleaner_ws/build/cleaner_description'), ('XDG_DATA_DIRS', '/usr/local/share/:/usr/share/:/var/lib/snapd/desktop'), ('KEYTIMEOUT', '1'), ('LC_NUMERIC', 'tr_TR.UTF-8'), ('PYTHONPATH', '/home/tunaprogrammer/projects/gultepe/humble_ws/install/jetpack/lib/python3.10/site-packages:/home/tunaprogrammer/projects/gultepe/humble_ws/install/test_interfaces/local/lib/python3.10/dist-packages:/home/tunaprogrammer/projects/gultepe/humble_ws/install/python_pkg/lib/python3.10/site-packages:/home/shared/projects/gultepe/humble_ws/build/catcher:/home/tunaprogrammer/projects/gultepe/humble_ws/install/catcher/lib/python3.10/site-packages:/opt/ros/humble/lib/python3.10/site-packages:/opt/ros/humble/local/lib/python3.10/dist-packages'), ('LC_PAPER', 'tr_TR.UTF-8'), ('COLCON', '1'), ('VTE_VERSION', '6800'), ('CMAKE_PREFIX_PATH', '/home/tunaprogrammer/projects/gultepe/cleaner_ws/install/cleaner_description:/home/tunaprogrammer/projects/gultepe/humble_ws/install/robot_arise:/home/tunaprogrammer/projects/gultepe/humble_ws/install/test_interfaces:/home/tunaprogrammer/projects/gultepe/humble_ws/install/jetpack:/home/tunaprogrammer/projects/gultepe/humble_ws/install/python_pkg:/home/tunaprogrammer/projects/gultepe/humble_ws/install/catcher:/opt/ros/humble')]), 'shell': False}
[1.249398] (cleaner_description) StdoutLine: {'line': b'-- Install configuration: ""\n'}
[1.250161] (cleaner_description) StdoutLine: {'line': b'-- Up-to-date: /home/shared/projects/gultepe/cleaner_ws/install/cleaner_description/share/cleaner_description//urdf\n'}
[1.250541] (cleaner_description) StdoutLine: {'line': b'-- Up-to-date: /home/shared/projects/gultepe/cleaner_ws/install/cleaner_description/share/cleaner_description//urdf/cleaner.urdf\n'}
[1.251050] (cleaner_description) StdoutLine: {'line': b'-- Installing: /home/shared/projects/gultepe/cleaner_ws/install/cleaner_description/share/cleaner_description//rviz\n'}
[1.251673] (cleaner_description) StdoutLine: {'line': b'-- Installing: /home/shared/projects/gultepe/cleaner_ws/install/cleaner_description/share/cleaner_description//rviz/cleaner_default.rviz\n'}
[1.251982] (cleaner_description) StdoutLine: {'line': b'-- Up-to-date: /home/shared/projects/gultepe/cleaner_ws/install/cleaner_description/share/cleaner_description//launch\n'}
[1.252336] (cleaner_description) StdoutLine: {'line': b'-- Installing: /home/shared/projects/gultepe/cleaner_ws/install/cleaner_description/share/cleaner_description//launch/display.launch.xml\n'}
[1.252643] (cleaner_description) StdoutLine: {'line': b'-- Installing: /home/shared/projects/gultepe/cleaner_ws/install/cleaner_description/share/cleaner_description//launch/display.launch.py\n'}
[1.253308] (cleaner_description) StdoutLine: {'line': b'-- Up-to-date: /home/shared/projects/gultepe/cleaner_ws/install/cleaner_description/share/ament_index/resource_index/package_run_dependencies/cleaner_description\n'}
[1.253667] (cleaner_description) StdoutLine: {'line': b'-- Installing: /home/shared/projects/gultepe/cleaner_ws/install/cleaner_description/share/ament_index/resource_index/parent_prefix_path/cleaner_description\n'}
[1.254307] (cleaner_description) StdoutLine: {'line': b'-- Up-to-date: /home/shared/projects/gultepe/cleaner_ws/install/cleaner_description/share/cleaner_description/environment/ament_prefix_path.sh\n'}
[1.254682] (cleaner_description) StdoutLine: {'line': b'-- Installing: /home/shared/projects/gultepe/cleaner_ws/install/cleaner_description/share/cleaner_description/environment/ament_prefix_path.dsv\n'}
[1.255336] (cleaner_description) StdoutLine: {'line': b'-- Up-to-date: /home/shared/projects/gultepe/cleaner_ws/install/cleaner_description/share/cleaner_description/environment/path.sh\n'}
[1.255623] (cleaner_description) StdoutLine: {'line': b'-- Installing: /home/shared/projects/gultepe/cleaner_ws/install/cleaner_description/share/cleaner_description/environment/path.dsv\n'}
[1.255976] (cleaner_description) StdoutLine: {'line': b'-- Up-to-date: /home/shared/projects/gultepe/cleaner_ws/install/cleaner_description/share/cleaner_description/local_setup.bash\n'}
[1.256233] (cleaner_description) StdoutLine: {'line': b'-- Up-to-date: /home/shared/projects/gultepe/cleaner_ws/install/cleaner_description/share/cleaner_description/local_setup.sh\n'}
[1.256756] (cleaner_description) StdoutLine: {'line': b'-- Up-to-date: /home/shared/projects/gultepe/cleaner_ws/install/cleaner_description/share/cleaner_description/local_setup.zsh\n'}
[1.257152] (cleaner_description) StdoutLine: {'line': b'-- Installing: /home/shared/projects/gultepe/cleaner_ws/install/cleaner_description/share/cleaner_description/local_setup.dsv\n'}
[1.257413] (cleaner_description) StdoutLine: {'line': b'-- Installing: /home/shared/projects/gultepe/cleaner_ws/install/cleaner_description/share/cleaner_description/package.dsv\n'}
[1.257690] (cleaner_description) StdoutLine: {'line': b'-- Up-to-date: /home/shared/projects/gultepe/cleaner_ws/install/cleaner_description/share/ament_index/resource_index/packages/cleaner_description\n'}
[1.257936] (cleaner_description) StdoutLine: {'line': b'-- Up-to-date: /home/shared/projects/gultepe/cleaner_ws/install/cleaner_description/share/cleaner_description/cmake/cleaner_descriptionConfig.cmake\n'}
[1.258173] (cleaner_description) StdoutLine: {'line': b'-- Up-to-date: /home/shared/projects/gultepe/cleaner_ws/install/cleaner_description/share/cleaner_description/cmake/cleaner_descriptionConfig-version.cmake\n'}
[1.258406] (cleaner_description) StdoutLine: {'line': b'-- Up-to-date: /home/shared/projects/gultepe/cleaner_ws/install/cleaner_description/share/cleaner_description/package.xml\n'}
[1.263169] (cleaner_description) CommandEnded: {'returncode': 0}
[1.306757] (-) TimerEvent: {}
[1.407528] (-) TimerEvent: {}
[1.508076] (-) TimerEvent: {}
[1.608651] (-) TimerEvent: {}
[1.710262] (-) TimerEvent: {}
[1.777480] (cleaner_description) JobEnded: {'identifier': 'cleaner_description', 'rc': 0}
[1.779898] (-) EventReactorShutdown: {}
