[3.288s] Invoking command in '/home/shared/projects/gultepe/cleaner_ws/build/rplidar_ros': CMAKE_PREFIX_PATH=${CMAKE_PREFIX_PATH}:/home/tunaprogrammer/projects/gultepe/cleaner_ws/install/bno055:/home/tunaprogrammer/projects/gultepe/humble_ws/install/jetpack:/home/tunaprogrammer/projects/gultepe/humble_ws/install/python_pkg:/home/tunaprogrammer/projects/gultepe/humble_ws/install/catcher:/opt/ros/humble /usr/bin/cmake --build /home/shared/projects/gultepe/cleaner_ws/build/rplidar_ros -- -j12 -l12
[3.365s] [  5%] Built target rplidar_client
[3.392s] [ 52%] Built target rplidar_node
[3.401s] [100%] Built target rplidar_composition
[3.432s] Invoked command in '/home/shared/projects/gultepe/cleaner_ws/build/rplidar_ros' returned '0': CMAKE_PREFIX_PATH=${CMAKE_PREFIX_PATH}:/home/tunaprogrammer/projects/gultepe/cleaner_ws/install/bno055:/home/tunaprogrammer/projects/gultepe/humble_ws/install/jetpack:/home/tunaprogrammer/projects/gultepe/humble_ws/install/python_pkg:/home/tunaprogrammer/projects/gultepe/humble_ws/install/catcher:/opt/ros/humble /usr/bin/cmake --build /home/shared/projects/gultepe/cleaner_ws/build/rplidar_ros -- -j12 -l12
[3.801s] Invoking command in '/home/shared/projects/gultepe/cleaner_ws/build/rplidar_ros': CMAKE_PREFIX_PATH=${CMAKE_PREFIX_PATH}:/home/tunaprogrammer/projects/gultepe/cleaner_ws/install/bno055:/home/tunaprogrammer/projects/gultepe/humble_ws/install/jetpack:/home/tunaprogrammer/projects/gultepe/humble_ws/install/python_pkg:/home/tunaprogrammer/projects/gultepe/humble_ws/install/catcher:/opt/ros/humble /usr/bin/cmake --install /home/shared/projects/gultepe/cleaner_ws/build/rplidar_ros
[3.807s] -- Install configuration: ""
[3.807s] -- Execute custom install script
[3.809s] -- Up-to-date symlink: /home/shared/projects/gultepe/cleaner_ws/install/rplidar_ros/share/rplidar_ros/launch/rplidar_a1_launch.py
[3.810s] -- Up-to-date symlink: /home/shared/projects/gultepe/cleaner_ws/install/rplidar_ros/share/rplidar_ros/launch/rplidar_a2m12_launch.py
[3.810s] -- Up-to-date symlink: /home/shared/projects/gultepe/cleaner_ws/install/rplidar_ros/share/rplidar_ros/launch/rplidar_a2m7_launch.py
[3.810s] -- Up-to-date symlink: /home/shared/projects/gultepe/cleaner_ws/install/rplidar_ros/share/rplidar_ros/launch/rplidar_a2m8_launch.py
[3.811s] -- Up-to-date symlink: /home/shared/projects/gultepe/cleaner_ws/install/rplidar_ros/share/rplidar_ros/launch/rplidar_a3_launch.py
[3.811s] -- Up-to-date symlink: /home/shared/projects/gultepe/cleaner_ws/install/rplidar_ros/share/rplidar_ros/launch/rplidar_c1_launch.py
[3.811s] -- Up-to-date symlink: /home/shared/projects/gultepe/cleaner_ws/install/rplidar_ros/share/rplidar_ros/launch/rplidar_s1_launch.py
[3.812s] -- Up-to-date symlink: /home/shared/projects/gultepe/cleaner_ws/install/rplidar_ros/share/rplidar_ros/launch/rplidar_s1_tcp_launch.py
[3.812s] -- Up-to-date symlink: /home/shared/projects/gultepe/cleaner_ws/install/rplidar_ros/share/rplidar_ros/launch/rplidar_s2_launch.py
[3.812s] -- Up-to-date symlink: /home/shared/projects/gultepe/cleaner_ws/install/rplidar_ros/share/rplidar_ros/launch/rplidar_s2e_launch.py
[3.813s] -- Up-to-date symlink: /home/shared/projects/gultepe/cleaner_ws/install/rplidar_ros/share/rplidar_ros/launch/rplidar_s3_launch.py
[3.813s] -- Up-to-date symlink: /home/shared/projects/gultepe/cleaner_ws/install/rplidar_ros/share/rplidar_ros/launch/rplidar_t1_launch.py
[3.813s] -- Up-to-date symlink: /home/shared/projects/gultepe/cleaner_ws/install/rplidar_ros/share/rplidar_ros/launch/view_rplidar_a1_launch.py
[3.814s] -- Up-to-date symlink: /home/shared/projects/gultepe/cleaner_ws/install/rplidar_ros/share/rplidar_ros/launch/view_rplidar_a2m12_launch.py
[3.814s] -- Up-to-date symlink: /home/shared/projects/gultepe/cleaner_ws/install/rplidar_ros/share/rplidar_ros/launch/view_rplidar_a2m7_launch.py
[3.815s] -- Up-to-date symlink: /home/shared/projects/gultepe/cleaner_ws/install/rplidar_ros/share/rplidar_ros/launch/view_rplidar_a2m8_launch.py
[3.815s] -- Up-to-date symlink: /home/shared/projects/gultepe/cleaner_ws/install/rplidar_ros/share/rplidar_ros/launch/view_rplidar_a3_launch.py
[3.816s] -- Up-to-date symlink: /home/shared/projects/gultepe/cleaner_ws/install/rplidar_ros/share/rplidar_ros/launch/view_rplidar_c1_launch.py
[3.816s] -- Up-to-date symlink: /home/shared/projects/gultepe/cleaner_ws/install/rplidar_ros/share/rplidar_ros/launch/view_rplidar_s1_launch.py
[3.816s] -- Up-to-date symlink: /home/shared/projects/gultepe/cleaner_ws/install/rplidar_ros/share/rplidar_ros/launch/view_rplidar_s1_tcp_launch.py
[3.817s] -- Up-to-date symlink: /home/shared/projects/gultepe/cleaner_ws/install/rplidar_ros/share/rplidar_ros/launch/view_rplidar_s2_launch.py
[3.817s] -- Up-to-date symlink: /home/shared/projects/gultepe/cleaner_ws/install/rplidar_ros/share/rplidar_ros/launch/view_rplidar_s2e_launch.py
[3.818s] -- Up-to-date symlink: /home/shared/projects/gultepe/cleaner_ws/install/rplidar_ros/share/rplidar_ros/launch/view_rplidar_s3_launch.py
[3.818s] -- Up-to-date symlink: /home/shared/projects/gultepe/cleaner_ws/install/rplidar_ros/share/rplidar_ros/launch/view_rplidar_t1_launch.py
[3.819s] -- Up-to-date symlink: /home/shared/projects/gultepe/cleaner_ws/install/rplidar_ros/share/rplidar_ros/rviz/rplidar_ros.rviz
[3.819s] -- Up-to-date symlink: /home/shared/projects/gultepe/cleaner_ws/install/rplidar_ros/lib/rplidar_ros/rplidar_node
[3.819s] -- Up-to-date symlink: /home/shared/projects/gultepe/cleaner_ws/install/rplidar_ros/lib/rplidar_ros/rplidar_composition
[3.820s] -- Up-to-date symlink: /home/shared/projects/gultepe/cleaner_ws/install/rplidar_ros/lib/rplidar_ros/rplidar_client
[3.820s] -- Up-to-date symlink: /home/shared/projects/gultepe/cleaner_ws/install/rplidar_ros/share/ament_index/resource_index/package_run_dependencies/rplidar_ros
[3.821s] -- Up-to-date symlink: /home/shared/projects/gultepe/cleaner_ws/install/rplidar_ros/share/ament_index/resource_index/parent_prefix_path/rplidar_ros
[3.821s] -- Up-to-date symlink: /home/shared/projects/gultepe/cleaner_ws/install/rplidar_ros/share/rplidar_ros/environment/ament_prefix_path.sh
[3.822s] -- Up-to-date symlink: /home/shared/projects/gultepe/cleaner_ws/install/rplidar_ros/share/rplidar_ros/environment/ament_prefix_path.dsv
[3.822s] -- Up-to-date symlink: /home/shared/projects/gultepe/cleaner_ws/install/rplidar_ros/share/rplidar_ros/environment/path.sh
[3.822s] -- Up-to-date symlink: /home/shared/projects/gultepe/cleaner_ws/install/rplidar_ros/share/rplidar_ros/environment/path.dsv
[3.823s] -- Up-to-date symlink: /home/shared/projects/gultepe/cleaner_ws/install/rplidar_ros/share/rplidar_ros/local_setup.bash
[3.823s] -- Up-to-date symlink: /home/shared/projects/gultepe/cleaner_ws/install/rplidar_ros/share/rplidar_ros/local_setup.sh
[3.823s] -- Up-to-date symlink: /home/shared/projects/gultepe/cleaner_ws/install/rplidar_ros/share/rplidar_ros/local_setup.zsh
[3.824s] -- Up-to-date symlink: /home/shared/projects/gultepe/cleaner_ws/install/rplidar_ros/share/rplidar_ros/local_setup.dsv
[3.824s] -- Symlinking: /home/shared/projects/gultepe/cleaner_ws/install/rplidar_ros/share/rplidar_ros/package.dsv
[3.839s] -- Up-to-date symlink: /home/shared/projects/gultepe/cleaner_ws/install/rplidar_ros/share/ament_index/resource_index/packages/rplidar_ros
[3.841s] -- Up-to-date symlink: /home/shared/projects/gultepe/cleaner_ws/install/rplidar_ros/share/rplidar_ros/cmake/ament_cmake_export_dependencies-extras.cmake
[3.841s] -- Up-to-date symlink: /home/shared/projects/gultepe/cleaner_ws/install/rplidar_ros/share/rplidar_ros/cmake/ament_cmake_export_include_directories-extras.cmake
[3.841s] -- Up-to-date symlink: /home/shared/projects/gultepe/cleaner_ws/install/rplidar_ros/share/rplidar_ros/cmake/rplidar_rosConfig.cmake
[3.841s] -- Up-to-date symlink: /home/shared/projects/gultepe/cleaner_ws/install/rplidar_ros/share/rplidar_ros/cmake/rplidar_rosConfig-version.cmake
[3.842s] -- Up-to-date symlink: /home/shared/projects/gultepe/cleaner_ws/install/rplidar_ros/share/rplidar_ros/package.xml
[4.493s] Invoked command in '/home/shared/projects/gultepe/cleaner_ws/build/rplidar_ros' returned '0': CMAKE_PREFIX_PATH=${CMAKE_PREFIX_PATH}:/home/tunaprogrammer/projects/gultepe/cleaner_ws/install/bno055:/home/tunaprogrammer/projects/gultepe/humble_ws/install/jetpack:/home/tunaprogrammer/projects/gultepe/humble_ws/install/python_pkg:/home/tunaprogrammer/projects/gultepe/humble_ws/install/catcher:/opt/ros/humble /usr/bin/cmake --install /home/shared/projects/gultepe/cleaner_ws/build/rplidar_ros
