[1.322s] Invoking command in '/home/shared/projects/gultepe/cleaner_ws/build/explorer_cartographer': CMAKE_PREFIX_PATH=${CMAKE_PREFIX_PATH}:/home/tunaprogrammer/projects/gultepe/cleaner_ws/install/explorer_wanderer:/home/tunaprogrammer/projects/gultepe/cleaner_ws/install/explorer_navigation2:/home/tunaprogrammer/projects/gultepe/cleaner_ws/install/explorer_map_utils:/home/tunaprogrammer/projects/gultepe/cleaner_ws/install/explorer_bringup:/home/tunaprogrammer/projects/gultepe/cleaner_ws/install/bno055:/home/tunaprogrammer/projects/gultepe/humble_ws/install/jetpack:/home/tunaprogrammer/projects/gultepe/humble_ws/install/python_pkg:/home/tunaprogrammer/projects/gultepe/humble_ws/install/catcher:/opt/ros/humble /usr/bin/cmake --build /home/shared/projects/gultepe/cleaner_ws/build/explorer_cartographer -- -j12 -l12
[2.428s] Invoked command in '/home/shared/projects/gultepe/cleaner_ws/build/explorer_cartographer' returned '0': CMAKE_PREFIX_PATH=${CMAKE_PREFIX_PATH}:/home/tunaprogrammer/projects/gultepe/cleaner_ws/install/explorer_wanderer:/home/tunaprogrammer/projects/gultepe/cleaner_ws/install/explorer_navigation2:/home/tunaprogrammer/projects/gultepe/cleaner_ws/install/explorer_map_utils:/home/tunaprogrammer/projects/gultepe/cleaner_ws/install/explorer_bringup:/home/tunaprogrammer/projects/gultepe/cleaner_ws/install/bno055:/home/tunaprogrammer/projects/gultepe/humble_ws/install/jetpack:/home/tunaprogrammer/projects/gultepe/humble_ws/install/python_pkg:/home/tunaprogrammer/projects/gultepe/humble_ws/install/catcher:/opt/ros/humble /usr/bin/cmake --build /home/shared/projects/gultepe/cleaner_ws/build/explorer_cartographer -- -j12 -l12
[2.476s] Invoking command in '/home/shared/projects/gultepe/cleaner_ws/build/explorer_cartographer': CMAKE_PREFIX_PATH=${CMAKE_PREFIX_PATH}:/home/tunaprogrammer/projects/gultepe/cleaner_ws/install/explorer_wanderer:/home/tunaprogrammer/projects/gultepe/cleaner_ws/install/explorer_navigation2:/home/tunaprogrammer/projects/gultepe/cleaner_ws/install/explorer_map_utils:/home/tunaprogrammer/projects/gultepe/cleaner_ws/install/explorer_bringup:/home/tunaprogrammer/projects/gultepe/cleaner_ws/install/bno055:/home/tunaprogrammer/projects/gultepe/humble_ws/install/jetpack:/home/tunaprogrammer/projects/gultepe/humble_ws/install/python_pkg:/home/tunaprogrammer/projects/gultepe/humble_ws/install/catcher:/opt/ros/humble /usr/bin/cmake --install /home/shared/projects/gultepe/cleaner_ws/build/explorer_cartographer
[2.488s] -- Install configuration: ""
[2.488s] -- Execute custom install script
[2.489s] -- Up-to-date symlink: /home/shared/projects/gultepe/cleaner_ws/install/explorer_cartographer/share/explorer_cartographer/config/turtlebot3_lds_2d.lua
[2.489s] -- Up-to-date symlink: /home/shared/projects/gultepe/cleaner_ws/install/explorer_cartographer/share/explorer_cartographer/launch/cartographer.launch.py
[2.489s] -- Up-to-date symlink: /home/shared/projects/gultepe/cleaner_ws/install/explorer_cartographer/share/explorer_cartographer/launch/occupancy_grid.launch.py
[2.490s] -- Up-to-date symlink: /home/shared/projects/gultepe/cleaner_ws/install/explorer_cartographer/share/explorer_cartographer/rviz/tb3_cartographer.rviz
[2.490s] -- Up-to-date symlink: /home/shared/projects/gultepe/cleaner_ws/install/explorer_cartographer/share/ament_index/resource_index/package_run_dependencies/explorer_cartographer
[2.491s] -- Up-to-date symlink: /home/shared/projects/gultepe/cleaner_ws/install/explorer_cartographer/share/ament_index/resource_index/parent_prefix_path/explorer_cartographer
[2.491s] -- Up-to-date symlink: /home/shared/projects/gultepe/cleaner_ws/install/explorer_cartographer/share/explorer_cartographer/environment/ament_prefix_path.sh
[2.492s] -- Up-to-date symlink: /home/shared/projects/gultepe/cleaner_ws/install/explorer_cartographer/share/explorer_cartographer/environment/ament_prefix_path.dsv
[2.493s] -- Up-to-date symlink: /home/shared/projects/gultepe/cleaner_ws/install/explorer_cartographer/share/explorer_cartographer/environment/path.sh
[2.493s] -- Up-to-date symlink: /home/shared/projects/gultepe/cleaner_ws/install/explorer_cartographer/share/explorer_cartographer/environment/path.dsv
[2.494s] -- Up-to-date symlink: /home/shared/projects/gultepe/cleaner_ws/install/explorer_cartographer/share/explorer_cartographer/local_setup.bash
[2.494s] -- Up-to-date symlink: /home/shared/projects/gultepe/cleaner_ws/install/explorer_cartographer/share/explorer_cartographer/local_setup.sh
[2.495s] -- Up-to-date symlink: /home/shared/projects/gultepe/cleaner_ws/install/explorer_cartographer/share/explorer_cartographer/local_setup.zsh
[2.495s] -- Up-to-date symlink: /home/shared/projects/gultepe/cleaner_ws/install/explorer_cartographer/share/explorer_cartographer/local_setup.dsv
[2.498s] -- Symlinking: /home/shared/projects/gultepe/cleaner_ws/install/explorer_cartographer/share/explorer_cartographer/package.dsv
[2.529s] -- Up-to-date symlink: /home/shared/projects/gultepe/cleaner_ws/install/explorer_cartographer/share/ament_index/resource_index/packages/explorer_cartographer
[2.530s] -- Up-to-date symlink: /home/shared/projects/gultepe/cleaner_ws/install/explorer_cartographer/share/explorer_cartographer/cmake/explorer_cartographerConfig.cmake
[2.531s] -- Up-to-date symlink: /home/shared/projects/gultepe/cleaner_ws/install/explorer_cartographer/share/explorer_cartographer/cmake/explorer_cartographerConfig-version.cmake
[2.533s] -- Up-to-date symlink: /home/shared/projects/gultepe/cleaner_ws/install/explorer_cartographer/share/explorer_cartographer/package.xml
[2.535s] Invoked command in '/home/shared/projects/gultepe/cleaner_ws/build/explorer_cartographer' returned '0': CMAKE_PREFIX_PATH=${CMAKE_PREFIX_PATH}:/home/tunaprogrammer/projects/gultepe/cleaner_ws/install/explorer_wanderer:/home/tunaprogrammer/projects/gultepe/cleaner_ws/install/explorer_navigation2:/home/tunaprogrammer/projects/gultepe/cleaner_ws/install/explorer_map_utils:/home/tunaprogrammer/projects/gultepe/cleaner_ws/install/explorer_bringup:/home/tunaprogrammer/projects/gultepe/cleaner_ws/install/bno055:/home/tunaprogrammer/projects/gultepe/humble_ws/install/jetpack:/home/tunaprogrammer/projects/gultepe/humble_ws/install/python_pkg:/home/tunaprogrammer/projects/gultepe/humble_ws/install/catcher:/opt/ros/humble /usr/bin/cmake --install /home/shared/projects/gultepe/cleaner_ws/build/explorer_cartographer
