[3.993s] Invoking command in '/home/shared/projects/gultepe/cleaner_ws/src/bno055': PYTHONPATH=/home/shared/projects/gultepe/cleaner_ws/build/bno055/prefix_override:/home/shared/projects/gultepe/cleaner_ws/install/bno055/lib/python3.10/site-packages:${PYTHONPATH} /usr/bin/python3 setup.py egg_info --egg-base ../../build/bno055 build --build-base /home/shared/projects/gultepe/cleaner_ws/build/bno055/build install --record /home/shared/projects/gultepe/cleaner_ws/build/bno055/install.log --single-version-externally-managed
[4.492s] running egg_info
[4.493s] writing ../../build/bno055/bno055.egg-info/PKG-INFO
[4.493s] writing dependency_links to ../../build/bno055/bno055.egg-info/dependency_links.txt
[4.494s] writing entry points to ../../build/bno055/bno055.egg-info/entry_points.txt
[4.494s] writing requirements to ../../build/bno055/bno055.egg-info/requires.txt
[4.494s] writing top-level names to ../../build/bno055/bno055.egg-info/top_level.txt
[4.499s] reading manifest file '../../build/bno055/bno055.egg-info/SOURCES.txt'
[4.500s] adding license file 'LICENSE'
[4.500s] adding license file 'AUTHORS'
[4.501s] writing manifest file '../../build/bno055/bno055.egg-info/SOURCES.txt'
[4.501s] running build
[4.501s] running build_py
[4.503s] running install
[4.503s] running install_lib
[4.507s] running install_data
[4.508s] running install_egg_info
[4.511s] removing '/home/shared/projects/gultepe/cleaner_ws/install/bno055/lib/python3.10/site-packages/bno055-0.4.1-py3.10.egg-info' (and everything under it)
[4.511s] Copying ../../build/bno055/bno055.egg-info to /home/shared/projects/gultepe/cleaner_ws/install/bno055/lib/python3.10/site-packages/bno055-0.4.1-py3.10.egg-info
[4.514s] running install_scripts
[4.561s] Installing bno055 script to /home/shared/projects/gultepe/cleaner_ws/install/bno055/lib/bno055
[4.562s] writing list of installed files to '/home/shared/projects/gultepe/cleaner_ws/build/bno055/install.log'
[4.900s] Invoked command in '/home/shared/projects/gultepe/cleaner_ws/src/bno055' returned '0': PYTHONPATH=/home/shared/projects/gultepe/cleaner_ws/build/bno055/prefix_override:/home/shared/projects/gultepe/cleaner_ws/install/bno055/lib/python3.10/site-packages:${PYTHONPATH} /usr/bin/python3 setup.py egg_info --egg-base ../../build/bno055 build --build-base /home/shared/projects/gultepe/cleaner_ws/build/bno055/build install --record /home/shared/projects/gultepe/cleaner_ws/build/bno055/install.log --single-version-externally-managed
