[2.045s] Invoking command in '/home/shared/projects/gultepe/cleaner_ws/build/bno055': PYTHONPATH=/home/shared/projects/gultepe/cleaner_ws/build/bno055/prefix_override:/home/shared/projects/gultepe/cleaner_ws/install/bno055/lib/python3.10/site-packages:${PYTHONPATH} /usr/bin/python3 setup.py develop --uninstall --editable --build-directory /home/shared/projects/gultepe/cleaner_ws/build/bno055/build
[2.626s] running develop
[3.034s] Removing /home/shared/projects/gultepe/cleaner_ws/install/bno055/lib/python3.10/site-packages/bno055.egg-link (link to .)
[3.081s] Invoked command in '/home/shared/projects/gultepe/cleaner_ws/build/bno055' returned '0': PYTHONPATH=/home/shared/projects/gultepe/cleaner_ws/build/bno055/prefix_override:/home/shared/projects/gultepe/cleaner_ws/install/bno055/lib/python3.10/site-packages:${PYTHONPATH} /usr/bin/python3 setup.py develop --uninstall --editable --build-directory /home/shared/projects/gultepe/cleaner_ws/build/bno055/build
[3.084s] Invoking command in '/home/shared/projects/gultepe/cleaner_ws/src/bno055': PYTHONPATH=/home/shared/projects/gultepe/cleaner_ws/build/bno055/prefix_override:/home/shared/projects/gultepe/cleaner_ws/install/bno055/lib/python3.10/site-packages:${PYTHONPATH} /usr/bin/python3 setup.py egg_info --egg-base ../../build/bno055 build --build-base /home/shared/projects/gultepe/cleaner_ws/build/bno055/build install --record /home/shared/projects/gultepe/cleaner_ws/build/bno055/install.log --single-version-externally-managed
[3.675s] running egg_info
[3.676s] writing ../../build/bno055/bno055.egg-info/PKG-INFO
[3.676s] writing dependency_links to ../../build/bno055/bno055.egg-info/dependency_links.txt
[3.677s] writing entry points to ../../build/bno055/bno055.egg-info/entry_points.txt
[3.677s] writing requirements to ../../build/bno055/bno055.egg-info/requires.txt
[3.678s] writing top-level names to ../../build/bno055/bno055.egg-info/top_level.txt
[3.679s] reading manifest file '../../build/bno055/bno055.egg-info/SOURCES.txt'
[3.682s] adding license file 'LICENSE'
[3.682s] adding license file 'AUTHORS'
[3.683s] writing manifest file '../../build/bno055/bno055.egg-info/SOURCES.txt'
[3.683s] running build
[3.684s] running build_py
[3.686s] running install
[3.686s] running install_lib
[3.688s] creating /home/shared/projects/gultepe/cleaner_ws/install/bno055/lib/python3.10/site-packages/bno055
[3.688s] creating /home/shared/projects/gultepe/cleaner_ws/install/bno055/lib/python3.10/site-packages/bno055/error_handling
[3.689s] copying /home/shared/projects/gultepe/cleaner_ws/build/bno055/build/lib/bno055/error_handling/exceptions.py -> /home/shared/projects/gultepe/cleaner_ws/install/bno055/lib/python3.10/site-packages/bno055/error_handling
[3.689s] copying /home/shared/projects/gultepe/cleaner_ws/build/bno055/build/lib/bno055/error_handling/__init__.py -> /home/shared/projects/gultepe/cleaner_ws/install/bno055/lib/python3.10/site-packages/bno055/error_handling
[3.690s] creating /home/shared/projects/gultepe/cleaner_ws/install/bno055/lib/python3.10/site-packages/bno055/params
[3.690s] copying /home/shared/projects/gultepe/cleaner_ws/build/bno055/build/lib/bno055/params/NodeParameters.py -> /home/shared/projects/gultepe/cleaner_ws/install/bno055/lib/python3.10/site-packages/bno055/params
[3.690s] copying /home/shared/projects/gultepe/cleaner_ws/build/bno055/build/lib/bno055/params/__init__.py -> /home/shared/projects/gultepe/cleaner_ws/install/bno055/lib/python3.10/site-packages/bno055/params
[3.691s] copying /home/shared/projects/gultepe/cleaner_ws/build/bno055/build/lib/bno055/registers.py -> /home/shared/projects/gultepe/cleaner_ws/install/bno055/lib/python3.10/site-packages/bno055
[3.691s] creating /home/shared/projects/gultepe/cleaner_ws/install/bno055/lib/python3.10/site-packages/bno055/sensor
[3.691s] copying /home/shared/projects/gultepe/cleaner_ws/build/bno055/build/lib/bno055/sensor/SensorService.py -> /home/shared/projects/gultepe/cleaner_ws/install/bno055/lib/python3.10/site-packages/bno055/sensor
[3.691s] copying /home/shared/projects/gultepe/cleaner_ws/build/bno055/build/lib/bno055/sensor/__init__.py -> /home/shared/projects/gultepe/cleaner_ws/install/bno055/lib/python3.10/site-packages/bno055/sensor
[3.692s] copying /home/shared/projects/gultepe/cleaner_ws/build/bno055/build/lib/bno055/__init__.py -> /home/shared/projects/gultepe/cleaner_ws/install/bno055/lib/python3.10/site-packages/bno055
[3.692s] copying /home/shared/projects/gultepe/cleaner_ws/build/bno055/build/lib/bno055/bno055.py -> /home/shared/projects/gultepe/cleaner_ws/install/bno055/lib/python3.10/site-packages/bno055
[3.693s] creating /home/shared/projects/gultepe/cleaner_ws/install/bno055/lib/python3.10/site-packages/bno055/connectors
[3.693s] copying /home/shared/projects/gultepe/cleaner_ws/build/bno055/build/lib/bno055/connectors/i2c.py -> /home/shared/projects/gultepe/cleaner_ws/install/bno055/lib/python3.10/site-packages/bno055/connectors
[3.693s] copying /home/shared/projects/gultepe/cleaner_ws/build/bno055/build/lib/bno055/connectors/uart.py -> /home/shared/projects/gultepe/cleaner_ws/install/bno055/lib/python3.10/site-packages/bno055/connectors
[3.694s] copying /home/shared/projects/gultepe/cleaner_ws/build/bno055/build/lib/bno055/connectors/Connector.py -> /home/shared/projects/gultepe/cleaner_ws/install/bno055/lib/python3.10/site-packages/bno055/connectors
[3.694s] copying /home/shared/projects/gultepe/cleaner_ws/build/bno055/build/lib/bno055/connectors/__init__.py -> /home/shared/projects/gultepe/cleaner_ws/install/bno055/lib/python3.10/site-packages/bno055/connectors
[3.695s] byte-compiling /home/shared/projects/gultepe/cleaner_ws/install/bno055/lib/python3.10/site-packages/bno055/error_handling/exceptions.py to exceptions.cpython-310.pyc
[3.695s] byte-compiling /home/shared/projects/gultepe/cleaner_ws/install/bno055/lib/python3.10/site-packages/bno055/error_handling/__init__.py to __init__.cpython-310.pyc
[3.696s] byte-compiling /home/shared/projects/gultepe/cleaner_ws/install/bno055/lib/python3.10/site-packages/bno055/params/NodeParameters.py to NodeParameters.cpython-310.pyc
[3.696s] byte-compiling /home/shared/projects/gultepe/cleaner_ws/install/bno055/lib/python3.10/site-packages/bno055/params/__init__.py to __init__.cpython-310.pyc
[3.696s] byte-compiling /home/shared/projects/gultepe/cleaner_ws/install/bno055/lib/python3.10/site-packages/bno055/registers.py to registers.cpython-310.pyc
[3.697s] byte-compiling /home/shared/projects/gultepe/cleaner_ws/install/bno055/lib/python3.10/site-packages/bno055/sensor/SensorService.py to SensorService.cpython-310.pyc
[3.701s] byte-compiling /home/shared/projects/gultepe/cleaner_ws/install/bno055/lib/python3.10/site-packages/bno055/sensor/__init__.py to __init__.cpython-310.pyc
[3.701s] byte-compiling /home/shared/projects/gultepe/cleaner_ws/install/bno055/lib/python3.10/site-packages/bno055/__init__.py to __init__.cpython-310.pyc
[3.702s] byte-compiling /home/shared/projects/gultepe/cleaner_ws/install/bno055/lib/python3.10/site-packages/bno055/bno055.py to bno055.cpython-310.pyc
[3.702s] byte-compiling /home/shared/projects/gultepe/cleaner_ws/install/bno055/lib/python3.10/site-packages/bno055/connectors/i2c.py to i2c.cpython-310.pyc
[3.703s] byte-compiling /home/shared/projects/gultepe/cleaner_ws/install/bno055/lib/python3.10/site-packages/bno055/connectors/uart.py to uart.cpython-310.pyc
[3.704s] byte-compiling /home/shared/projects/gultepe/cleaner_ws/install/bno055/lib/python3.10/site-packages/bno055/connectors/Connector.py to Connector.cpython-310.pyc
[3.705s] byte-compiling /home/shared/projects/gultepe/cleaner_ws/install/bno055/lib/python3.10/site-packages/bno055/connectors/__init__.py to __init__.cpython-310.pyc
[3.705s] running install_data
[3.706s] running install_egg_info
[3.709s] Copying ../../build/bno055/bno055.egg-info to /home/shared/projects/gultepe/cleaner_ws/install/bno055/lib/python3.10/site-packages/bno055-0.4.1-py3.10.egg-info
[3.710s] running install_scripts
[3.740s] Installing bno055 script to /home/shared/projects/gultepe/cleaner_ws/install/bno055/lib/bno055
[3.741s] writing list of installed files to '/home/shared/projects/gultepe/cleaner_ws/build/bno055/install.log'
[3.773s] Invoked command in '/home/shared/projects/gultepe/cleaner_ws/src/bno055' returned '0': PYTHONPATH=/home/shared/projects/gultepe/cleaner_ws/build/bno055/prefix_override:/home/shared/projects/gultepe/cleaner_ws/install/bno055/lib/python3.10/site-packages:${PYTHONPATH} /usr/bin/python3 setup.py egg_info --egg-base ../../build/bno055 build --build-base /home/shared/projects/gultepe/cleaner_ws/build/bno055/build install --record /home/shared/projects/gultepe/cleaner_ws/build/bno055/install.log --single-version-externally-managed
