[0.287s] Invoking command in '/home/shared/projects/gultepe/cleaner_ws/build/cleaner_bringup': AMENT_PREFIX_PATH=/home/shared/projects/gultepe/cleaner_ws/install/cleaner_description:${AMENT_PREFIX_PATH} CMAKE_PREFIX_PATH=/home/shared/projects/gultepe/cleaner_ws/install/cleaner_description:/home/tunaprogrammer/projects/gultepe/cleaner_ws/install/turtlebot3_simulations:/home/tunaprogrammer/projects/gultepe/cleaner_ws/install/turtlebot3_gazebo:/home/tunaprogrammer/projects/gultepe/cleaner_ws/install/rplidar_ros:/home/tunaprogrammer/projects/gultepe/cleaner_ws/install/cleaner_bringup:/home/tunaprogrammer/projects/gultepe/cleaner_ws/install/cleaner_description:/home/tunaprogrammer/projects/gultepe/humble_ws/install/robot_arise:/home/tunaprogrammer/projects/gultepe/humble_ws/install/test_interfaces:/home/tunaprogrammer/projects/gultepe/cleaner_ws/install/bno055:/home/tunaprogrammer/projects/gultepe/humble_ws/install/jetpack:/home/tunaprogrammer/projects/gultepe/humble_ws/install/python_pkg:/home/tunaprogrammer/projects/gultepe/humble_ws/install/catcher:/opt/ros/humble /usr/bin/cmake --build /home/shared/projects/gultepe/cleaner_ws/build/cleaner_bringup -- -j12 -l12
[0.335s] -- Found ament_cmake: 1.3.6 (/opt/ros/humble/share/ament_cmake/cmake)
[0.649s] -- Override CMake install command with custom implementation using symlinks instead of copying resources
[0.819s] -- Configuring done
[0.827s] -- Generating done
[0.829s] -- Build files have been written to: /home/shared/projects/gultepe/cleaner_ws/build/cleaner_bringup
[0.899s] Invoked command in '/home/shared/projects/gultepe/cleaner_ws/build/cleaner_bringup' returned '0': AMENT_PREFIX_PATH=/home/shared/projects/gultepe/cleaner_ws/install/cleaner_description:${AMENT_PREFIX_PATH} CMAKE_PREFIX_PATH=/home/shared/projects/gultepe/cleaner_ws/install/cleaner_description:/home/tunaprogrammer/projects/gultepe/cleaner_ws/install/turtlebot3_simulations:/home/tunaprogrammer/projects/gultepe/cleaner_ws/install/turtlebot3_gazebo:/home/tunaprogrammer/projects/gultepe/cleaner_ws/install/rplidar_ros:/home/tunaprogrammer/projects/gultepe/cleaner_ws/install/cleaner_bringup:/home/tunaprogrammer/projects/gultepe/cleaner_ws/install/cleaner_description:/home/tunaprogrammer/projects/gultepe/humble_ws/install/robot_arise:/home/tunaprogrammer/projects/gultepe/humble_ws/install/test_interfaces:/home/tunaprogrammer/projects/gultepe/cleaner_ws/install/bno055:/home/tunaprogrammer/projects/gultepe/humble_ws/install/jetpack:/home/tunaprogrammer/projects/gultepe/humble_ws/install/python_pkg:/home/tunaprogrammer/projects/gultepe/humble_ws/install/catcher:/opt/ros/humble /usr/bin/cmake --build /home/shared/projects/gultepe/cleaner_ws/build/cleaner_bringup -- -j12 -l12
[0.938s] Invoking command in '/home/shared/projects/gultepe/cleaner_ws/build/cleaner_bringup': AMENT_PREFIX_PATH=/home/shared/projects/gultepe/cleaner_ws/install/cleaner_description:${AMENT_PREFIX_PATH} CMAKE_PREFIX_PATH=/home/shared/projects/gultepe/cleaner_ws/install/cleaner_description:/home/tunaprogrammer/projects/gultepe/cleaner_ws/install/turtlebot3_simulations:/home/tunaprogrammer/projects/gultepe/cleaner_ws/install/turtlebot3_gazebo:/home/tunaprogrammer/projects/gultepe/cleaner_ws/install/rplidar_ros:/home/tunaprogrammer/projects/gultepe/cleaner_ws/install/cleaner_bringup:/home/tunaprogrammer/projects/gultepe/cleaner_ws/install/cleaner_description:/home/tunaprogrammer/projects/gultepe/humble_ws/install/robot_arise:/home/tunaprogrammer/projects/gultepe/humble_ws/install/test_interfaces:/home/tunaprogrammer/projects/gultepe/cleaner_ws/install/bno055:/home/tunaprogrammer/projects/gultepe/humble_ws/install/jetpack:/home/tunaprogrammer/projects/gultepe/humble_ws/install/python_pkg:/home/tunaprogrammer/projects/gultepe/humble_ws/install/catcher:/opt/ros/humble /usr/bin/cmake --install /home/shared/projects/gultepe/cleaner_ws/build/cleaner_bringup
[0.950s] -- Install configuration: ""
[0.951s] -- Execute custom install script
[0.952s] -- Up-to-date symlink: /home/shared/projects/gultepe/cleaner_ws/install/cleaner_bringup/share/cleaner_bringup/launch/cartographer.launch.py
[0.953s] -- Up-to-date symlink: /home/shared/projects/gultepe/cleaner_ws/install/cleaner_bringup/share/cleaner_bringup/launch/cleaner_gazebo.launch.xml
[0.953s] -- Up-to-date symlink: /home/shared/projects/gultepe/cleaner_ws/install/cleaner_bringup/share/cleaner_bringup/launch/display.launch.py
[0.953s] -- Up-to-date symlink: /home/shared/projects/gultepe/cleaner_ws/install/cleaner_bringup/share/cleaner_bringup/launch/display.launch.xml
[0.954s] -- Up-to-date symlink: /home/shared/projects/gultepe/cleaner_ws/install/cleaner_bringup/share/cleaner_bringup/launch/occupancy_grid.launch.py
[0.954s] -- Up-to-date symlink: /home/shared/projects/gultepe/cleaner_ws/install/cleaner_bringup/share/cleaner_bringup/launch/turtlebot3_world.launch.py
[0.955s] -- Up-to-date symlink: /home/shared/projects/gultepe/cleaner_ws/install/cleaner_bringup/share/cleaner_bringup/worlds/test_world.world
[0.955s] -- Up-to-date symlink: /home/shared/projects/gultepe/cleaner_ws/install/cleaner_bringup/share/cleaner_bringup/worlds/turtlebot3_world.world
[0.956s] -- Symlinking: /home/shared/projects/gultepe/cleaner_ws/install/cleaner_bringup/share/cleaner_bringup/config/gultepe_cleaner_2d.lua
[0.973s] -- Symlinking: /home/shared/projects/gultepe/cleaner_ws/install/cleaner_bringup/share/cleaner_bringup/config/turtlebot3_lds_2d.lua
[0.990s] -- Up-to-date symlink: /home/shared/projects/gultepe/cleaner_ws/install/cleaner_bringup/share/ament_index/resource_index/package_run_dependencies/cleaner_bringup
[0.991s] -- Up-to-date symlink: /home/shared/projects/gultepe/cleaner_ws/install/cleaner_bringup/share/ament_index/resource_index/parent_prefix_path/cleaner_bringup
[0.991s] -- Up-to-date symlink: /home/shared/projects/gultepe/cleaner_ws/install/cleaner_bringup/share/cleaner_bringup/environment/ament_prefix_path.sh
[0.992s] -- Up-to-date symlink: /home/shared/projects/gultepe/cleaner_ws/install/cleaner_bringup/share/cleaner_bringup/environment/ament_prefix_path.dsv
[0.992s] -- Up-to-date symlink: /home/shared/projects/gultepe/cleaner_ws/install/cleaner_bringup/share/cleaner_bringup/environment/path.sh
[0.993s] -- Up-to-date symlink: /home/shared/projects/gultepe/cleaner_ws/install/cleaner_bringup/share/cleaner_bringup/environment/path.dsv
[0.993s] -- Up-to-date symlink: /home/shared/projects/gultepe/cleaner_ws/install/cleaner_bringup/share/cleaner_bringup/local_setup.bash
[0.993s] -- Up-to-date symlink: /home/shared/projects/gultepe/cleaner_ws/install/cleaner_bringup/share/cleaner_bringup/local_setup.sh
[0.994s] -- Up-to-date symlink: /home/shared/projects/gultepe/cleaner_ws/install/cleaner_bringup/share/cleaner_bringup/local_setup.zsh
[0.994s] -- Up-to-date symlink: /home/shared/projects/gultepe/cleaner_ws/install/cleaner_bringup/share/cleaner_bringup/local_setup.dsv
[0.995s] -- Symlinking: /home/shared/projects/gultepe/cleaner_ws/install/cleaner_bringup/share/cleaner_bringup/package.dsv
[1.014s] -- Up-to-date symlink: /home/shared/projects/gultepe/cleaner_ws/install/cleaner_bringup/share/ament_index/resource_index/packages/cleaner_bringup
[1.015s] -- Up-to-date symlink: /home/shared/projects/gultepe/cleaner_ws/install/cleaner_bringup/share/cleaner_bringup/cmake/cleaner_bringupConfig.cmake
[1.015s] -- Up-to-date symlink: /home/shared/projects/gultepe/cleaner_ws/install/cleaner_bringup/share/cleaner_bringup/cmake/cleaner_bringupConfig-version.cmake
[1.016s] -- Up-to-date symlink: /home/shared/projects/gultepe/cleaner_ws/install/cleaner_bringup/share/cleaner_bringup/package.xml
[1.107s] Invoked command in '/home/shared/projects/gultepe/cleaner_ws/build/cleaner_bringup' returned '0': AMENT_PREFIX_PATH=/home/shared/projects/gultepe/cleaner_ws/install/cleaner_description:${AMENT_PREFIX_PATH} CMAKE_PREFIX_PATH=/home/shared/projects/gultepe/cleaner_ws/install/cleaner_description:/home/tunaprogrammer/projects/gultepe/cleaner_ws/install/turtlebot3_simulations:/home/tunaprogrammer/projects/gultepe/cleaner_ws/install/turtlebot3_gazebo:/home/tunaprogrammer/projects/gultepe/cleaner_ws/install/rplidar_ros:/home/tunaprogrammer/projects/gultepe/cleaner_ws/install/cleaner_bringup:/home/tunaprogrammer/projects/gultepe/cleaner_ws/install/cleaner_description:/home/tunaprogrammer/projects/gultepe/humble_ws/install/robot_arise:/home/tunaprogrammer/projects/gultepe/humble_ws/install/test_interfaces:/home/tunaprogrammer/projects/gultepe/cleaner_ws/install/bno055:/home/tunaprogrammer/projects/gultepe/humble_ws/install/jetpack:/home/tunaprogrammer/projects/gultepe/humble_ws/install/python_pkg:/home/tunaprogrammer/projects/gultepe/humble_ws/install/catcher:/opt/ros/humble /usr/bin/cmake --install /home/shared/projects/gultepe/cleaner_ws/build/cleaner_bringup
