[3.631s] Invoking command in '/home/shared/projects/gultepe/cleaner_ws/build/bno055': PYTHONPATH=/home/shared/projects/gultepe/cleaner_ws/build/bno055/prefix_override:/home/shared/projects/gultepe/cleaner_ws/install/bno055/lib/python3.10/site-packages:${PYTHONPATH} /usr/bin/python3 setup.py develop --uninstall --editable --build-directory /home/shared/projects/gultepe/cleaner_ws/build/bno055/build
[4.023s] running develop
[4.331s] Invoked command in '/home/shared/projects/gultepe/cleaner_ws/build/bno055' returned '0': PYTHONPATH=/home/shared/projects/gultepe/cleaner_ws/build/bno055/prefix_override:/home/shared/projects/gultepe/cleaner_ws/install/bno055/lib/python3.10/site-packages:${PYTHONPATH} /usr/bin/python3 setup.py develop --uninstall --editable --build-directory /home/shared/projects/gultepe/cleaner_ws/build/bno055/build
[4.334s] Invoking command in '/home/shared/projects/gultepe/cleaner_ws/src/bno055': PYTHONPATH=/home/shared/projects/gultepe/cleaner_ws/build/bno055/prefix_override:/home/shared/projects/gultepe/cleaner_ws/install/bno055/lib/python3.10/site-packages:${PYTHONPATH} /usr/bin/python3 setup.py egg_info --egg-base ../../build/bno055 build --build-base /home/shared/projects/gultepe/cleaner_ws/build/bno055/build install --record /home/shared/projects/gultepe/cleaner_ws/build/bno055/install.log --single-version-externally-managed
[4.707s] running egg_info
[4.708s] writing ../../build/bno055/bno055.egg-info/PKG-INFO
[4.709s] writing dependency_links to ../../build/bno055/bno055.egg-info/dependency_links.txt
[4.709s] writing entry points to ../../build/bno055/bno055.egg-info/entry_points.txt
[4.709s] writing requirements to ../../build/bno055/bno055.egg-info/requires.txt
[4.709s] writing top-level names to ../../build/bno055/bno055.egg-info/top_level.txt
[4.713s] reading manifest file '../../build/bno055/bno055.egg-info/SOURCES.txt'
[4.713s] adding license file 'LICENSE'
[4.713s] adding license file 'AUTHORS'
[4.714s] writing manifest file '../../build/bno055/bno055.egg-info/SOURCES.txt'
[4.714s] running build
[4.714s] running build_py
[4.716s] running install
[4.717s] running install_lib
[4.718s] creating /home/shared/projects/gultepe/cleaner_ws/install/bno055/lib/python3.10/site-packages/bno055
[4.718s] creating /home/shared/projects/gultepe/cleaner_ws/install/bno055/lib/python3.10/site-packages/bno055/error_handling
[4.718s] copying /home/shared/projects/gultepe/cleaner_ws/build/bno055/build/lib/bno055/error_handling/exceptions.py -> /home/shared/projects/gultepe/cleaner_ws/install/bno055/lib/python3.10/site-packages/bno055/error_handling
[4.719s] copying /home/shared/projects/gultepe/cleaner_ws/build/bno055/build/lib/bno055/error_handling/__init__.py -> /home/shared/projects/gultepe/cleaner_ws/install/bno055/lib/python3.10/site-packages/bno055/error_handling
[4.719s] creating /home/shared/projects/gultepe/cleaner_ws/install/bno055/lib/python3.10/site-packages/bno055/params
[4.719s] copying /home/shared/projects/gultepe/cleaner_ws/build/bno055/build/lib/bno055/params/NodeParameters.py -> /home/shared/projects/gultepe/cleaner_ws/install/bno055/lib/python3.10/site-packages/bno055/params
[4.719s] copying /home/shared/projects/gultepe/cleaner_ws/build/bno055/build/lib/bno055/params/__init__.py -> /home/shared/projects/gultepe/cleaner_ws/install/bno055/lib/python3.10/site-packages/bno055/params
[4.719s] copying /home/shared/projects/gultepe/cleaner_ws/build/bno055/build/lib/bno055/registers.py -> /home/shared/projects/gultepe/cleaner_ws/install/bno055/lib/python3.10/site-packages/bno055
[4.720s] creating /home/shared/projects/gultepe/cleaner_ws/install/bno055/lib/python3.10/site-packages/bno055/sensor
[4.720s] copying /home/shared/projects/gultepe/cleaner_ws/build/bno055/build/lib/bno055/sensor/SensorService.py -> /home/shared/projects/gultepe/cleaner_ws/install/bno055/lib/python3.10/site-packages/bno055/sensor
[4.720s] copying /home/shared/projects/gultepe/cleaner_ws/build/bno055/build/lib/bno055/sensor/__init__.py -> /home/shared/projects/gultepe/cleaner_ws/install/bno055/lib/python3.10/site-packages/bno055/sensor
[4.720s] copying /home/shared/projects/gultepe/cleaner_ws/build/bno055/build/lib/bno055/__init__.py -> /home/shared/projects/gultepe/cleaner_ws/install/bno055/lib/python3.10/site-packages/bno055
[4.721s] copying /home/shared/projects/gultepe/cleaner_ws/build/bno055/build/lib/bno055/bno055.py -> /home/shared/projects/gultepe/cleaner_ws/install/bno055/lib/python3.10/site-packages/bno055
[4.721s] creating /home/shared/projects/gultepe/cleaner_ws/install/bno055/lib/python3.10/site-packages/bno055/connectors
[4.721s] copying /home/shared/projects/gultepe/cleaner_ws/build/bno055/build/lib/bno055/connectors/i2c.py -> /home/shared/projects/gultepe/cleaner_ws/install/bno055/lib/python3.10/site-packages/bno055/connectors
[4.722s] copying /home/shared/projects/gultepe/cleaner_ws/build/bno055/build/lib/bno055/connectors/uart.py -> /home/shared/projects/gultepe/cleaner_ws/install/bno055/lib/python3.10/site-packages/bno055/connectors
[4.722s] copying /home/shared/projects/gultepe/cleaner_ws/build/bno055/build/lib/bno055/connectors/Connector.py -> /home/shared/projects/gultepe/cleaner_ws/install/bno055/lib/python3.10/site-packages/bno055/connectors
[4.722s] copying /home/shared/projects/gultepe/cleaner_ws/build/bno055/build/lib/bno055/connectors/__init__.py -> /home/shared/projects/gultepe/cleaner_ws/install/bno055/lib/python3.10/site-packages/bno055/connectors
[4.723s] byte-compiling /home/shared/projects/gultepe/cleaner_ws/install/bno055/lib/python3.10/site-packages/bno055/error_handling/exceptions.py to exceptions.cpython-310.pyc
[4.723s] byte-compiling /home/shared/projects/gultepe/cleaner_ws/install/bno055/lib/python3.10/site-packages/bno055/error_handling/__init__.py to __init__.cpython-310.pyc
[4.724s] byte-compiling /home/shared/projects/gultepe/cleaner_ws/install/bno055/lib/python3.10/site-packages/bno055/params/NodeParameters.py to NodeParameters.cpython-310.pyc
[4.725s] byte-compiling /home/shared/projects/gultepe/cleaner_ws/install/bno055/lib/python3.10/site-packages/bno055/params/__init__.py to __init__.cpython-310.pyc
[4.726s] byte-compiling /home/shared/projects/gultepe/cleaner_ws/install/bno055/lib/python3.10/site-packages/bno055/registers.py to registers.cpython-310.pyc
[4.726s] byte-compiling /home/shared/projects/gultepe/cleaner_ws/install/bno055/lib/python3.10/site-packages/bno055/sensor/SensorService.py to SensorService.cpython-310.pyc
[4.732s] byte-compiling /home/shared/projects/gultepe/cleaner_ws/install/bno055/lib/python3.10/site-packages/bno055/sensor/__init__.py to __init__.cpython-310.pyc
[4.732s] byte-compiling /home/shared/projects/gultepe/cleaner_ws/install/bno055/lib/python3.10/site-packages/bno055/__init__.py to __init__.cpython-310.pyc
[4.732s] byte-compiling /home/shared/projects/gultepe/cleaner_ws/install/bno055/lib/python3.10/site-packages/bno055/bno055.py to bno055.cpython-310.pyc
[4.732s] byte-compiling /home/shared/projects/gultepe/cleaner_ws/install/bno055/lib/python3.10/site-packages/bno055/connectors/i2c.py to i2c.cpython-310.pyc
[4.733s] byte-compiling /home/shared/projects/gultepe/cleaner_ws/install/bno055/lib/python3.10/site-packages/bno055/connectors/uart.py to uart.cpython-310.pyc
[4.733s] byte-compiling /home/shared/projects/gultepe/cleaner_ws/install/bno055/lib/python3.10/site-packages/bno055/connectors/Connector.py to Connector.cpython-310.pyc
[4.735s] byte-compiling /home/shared/projects/gultepe/cleaner_ws/install/bno055/lib/python3.10/site-packages/bno055/connectors/__init__.py to __init__.cpython-310.pyc
[4.735s] running install_data
[4.735s] running install_egg_info
[4.738s] Copying ../../build/bno055/bno055.egg-info to /home/shared/projects/gultepe/cleaner_ws/install/bno055/lib/python3.10/site-packages/bno055-0.4.1-py3.10.egg-info
[4.739s] running install_scripts
[4.763s] Installing bno055 script to /home/shared/projects/gultepe/cleaner_ws/install/bno055/lib/bno055
[4.766s] writing list of installed files to '/home/shared/projects/gultepe/cleaner_ws/build/bno055/install.log'
[4.809s] Invoked command in '/home/shared/projects/gultepe/cleaner_ws/src/bno055' returned '0': PYTHONPATH=/home/shared/projects/gultepe/cleaner_ws/build/bno055/prefix_override:/home/shared/projects/gultepe/cleaner_ws/install/bno055/lib/python3.10/site-packages:${PYTHONPATH} /usr/bin/python3 setup.py egg_info --egg-base ../../build/bno055 build --build-base /home/shared/projects/gultepe/cleaner_ws/build/bno055/build install --record /home/shared/projects/gultepe/cleaner_ws/build/bno055/install.log --single-version-externally-managed
