[5.725s] Invoking command in '/home/shared/projects/gultepe/cleaner_ws/src/bno055': PYTHONPATH=/home/shared/projects/gultepe/cleaner_ws/build/bno055/prefix_override:/home/shared/projects/gultepe/cleaner_ws/install/bno055/lib/python3.10/site-packages:${PYTHONPATH} /usr/bin/python3 setup.py egg_info --egg-base ../../build/bno055 build --build-base /home/shared/projects/gultepe/cleaner_ws/build/bno055/build install --record /home/shared/projects/gultepe/cleaner_ws/build/bno055/install.log --single-version-externally-managed
[6.180s] running egg_info
[6.181s] writing ../../build/bno055/bno055.egg-info/PKG-INFO
[6.186s] writing dependency_links to ../../build/bno055/bno055.egg-info/dependency_links.txt
[6.186s] writing entry points to ../../build/bno055/bno055.egg-info/entry_points.txt
[6.186s] writing requirements to ../../build/bno055/bno055.egg-info/requires.txt
[6.187s] writing top-level names to ../../build/bno055/bno055.egg-info/top_level.txt
[6.190s] reading manifest file '../../build/bno055/bno055.egg-info/SOURCES.txt'
[6.190s] adding license file 'LICENSE'
[6.191s] adding license file 'AUTHORS'
[6.191s] writing manifest file '../../build/bno055/bno055.egg-info/SOURCES.txt'
[6.191s] running build
[6.192s] running build_py
[6.193s] running install
[6.193s] running install_lib
[6.195s] running install_data
[6.196s] running install_egg_info
[6.197s] removing '/home/shared/projects/gultepe/cleaner_ws/install/bno055/lib/python3.10/site-packages/bno055-0.4.1-py3.10.egg-info' (and everything under it)
[6.198s] Copying ../../build/bno055/bno055.egg-info to /home/shared/projects/gultepe/cleaner_ws/install/bno055/lib/python3.10/site-packages/bno055-0.4.1-py3.10.egg-info
[6.199s] running install_scripts
[6.235s] Installing bno055 script to /home/shared/projects/gultepe/cleaner_ws/install/bno055/lib/bno055
[6.239s] writing list of installed files to '/home/shared/projects/gultepe/cleaner_ws/build/bno055/install.log'
[6.498s] Invoked command in '/home/shared/projects/gultepe/cleaner_ws/src/bno055' returned '0': PYTHONPATH=/home/shared/projects/gultepe/cleaner_ws/build/bno055/prefix_override:/home/shared/projects/gultepe/cleaner_ws/install/bno055/lib/python3.10/site-packages:${PYTHONPATH} /usr/bin/python3 setup.py egg_info --egg-base ../../build/bno055 build --build-base /home/shared/projects/gultepe/cleaner_ws/build/bno055/build install --record /home/shared/projects/gultepe/cleaner_ws/build/bno055/install.log --single-version-externally-managed
