[2.232s] Invoking command in '/home/shared/projects/gultepe/cleaner_ws/build/explorer_gazebo': CMAKE_PREFIX_PATH=${CMAKE_PREFIX_PATH}:/home/tunaprogrammer/projects/gultepe/cleaner_ws/install/explorer_wanderer:/home/tunaprogrammer/projects/gultepe/cleaner_ws/install/explorer_navigation2:/home/tunaprogrammer/projects/gultepe/cleaner_ws/install/explorer_map_utils:/home/tunaprogrammer/projects/gultepe/cleaner_ws/install/explorer_bringup:/home/tunaprogrammer/projects/gultepe/cleaner_ws/install/bno055:/home/tunaprogrammer/projects/gultepe/humble_ws/install/jetpack:/home/tunaprogrammer/projects/gultepe/humble_ws/install/python_pkg:/home/tunaprogrammer/projects/gultepe/humble_ws/install/catcher:/opt/ros/humble /usr/bin/cmake /home/shared/projects/gultepe/cleaner_ws/src/ros2_explorer/explorer_gazebo -DAMENT_CMAKE_SYMLINK_INSTALL=1 -DCMAKE_INSTALL_PREFIX=/home/shared/projects/gultepe/cleaner_ws/install/explorer_gazebo
[4.178s] -- Found ament_cmake: 1.3.6 (/opt/ros/humble/share/ament_cmake/cmake)
[4.178s] -- Override CMake install command with custom implementation using symlinks instead of copying resources
[4.179s] -- Found ament_lint_auto: 0.12.9 (/opt/ros/humble/share/ament_lint_auto/cmake)
[4.180s] -- Added test 'copyright' to check source files copyright and LICENSE
[4.180s] -- Added test 'flake8' to check Python code syntax and style conventions
[4.181s] -- Added test 'lint_cmake' to check CMake code style
[4.181s] -- Added test 'pep257' to check Python code against some of the docstring style conventions in PEP 257
[4.182s] -- Added test 'xmllint' to check XML markup files
[4.182s] -- Configuring done
[4.183s] -- Generating done
[4.184s] -- Build files have been written to: /home/shared/projects/gultepe/cleaner_ws/build/explorer_gazebo
[4.209s] Invoked command in '/home/shared/projects/gultepe/cleaner_ws/build/explorer_gazebo' returned '0': CMAKE_PREFIX_PATH=${CMAKE_PREFIX_PATH}:/home/tunaprogrammer/projects/gultepe/cleaner_ws/install/explorer_wanderer:/home/tunaprogrammer/projects/gultepe/cleaner_ws/install/explorer_navigation2:/home/tunaprogrammer/projects/gultepe/cleaner_ws/install/explorer_map_utils:/home/tunaprogrammer/projects/gultepe/cleaner_ws/install/explorer_bringup:/home/tunaprogrammer/projects/gultepe/cleaner_ws/install/bno055:/home/tunaprogrammer/projects/gultepe/humble_ws/install/jetpack:/home/tunaprogrammer/projects/gultepe/humble_ws/install/python_pkg:/home/tunaprogrammer/projects/gultepe/humble_ws/install/catcher:/opt/ros/humble /usr/bin/cmake /home/shared/projects/gultepe/cleaner_ws/src/ros2_explorer/explorer_gazebo -DAMENT_CMAKE_SYMLINK_INSTALL=1 -DCMAKE_INSTALL_PREFIX=/home/shared/projects/gultepe/cleaner_ws/install/explorer_gazebo
[4.212s] Invoking command in '/home/shared/projects/gultepe/cleaner_ws/build/explorer_gazebo': CMAKE_PREFIX_PATH=${CMAKE_PREFIX_PATH}:/home/tunaprogrammer/projects/gultepe/cleaner_ws/install/explorer_wanderer:/home/tunaprogrammer/projects/gultepe/cleaner_ws/install/explorer_navigation2:/home/tunaprogrammer/projects/gultepe/cleaner_ws/install/explorer_map_utils:/home/tunaprogrammer/projects/gultepe/cleaner_ws/install/explorer_bringup:/home/tunaprogrammer/projects/gultepe/cleaner_ws/install/bno055:/home/tunaprogrammer/projects/gultepe/humble_ws/install/jetpack:/home/tunaprogrammer/projects/gultepe/humble_ws/install/python_pkg:/home/tunaprogrammer/projects/gultepe/humble_ws/install/catcher:/opt/ros/humble /usr/bin/cmake --build /home/shared/projects/gultepe/cleaner_ws/build/explorer_gazebo -- -j12 -l12
[4.274s] Invoked command in '/home/shared/projects/gultepe/cleaner_ws/build/explorer_gazebo' returned '0': CMAKE_PREFIX_PATH=${CMAKE_PREFIX_PATH}:/home/tunaprogrammer/projects/gultepe/cleaner_ws/install/explorer_wanderer:/home/tunaprogrammer/projects/gultepe/cleaner_ws/install/explorer_navigation2:/home/tunaprogrammer/projects/gultepe/cleaner_ws/install/explorer_map_utils:/home/tunaprogrammer/projects/gultepe/cleaner_ws/install/explorer_bringup:/home/tunaprogrammer/projects/gultepe/cleaner_ws/install/bno055:/home/tunaprogrammer/projects/gultepe/humble_ws/install/jetpack:/home/tunaprogrammer/projects/gultepe/humble_ws/install/python_pkg:/home/tunaprogrammer/projects/gultepe/humble_ws/install/catcher:/opt/ros/humble /usr/bin/cmake --build /home/shared/projects/gultepe/cleaner_ws/build/explorer_gazebo -- -j12 -l12
[4.355s] Invoking command in '/home/shared/projects/gultepe/cleaner_ws/build/explorer_gazebo': CMAKE_PREFIX_PATH=${CMAKE_PREFIX_PATH}:/home/tunaprogrammer/projects/gultepe/cleaner_ws/install/explorer_wanderer:/home/tunaprogrammer/projects/gultepe/cleaner_ws/install/explorer_navigation2:/home/tunaprogrammer/projects/gultepe/cleaner_ws/install/explorer_map_utils:/home/tunaprogrammer/projects/gultepe/cleaner_ws/install/explorer_bringup:/home/tunaprogrammer/projects/gultepe/cleaner_ws/install/bno055:/home/tunaprogrammer/projects/gultepe/humble_ws/install/jetpack:/home/tunaprogrammer/projects/gultepe/humble_ws/install/python_pkg:/home/tunaprogrammer/projects/gultepe/humble_ws/install/catcher:/opt/ros/humble /usr/bin/cmake --install /home/shared/projects/gultepe/cleaner_ws/build/explorer_gazebo
[4.373s] -- Install configuration: ""
[4.374s] -- Execute custom install script
[4.379s] -- Symlinking: /home/shared/projects/gultepe/cleaner_ws/install/explorer_gazebo/share/explorer_gazebo//models/map1/map1.sdf
[4.399s] -- Symlinking: /home/shared/projects/gultepe/cleaner_ws/install/explorer_gazebo/share/explorer_gazebo//models/map1/model.config
[4.422s] -- Symlinking: /home/shared/projects/gultepe/cleaner_ws/install/explorer_gazebo/share/explorer_gazebo//models/map10/map10.sdf
[4.445s] -- Symlinking: /home/shared/projects/gultepe/cleaner_ws/install/explorer_gazebo/share/explorer_gazebo//models/map10/model.config
[4.466s] -- Symlinking: /home/shared/projects/gultepe/cleaner_ws/install/explorer_gazebo/share/explorer_gazebo//models/map11/map11.sdf
[4.488s] -- Symlinking: /home/shared/projects/gultepe/cleaner_ws/install/explorer_gazebo/share/explorer_gazebo//models/map11/model.config
[4.512s] -- Symlinking: /home/shared/projects/gultepe/cleaner_ws/install/explorer_gazebo/share/explorer_gazebo//models/map2/map2.sdf
[4.538s] -- Symlinking: /home/shared/projects/gultepe/cleaner_ws/install/explorer_gazebo/share/explorer_gazebo//models/map2/model.config
[4.558s] -- Symlinking: /home/shared/projects/gultepe/cleaner_ws/install/explorer_gazebo/share/explorer_gazebo//models/map3/map3.sdf
[4.580s] -- Symlinking: /home/shared/projects/gultepe/cleaner_ws/install/explorer_gazebo/share/explorer_gazebo//models/map3/model.config
[4.605s] -- Symlinking: /home/shared/projects/gultepe/cleaner_ws/install/explorer_gazebo/share/explorer_gazebo//models/map4/map4.sdf
[4.624s] -- Symlinking: /home/shared/projects/gultepe/cleaner_ws/install/explorer_gazebo/share/explorer_gazebo//models/map4/model.config
[4.647s] -- Symlinking: /home/shared/projects/gultepe/cleaner_ws/install/explorer_gazebo/share/explorer_gazebo//models/map5/map5.sdf
[4.669s] -- Symlinking: /home/shared/projects/gultepe/cleaner_ws/install/explorer_gazebo/share/explorer_gazebo//models/map5/model.config
[4.686s] -- Symlinking: /home/shared/projects/gultepe/cleaner_ws/install/explorer_gazebo/share/explorer_gazebo//models/map6/map6.sdf
[4.704s] -- Symlinking: /home/shared/projects/gultepe/cleaner_ws/install/explorer_gazebo/share/explorer_gazebo//models/map6/model.config
[4.726s] -- Symlinking: /home/shared/projects/gultepe/cleaner_ws/install/explorer_gazebo/share/explorer_gazebo//models/map7/map7.sdf
[4.750s] -- Symlinking: /home/shared/projects/gultepe/cleaner_ws/install/explorer_gazebo/share/explorer_gazebo//models/map7/model.config
[4.771s] -- Symlinking: /home/shared/projects/gultepe/cleaner_ws/install/explorer_gazebo/share/explorer_gazebo//models/map8/map8.sdf
[4.792s] -- Symlinking: /home/shared/projects/gultepe/cleaner_ws/install/explorer_gazebo/share/explorer_gazebo//models/map8/model.config
[4.809s] -- Symlinking: /home/shared/projects/gultepe/cleaner_ws/install/explorer_gazebo/share/explorer_gazebo//models/map9/map9.sdf
[4.822s] -- Symlinking: /home/shared/projects/gultepe/cleaner_ws/install/explorer_gazebo/share/explorer_gazebo//models/map9/model.config
[4.841s] -- Symlinking: /home/shared/projects/gultepe/cleaner_ws/install/explorer_gazebo/share/explorer_gazebo//models/turtlebot3_burger/meshes/burger_base.dae
[4.857s] -- Symlinking: /home/shared/projects/gultepe/cleaner_ws/install/explorer_gazebo/share/explorer_gazebo//models/turtlebot3_burger/meshes/lds.dae
[4.874s] -- Symlinking: /home/shared/projects/gultepe/cleaner_ws/install/explorer_gazebo/share/explorer_gazebo//models/turtlebot3_burger/meshes/tire.dae
[4.891s] -- Symlinking: /home/shared/projects/gultepe/cleaner_ws/install/explorer_gazebo/share/explorer_gazebo//models/turtlebot3_burger/model-1_4.sdf
[4.911s] -- Symlinking: /home/shared/projects/gultepe/cleaner_ws/install/explorer_gazebo/share/explorer_gazebo//models/turtlebot3_burger/model.config
[4.934s] -- Symlinking: /home/shared/projects/gultepe/cleaner_ws/install/explorer_gazebo/share/explorer_gazebo//models/turtlebot3_burger/model.sdf
[4.959s] -- Symlinking: /home/shared/projects/gultepe/cleaner_ws/install/explorer_gazebo/share/explorer_gazebo//worlds/map1.world.xml
[4.980s] -- Symlinking: /home/shared/projects/gultepe/cleaner_ws/install/explorer_gazebo/share/explorer_gazebo//worlds/map10.world.xml
[4.996s] -- Symlinking: /home/shared/projects/gultepe/cleaner_ws/install/explorer_gazebo/share/explorer_gazebo//worlds/map11.world.xml
[5.016s] -- Symlinking: /home/shared/projects/gultepe/cleaner_ws/install/explorer_gazebo/share/explorer_gazebo//worlds/map2.world.xml
[5.035s] -- Symlinking: /home/shared/projects/gultepe/cleaner_ws/install/explorer_gazebo/share/explorer_gazebo//worlds/map3.world.xml
[5.053s] -- Symlinking: /home/shared/projects/gultepe/cleaner_ws/install/explorer_gazebo/share/explorer_gazebo//worlds/map4.world.xml
[5.070s] -- Symlinking: /home/shared/projects/gultepe/cleaner_ws/install/explorer_gazebo/share/explorer_gazebo//worlds/map5.world.xml
[5.085s] -- Symlinking: /home/shared/projects/gultepe/cleaner_ws/install/explorer_gazebo/share/explorer_gazebo//worlds/map6.world.xml
[5.102s] -- Symlinking: /home/shared/projects/gultepe/cleaner_ws/install/explorer_gazebo/share/explorer_gazebo//worlds/map7.world.xml
[5.118s] -- Symlinking: /home/shared/projects/gultepe/cleaner_ws/install/explorer_gazebo/share/explorer_gazebo//worlds/map8.world.xml
[5.136s] -- Symlinking: /home/shared/projects/gultepe/cleaner_ws/install/explorer_gazebo/share/explorer_gazebo//worlds/map9.world.xml
[5.153s] -- Symlinking: /home/shared/projects/gultepe/cleaner_ws/install/explorer_gazebo/share/explorer_gazebo//maps/map1.csv
[5.170s] -- Symlinking: /home/shared/projects/gultepe/cleaner_ws/install/explorer_gazebo/share/explorer_gazebo//maps/map10.csv
[5.186s] -- Symlinking: /home/shared/projects/gultepe/cleaner_ws/install/explorer_gazebo/share/explorer_gazebo//maps/map11.csv
[5.201s] -- Symlinking: /home/shared/projects/gultepe/cleaner_ws/install/explorer_gazebo/share/explorer_gazebo//maps/map2.csv
[5.219s] -- Symlinking: /home/shared/projects/gultepe/cleaner_ws/install/explorer_gazebo/share/explorer_gazebo//maps/map3.csv
[5.235s] -- Symlinking: /home/shared/projects/gultepe/cleaner_ws/install/explorer_gazebo/share/explorer_gazebo//maps/map4.csv
[5.252s] -- Symlinking: /home/shared/projects/gultepe/cleaner_ws/install/explorer_gazebo/share/explorer_gazebo//maps/map5.csv
[5.273s] -- Symlinking: /home/shared/projects/gultepe/cleaner_ws/install/explorer_gazebo/share/explorer_gazebo//maps/map6.csv
[5.288s] -- Symlinking: /home/shared/projects/gultepe/cleaner_ws/install/explorer_gazebo/share/explorer_gazebo//maps/map7.csv
[5.307s] -- Symlinking: /home/shared/projects/gultepe/cleaner_ws/install/explorer_gazebo/share/explorer_gazebo//maps/map8.csv
[5.324s] -- Symlinking: /home/shared/projects/gultepe/cleaner_ws/install/explorer_gazebo/share/explorer_gazebo//maps/map9.csv
[5.345s] -- Symlinking: /home/shared/projects/gultepe/cleaner_ws/install/explorer_gazebo/share/ament_index/resource_index/package_run_dependencies/explorer_gazebo
[5.364s] -- Symlinking: /home/shared/projects/gultepe/cleaner_ws/install/explorer_gazebo/share/ament_index/resource_index/parent_prefix_path/explorer_gazebo
[5.384s] -- Symlinking: /home/shared/projects/gultepe/cleaner_ws/install/explorer_gazebo/share/explorer_gazebo/environment/ament_prefix_path.sh
[5.412s] -- Symlinking: /home/shared/projects/gultepe/cleaner_ws/install/explorer_gazebo/share/explorer_gazebo/environment/ament_prefix_path.dsv
[5.428s] -- Symlinking: /home/shared/projects/gultepe/cleaner_ws/install/explorer_gazebo/share/explorer_gazebo/environment/path.sh
[5.473s] -- Symlinking: /home/shared/projects/gultepe/cleaner_ws/install/explorer_gazebo/share/explorer_gazebo/environment/path.dsv
[5.493s] -- Symlinking: /home/shared/projects/gultepe/cleaner_ws/install/explorer_gazebo/share/explorer_gazebo/local_setup.bash
[5.513s] -- Symlinking: /home/shared/projects/gultepe/cleaner_ws/install/explorer_gazebo/share/explorer_gazebo/local_setup.sh
[5.530s] -- Symlinking: /home/shared/projects/gultepe/cleaner_ws/install/explorer_gazebo/share/explorer_gazebo/local_setup.zsh
[5.552s] -- Symlinking: /home/shared/projects/gultepe/cleaner_ws/install/explorer_gazebo/share/explorer_gazebo/local_setup.dsv
[5.573s] -- Symlinking: /home/shared/projects/gultepe/cleaner_ws/install/explorer_gazebo/share/explorer_gazebo/package.dsv
[5.600s] -- Symlinking: /home/shared/projects/gultepe/cleaner_ws/install/explorer_gazebo/share/ament_index/resource_index/packages/explorer_gazebo
[5.623s] -- Symlinking: /home/shared/projects/gultepe/cleaner_ws/install/explorer_gazebo/share/explorer_gazebo/cmake/explorer_gazeboConfig.cmake
[5.638s] -- Symlinking: /home/shared/projects/gultepe/cleaner_ws/install/explorer_gazebo/share/explorer_gazebo/cmake/explorer_gazeboConfig-version.cmake
[5.662s] -- Symlinking: /home/shared/projects/gultepe/cleaner_ws/install/explorer_gazebo/share/explorer_gazebo/package.xml
[5.688s] Invoked command in '/home/shared/projects/gultepe/cleaner_ws/build/explorer_gazebo' returned '0': CMAKE_PREFIX_PATH=${CMAKE_PREFIX_PATH}:/home/tunaprogrammer/projects/gultepe/cleaner_ws/install/explorer_wanderer:/home/tunaprogrammer/projects/gultepe/cleaner_ws/install/explorer_navigation2:/home/tunaprogrammer/projects/gultepe/cleaner_ws/install/explorer_map_utils:/home/tunaprogrammer/projects/gultepe/cleaner_ws/install/explorer_bringup:/home/tunaprogrammer/projects/gultepe/cleaner_ws/install/bno055:/home/tunaprogrammer/projects/gultepe/humble_ws/install/jetpack:/home/tunaprogrammer/projects/gultepe/humble_ws/install/python_pkg:/home/tunaprogrammer/projects/gultepe/humble_ws/install/catcher:/opt/ros/humble /usr/bin/cmake --install /home/shared/projects/gultepe/cleaner_ws/build/explorer_gazebo
