[1.581s] Invoking command in '/home/shared/projects/gultepe/cleaner_ws/build/linear_sweep': PYTHONPATH=/home/shared/projects/gultepe/cleaner_ws/build/linear_sweep/prefix_override:/home/shared/projects/gultepe/cleaner_ws/install/linear_sweep/lib/python3.10/site-packages:${PYTHONPATH} /usr/bin/python3 setup.py develop --uninstall --editable --build-directory /home/shared/projects/gultepe/cleaner_ws/build/linear_sweep/build
[2.050s] running develop
[2.305s] Removing /home/shared/projects/gultepe/cleaner_ws/install/linear_sweep/lib/python3.10/site-packages/linear-sweep.egg-link (link to .)
[2.356s] Invoked command in '/home/shared/projects/gultepe/cleaner_ws/build/linear_sweep' returned '0': PYTHONPATH=/home/shared/projects/gultepe/cleaner_ws/build/linear_sweep/prefix_override:/home/shared/projects/gultepe/cleaner_ws/install/linear_sweep/lib/python3.10/site-packages:${PYTHONPATH} /usr/bin/python3 setup.py develop --uninstall --editable --build-directory /home/shared/projects/gultepe/cleaner_ws/build/linear_sweep/build
[2.357s] Invoking command in '/home/shared/projects/gultepe/cleaner_ws/src/linear_sweep': PYTHONPATH=/home/shared/projects/gultepe/cleaner_ws/build/linear_sweep/prefix_override:/home/shared/projects/gultepe/cleaner_ws/install/linear_sweep/lib/python3.10/site-packages:${PYTHONPATH} /usr/bin/python3 setup.py egg_info --egg-base ../../build/linear_sweep build --build-base /home/shared/projects/gultepe/cleaner_ws/build/linear_sweep/build install --record /home/shared/projects/gultepe/cleaner_ws/build/linear_sweep/install.log --single-version-externally-managed
[2.843s] running egg_info
[2.843s] writing ../../build/linear_sweep/linear_sweep.egg-info/PKG-INFO
[2.843s] writing dependency_links to ../../build/linear_sweep/linear_sweep.egg-info/dependency_links.txt
[2.843s] writing entry points to ../../build/linear_sweep/linear_sweep.egg-info/entry_points.txt
[2.843s] writing requirements to ../../build/linear_sweep/linear_sweep.egg-info/requires.txt
[2.843s] writing top-level names to ../../build/linear_sweep/linear_sweep.egg-info/top_level.txt
[2.844s] reading manifest file '../../build/linear_sweep/linear_sweep.egg-info/SOURCES.txt'
[2.844s] writing manifest file '../../build/linear_sweep/linear_sweep.egg-info/SOURCES.txt'
[2.844s] running build
[2.844s] running build_py
[2.844s] creating /home/shared/projects/gultepe/cleaner_ws/build/linear_sweep/build
[2.845s] creating /home/shared/projects/gultepe/cleaner_ws/build/linear_sweep/build/lib
[2.845s] creating /home/shared/projects/gultepe/cleaner_ws/build/linear_sweep/build/lib/linear_sweep
[2.845s] copying linear_sweep/route.py -> /home/shared/projects/gultepe/cleaner_ws/build/linear_sweep/build/lib/linear_sweep
[2.846s] copying linear_sweep/nav2_client.py -> /home/shared/projects/gultepe/cleaner_ws/build/linear_sweep/build/lib/linear_sweep
[2.846s] copying linear_sweep/main.py -> /home/shared/projects/gultepe/cleaner_ws/build/linear_sweep/build/lib/linear_sweep
[2.852s] copying linear_sweep/__init__.py -> /home/shared/projects/gultepe/cleaner_ws/build/linear_sweep/build/lib/linear_sweep
[2.852s] copying linear_sweep/line.py -> /home/shared/projects/gultepe/cleaner_ws/build/linear_sweep/build/lib/linear_sweep
[2.852s] copying linear_sweep/line_sweeper_old.py -> /home/shared/projects/gultepe/cleaner_ws/build/linear_sweep/build/lib/linear_sweep
[2.852s] copying linear_sweep/config.py -> /home/shared/projects/gultepe/cleaner_ws/build/linear_sweep/build/lib/linear_sweep
[2.852s] running install
[2.852s] running install_lib
[2.853s] creating /home/shared/projects/gultepe/cleaner_ws/install/linear_sweep/lib/python3.10/site-packages/linear_sweep
[2.853s] copying /home/shared/projects/gultepe/cleaner_ws/build/linear_sweep/build/lib/linear_sweep/route.py -> /home/shared/projects/gultepe/cleaner_ws/install/linear_sweep/lib/python3.10/site-packages/linear_sweep
[2.853s] copying /home/shared/projects/gultepe/cleaner_ws/build/linear_sweep/build/lib/linear_sweep/nav2_client.py -> /home/shared/projects/gultepe/cleaner_ws/install/linear_sweep/lib/python3.10/site-packages/linear_sweep
[2.853s] copying /home/shared/projects/gultepe/cleaner_ws/build/linear_sweep/build/lib/linear_sweep/main.py -> /home/shared/projects/gultepe/cleaner_ws/install/linear_sweep/lib/python3.10/site-packages/linear_sweep
[2.853s] copying /home/shared/projects/gultepe/cleaner_ws/build/linear_sweep/build/lib/linear_sweep/__init__.py -> /home/shared/projects/gultepe/cleaner_ws/install/linear_sweep/lib/python3.10/site-packages/linear_sweep
[2.853s] copying /home/shared/projects/gultepe/cleaner_ws/build/linear_sweep/build/lib/linear_sweep/line.py -> /home/shared/projects/gultepe/cleaner_ws/install/linear_sweep/lib/python3.10/site-packages/linear_sweep
[2.853s] copying /home/shared/projects/gultepe/cleaner_ws/build/linear_sweep/build/lib/linear_sweep/line_sweeper_old.py -> /home/shared/projects/gultepe/cleaner_ws/install/linear_sweep/lib/python3.10/site-packages/linear_sweep
[2.853s] copying /home/shared/projects/gultepe/cleaner_ws/build/linear_sweep/build/lib/linear_sweep/config.py -> /home/shared/projects/gultepe/cleaner_ws/install/linear_sweep/lib/python3.10/site-packages/linear_sweep
[2.853s] byte-compiling /home/shared/projects/gultepe/cleaner_ws/install/linear_sweep/lib/python3.10/site-packages/linear_sweep/route.py to route.cpython-310.pyc
[2.855s] byte-compiling /home/shared/projects/gultepe/cleaner_ws/install/linear_sweep/lib/python3.10/site-packages/linear_sweep/nav2_client.py to nav2_client.cpython-310.pyc
[2.856s] byte-compiling /home/shared/projects/gultepe/cleaner_ws/install/linear_sweep/lib/python3.10/site-packages/linear_sweep/main.py to main.cpython-310.pyc
[2.861s] byte-compiling /home/shared/projects/gultepe/cleaner_ws/install/linear_sweep/lib/python3.10/site-packages/linear_sweep/__init__.py to __init__.cpython-310.pyc
[2.861s] byte-compiling /home/shared/projects/gultepe/cleaner_ws/install/linear_sweep/lib/python3.10/site-packages/linear_sweep/line.py to line.cpython-310.pyc
[2.861s] byte-compiling /home/shared/projects/gultepe/cleaner_ws/install/linear_sweep/lib/python3.10/site-packages/linear_sweep/line_sweeper_old.py to line_sweeper_old.cpython-310.pyc
[2.861s] byte-compiling /home/shared/projects/gultepe/cleaner_ws/install/linear_sweep/lib/python3.10/site-packages/linear_sweep/config.py to config.cpython-310.pyc
[2.861s] running install_data
[2.861s] running install_egg_info
[2.865s] Copying ../../build/linear_sweep/linear_sweep.egg-info to /home/shared/projects/gultepe/cleaner_ws/install/linear_sweep/lib/python3.10/site-packages/linear_sweep-0.0.0-py3.10.egg-info
[2.865s] running install_scripts
[2.908s] Installing linear_sweep_test script to /home/shared/projects/gultepe/cleaner_ws/install/linear_sweep/lib/linear_sweep
[2.909s] writing list of installed files to '/home/shared/projects/gultepe/cleaner_ws/build/linear_sweep/install.log'
[3.057s] Invoked command in '/home/shared/projects/gultepe/cleaner_ws/src/linear_sweep' returned '0': PYTHONPATH=/home/shared/projects/gultepe/cleaner_ws/build/linear_sweep/prefix_override:/home/shared/projects/gultepe/cleaner_ws/install/linear_sweep/lib/python3.10/site-packages:${PYTHONPATH} /usr/bin/python3 setup.py egg_info --egg-base ../../build/linear_sweep build --build-base /home/shared/projects/gultepe/cleaner_ws/build/linear_sweep/build install --record /home/shared/projects/gultepe/cleaner_ws/build/linear_sweep/install.log --single-version-externally-managed
