[1.187s] Invoking command in '/home/shared/projects/gultepe/cleaner_ws/src/bno055': PYTHONPATH=/home/shared/projects/gultepe/cleaner_ws/build/bno055/prefix_override:/home/shared/projects/gultepe/cleaner_ws/install/bno055/lib/python3.10/site-packages:${PYTHONPATH} /usr/bin/python3 setup.py egg_info --egg-base ../../build/bno055 build --build-base /home/shared/projects/gultepe/cleaner_ws/build/bno055/build install --record /home/shared/projects/gultepe/cleaner_ws/build/bno055/install.log --single-version-externally-managed
[1.508s] running egg_info
[1.509s] creating ../../build/bno055/bno055.egg-info
[1.509s] writing ../../build/bno055/bno055.egg-info/PKG-INFO
[1.509s] writing dependency_links to ../../build/bno055/bno055.egg-info/dependency_links.txt
[1.510s] writing entry points to ../../build/bno055/bno055.egg-info/entry_points.txt
[1.510s] writing requirements to ../../build/bno055/bno055.egg-info/requires.txt
[1.510s] writing top-level names to ../../build/bno055/bno055.egg-info/top_level.txt
[1.510s] writing manifest file '../../build/bno055/bno055.egg-info/SOURCES.txt'
[1.512s] reading manifest file '../../build/bno055/bno055.egg-info/SOURCES.txt'
[1.513s] adding license file 'LICENSE'
[1.514s] adding license file 'AUTHORS'
[1.514s] writing manifest file '../../build/bno055/bno055.egg-info/SOURCES.txt'
[1.514s] running build
[1.514s] running build_py
[1.515s] creating /home/shared/projects/gultepe/cleaner_ws/build/bno055/build
[1.515s] creating /home/shared/projects/gultepe/cleaner_ws/build/bno055/build/lib
[1.515s] creating /home/shared/projects/gultepe/cleaner_ws/build/bno055/build/lib/bno055
[1.515s] copying bno055/__init__.py -> /home/shared/projects/gultepe/cleaner_ws/build/bno055/build/lib/bno055
[1.516s] copying bno055/bno055.py -> /home/shared/projects/gultepe/cleaner_ws/build/bno055/build/lib/bno055
[1.516s] copying bno055/registers.py -> /home/shared/projects/gultepe/cleaner_ws/build/bno055/build/lib/bno055
[1.516s] creating /home/shared/projects/gultepe/cleaner_ws/build/bno055/build/lib/bno055/error_handling
[1.516s] copying bno055/error_handling/exceptions.py -> /home/shared/projects/gultepe/cleaner_ws/build/bno055/build/lib/bno055/error_handling
[1.517s] copying bno055/error_handling/__init__.py -> /home/shared/projects/gultepe/cleaner_ws/build/bno055/build/lib/bno055/error_handling
[1.517s] creating /home/shared/projects/gultepe/cleaner_ws/build/bno055/build/lib/bno055/params
[1.517s] copying bno055/params/NodeParameters.py -> /home/shared/projects/gultepe/cleaner_ws/build/bno055/build/lib/bno055/params
[1.517s] copying bno055/params/__init__.py -> /home/shared/projects/gultepe/cleaner_ws/build/bno055/build/lib/bno055/params
[1.518s] creating /home/shared/projects/gultepe/cleaner_ws/build/bno055/build/lib/bno055/sensor
[1.518s] copying bno055/sensor/SensorService.py -> /home/shared/projects/gultepe/cleaner_ws/build/bno055/build/lib/bno055/sensor
[1.518s] copying bno055/sensor/__init__.py -> /home/shared/projects/gultepe/cleaner_ws/build/bno055/build/lib/bno055/sensor
[1.518s] creating /home/shared/projects/gultepe/cleaner_ws/build/bno055/build/lib/bno055/connectors
[1.518s] copying bno055/connectors/i2c.py -> /home/shared/projects/gultepe/cleaner_ws/build/bno055/build/lib/bno055/connectors
[1.519s] copying bno055/connectors/uart.py -> /home/shared/projects/gultepe/cleaner_ws/build/bno055/build/lib/bno055/connectors
[1.519s] copying bno055/connectors/Connector.py -> /home/shared/projects/gultepe/cleaner_ws/build/bno055/build/lib/bno055/connectors
[1.519s] copying bno055/connectors/__init__.py -> /home/shared/projects/gultepe/cleaner_ws/build/bno055/build/lib/bno055/connectors
[1.520s] running install
[1.520s] running install_lib
[1.521s] creating /home/shared/projects/gultepe/cleaner_ws/install/bno055/lib/python3.10/site-packages/bno055
[1.522s] creating /home/shared/projects/gultepe/cleaner_ws/install/bno055/lib/python3.10/site-packages/bno055/error_handling
[1.522s] copying /home/shared/projects/gultepe/cleaner_ws/build/bno055/build/lib/bno055/error_handling/exceptions.py -> /home/shared/projects/gultepe/cleaner_ws/install/bno055/lib/python3.10/site-packages/bno055/error_handling
[1.522s] copying /home/shared/projects/gultepe/cleaner_ws/build/bno055/build/lib/bno055/error_handling/__init__.py -> /home/shared/projects/gultepe/cleaner_ws/install/bno055/lib/python3.10/site-packages/bno055/error_handling
[1.522s] creating /home/shared/projects/gultepe/cleaner_ws/install/bno055/lib/python3.10/site-packages/bno055/params
[1.523s] copying /home/shared/projects/gultepe/cleaner_ws/build/bno055/build/lib/bno055/params/NodeParameters.py -> /home/shared/projects/gultepe/cleaner_ws/install/bno055/lib/python3.10/site-packages/bno055/params
[1.523s] copying /home/shared/projects/gultepe/cleaner_ws/build/bno055/build/lib/bno055/params/__init__.py -> /home/shared/projects/gultepe/cleaner_ws/install/bno055/lib/python3.10/site-packages/bno055/params
[1.523s] copying /home/shared/projects/gultepe/cleaner_ws/build/bno055/build/lib/bno055/registers.py -> /home/shared/projects/gultepe/cleaner_ws/install/bno055/lib/python3.10/site-packages/bno055
[1.524s] creating /home/shared/projects/gultepe/cleaner_ws/install/bno055/lib/python3.10/site-packages/bno055/sensor
[1.524s] copying /home/shared/projects/gultepe/cleaner_ws/build/bno055/build/lib/bno055/sensor/SensorService.py -> /home/shared/projects/gultepe/cleaner_ws/install/bno055/lib/python3.10/site-packages/bno055/sensor
[1.524s] copying /home/shared/projects/gultepe/cleaner_ws/build/bno055/build/lib/bno055/sensor/__init__.py -> /home/shared/projects/gultepe/cleaner_ws/install/bno055/lib/python3.10/site-packages/bno055/sensor
[1.524s] copying /home/shared/projects/gultepe/cleaner_ws/build/bno055/build/lib/bno055/__init__.py -> /home/shared/projects/gultepe/cleaner_ws/install/bno055/lib/python3.10/site-packages/bno055
[1.525s] copying /home/shared/projects/gultepe/cleaner_ws/build/bno055/build/lib/bno055/bno055.py -> /home/shared/projects/gultepe/cleaner_ws/install/bno055/lib/python3.10/site-packages/bno055
[1.525s] creating /home/shared/projects/gultepe/cleaner_ws/install/bno055/lib/python3.10/site-packages/bno055/connectors
[1.525s] copying /home/shared/projects/gultepe/cleaner_ws/build/bno055/build/lib/bno055/connectors/i2c.py -> /home/shared/projects/gultepe/cleaner_ws/install/bno055/lib/python3.10/site-packages/bno055/connectors
[1.525s] copying /home/shared/projects/gultepe/cleaner_ws/build/bno055/build/lib/bno055/connectors/uart.py -> /home/shared/projects/gultepe/cleaner_ws/install/bno055/lib/python3.10/site-packages/bno055/connectors
[1.526s] copying /home/shared/projects/gultepe/cleaner_ws/build/bno055/build/lib/bno055/connectors/Connector.py -> /home/shared/projects/gultepe/cleaner_ws/install/bno055/lib/python3.10/site-packages/bno055/connectors
[1.526s] copying /home/shared/projects/gultepe/cleaner_ws/build/bno055/build/lib/bno055/connectors/__init__.py -> /home/shared/projects/gultepe/cleaner_ws/install/bno055/lib/python3.10/site-packages/bno055/connectors
[1.526s] byte-compiling /home/shared/projects/gultepe/cleaner_ws/install/bno055/lib/python3.10/site-packages/bno055/error_handling/exceptions.py to exceptions.cpython-310.pyc
[1.526s] byte-compiling /home/shared/projects/gultepe/cleaner_ws/install/bno055/lib/python3.10/site-packages/bno055/error_handling/__init__.py to __init__.cpython-310.pyc
[1.526s] byte-compiling /home/shared/projects/gultepe/cleaner_ws/install/bno055/lib/python3.10/site-packages/bno055/params/NodeParameters.py to NodeParameters.cpython-310.pyc
[1.527s] byte-compiling /home/shared/projects/gultepe/cleaner_ws/install/bno055/lib/python3.10/site-packages/bno055/params/__init__.py to __init__.cpython-310.pyc
[1.527s] byte-compiling /home/shared/projects/gultepe/cleaner_ws/install/bno055/lib/python3.10/site-packages/bno055/registers.py to registers.cpython-310.pyc
[1.528s] byte-compiling /home/shared/projects/gultepe/cleaner_ws/install/bno055/lib/python3.10/site-packages/bno055/sensor/SensorService.py to SensorService.cpython-310.pyc
[1.532s] byte-compiling /home/shared/projects/gultepe/cleaner_ws/install/bno055/lib/python3.10/site-packages/bno055/sensor/__init__.py to __init__.cpython-310.pyc
[1.532s] byte-compiling /home/shared/projects/gultepe/cleaner_ws/install/bno055/lib/python3.10/site-packages/bno055/__init__.py to __init__.cpython-310.pyc
[1.532s] byte-compiling /home/shared/projects/gultepe/cleaner_ws/install/bno055/lib/python3.10/site-packages/bno055/bno055.py to bno055.cpython-310.pyc
[1.533s] byte-compiling /home/shared/projects/gultepe/cleaner_ws/install/bno055/lib/python3.10/site-packages/bno055/connectors/i2c.py to i2c.cpython-310.pyc
[1.533s] byte-compiling /home/shared/projects/gultepe/cleaner_ws/install/bno055/lib/python3.10/site-packages/bno055/connectors/uart.py to uart.cpython-310.pyc
[1.534s] byte-compiling /home/shared/projects/gultepe/cleaner_ws/install/bno055/lib/python3.10/site-packages/bno055/connectors/Connector.py to Connector.cpython-310.pyc
[1.535s] byte-compiling /home/shared/projects/gultepe/cleaner_ws/install/bno055/lib/python3.10/site-packages/bno055/connectors/__init__.py to __init__.cpython-310.pyc
[1.535s] running install_data
[1.536s] creating /home/shared/projects/gultepe/cleaner_ws/install/bno055/share/ament_index
[1.537s] creating /home/shared/projects/gultepe/cleaner_ws/install/bno055/share/ament_index/resource_index
[1.537s] creating /home/shared/projects/gultepe/cleaner_ws/install/bno055/share/ament_index/resource_index/packages
[1.537s] copying resource/bno055 -> /home/shared/projects/gultepe/cleaner_ws/install/bno055/share/ament_index/resource_index/packages
[1.537s] copying package.xml -> /home/shared/projects/gultepe/cleaner_ws/install/bno055/share/bno055
[1.537s] creating /home/shared/projects/gultepe/cleaner_ws/install/bno055/share/bno055/launch
[1.538s] copying launch/bno055.launch.py -> /home/shared/projects/gultepe/cleaner_ws/install/bno055/share/bno055/launch
[1.538s] creating /home/shared/projects/gultepe/cleaner_ws/install/bno055/share/bno055/config
[1.538s] copying bno055/params/bno055_params_i2c.yaml -> /home/shared/projects/gultepe/cleaner_ws/install/bno055/share/bno055/config
[1.540s] copying bno055/params/bno055_params.yaml -> /home/shared/projects/gultepe/cleaner_ws/install/bno055/share/bno055/config
[1.540s] copying bno055/params/bno055_params_test.yaml -> /home/shared/projects/gultepe/cleaner_ws/install/bno055/share/bno055/config
[1.540s] running install_egg_info
[1.540s] Copying ../../build/bno055/bno055.egg-info to /home/shared/projects/gultepe/cleaner_ws/install/bno055/lib/python3.10/site-packages/bno055-0.4.1-py3.10.egg-info
[1.541s] running install_scripts
[1.567s] Installing bno055 script to /home/shared/projects/gultepe/cleaner_ws/install/bno055/lib/bno055
[1.567s] writing list of installed files to '/home/shared/projects/gultepe/cleaner_ws/build/bno055/install.log'
[1.625s] Invoked command in '/home/shared/projects/gultepe/cleaner_ws/src/bno055' returned '0': PYTHONPATH=/home/shared/projects/gultepe/cleaner_ws/build/bno055/prefix_override:/home/shared/projects/gultepe/cleaner_ws/install/bno055/lib/python3.10/site-packages:${PYTHONPATH} /usr/bin/python3 setup.py egg_info --egg-base ../../build/bno055 build --build-base /home/shared/projects/gultepe/cleaner_ws/build/bno055/build install --record /home/shared/projects/gultepe/cleaner_ws/build/bno055/install.log --single-version-externally-managed
