[0.402s] Invoking command in '/home/shared/projects/gultepe/cleaner_ws/build/cleaner_bringup': AMENT_PREFIX_PATH=/home/shared/projects/gultepe/cleaner_ws/install/cleaner_description:${AMENT_PREFIX_PATH} CMAKE_PREFIX_PATH=/home/shared/projects/gultepe/cleaner_ws/install/cleaner_description:/home/tunaprogrammer/projects/gultepe/cleaner_ws/install/turtlebot3_simulations:/home/tunaprogrammer/projects/gultepe/cleaner_ws/install/turtlebot3_gazebo:/home/tunaprogrammer/projects/gultepe/cleaner_ws/install/rplidar_ros:/home/tunaprogrammer/projects/gultepe/cleaner_ws/install/cleaner_bringup:/home/tunaprogrammer/projects/gultepe/cleaner_ws/install/cleaner_description:/home/tunaprogrammer/projects/gultepe/humble_ws/install/robot_arise:/home/tunaprogrammer/projects/gultepe/humble_ws/install/test_interfaces:/home/tunaprogrammer/projects/gultepe/cleaner_ws/install/bno055:/home/tunaprogrammer/projects/gultepe/humble_ws/install/jetpack:/home/tunaprogrammer/projects/gultepe/humble_ws/install/python_pkg:/home/tunaprogrammer/projects/gultepe/humble_ws/install/catcher:/opt/ros/humble /usr/bin/cmake --build /home/shared/projects/gultepe/cleaner_ws/build/cleaner_bringup -- -j12 -l12
[0.676s] Invoked command in '/home/shared/projects/gultepe/cleaner_ws/build/cleaner_bringup' returned '0': AMENT_PREFIX_PATH=/home/shared/projects/gultepe/cleaner_ws/install/cleaner_description:${AMENT_PREFIX_PATH} CMAKE_PREFIX_PATH=/home/shared/projects/gultepe/cleaner_ws/install/cleaner_description:/home/tunaprogrammer/projects/gultepe/cleaner_ws/install/turtlebot3_simulations:/home/tunaprogrammer/projects/gultepe/cleaner_ws/install/turtlebot3_gazebo:/home/tunaprogrammer/projects/gultepe/cleaner_ws/install/rplidar_ros:/home/tunaprogrammer/projects/gultepe/cleaner_ws/install/cleaner_bringup:/home/tunaprogrammer/projects/gultepe/cleaner_ws/install/cleaner_description:/home/tunaprogrammer/projects/gultepe/humble_ws/install/robot_arise:/home/tunaprogrammer/projects/gultepe/humble_ws/install/test_interfaces:/home/tunaprogrammer/projects/gultepe/cleaner_ws/install/bno055:/home/tunaprogrammer/projects/gultepe/humble_ws/install/jetpack:/home/tunaprogrammer/projects/gultepe/humble_ws/install/python_pkg:/home/tunaprogrammer/projects/gultepe/humble_ws/install/catcher:/opt/ros/humble /usr/bin/cmake --build /home/shared/projects/gultepe/cleaner_ws/build/cleaner_bringup -- -j12 -l12
[0.773s] Invoking command in '/home/shared/projects/gultepe/cleaner_ws/build/cleaner_bringup': AMENT_PREFIX_PATH=/home/shared/projects/gultepe/cleaner_ws/install/cleaner_description:${AMENT_PREFIX_PATH} CMAKE_PREFIX_PATH=/home/shared/projects/gultepe/cleaner_ws/install/cleaner_description:/home/tunaprogrammer/projects/gultepe/cleaner_ws/install/turtlebot3_simulations:/home/tunaprogrammer/projects/gultepe/cleaner_ws/install/turtlebot3_gazebo:/home/tunaprogrammer/projects/gultepe/cleaner_ws/install/rplidar_ros:/home/tunaprogrammer/projects/gultepe/cleaner_ws/install/cleaner_bringup:/home/tunaprogrammer/projects/gultepe/cleaner_ws/install/cleaner_description:/home/tunaprogrammer/projects/gultepe/humble_ws/install/robot_arise:/home/tunaprogrammer/projects/gultepe/humble_ws/install/test_interfaces:/home/tunaprogrammer/projects/gultepe/cleaner_ws/install/bno055:/home/tunaprogrammer/projects/gultepe/humble_ws/install/jetpack:/home/tunaprogrammer/projects/gultepe/humble_ws/install/python_pkg:/home/tunaprogrammer/projects/gultepe/humble_ws/install/catcher:/opt/ros/humble /usr/bin/cmake --install /home/shared/projects/gultepe/cleaner_ws/build/cleaner_bringup
[0.805s] -- Install configuration: ""
[0.808s] -- Execute custom install script
[0.810s] -- Up-to-date symlink: /home/shared/projects/gultepe/cleaner_ws/install/cleaner_bringup/share/cleaner_bringup/launch/cartographer.launch.py
[0.810s] -- Up-to-date symlink: /home/shared/projects/gultepe/cleaner_ws/install/cleaner_bringup/share/cleaner_bringup/launch/cleaner_gazebo.launch.xml
[0.811s] -- Up-to-date symlink: /home/shared/projects/gultepe/cleaner_ws/install/cleaner_bringup/share/cleaner_bringup/launch/display.launch.py
[0.812s] -- Up-to-date symlink: /home/shared/projects/gultepe/cleaner_ws/install/cleaner_bringup/share/cleaner_bringup/launch/display.launch.xml
[0.813s] -- Up-to-date symlink: /home/shared/projects/gultepe/cleaner_ws/install/cleaner_bringup/share/cleaner_bringup/launch/occupancy_grid.launch.py
[0.813s] -- Up-to-date symlink: /home/shared/projects/gultepe/cleaner_ws/install/cleaner_bringup/share/cleaner_bringup/launch/turtlebot3_world.launch.py
[0.814s] -- Up-to-date symlink: /home/shared/projects/gultepe/cleaner_ws/install/cleaner_bringup/share/cleaner_bringup/worlds/test_world.world
[0.814s] -- Up-to-date symlink: /home/shared/projects/gultepe/cleaner_ws/install/cleaner_bringup/share/cleaner_bringup/worlds/turtlebot3_world.world
[0.816s] -- Up-to-date symlink: /home/shared/projects/gultepe/cleaner_ws/install/cleaner_bringup/share/cleaner_bringup/config/gultepe_cleaner_2d.lua
[0.816s] -- Up-to-date symlink: /home/shared/projects/gultepe/cleaner_ws/install/cleaner_bringup/share/cleaner_bringup/config/turtlebot3_lds_2d.lua
[0.817s] -- Up-to-date symlink: /home/shared/projects/gultepe/cleaner_ws/install/cleaner_bringup/share/cleaner_bringup/rviz/gultepe_cartographer.rviz
[0.818s] -- Up-to-date symlink: /home/shared/projects/gultepe/cleaner_ws/install/cleaner_bringup/share/cleaner_bringup/rviz/gultepe_navigation.rviz
[0.819s] -- Up-to-date symlink: /home/shared/projects/gultepe/cleaner_ws/install/cleaner_bringup/share/cleaner_bringup/rviz/tb3_cartographer.rviz
[0.820s] -- Up-to-date symlink: /home/shared/projects/gultepe/cleaner_ws/install/cleaner_bringup/share/cleaner_bringup/rviz/tb3_navigation2.rviz
[0.820s] -- Up-to-date symlink: /home/shared/projects/gultepe/cleaner_ws/install/cleaner_bringup/share/ament_index/resource_index/package_run_dependencies/cleaner_bringup
[0.821s] -- Up-to-date symlink: /home/shared/projects/gultepe/cleaner_ws/install/cleaner_bringup/share/ament_index/resource_index/parent_prefix_path/cleaner_bringup
[0.822s] -- Up-to-date symlink: /home/shared/projects/gultepe/cleaner_ws/install/cleaner_bringup/share/cleaner_bringup/environment/ament_prefix_path.sh
[0.823s] -- Up-to-date symlink: /home/shared/projects/gultepe/cleaner_ws/install/cleaner_bringup/share/cleaner_bringup/environment/ament_prefix_path.dsv
[0.823s] -- Up-to-date symlink: /home/shared/projects/gultepe/cleaner_ws/install/cleaner_bringup/share/cleaner_bringup/environment/path.sh
[0.824s] -- Up-to-date symlink: /home/shared/projects/gultepe/cleaner_ws/install/cleaner_bringup/share/cleaner_bringup/environment/path.dsv
[0.825s] -- Up-to-date symlink: /home/shared/projects/gultepe/cleaner_ws/install/cleaner_bringup/share/cleaner_bringup/local_setup.bash
[0.826s] -- Up-to-date symlink: /home/shared/projects/gultepe/cleaner_ws/install/cleaner_bringup/share/cleaner_bringup/local_setup.sh
[0.827s] -- Up-to-date symlink: /home/shared/projects/gultepe/cleaner_ws/install/cleaner_bringup/share/cleaner_bringup/local_setup.zsh
[0.827s] -- Up-to-date symlink: /home/shared/projects/gultepe/cleaner_ws/install/cleaner_bringup/share/cleaner_bringup/local_setup.dsv
[0.828s] -- Symlinking: /home/shared/projects/gultepe/cleaner_ws/install/cleaner_bringup/share/cleaner_bringup/package.dsv
[0.865s] -- Up-to-date symlink: /home/shared/projects/gultepe/cleaner_ws/install/cleaner_bringup/share/ament_index/resource_index/packages/cleaner_bringup
[0.866s] -- Up-to-date symlink: /home/shared/projects/gultepe/cleaner_ws/install/cleaner_bringup/share/cleaner_bringup/cmake/cleaner_bringupConfig.cmake
[0.867s] -- Up-to-date symlink: /home/shared/projects/gultepe/cleaner_ws/install/cleaner_bringup/share/cleaner_bringup/cmake/cleaner_bringupConfig-version.cmake
[0.868s] -- Up-to-date symlink: /home/shared/projects/gultepe/cleaner_ws/install/cleaner_bringup/share/cleaner_bringup/package.xml
[0.884s] Invoked command in '/home/shared/projects/gultepe/cleaner_ws/build/cleaner_bringup' returned '0': AMENT_PREFIX_PATH=/home/shared/projects/gultepe/cleaner_ws/install/cleaner_description:${AMENT_PREFIX_PATH} CMAKE_PREFIX_PATH=/home/shared/projects/gultepe/cleaner_ws/install/cleaner_description:/home/tunaprogrammer/projects/gultepe/cleaner_ws/install/turtlebot3_simulations:/home/tunaprogrammer/projects/gultepe/cleaner_ws/install/turtlebot3_gazebo:/home/tunaprogrammer/projects/gultepe/cleaner_ws/install/rplidar_ros:/home/tunaprogrammer/projects/gultepe/cleaner_ws/install/cleaner_bringup:/home/tunaprogrammer/projects/gultepe/cleaner_ws/install/cleaner_description:/home/tunaprogrammer/projects/gultepe/humble_ws/install/robot_arise:/home/tunaprogrammer/projects/gultepe/humble_ws/install/test_interfaces:/home/tunaprogrammer/projects/gultepe/cleaner_ws/install/bno055:/home/tunaprogrammer/projects/gultepe/humble_ws/install/jetpack:/home/tunaprogrammer/projects/gultepe/humble_ws/install/python_pkg:/home/tunaprogrammer/projects/gultepe/humble_ws/install/catcher:/opt/ros/humble /usr/bin/cmake --install /home/shared/projects/gultepe/cleaner_ws/build/cleaner_bringup
