[0.000000] (-) TimerEvent: {}
[0.000132] (-) JobUnselected: {'identifier': 'bno055'}
[0.000149] (-) JobUnselected: {'identifier': 'cleaner_bringup'}
[0.000160] (-) JobUnselected: {'identifier': 'cleaner_description'}
[0.000170] (-) JobUnselected: {'identifier': 'gultepe_scripts'}
[0.000178] (-) JobUnselected: {'identifier': 'rplidar_ros'}
[0.000189] (differential_drive) JobQueued: {'identifier': 'differential_drive', 'dependencies': OrderedDict()}
[0.000200] (differential_drive) JobStarted: {'identifier': 'differential_drive'}
[0.099708] (-) TimerEvent: {}
[0.199992] (-) TimerEvent: {}
[0.300268] (-) TimerEvent: {}
[0.400551] (-) TimerEvent: {}
[0.500840] (-) TimerEvent: {}
[0.510970] (differential_drive) Command: {'cmd': ['/usr/bin/python3', 'setup.py', 'develop', '--editable', '--build-directory', '/home/shared/projects/gultepe/cleaner_ws/build/differential_drive/build', '--no-deps', 'install_data'], 'cwd': '/home/shared/projects/gultepe/cleaner_ws/build/differential_drive', 'env': {'USER': 'tunaprogrammer', 'LC_TIME': 'tr_TR.UTF-8', 'XDG_SESSION_TYPE': 'wayland', 'SHLVL': '1', 'LD_LIBRARY_PATH': '/home/tunaprogrammer/projects/gultepe/cleaner_ws/install/multirobot_map_merge/lib:/home/tunaprogrammer/projects/gultepe/humble_ws/install/test_interfaces/lib:/usr/lib/x86_64-linux-gnu/gazebo-11/plugins:/opt/ros/humble/opt/rviz_ogre_vendor/lib:/opt/ros/humble/lib/x86_64-linux-gnu:/opt/ros/humble/lib', 'OLDPWD': '/home/tunaprogrammer/projects/gultepe/cleaner_ws/src', 'HOME': '/home/tunaprogrammer', 'DESKTOP_SESSION': 'ubuntu', 'GTK_MODULES': 'gail:atk-bridge', 'GNOME_SHELL_SESSION_MODE': 'ubuntu', 'ROS_PYTHON_VERSION': '3', 'LC_MONETARY': 'tr_TR.UTF-8', 'SYSTEMD_EXEC_PID': '2804', 'DBUS_SESSION_BUS_ADDRESS': 'unix:path=/run/user/1000/bus', 'COLORTERM': 'truecolor', 'WAYLAND_DISPLAY': 'wayland-0', 'ROS_DISTRO': 'humble', 'COLCON_PREFIX_PATH': '/home/tunaprogrammer/projects/gultepe/cleaner_ws/install:/home/tunaprogrammer/projects/gultepe/humble_ws/install', 'LOGNAME': 'tunaprogrammer', '_': '/usr/bin/colcon', 'XDG_SESSION_CLASS': 'user', 'ROS_VERSION': '2', 'USERNAME': 'tunaprogrammer', 'TERM': 'xterm-256color', 'GNOME_DESKTOP_SESSION_ID': 'this-is-deprecated', 'ROS_LOCALHOST_ONLY': '0', 'PATH': '/opt/ros/humble/bin:/home/tunaprogrammer/applications:/usr/local/sbin:/usr/local/bin:/usr/sbin:/usr/bin:/sbin:/bin:/usr/games:/usr/local/games:/snap/bin:/snap/bin', 'SESSION_MANAGER': 'local/ubuntuna:@/tmp/.ICE-unix/2787,unix/ubuntuna:/tmp/.ICE-unix/2787', 'GNOME_TERMINAL_SCREEN': '/org/gnome/Terminal/screen/d828cb39_388c_48a0_a712_4e533c4e7f00', 'XDG_MENU_PREFIX': 'gnome-', 'GNOME_SETUP_DISPLAY': ':1', 'XDG_RUNTIME_DIR': '/run/user/1000', 'LC_ADDRESS': 'tr_TR.UTF-8', 'DISPLAY': ':0', 'LANG': 'en_US.UTF-8', 'XDG_CURRENT_DESKTOP': 'ubuntu:GNOME', 'LC_TELEPHONE': 'tr_TR.UTF-8', 'XDG_SESSION_DESKTOP': 'ubuntu', 'GNOME_TERMINAL_SERVICE': ':1.207', 'XMODIFIERS': '@im=ibus', 'XAUTHORITY': '/run/user/1000/.mutter-Xwaylandauth.13JBH2', 'LS_COLORS': 'ow=01;33', 'SSH_AUTH_SOCK': '/run/user/1000/keyring/ssh', 'SSH_AGENT_LAUNCHER': 'gnome-keyring', 'AMENT_PREFIX_PATH': '/home/tunaprogrammer/projects/gultepe/cleaner_ws/install/turtlebot3_simulations:/home/tunaprogrammer/projects/gultepe/cleaner_ws/install/turtlebot3_gazebo:/home/tunaprogrammer/projects/gultepe/cleaner_ws/install/rplidar_ros:/home/tunaprogrammer/projects/gultepe/cleaner_ws/install/multirobot_map_merge:/home/tunaprogrammer/projects/gultepe/cleaner_ws/install/gultepe_scripts:/home/tunaprogrammer/projects/gultepe/cleaner_ws/install/gultepe_pkg:/home/tunaprogrammer/projects/gultepe/cleaner_ws/install/differential_drive:/home/tunaprogrammer/projects/gultepe/cleaner_ws/install/cleaner_bringup:/home/tunaprogrammer/projects/gultepe/cleaner_ws/install/cleaner_description:/home/tunaprogrammer/projects/gultepe/cleaner_ws/install/bno055:/home/tunaprogrammer/projects/gultepe/humble_ws/install/robot_arise:/home/tunaprogrammer/projects/gultepe/humble_ws/install/jetpack:/home/tunaprogrammer/projects/gultepe/humble_ws/install/test_interfaces:/home/tunaprogrammer/projects/gultepe/humble_ws/install/python_pkg:/home/tunaprogrammer/projects/gultepe/humble_ws/install/catcher:/opt/ros/humble', 'SHELL': '/usr/bin/zsh', 'LC_NAME': 'tr_TR.UTF-8', 'QT_ACCESSIBILITY': '1', 'GDMSESSION': 'ubuntu', 'LC_MEASUREMENT': 'tr_TR.UTF-8', 'LC_IDENTIFICATION': 'tr_TR.UTF-8', 'QT_IM_MODULE': 'ibus', 'PWD': '/home/shared/projects/gultepe/cleaner_ws/build/differential_drive', 'TURTLEBOT3_MODEL': 'waffle', 'XDG_DATA_DIRS': '/usr/local/share/:/usr/share/:/var/lib/snapd/desktop', 'KEYTIMEOUT': '1', 'LC_NUMERIC': 'tr_TR.UTF-8', 'PYTHONPATH': '/home/shared/projects/gultepe/cleaner_ws/build/differential_drive/prefix_override:/home/shared/projects/gultepe/cleaner_ws/install/differential_drive/lib/python3.10/site-packages:/home/shared/projects/gultepe/cleaner_ws/build/gultepe_scripts:/home/tunaprogrammer/projects/gultepe/cleaner_ws/install/gultepe_scripts/lib/python3.10/site-packages:/home/tunaprogrammer/projects/gultepe/cleaner_ws/install/gultepe_pkg/lib/python3.10/site-packages:/home/shared/projects/gultepe/cleaner_ws/build/differential_drive/src:/home/tunaprogrammer/projects/gultepe/cleaner_ws/install/differential_drive/lib/python3.10/site-packages:/home/tunaprogrammer/projects/gultepe/cleaner_ws/install/bno055/lib/python3.10/site-packages:/home/tunaprogrammer/projects/gultepe/humble_ws/install/jetpack/lib/python3.10/site-packages:/home/tunaprogrammer/projects/gultepe/humble_ws/install/test_interfaces/local/lib/python3.10/dist-packages:/home/tunaprogrammer/projects/gultepe/humble_ws/install/python_pkg/lib/python3.10/site-packages:/home/shared/projects/gultepe/humble_ws/build/catcher:/home/tunaprogrammer/projects/gultepe/humble_ws/install/catcher/lib/python3.10/site-packages:/opt/ros/humble/lib/python3.10/site-packages:/opt/ros/humble/local/lib/python3.10/dist-packages', 'LC_PAPER': 'tr_TR.UTF-8', 'COLCON': '1', 'VTE_VERSION': '6800', 'CMAKE_PREFIX_PATH': '/home/tunaprogrammer/projects/gultepe/cleaner_ws/install/turtlebot3_simulations:/home/tunaprogrammer/projects/gultepe/cleaner_ws/install/turtlebot3_gazebo:/home/tunaprogrammer/projects/gultepe/cleaner_ws/install/rplidar_ros:/home/tunaprogrammer/projects/gultepe/cleaner_ws/install/multirobot_map_merge:/home/tunaprogrammer/projects/gultepe/cleaner_ws/install/cleaner_bringup:/home/tunaprogrammer/projects/gultepe/cleaner_ws/install/cleaner_description:/home/tunaprogrammer/projects/gultepe/humble_ws/install/robot_arise:/home/tunaprogrammer/projects/gultepe/humble_ws/install/test_interfaces'}, 'shell': False}
[0.601009] (-) TimerEvent: {}
[0.647138] (differential_drive) StderrLine: {'line': b"/home/tunaprogrammer/.local/lib/python3.10/site-packages/setuptools/dist.py:717: UserWarning: Usage of dash-separated 'script-dir' will not be supported in future versions. Please use the underscore name 'script_dir' instead\n"}
[0.647287] (differential_drive) StderrLine: {'line': b'  warnings.warn(\n'}
[0.675574] (differential_drive) StdoutLine: {'line': b'running develop\n'}
[0.701154] (-) TimerEvent: {}
[0.778883] (differential_drive) StdoutLine: {'line': b'running egg_info\n'}
[0.779014] (differential_drive) StdoutLine: {'line': b'writing src/differential_drive.egg-info/PKG-INFO\n'}
[0.779144] (differential_drive) StdoutLine: {'line': b'writing dependency_links to src/differential_drive.egg-info/dependency_links.txt\n'}
[0.779210] (differential_drive) StdoutLine: {'line': b'writing entry points to src/differential_drive.egg-info/entry_points.txt\n'}
[0.779248] (differential_drive) StdoutLine: {'line': b'writing requirements to src/differential_drive.egg-info/requires.txt\n'}
[0.779281] (differential_drive) StdoutLine: {'line': b'writing top-level names to src/differential_drive.egg-info/top_level.txt\n'}
[0.780425] (differential_drive) StdoutLine: {'line': b"reading manifest file 'src/differential_drive.egg-info/SOURCES.txt'\n"}
[0.781013] (differential_drive) StdoutLine: {'line': b"writing manifest file 'src/differential_drive.egg-info/SOURCES.txt'\n"}
[0.781833] (differential_drive) StdoutLine: {'line': b'running build_ext\n'}
[0.781899] (differential_drive) StdoutLine: {'line': b'Creating /home/shared/projects/gultepe/cleaner_ws/install/differential_drive/lib/python3.10/site-packages/differential-drive.egg-link (link to src)\n'}
[0.782395] (differential_drive) StdoutLine: {'line': b'Installing diff_tf script to /home/shared/projects/gultepe/cleaner_ws/install/differential_drive/lib/differential_drive\n'}
[0.782546] (differential_drive) StdoutLine: {'line': b'Installing pid_velocity script to /home/shared/projects/gultepe/cleaner_ws/install/differential_drive/lib/differential_drive\n'}
[0.782589] (differential_drive) StdoutLine: {'line': b'Installing twist_to_motors script to /home/shared/projects/gultepe/cleaner_ws/install/differential_drive/lib/differential_drive\n'}
[0.782622] (differential_drive) StdoutLine: {'line': b'Installing virtual_joystick script to /home/shared/projects/gultepe/cleaner_ws/install/differential_drive/lib/differential_drive\n'}
[0.782733] (differential_drive) StdoutLine: {'line': b'Installing wheel_loopback script to /home/shared/projects/gultepe/cleaner_ws/install/differential_drive/lib/differential_drive\n'}
[0.782799] (differential_drive) StdoutLine: {'line': b'Installing wheel_scaler script to /home/shared/projects/gultepe/cleaner_ws/install/differential_drive/lib/differential_drive\n'}
[0.782836] (differential_drive) StdoutLine: {'line': b'\n'}
[0.782868] (differential_drive) StdoutLine: {'line': b'Installed /home/shared/projects/gultepe/cleaner_ws/build/differential_drive/src\n'}
[0.782901] (differential_drive) StdoutLine: {'line': b'running install_data\n'}
[0.798809] (differential_drive) CommandEnded: {'returncode': 0}
[0.801262] (-) TimerEvent: {}
[0.841997] (differential_drive) JobEnded: {'identifier': 'differential_drive', 'rc': 0}
[0.842392] (-) EventReactorShutdown: {}
