[2.862s] Invoking command in '/home/shared/projects/gultepe/cleaner_ws/build/explorer_map_utils': PYTHONPATH=/home/shared/projects/gultepe/cleaner_ws/build/explorer_map_utils/prefix_override:/home/shared/projects/gultepe/cleaner_ws/install/explorer_map_utils/lib/python3.10/site-packages:${PYTHONPATH} /usr/bin/python3 setup.py develop --uninstall --editable --build-directory /home/shared/projects/gultepe/cleaner_ws/build/explorer_map_utils/build
[3.223s] /home/tunaprogrammer/.local/lib/python3.10/site-packages/setuptools/dist.py:717: UserWarning: Usage of dash-separated 'script-dir' will not be supported in future versions. Please use the underscore name 'script_dir' instead
[3.223s]   warnings.warn(
[3.285s] running develop
[3.637s] Invoked command in '/home/shared/projects/gultepe/cleaner_ws/build/explorer_map_utils' returned '0': PYTHONPATH=/home/shared/projects/gultepe/cleaner_ws/build/explorer_map_utils/prefix_override:/home/shared/projects/gultepe/cleaner_ws/install/explorer_map_utils/lib/python3.10/site-packages:${PYTHONPATH} /usr/bin/python3 setup.py develop --uninstall --editable --build-directory /home/shared/projects/gultepe/cleaner_ws/build/explorer_map_utils/build
[3.641s] Invoking command in '/home/shared/projects/gultepe/cleaner_ws/src/ros2_explorer/explorer_map_utils': PYTHONPATH=/home/shared/projects/gultepe/cleaner_ws/build/explorer_map_utils/prefix_override:/home/shared/projects/gultepe/cleaner_ws/install/explorer_map_utils/lib/python3.10/site-packages:${PYTHONPATH} /usr/bin/python3 setup.py egg_info --egg-base ../../../build/explorer_map_utils build --build-base /home/shared/projects/gultepe/cleaner_ws/build/explorer_map_utils/build install --record /home/shared/projects/gultepe/cleaner_ws/build/explorer_map_utils/install.log --install-scripts $base/lib/explorer_map_utils --single-version-externally-managed
[3.981s] /home/tunaprogrammer/.local/lib/python3.10/site-packages/setuptools/dist.py:717: UserWarning: Usage of dash-separated 'script-dir' will not be supported in future versions. Please use the underscore name 'script_dir' instead
[3.981s]   warnings.warn(
[4.012s] running egg_info
[4.013s] writing ../../../build/explorer_map_utils/explorer_map_utils.egg-info/PKG-INFO
[4.014s] writing dependency_links to ../../../build/explorer_map_utils/explorer_map_utils.egg-info/dependency_links.txt
[4.014s] writing entry points to ../../../build/explorer_map_utils/explorer_map_utils.egg-info/entry_points.txt
[4.014s] writing requirements to ../../../build/explorer_map_utils/explorer_map_utils.egg-info/requires.txt
[4.014s] writing top-level names to ../../../build/explorer_map_utils/explorer_map_utils.egg-info/top_level.txt
[4.017s] reading manifest file '../../../build/explorer_map_utils/explorer_map_utils.egg-info/SOURCES.txt'
[4.019s] writing manifest file '../../../build/explorer_map_utils/explorer_map_utils.egg-info/SOURCES.txt'
[4.019s] running build
[4.019s] running build_py
[4.020s] copying explorer_map_utils/__init__.py -> /home/shared/projects/gultepe/cleaner_ws/build/explorer_map_utils/build/lib/explorer_map_utils
[4.020s] copying explorer_map_utils/watchtower.py -> /home/shared/projects/gultepe/cleaner_ws/build/explorer_map_utils/build/lib/explorer_map_utils
[4.020s] running install
[4.020s] running install_lib
[4.021s] creating /home/shared/projects/gultepe/cleaner_ws/install/explorer_map_utils/lib/python3.10/site-packages/explorer_map_utils
[4.021s] copying /home/shared/projects/gultepe/cleaner_ws/build/explorer_map_utils/build/lib/explorer_map_utils/__init__.py -> /home/shared/projects/gultepe/cleaner_ws/install/explorer_map_utils/lib/python3.10/site-packages/explorer_map_utils
[4.022s] copying /home/shared/projects/gultepe/cleaner_ws/build/explorer_map_utils/build/lib/explorer_map_utils/watchtower.py -> /home/shared/projects/gultepe/cleaner_ws/install/explorer_map_utils/lib/python3.10/site-packages/explorer_map_utils
[4.022s] byte-compiling /home/shared/projects/gultepe/cleaner_ws/install/explorer_map_utils/lib/python3.10/site-packages/explorer_map_utils/__init__.py to __init__.cpython-310.pyc
[4.022s] byte-compiling /home/shared/projects/gultepe/cleaner_ws/install/explorer_map_utils/lib/python3.10/site-packages/explorer_map_utils/watchtower.py to watchtower.cpython-310.pyc
[4.023s] running install_data
[4.024s] copying resource/explorer_map_utils -> /home/shared/projects/gultepe/cleaner_ws/install/explorer_map_utils/share/ament_index/resource_index/packages
[4.024s] copying package.xml -> /home/shared/projects/gultepe/cleaner_ws/install/explorer_map_utils/share/explorer_map_utils
[4.024s] running install_egg_info
[4.026s] Copying ../../../build/explorer_map_utils/explorer_map_utils.egg-info to /home/shared/projects/gultepe/cleaner_ws/install/explorer_map_utils/lib/python3.10/site-packages/explorer_map_utils-0.0.0-py3.10.egg-info
[4.027s] running install_scripts
[4.057s] Installing watchtower script to /home/shared/projects/gultepe/cleaner_ws/install/explorer_map_utils/lib/explorer_map_utils
[4.057s] writing list of installed files to '/home/shared/projects/gultepe/cleaner_ws/build/explorer_map_utils/install.log'
[4.105s] Invoked command in '/home/shared/projects/gultepe/cleaner_ws/src/ros2_explorer/explorer_map_utils' returned '0': PYTHONPATH=/home/shared/projects/gultepe/cleaner_ws/build/explorer_map_utils/prefix_override:/home/shared/projects/gultepe/cleaner_ws/install/explorer_map_utils/lib/python3.10/site-packages:${PYTHONPATH} /usr/bin/python3 setup.py egg_info --egg-base ../../../build/explorer_map_utils build --build-base /home/shared/projects/gultepe/cleaner_ws/build/explorer_map_utils/build install --record /home/shared/projects/gultepe/cleaner_ws/build/explorer_map_utils/install.log --install-scripts $base/lib/explorer_map_utils --single-version-externally-managed
