[0.894s] Invoking command in '/home/shared/projects/gultepe/cleaner_ws/build/multirobot_map_merge': CMAKE_PREFIX_PATH=${CMAKE_PREFIX_PATH}:/home/tunaprogrammer/projects/gultepe/cleaner_ws/install/bno055:/home/tunaprogrammer/projects/gultepe/humble_ws/install/jetpack:/home/tunaprogrammer/projects/gultepe/humble_ws/install/python_pkg:/home/tunaprogrammer/projects/gultepe/humble_ws/install/catcher:/opt/ros/humble /usr/bin/cmake --build /home/shared/projects/gultepe/cleaner_ws/build/multirobot_map_merge -- -j12 -l12
[0.961s] [35m[1mConsolidate compiler generated dependencies of target combine_grids[0m
[0.963s] [35m[1mConsolidate compiler generated dependencies of target gtest_main[0m
[0.964s] [35m[1mConsolidate compiler generated dependencies of target gtest[0m
[0.995s] [ 16%] Built target gtest_main
[1.000s] [ 33%] Built target gtest
[1.011s] [ 66%] Built target combine_grids
[1.035s] [35m[1mConsolidate compiler generated dependencies of target test_merging_pipeline[0m
[1.039s] [35m[1mConsolidate compiler generated dependencies of target map_merge[0m
[1.070s] [ 83%] Built target test_merging_pipeline
[1.096s] [100%] Built target map_merge
[1.148s] Invoked command in '/home/shared/projects/gultepe/cleaner_ws/build/multirobot_map_merge' returned '0': CMAKE_PREFIX_PATH=${CMAKE_PREFIX_PATH}:/home/tunaprogrammer/projects/gultepe/cleaner_ws/install/bno055:/home/tunaprogrammer/projects/gultepe/humble_ws/install/jetpack:/home/tunaprogrammer/projects/gultepe/humble_ws/install/python_pkg:/home/tunaprogrammer/projects/gultepe/humble_ws/install/catcher:/opt/ros/humble /usr/bin/cmake --build /home/shared/projects/gultepe/cleaner_ws/build/multirobot_map_merge -- -j12 -l12
[1.470s] Invoking command in '/home/shared/projects/gultepe/cleaner_ws/build/multirobot_map_merge': CMAKE_PREFIX_PATH=${CMAKE_PREFIX_PATH}:/home/tunaprogrammer/projects/gultepe/cleaner_ws/install/bno055:/home/tunaprogrammer/projects/gultepe/humble_ws/install/jetpack:/home/tunaprogrammer/projects/gultepe/humble_ws/install/python_pkg:/home/tunaprogrammer/projects/gultepe/humble_ws/install/catcher:/opt/ros/humble /usr/bin/cmake --install /home/shared/projects/gultepe/cleaner_ws/build/multirobot_map_merge
[1.485s] -- Install configuration: ""
[1.485s] -- Up-to-date: /home/shared/projects/gultepe/cleaner_ws/install/multirobot_map_merge/include/map_merge/
[1.486s] -- Up-to-date: /home/shared/projects/gultepe/cleaner_ws/install/multirobot_map_merge/include/map_merge//ros1_names.hpp
[1.486s] -- Up-to-date: /home/shared/projects/gultepe/cleaner_ws/install/multirobot_map_merge/include/map_merge//map_merge.h
[1.486s] -- Up-to-date: /home/shared/projects/gultepe/cleaner_ws/install/multirobot_map_merge/share/multirobot_map_merge/launch
[1.486s] -- Up-to-date: /home/shared/projects/gultepe/cleaner_ws/install/multirobot_map_merge/share/multirobot_map_merge/launch/tb3_simulation
[1.487s] -- Up-to-date: /home/shared/projects/gultepe/cleaner_ws/install/multirobot_map_merge/share/multirobot_map_merge/launch/tb3_simulation/tb3_simulation_launch.py
[1.487s] -- Up-to-date: /home/shared/projects/gultepe/cleaner_ws/install/multirobot_map_merge/share/multirobot_map_merge/launch/tb3_simulation/bringup_launch.py
[1.488s] -- Up-to-date: /home/shared/projects/gultepe/cleaner_ws/install/multirobot_map_merge/share/multirobot_map_merge/launch/tb3_simulation/multi_tb3_simulation_launch.py
[1.489s] -- Up-to-date: /home/shared/projects/gultepe/cleaner_ws/install/multirobot_map_merge/share/multirobot_map_merge/launch/tb3_simulation/slam_toolbox.py
[1.490s] -- Up-to-date: /home/shared/projects/gultepe/cleaner_ws/install/multirobot_map_merge/share/multirobot_map_merge/launch/tb3_simulation/worlds
[1.490s] -- Up-to-date: /home/shared/projects/gultepe/cleaner_ws/install/multirobot_map_merge/share/multirobot_map_merge/launch/tb3_simulation/worlds/world_only.model
[1.492s] -- Up-to-date: /home/shared/projects/gultepe/cleaner_ws/install/multirobot_map_merge/share/multirobot_map_merge/launch/tb3_simulation/config
[1.492s] -- Up-to-date: /home/shared/projects/gultepe/cleaner_ws/install/multirobot_map_merge/share/multirobot_map_merge/launch/tb3_simulation/config/nav2_multirobot_params_1.yaml
[1.492s] -- Up-to-date: /home/shared/projects/gultepe/cleaner_ws/install/multirobot_map_merge/share/multirobot_map_merge/launch/tb3_simulation/config/nav2_multirobot_params_2.yaml
[1.492s] -- Up-to-date: /home/shared/projects/gultepe/cleaner_ws/install/multirobot_map_merge/share/multirobot_map_merge/launch/map_merge.launch.py
[1.492s] -- Up-to-date: /home/shared/projects/gultepe/cleaner_ws/install/multirobot_map_merge/share/multirobot_map_merge/launch/map_merge.rviz
[1.493s] -- Up-to-date: /home/shared/projects/gultepe/cleaner_ws/install/multirobot_map_merge/share/multirobot_map_merge/launch/from_map_server.launch.py
[1.493s] -- Up-to-date: /home/shared/projects/gultepe/cleaner_ws/install/multirobot_map_merge/share/multirobot_map_merge/config
[1.494s] -- Up-to-date: /home/shared/projects/gultepe/cleaner_ws/install/multirobot_map_merge/share/multirobot_map_merge/config/params.yaml
[1.495s] -- Up-to-date: /home/shared/projects/gultepe/cleaner_ws/install/multirobot_map_merge/lib/libcombine_grids.a
[1.495s] -- Up-to-date: /home/shared/projects/gultepe/cleaner_ws/install/multirobot_map_merge/lib/multirobot_map_merge/map_merge
[1.496s] -- Up-to-date: /home/shared/projects/gultepe/cleaner_ws/install/multirobot_map_merge/share/multirobot_map_merge/environment/library_path.sh
[1.497s] -- Up-to-date: /home/shared/projects/gultepe/cleaner_ws/install/multirobot_map_merge/share/multirobot_map_merge/environment/library_path.dsv
[1.497s] -- Up-to-date: /home/shared/projects/gultepe/cleaner_ws/install/multirobot_map_merge/share/ament_index/resource_index/package_run_dependencies/multirobot_map_merge
[1.497s] -- Up-to-date: /home/shared/projects/gultepe/cleaner_ws/install/multirobot_map_merge/share/ament_index/resource_index/parent_prefix_path/multirobot_map_merge
[1.499s] -- Up-to-date: /home/shared/projects/gultepe/cleaner_ws/install/multirobot_map_merge/share/multirobot_map_merge/environment/ament_prefix_path.sh
[1.500s] -- Up-to-date: /home/shared/projects/gultepe/cleaner_ws/install/multirobot_map_merge/share/multirobot_map_merge/environment/ament_prefix_path.dsv
[1.500s] -- Up-to-date: /home/shared/projects/gultepe/cleaner_ws/install/multirobot_map_merge/share/multirobot_map_merge/environment/path.sh
[1.501s] -- Up-to-date: /home/shared/projects/gultepe/cleaner_ws/install/multirobot_map_merge/share/multirobot_map_merge/environment/path.dsv
[1.501s] -- Up-to-date: /home/shared/projects/gultepe/cleaner_ws/install/multirobot_map_merge/share/multirobot_map_merge/local_setup.bash
[1.501s] -- Up-to-date: /home/shared/projects/gultepe/cleaner_ws/install/multirobot_map_merge/share/multirobot_map_merge/local_setup.sh
[1.502s] -- Up-to-date: /home/shared/projects/gultepe/cleaner_ws/install/multirobot_map_merge/share/multirobot_map_merge/local_setup.zsh
[1.502s] -- Up-to-date: /home/shared/projects/gultepe/cleaner_ws/install/multirobot_map_merge/share/multirobot_map_merge/local_setup.dsv
[1.502s] -- Installing: /home/shared/projects/gultepe/cleaner_ws/install/multirobot_map_merge/share/multirobot_map_merge/package.dsv
[1.503s] -- Up-to-date: /home/shared/projects/gultepe/cleaner_ws/install/multirobot_map_merge/share/ament_index/resource_index/packages/multirobot_map_merge
[1.503s] -- Up-to-date: /home/shared/projects/gultepe/cleaner_ws/install/multirobot_map_merge/share/multirobot_map_merge/cmake/ament_cmake_export_include_directories-extras.cmake
[1.503s] -- Up-to-date: /home/shared/projects/gultepe/cleaner_ws/install/multirobot_map_merge/share/multirobot_map_merge/cmake/ament_cmake_export_libraries-extras.cmake
[1.503s] -- Up-to-date: /home/shared/projects/gultepe/cleaner_ws/install/multirobot_map_merge/share/multirobot_map_merge/cmake/multirobot_map_mergeConfig.cmake
[1.504s] -- Up-to-date: /home/shared/projects/gultepe/cleaner_ws/install/multirobot_map_merge/share/multirobot_map_merge/cmake/multirobot_map_mergeConfig-version.cmake
[1.504s] -- Up-to-date: /home/shared/projects/gultepe/cleaner_ws/install/multirobot_map_merge/share/multirobot_map_merge/package.xml
[1.510s] Invoked command in '/home/shared/projects/gultepe/cleaner_ws/build/multirobot_map_merge' returned '0': CMAKE_PREFIX_PATH=${CMAKE_PREFIX_PATH}:/home/tunaprogrammer/projects/gultepe/cleaner_ws/install/bno055:/home/tunaprogrammer/projects/gultepe/humble_ws/install/jetpack:/home/tunaprogrammer/projects/gultepe/humble_ws/install/python_pkg:/home/tunaprogrammer/projects/gultepe/humble_ws/install/catcher:/opt/ros/humble /usr/bin/cmake --install /home/shared/projects/gultepe/cleaner_ws/build/multirobot_map_merge
