[2.099s] Invoking command in '/home/shared/projects/gultepe/cleaner_ws/src/bno055': PYTHONPATH=/home/shared/projects/gultepe/cleaner_ws/build/bno055/prefix_override:/home/shared/projects/gultepe/cleaner_ws/install/bno055/lib/python3.10/site-packages:${PYTHONPATH} /usr/bin/python3 setup.py egg_info --egg-base ../../build/bno055 build --build-base /home/shared/projects/gultepe/cleaner_ws/build/bno055/build install --record /home/shared/projects/gultepe/cleaner_ws/build/bno055/install.log --single-version-externally-managed
[2.660s] running egg_info
[2.662s] writing ../../build/bno055/bno055.egg-info/PKG-INFO
[2.662s] writing dependency_links to ../../build/bno055/bno055.egg-info/dependency_links.txt
[2.663s] writing entry points to ../../build/bno055/bno055.egg-info/entry_points.txt
[2.663s] writing requirements to ../../build/bno055/bno055.egg-info/requires.txt
[2.664s] writing top-level names to ../../build/bno055/bno055.egg-info/top_level.txt
[2.665s] reading manifest file '../../build/bno055/bno055.egg-info/SOURCES.txt'
[2.666s] adding license file 'LICENSE'
[2.667s] adding license file 'AUTHORS'
[2.669s] writing manifest file '../../build/bno055/bno055.egg-info/SOURCES.txt'
[2.669s] running build
[2.670s] running build_py
[2.671s] running install
[2.672s] running install_lib
[2.675s] running install_data
[2.676s] running install_egg_info
[2.678s] removing '/home/shared/projects/gultepe/cleaner_ws/install/bno055/lib/python3.10/site-packages/bno055-0.4.1-py3.10.egg-info' (and everything under it)
[2.679s] Copying ../../build/bno055/bno055.egg-info to /home/shared/projects/gultepe/cleaner_ws/install/bno055/lib/python3.10/site-packages/bno055-0.4.1-py3.10.egg-info
[2.681s] running install_scripts
[2.713s] Installing bno055 script to /home/shared/projects/gultepe/cleaner_ws/install/bno055/lib/bno055
[2.714s] writing list of installed files to '/home/shared/projects/gultepe/cleaner_ws/build/bno055/install.log'
[2.754s] Invoked command in '/home/shared/projects/gultepe/cleaner_ws/src/bno055' returned '0': PYTHONPATH=/home/shared/projects/gultepe/cleaner_ws/build/bno055/prefix_override:/home/shared/projects/gultepe/cleaner_ws/install/bno055/lib/python3.10/site-packages:${PYTHONPATH} /usr/bin/python3 setup.py egg_info --egg-base ../../build/bno055 build --build-base /home/shared/projects/gultepe/cleaner_ws/build/bno055/build install --record /home/shared/projects/gultepe/cleaner_ws/build/bno055/install.log --single-version-externally-managed
