[0.841s] Invoking command in '/home/shared/projects/gultepe/cleaner_ws/src/bno055': PYTHONPATH=/home/shared/projects/gultepe/cleaner_ws/build/bno055/prefix_override:/home/shared/projects/gultepe/cleaner_ws/install/bno055/lib/python3.10/site-packages:${PYTHONPATH} /usr/bin/python3 setup.py egg_info --egg-base ../../build/bno055 build --build-base /home/shared/projects/gultepe/cleaner_ws/build/bno055/build install --record /home/shared/projects/gultepe/cleaner_ws/build/bno055/install.log --single-version-externally-managed
[1.025s] running egg_info
[1.025s] writing ../../build/bno055/bno055.egg-info/PKG-INFO
[1.025s] writing dependency_links to ../../build/bno055/bno055.egg-info/dependency_links.txt
[1.025s] writing entry points to ../../build/bno055/bno055.egg-info/entry_points.txt
[1.025s] writing requirements to ../../build/bno055/bno055.egg-info/requires.txt
[1.025s] writing top-level names to ../../build/bno055/bno055.egg-info/top_level.txt
[1.027s] reading manifest file '../../build/bno055/bno055.egg-info/SOURCES.txt'
[1.027s] adding license file 'LICENSE'
[1.027s] adding license file 'AUTHORS'
[1.027s] writing manifest file '../../build/bno055/bno055.egg-info/SOURCES.txt'
[1.027s] running build
[1.027s] running build_py
[1.028s] running install
[1.028s] running install_lib
[1.029s] running install_data
[1.030s] running install_egg_info
[1.031s] removing '/home/shared/projects/gultepe/cleaner_ws/install/bno055/lib/python3.10/site-packages/bno055-0.4.1-py3.10.egg-info' (and everything under it)
[1.031s] Copying ../../build/bno055/bno055.egg-info to /home/shared/projects/gultepe/cleaner_ws/install/bno055/lib/python3.10/site-packages/bno055-0.4.1-py3.10.egg-info
[1.031s] running install_scripts
[1.045s] Installing bno055 script to /home/shared/projects/gultepe/cleaner_ws/install/bno055/lib/bno055
[1.045s] writing list of installed files to '/home/shared/projects/gultepe/cleaner_ws/build/bno055/install.log'
[1.061s] Invoked command in '/home/shared/projects/gultepe/cleaner_ws/src/bno055' returned '0': PYTHONPATH=/home/shared/projects/gultepe/cleaner_ws/build/bno055/prefix_override:/home/shared/projects/gultepe/cleaner_ws/install/bno055/lib/python3.10/site-packages:${PYTHONPATH} /usr/bin/python3 setup.py egg_info --egg-base ../../build/bno055 build --build-base /home/shared/projects/gultepe/cleaner_ws/build/bno055/build install --record /home/shared/projects/gultepe/cleaner_ws/build/bno055/install.log --single-version-externally-managed
