[5.497s] DEBUG:colcon:Command line arguments: ['/usr/bin/colcon', 'build', '--symlink-install']
[5.497s] DEBUG:colcon:Parsed command line arguments: Namespace(log_base=None, log_level=None, verb_name='build', build_base='build', install_base='install', merge_install=False, symlink_install=True, test_result_base=None, continue_on_error=False, executor='parallel', parallel_workers=12, event_handlers=None, ignore_user_meta=False, metas=['./colcon.meta'], base_paths=['.'], packages_ignore=None, packages_ignore_regex=None, paths=None, packages_up_to=None, packages_up_to_regex=None, packages_above=None, packages_above_and_dependencies=None, packages_above_depth=None, packages_select_by_dep=None, packages_skip_by_dep=None, packages_skip_up_to=None, packages_select_build_failed=False, packages_skip_build_finished=False, packages_select_test_failures=False, packages_skip_test_passed=False, packages_select=None, packages_skip=None, packages_select_regex=None, packages_skip_regex=None, packages_start=None, packages_end=None, allow_overriding=[], cmake_args=None, cmake_target=None, cmake_target_skip_unavailable=False, cmake_clean_cache=False, cmake_clean_first=False, cmake_force_configure=False, ament_cmake_args=None, catkin_cmake_args=None, catkin_skip_building_tests=False, verb_parser=<colcon_defaults.argument_parser.defaults.DefaultArgumentsDecorator object at 0x7fe9a8ec08e0>, verb_extension=<colcon_core.verb.build.BuildVerb object at 0x7fe9a9111750>, main=<bound method BuildVerb.main of <colcon_core.verb.build.BuildVerb object at 0x7fe9a9111750>>)
[5.729s] Level 1:colcon.colcon_core.package_discovery:discover_packages(colcon_meta) check parameters
[5.730s] Level 1:colcon.colcon_core.package_discovery:discover_packages(recursive) check parameters
[5.730s] Level 1:colcon.colcon_core.package_discovery:discover_packages(ignore) check parameters
[5.730s] Level 1:colcon.colcon_core.package_discovery:discover_packages(path) check parameters
[5.730s] Level 1:colcon.colcon_core.package_discovery:discover_packages(colcon_meta) discover
[5.731s] Level 1:colcon.colcon_core.package_discovery:discover_packages(recursive) discover
[5.731s] INFO:colcon.colcon_core.package_discovery:Crawling recursively for packages in '/home/shared/projects/gultepe/cleaner_ws'
[5.731s] Level 1:colcon.colcon_core.package_identification:_identify(.) by extensions ['ignore', 'ignore_ament_install']
[5.732s] Level 1:colcon.colcon_core.package_identification:_identify(.) by extension 'ignore'
[5.732s] Level 1:colcon.colcon_core.package_identification:_identify(.) by extension 'ignore_ament_install'
[5.732s] Level 1:colcon.colcon_core.package_identification:_identify(.) by extensions ['colcon_pkg']
[5.732s] Level 1:colcon.colcon_core.package_identification:_identify(.) by extension 'colcon_pkg'
[5.733s] Level 1:colcon.colcon_core.package_identification:_identify(.) by extensions ['colcon_meta']
[5.733s] Level 1:colcon.colcon_core.package_identification:_identify(.) by extension 'colcon_meta'
[5.733s] Level 1:colcon.colcon_core.package_identification:_identify(.) by extensions ['ros']
[5.733s] Level 1:colcon.colcon_core.package_identification:_identify(.) by extension 'ros'
[5.786s] Level 1:colcon.colcon_core.package_identification:_identify(.) by extensions ['cmake', 'python']
[5.786s] Level 1:colcon.colcon_core.package_identification:_identify(.) by extension 'cmake'
[5.786s] Level 1:colcon.colcon_core.package_identification:_identify(.) by extension 'python'
[5.786s] Level 1:colcon.colcon_core.package_identification:_identify(.) by extensions ['python_setup_py']
[5.787s] Level 1:colcon.colcon_core.package_identification:_identify(.) by extension 'python_setup_py'
[5.787s] Level 1:colcon.colcon_core.package_identification:_identify(build) by extensions ['ignore', 'ignore_ament_install']
[5.788s] Level 1:colcon.colcon_core.package_identification:_identify(build) by extension 'ignore'
[5.788s] Level 1:colcon.colcon_core.package_identification:_identify(build) ignored
[5.789s] Level 1:colcon.colcon_core.package_identification:_identify(install) by extensions ['ignore', 'ignore_ament_install']
[5.789s] Level 1:colcon.colcon_core.package_identification:_identify(install) by extension 'ignore'
[5.790s] Level 1:colcon.colcon_core.package_identification:_identify(install) ignored
[5.791s] Level 1:colcon.colcon_core.package_identification:_identify(log) by extensions ['ignore', 'ignore_ament_install']
[5.791s] Level 1:colcon.colcon_core.package_identification:_identify(log) by extension 'ignore'
[5.791s] Level 1:colcon.colcon_core.package_identification:_identify(log) ignored
[5.792s] Level 1:colcon.colcon_core.package_identification:_identify(src) by extensions ['ignore', 'ignore_ament_install']
[5.792s] Level 1:colcon.colcon_core.package_identification:_identify(src) by extension 'ignore'
[5.792s] Level 1:colcon.colcon_core.package_identification:_identify(src) by extension 'ignore_ament_install'
[5.793s] Level 1:colcon.colcon_core.package_identification:_identify(src) by extensions ['colcon_pkg']
[5.793s] Level 1:colcon.colcon_core.package_identification:_identify(src) by extension 'colcon_pkg'
[5.793s] Level 1:colcon.colcon_core.package_identification:_identify(src) by extensions ['colcon_meta']
[5.793s] Level 1:colcon.colcon_core.package_identification:_identify(src) by extension 'colcon_meta'
[5.793s] Level 1:colcon.colcon_core.package_identification:_identify(src) by extensions ['ros']
[5.793s] Level 1:colcon.colcon_core.package_identification:_identify(src) by extension 'ros'
[5.794s] Level 1:colcon.colcon_core.package_identification:_identify(src) by extensions ['cmake', 'python']
[5.794s] Level 1:colcon.colcon_core.package_identification:_identify(src) by extension 'cmake'
[5.794s] Level 1:colcon.colcon_core.package_identification:_identify(src) by extension 'python'
[5.794s] Level 1:colcon.colcon_core.package_identification:_identify(src) by extensions ['python_setup_py']
[5.794s] Level 1:colcon.colcon_core.package_identification:_identify(src) by extension 'python_setup_py'
[5.795s] Level 1:colcon.colcon_core.package_identification:_identify(src/bno055) by extensions ['ignore', 'ignore_ament_install']
[5.795s] Level 1:colcon.colcon_core.package_identification:_identify(src/bno055) by extension 'ignore'
[5.796s] Level 1:colcon.colcon_core.package_identification:_identify(src/bno055) by extension 'ignore_ament_install'
[5.796s] Level 1:colcon.colcon_core.package_identification:_identify(src/bno055) by extensions ['colcon_pkg']
[5.796s] Level 1:colcon.colcon_core.package_identification:_identify(src/bno055) by extension 'colcon_pkg'
[5.796s] Level 1:colcon.colcon_core.package_identification:_identify(src/bno055) by extensions ['colcon_meta']
[5.796s] Level 1:colcon.colcon_core.package_identification:_identify(src/bno055) by extension 'colcon_meta'
[5.797s] Level 1:colcon.colcon_core.package_identification:_identify(src/bno055) by extensions ['ros']
[5.797s] Level 1:colcon.colcon_core.package_identification:_identify(src/bno055) by extension 'ros'
[5.810s] DEBUG:colcon.colcon_core.package_identification:Package 'src/bno055' with type 'ros.ament_python' and name 'bno055'
[5.811s] Level 1:colcon.colcon_core.package_identification:_identify(src/cleaner_bringup) by extensions ['ignore', 'ignore_ament_install']
[5.811s] Level 1:colcon.colcon_core.package_identification:_identify(src/cleaner_bringup) by extension 'ignore'
[5.812s] Level 1:colcon.colcon_core.package_identification:_identify(src/cleaner_bringup) by extension 'ignore_ament_install'
[5.812s] Level 1:colcon.colcon_core.package_identification:_identify(src/cleaner_bringup) by extensions ['colcon_pkg']
[5.812s] Level 1:colcon.colcon_core.package_identification:_identify(src/cleaner_bringup) by extension 'colcon_pkg'
[5.812s] Level 1:colcon.colcon_core.package_identification:_identify(src/cleaner_bringup) by extensions ['colcon_meta']
[5.812s] Level 1:colcon.colcon_core.package_identification:_identify(src/cleaner_bringup) by extension 'colcon_meta'
[5.813s] Level 1:colcon.colcon_core.package_identification:_identify(src/cleaner_bringup) by extensions ['ros']
[5.813s] Level 1:colcon.colcon_core.package_identification:_identify(src/cleaner_bringup) by extension 'ros'
[5.815s] DEBUG:colcon.colcon_core.package_identification:Package 'src/cleaner_bringup' with type 'ros.ament_cmake' and name 'cleaner_bringup'
[5.815s] Level 1:colcon.colcon_core.package_identification:_identify(src/cleaner_description) by extensions ['ignore', 'ignore_ament_install']
[5.816s] Level 1:colcon.colcon_core.package_identification:_identify(src/cleaner_description) by extension 'ignore'
[5.816s] Level 1:colcon.colcon_core.package_identification:_identify(src/cleaner_description) by extension 'ignore_ament_install'
[5.816s] Level 1:colcon.colcon_core.package_identification:_identify(src/cleaner_description) by extensions ['colcon_pkg']
[5.816s] Level 1:colcon.colcon_core.package_identification:_identify(src/cleaner_description) by extension 'colcon_pkg'
[5.817s] Level 1:colcon.colcon_core.package_identification:_identify(src/cleaner_description) by extensions ['colcon_meta']
[5.817s] Level 1:colcon.colcon_core.package_identification:_identify(src/cleaner_description) by extension 'colcon_meta'
[5.817s] Level 1:colcon.colcon_core.package_identification:_identify(src/cleaner_description) by extensions ['ros']
[5.817s] Level 1:colcon.colcon_core.package_identification:_identify(src/cleaner_description) by extension 'ros'
[5.820s] DEBUG:colcon.colcon_core.package_identification:Package 'src/cleaner_description' with type 'ros.ament_cmake' and name 'cleaner_description'
[5.821s] Level 1:colcon.colcon_core.package_identification:_identify(src/rplidar_ros) by extensions ['ignore', 'ignore_ament_install']
[5.822s] Level 1:colcon.colcon_core.package_identification:_identify(src/rplidar_ros) by extension 'ignore'
[5.822s] Level 1:colcon.colcon_core.package_identification:_identify(src/rplidar_ros) by extension 'ignore_ament_install'
[5.823s] Level 1:colcon.colcon_core.package_identification:_identify(src/rplidar_ros) by extensions ['colcon_pkg']
[5.823s] Level 1:colcon.colcon_core.package_identification:_identify(src/rplidar_ros) by extension 'colcon_pkg'
[5.823s] Level 1:colcon.colcon_core.package_identification:_identify(src/rplidar_ros) by extensions ['colcon_meta']
[5.823s] Level 1:colcon.colcon_core.package_identification:_identify(src/rplidar_ros) by extension 'colcon_meta'
[5.823s] Level 1:colcon.colcon_core.package_identification:_identify(src/rplidar_ros) by extensions ['ros']
[5.824s] Level 1:colcon.colcon_core.package_identification:_identify(src/rplidar_ros) by extension 'ros'
[5.826s] DEBUG:colcon.colcon_core.package_identification:Package 'src/rplidar_ros' with type 'ros.ament_cmake' and name 'rplidar_ros'
[5.826s] Level 1:colcon.colcon_core.package_discovery:discover_packages(recursive) using defaults
[5.826s] Level 1:colcon.colcon_core.package_discovery:discover_packages(ignore) discover
[5.826s] Level 1:colcon.colcon_core.package_discovery:discover_packages(ignore) using defaults
[5.827s] Level 1:colcon.colcon_core.package_discovery:discover_packages(path) discover
[5.827s] Level 1:colcon.colcon_core.package_discovery:discover_packages(path) using defaults
[6.330s] Level 1:colcon.colcon_core.package_discovery:discover_packages(prefix_path) check parameters
[6.330s] Level 1:colcon.colcon_core.package_discovery:discover_packages(prefix_path) discover
[6.485s] DEBUG:colcon.colcon_installed_package_information.package_discovery:Found 6 installed packages in /home/tunaprogrammer/projects/gultepe/cleaner_ws/install
[6.563s] DEBUG:colcon.colcon_installed_package_information.package_discovery:Found 5 installed packages in /home/tunaprogrammer/projects/gultepe/humble_ws/install
[6.649s] DEBUG:colcon.colcon_installed_package_information.package_discovery:Found 385 installed packages in /opt/ros/humble
[6.658s] Level 1:colcon.colcon_core.package_discovery:discover_packages(prefix_path) using defaults
[7.276s] Level 5:colcon.colcon_core.verb:set package 'bno055' build argument 'cmake_args' from command line to 'None'
[7.277s] Level 5:colcon.colcon_core.verb:set package 'bno055' build argument 'cmake_target' from command line to 'None'
[7.277s] Level 5:colcon.colcon_core.verb:set package 'bno055' build argument 'cmake_target_skip_unavailable' from command line to 'False'
[7.277s] Level 5:colcon.colcon_core.verb:set package 'bno055' build argument 'cmake_clean_cache' from command line to 'False'
[7.278s] Level 5:colcon.colcon_core.verb:set package 'bno055' build argument 'cmake_clean_first' from command line to 'False'
[7.278s] Level 5:colcon.colcon_core.verb:set package 'bno055' build argument 'cmake_force_configure' from command line to 'False'
[7.278s] Level 5:colcon.colcon_core.verb:set package 'bno055' build argument 'ament_cmake_args' from command line to 'None'
[7.278s] Level 5:colcon.colcon_core.verb:set package 'bno055' build argument 'catkin_cmake_args' from command line to 'None'
[7.278s] Level 5:colcon.colcon_core.verb:set package 'bno055' build argument 'catkin_skip_building_tests' from command line to 'False'
[7.279s] DEBUG:colcon.colcon_core.verb:Building package 'bno055' with the following arguments: {'ament_cmake_args': None, 'build_base': '/home/shared/projects/gultepe/cleaner_ws/build/bno055', 'catkin_cmake_args': None, 'catkin_skip_building_tests': False, 'cmake_args': None, 'cmake_clean_cache': False, 'cmake_clean_first': False, 'cmake_force_configure': False, 'cmake_target': None, 'cmake_target_skip_unavailable': False, 'install_base': '/home/shared/projects/gultepe/cleaner_ws/install/bno055', 'merge_install': False, 'path': '/home/shared/projects/gultepe/cleaner_ws/src/bno055', 'symlink_install': True, 'test_result_base': None}
[7.393s] Level 5:colcon.colcon_core.verb:set package 'cleaner_description' build argument 'cmake_args' from command line to 'None'
[7.393s] Level 5:colcon.colcon_core.verb:set package 'cleaner_description' build argument 'cmake_target' from command line to 'None'
[7.394s] Level 5:colcon.colcon_core.verb:set package 'cleaner_description' build argument 'cmake_target_skip_unavailable' from command line to 'False'
[7.394s] Level 5:colcon.colcon_core.verb:set package 'cleaner_description' build argument 'cmake_clean_cache' from command line to 'False'
[7.394s] Level 5:colcon.colcon_core.verb:set package 'cleaner_description' build argument 'cmake_clean_first' from command line to 'False'
[7.394s] Level 5:colcon.colcon_core.verb:set package 'cleaner_description' build argument 'cmake_force_configure' from command line to 'False'
[7.394s] Level 5:colcon.colcon_core.verb:set package 'cleaner_description' build argument 'ament_cmake_args' from command line to 'None'
[7.394s] Level 5:colcon.colcon_core.verb:set package 'cleaner_description' build argument 'catkin_cmake_args' from command line to 'None'
[7.394s] Level 5:colcon.colcon_core.verb:set package 'cleaner_description' build argument 'catkin_skip_building_tests' from command line to 'False'
[7.395s] DEBUG:colcon.colcon_core.verb:Building package 'cleaner_description' with the following arguments: {'ament_cmake_args': None, 'build_base': '/home/shared/projects/gultepe/cleaner_ws/build/cleaner_description', 'catkin_cmake_args': None, 'catkin_skip_building_tests': False, 'cmake_args': None, 'cmake_clean_cache': False, 'cmake_clean_first': False, 'cmake_force_configure': False, 'cmake_target': None, 'cmake_target_skip_unavailable': False, 'install_base': '/home/shared/projects/gultepe/cleaner_ws/install/cleaner_description', 'merge_install': False, 'path': '/home/shared/projects/gultepe/cleaner_ws/src/cleaner_description', 'symlink_install': True, 'test_result_base': None}
[7.479s] Level 5:colcon.colcon_core.verb:set package 'rplidar_ros' build argument 'cmake_args' from command line to 'None'
[7.479s] Level 5:colcon.colcon_core.verb:set package 'rplidar_ros' build argument 'cmake_target' from command line to 'None'
[7.480s] Level 5:colcon.colcon_core.verb:set package 'rplidar_ros' build argument 'cmake_target_skip_unavailable' from command line to 'False'
[7.480s] Level 5:colcon.colcon_core.verb:set package 'rplidar_ros' build argument 'cmake_clean_cache' from command line to 'False'
[7.480s] Level 5:colcon.colcon_core.verb:set package 'rplidar_ros' build argument 'cmake_clean_first' from command line to 'False'
[7.480s] Level 5:colcon.colcon_core.verb:set package 'rplidar_ros' build argument 'cmake_force_configure' from command line to 'False'
[7.480s] Level 5:colcon.colcon_core.verb:set package 'rplidar_ros' build argument 'ament_cmake_args' from command line to 'None'
[7.481s] Level 5:colcon.colcon_core.verb:set package 'rplidar_ros' build argument 'catkin_cmake_args' from command line to 'None'
[7.481s] Level 5:colcon.colcon_core.verb:set package 'rplidar_ros' build argument 'catkin_skip_building_tests' from command line to 'False'
[7.481s] DEBUG:colcon.colcon_core.verb:Building package 'rplidar_ros' with the following arguments: {'ament_cmake_args': None, 'build_base': '/home/shared/projects/gultepe/cleaner_ws/build/rplidar_ros', 'catkin_cmake_args': None, 'catkin_skip_building_tests': False, 'cmake_args': None, 'cmake_clean_cache': False, 'cmake_clean_first': False, 'cmake_force_configure': False, 'cmake_target': None, 'cmake_target_skip_unavailable': False, 'install_base': '/home/shared/projects/gultepe/cleaner_ws/install/rplidar_ros', 'merge_install': False, 'path': '/home/shared/projects/gultepe/cleaner_ws/src/rplidar_ros', 'symlink_install': True, 'test_result_base': None}
[7.588s] Level 5:colcon.colcon_core.verb:set package 'cleaner_bringup' build argument 'cmake_args' from command line to 'None'
[7.589s] Level 5:colcon.colcon_core.verb:set package 'cleaner_bringup' build argument 'cmake_target' from command line to 'None'
[7.589s] Level 5:colcon.colcon_core.verb:set package 'cleaner_bringup' build argument 'cmake_target_skip_unavailable' from command line to 'False'
[7.589s] Level 5:colcon.colcon_core.verb:set package 'cleaner_bringup' build argument 'cmake_clean_cache' from command line to 'False'
[7.589s] Level 5:colcon.colcon_core.verb:set package 'cleaner_bringup' build argument 'cmake_clean_first' from command line to 'False'
[7.589s] Level 5:colcon.colcon_core.verb:set package 'cleaner_bringup' build argument 'cmake_force_configure' from command line to 'False'
[7.590s] Level 5:colcon.colcon_core.verb:set package 'cleaner_bringup' build argument 'ament_cmake_args' from command line to 'None'
[7.590s] Level 5:colcon.colcon_core.verb:set package 'cleaner_bringup' build argument 'catkin_cmake_args' from command line to 'None'
[7.590s] Level 5:colcon.colcon_core.verb:set package 'cleaner_bringup' build argument 'catkin_skip_building_tests' from command line to 'False'
[7.590s] DEBUG:colcon.colcon_core.verb:Building package 'cleaner_bringup' with the following arguments: {'ament_cmake_args': None, 'build_base': '/home/shared/projects/gultepe/cleaner_ws/build/cleaner_bringup', 'catkin_cmake_args': None, 'catkin_skip_building_tests': False, 'cmake_args': None, 'cmake_clean_cache': False, 'cmake_clean_first': False, 'cmake_force_configure': False, 'cmake_target': None, 'cmake_target_skip_unavailable': False, 'install_base': '/home/shared/projects/gultepe/cleaner_ws/install/cleaner_bringup', 'merge_install': False, 'path': '/home/shared/projects/gultepe/cleaner_ws/src/cleaner_bringup', 'symlink_install': True, 'test_result_base': None}
[7.667s] INFO:colcon.colcon_core.executor:Executing jobs using 'parallel' executor
[7.745s] DEBUG:colcon.colcon_parallel_executor.executor.parallel:run_until_complete
[7.746s] INFO:colcon.colcon_ros.task.ament_cmake.build:Building ROS package in '/home/shared/projects/gultepe/cleaner_ws/src/cleaner_description' with build type 'ament_cmake'
[7.747s] INFO:colcon.colcon_cmake.task.cmake.build:Building CMake package in '/home/shared/projects/gultepe/cleaner_ws/src/cleaner_description'
[7.833s] INFO:colcon.colcon_core.plugin_system:Skipping extension 'colcon_core.shell.bat': Not used on non-Windows systems
[7.834s] INFO:colcon.colcon_core.shell:Skip shell extension 'powershell' for command environment: Not usable outside of PowerShell
[7.835s] DEBUG:colcon.colcon_core.shell:Skip shell extension 'dsv' for command environment
[8.194s] INFO:colcon.colcon_ros.task.ament_python.build:Building ROS package in '/home/shared/projects/gultepe/cleaner_ws/src/bno055' with build type 'ament_python'
[8.195s] Level 1:colcon.colcon_core.shell:create_environment_hook('bno055', 'ament_prefix_path')
[8.274s] INFO:colcon.colcon_core.shell:Creating environment hook '/home/shared/projects/gultepe/cleaner_ws/install/bno055/share/bno055/hook/ament_prefix_path.ps1'
[8.276s] INFO:colcon.colcon_core.shell:Creating environment descriptor '/home/shared/projects/gultepe/cleaner_ws/install/bno055/share/bno055/hook/ament_prefix_path.dsv'
[8.278s] INFO:colcon.colcon_core.shell:Creating environment hook '/home/shared/projects/gultepe/cleaner_ws/install/bno055/share/bno055/hook/ament_prefix_path.sh'
[8.351s] INFO:colcon.colcon_core.shell:Skip shell extension 'powershell' for command environment: Not usable outside of PowerShell
[8.351s] DEBUG:colcon.colcon_core.shell:Skip shell extension 'dsv' for command environment
[8.683s] INFO:colcon.colcon_ros.task.ament_cmake.build:Building ROS package in '/home/shared/projects/gultepe/cleaner_ws/src/rplidar_ros' with build type 'ament_cmake'
[8.683s] INFO:colcon.colcon_cmake.task.cmake.build:Building CMake package in '/home/shared/projects/gultepe/cleaner_ws/src/rplidar_ros'
[8.770s] INFO:colcon.colcon_core.shell:Skip shell extension 'powershell' for command environment: Not usable outside of PowerShell
[8.771s] DEBUG:colcon.colcon_core.shell:Skip shell extension 'dsv' for command environment
[9.126s] DEBUG:colcon.colcon_core.event_handler.log_command:Invoking command in '/home/shared/projects/gultepe/cleaner_ws/build/cleaner_description': CMAKE_PREFIX_PATH=${CMAKE_PREFIX_PATH}:/home/tunaprogrammer/projects/gultepe/cleaner_ws/install/bno055:/home/tunaprogrammer/projects/gultepe/humble_ws/install/jetpack:/home/tunaprogrammer/projects/gultepe/humble_ws/install/python_pkg:/home/tunaprogrammer/projects/gultepe/humble_ws/install/catcher:/opt/ros/humble /usr/bin/cmake /home/shared/projects/gultepe/cleaner_ws/src/cleaner_description -DAMENT_CMAKE_SYMLINK_INSTALL=1 -DCMAKE_INSTALL_PREFIX=/home/shared/projects/gultepe/cleaner_ws/install/cleaner_description
[10.516s] INFO:colcon.colcon_core.task.python.build:Building Python package in '/home/shared/projects/gultepe/cleaner_ws/src/bno055'
[10.611s] INFO:colcon.colcon_core.shell:Skip shell extension 'powershell' for command environment: Not usable outside of PowerShell
[10.612s] DEBUG:colcon.colcon_core.shell:Skip shell extension 'dsv' for command environment
[10.979s] DEBUG:colcon.colcon_core.event_handler.log_command:Invoking command in '/home/shared/projects/gultepe/cleaner_ws/build/rplidar_ros': CMAKE_PREFIX_PATH=${CMAKE_PREFIX_PATH}:/home/tunaprogrammer/projects/gultepe/cleaner_ws/install/bno055:/home/tunaprogrammer/projects/gultepe/humble_ws/install/jetpack:/home/tunaprogrammer/projects/gultepe/humble_ws/install/python_pkg:/home/tunaprogrammer/projects/gultepe/humble_ws/install/catcher:/opt/ros/humble /usr/bin/cmake /home/shared/projects/gultepe/cleaner_ws/src/rplidar_ros -DAMENT_CMAKE_SYMLINK_INSTALL=1 -DCMAKE_INSTALL_PREFIX=/home/shared/projects/gultepe/cleaner_ws/install/rplidar_ros
[10.985s] DEBUG:colcon.colcon_core.event_handler.log_command:Invoked command in '/home/shared/projects/gultepe/cleaner_ws/build/cleaner_description' returned '0': CMAKE_PREFIX_PATH=${CMAKE_PREFIX_PATH}:/home/tunaprogrammer/projects/gultepe/cleaner_ws/install/bno055:/home/tunaprogrammer/projects/gultepe/humble_ws/install/jetpack:/home/tunaprogrammer/projects/gultepe/humble_ws/install/python_pkg:/home/tunaprogrammer/projects/gultepe/humble_ws/install/catcher:/opt/ros/humble /usr/bin/cmake /home/shared/projects/gultepe/cleaner_ws/src/cleaner_description -DAMENT_CMAKE_SYMLINK_INSTALL=1 -DCMAKE_INSTALL_PREFIX=/home/shared/projects/gultepe/cleaner_ws/install/cleaner_description
[10.989s] DEBUG:colcon.colcon_core.event_handler.log_command:Invoking command in '/home/shared/projects/gultepe/cleaner_ws/build/cleaner_description': CMAKE_PREFIX_PATH=${CMAKE_PREFIX_PATH}:/home/tunaprogrammer/projects/gultepe/cleaner_ws/install/bno055:/home/tunaprogrammer/projects/gultepe/humble_ws/install/jetpack:/home/tunaprogrammer/projects/gultepe/humble_ws/install/python_pkg:/home/tunaprogrammer/projects/gultepe/humble_ws/install/catcher:/opt/ros/humble /usr/bin/cmake --build /home/shared/projects/gultepe/cleaner_ws/build/cleaner_description -- -j12 -l12
[11.146s] DEBUG:colcon.colcon_core.event_handler.log_command:Invoked command in '/home/shared/projects/gultepe/cleaner_ws/build/cleaner_description' returned '0': CMAKE_PREFIX_PATH=${CMAKE_PREFIX_PATH}:/home/tunaprogrammer/projects/gultepe/cleaner_ws/install/bno055:/home/tunaprogrammer/projects/gultepe/humble_ws/install/jetpack:/home/tunaprogrammer/projects/gultepe/humble_ws/install/python_pkg:/home/tunaprogrammer/projects/gultepe/humble_ws/install/catcher:/opt/ros/humble /usr/bin/cmake --build /home/shared/projects/gultepe/cleaner_ws/build/cleaner_description -- -j12 -l12
[11.290s] DEBUG:colcon.colcon_core.event_handler.log_command:Invoking command in '/home/shared/projects/gultepe/cleaner_ws/build/cleaner_description': CMAKE_PREFIX_PATH=${CMAKE_PREFIX_PATH}:/home/tunaprogrammer/projects/gultepe/cleaner_ws/install/bno055:/home/tunaprogrammer/projects/gultepe/humble_ws/install/jetpack:/home/tunaprogrammer/projects/gultepe/humble_ws/install/python_pkg:/home/tunaprogrammer/projects/gultepe/humble_ws/install/catcher:/opt/ros/humble /usr/bin/cmake --install /home/shared/projects/gultepe/cleaner_ws/build/cleaner_description
[11.385s] Level 1:colcon.colcon_core.environment:create_environment_scripts_only(cleaner_description)
[11.388s] DEBUG:colcon.colcon_core.event_handler.log_command:Invoked command in '/home/shared/projects/gultepe/cleaner_ws/build/cleaner_description' returned '0': CMAKE_PREFIX_PATH=${CMAKE_PREFIX_PATH}:/home/tunaprogrammer/projects/gultepe/cleaner_ws/install/bno055:/home/tunaprogrammer/projects/gultepe/humble_ws/install/jetpack:/home/tunaprogrammer/projects/gultepe/humble_ws/install/python_pkg:/home/tunaprogrammer/projects/gultepe/humble_ws/install/catcher:/opt/ros/humble /usr/bin/cmake --install /home/shared/projects/gultepe/cleaner_ws/build/cleaner_description
[11.489s] Level 1:colcon.colcon_core.environment:checking '/home/shared/projects/gultepe/cleaner_ws/install/cleaner_description' for CMake module files
[11.492s] Level 1:colcon.colcon_core.environment:checking '/home/shared/projects/gultepe/cleaner_ws/install/cleaner_description' for CMake config files
[11.494s] Level 1:colcon.colcon_core.shell:create_environment_hook('cleaner_description', 'cmake_prefix_path')
[11.575s] INFO:colcon.colcon_core.shell:Creating environment hook '/home/shared/projects/gultepe/cleaner_ws/install/cleaner_description/share/cleaner_description/hook/cmake_prefix_path.ps1'
[11.577s] INFO:colcon.colcon_core.shell:Creating environment descriptor '/home/shared/projects/gultepe/cleaner_ws/install/cleaner_description/share/cleaner_description/hook/cmake_prefix_path.dsv'
[11.578s] INFO:colcon.colcon_core.shell:Creating environment hook '/home/shared/projects/gultepe/cleaner_ws/install/cleaner_description/share/cleaner_description/hook/cmake_prefix_path.sh'
[11.581s] Level 1:colcon.colcon_core.environment:checking '/home/shared/projects/gultepe/cleaner_ws/install/cleaner_description/bin'
[11.582s] Level 1:colcon.colcon_core.environment:checking '/home/shared/projects/gultepe/cleaner_ws/install/cleaner_description/lib/pkgconfig/cleaner_description.pc'
[11.583s] Level 1:colcon.colcon_core.environment:checking '/home/shared/projects/gultepe/cleaner_ws/install/cleaner_description/lib/python3.10/site-packages'
[11.585s] Level 1:colcon.colcon_core.environment:checking '/home/shared/projects/gultepe/cleaner_ws/install/cleaner_description/bin'
[11.666s] INFO:colcon.colcon_core.shell:Creating package script '/home/shared/projects/gultepe/cleaner_ws/install/cleaner_description/share/cleaner_description/package.ps1'
[11.670s] INFO:colcon.colcon_core.shell:Creating package descriptor '/home/shared/projects/gultepe/cleaner_ws/install/cleaner_description/share/cleaner_description/package.dsv'
[11.673s] INFO:colcon.colcon_core.shell:Creating package script '/home/shared/projects/gultepe/cleaner_ws/install/cleaner_description/share/cleaner_description/package.sh'
[11.677s] INFO:colcon.colcon_core.shell:Creating package script '/home/shared/projects/gultepe/cleaner_ws/install/cleaner_description/share/cleaner_description/package.bash'
[11.682s] INFO:colcon.colcon_core.shell:Creating package script '/home/shared/projects/gultepe/cleaner_ws/install/cleaner_description/share/cleaner_description/package.zsh'
[11.686s] Level 1:colcon.colcon_core.environment:create_file_with_runtime_dependencies(/home/shared/projects/gultepe/cleaner_ws/install/cleaner_description/share/colcon-core/packages/cleaner_description)
[11.879s] Level 1:colcon.colcon_core.environment:create_environment_scripts_only(cleaner_description)
[11.966s] Level 1:colcon.colcon_core.environment:checking '/home/shared/projects/gultepe/cleaner_ws/install/cleaner_description' for CMake module files
[11.970s] Level 1:colcon.colcon_core.environment:checking '/home/shared/projects/gultepe/cleaner_ws/install/cleaner_description' for CMake config files
[11.972s] Level 1:colcon.colcon_core.shell:create_environment_hook('cleaner_description', 'cmake_prefix_path')
[12.061s] INFO:colcon.colcon_core.shell:Creating environment hook '/home/shared/projects/gultepe/cleaner_ws/install/cleaner_description/share/cleaner_description/hook/cmake_prefix_path.ps1'
[12.063s] INFO:colcon.colcon_core.shell:Creating environment descriptor '/home/shared/projects/gultepe/cleaner_ws/install/cleaner_description/share/cleaner_description/hook/cmake_prefix_path.dsv'
[12.064s] INFO:colcon.colcon_core.shell:Creating environment hook '/home/shared/projects/gultepe/cleaner_ws/install/cleaner_description/share/cleaner_description/hook/cmake_prefix_path.sh'
[12.067s] Level 1:colcon.colcon_core.environment:checking '/home/shared/projects/gultepe/cleaner_ws/install/cleaner_description/bin'
[12.067s] Level 1:colcon.colcon_core.environment:checking '/home/shared/projects/gultepe/cleaner_ws/install/cleaner_description/lib/pkgconfig/cleaner_description.pc'
[12.068s] Level 1:colcon.colcon_core.environment:checking '/home/shared/projects/gultepe/cleaner_ws/install/cleaner_description/lib/python3.10/site-packages'
[12.069s] Level 1:colcon.colcon_core.environment:checking '/home/shared/projects/gultepe/cleaner_ws/install/cleaner_description/bin'
[12.158s] INFO:colcon.colcon_core.shell:Creating package script '/home/shared/projects/gultepe/cleaner_ws/install/cleaner_description/share/cleaner_description/package.ps1'
[12.161s] INFO:colcon.colcon_core.shell:Creating package descriptor '/home/shared/projects/gultepe/cleaner_ws/install/cleaner_description/share/cleaner_description/package.dsv'
[12.163s] INFO:colcon.colcon_core.shell:Creating package script '/home/shared/projects/gultepe/cleaner_ws/install/cleaner_description/share/cleaner_description/package.sh'
[12.165s] INFO:colcon.colcon_core.shell:Creating package script '/home/shared/projects/gultepe/cleaner_ws/install/cleaner_description/share/cleaner_description/package.bash'
[12.167s] INFO:colcon.colcon_core.shell:Creating package script '/home/shared/projects/gultepe/cleaner_ws/install/cleaner_description/share/cleaner_description/package.zsh'
[12.169s] Level 1:colcon.colcon_core.environment:create_file_with_runtime_dependencies(/home/shared/projects/gultepe/cleaner_ws/install/cleaner_description/share/colcon-core/packages/cleaner_description)
[12.173s] INFO:colcon.colcon_ros.task.ament_cmake.build:Building ROS package in '/home/shared/projects/gultepe/cleaner_ws/src/cleaner_bringup' with build type 'ament_cmake'
[12.174s] INFO:colcon.colcon_cmake.task.cmake.build:Building CMake package in '/home/shared/projects/gultepe/cleaner_ws/src/cleaner_bringup'
[12.260s] INFO:colcon.colcon_core.shell:Skip shell extension 'powershell' for command environment: Not usable outside of PowerShell
[12.260s] DEBUG:colcon.colcon_core.shell:Skip shell extension 'dsv' for command environment
[12.634s] DEBUG:colcon.colcon_core.event_handler.log_command:Invoking command in '/home/shared/projects/gultepe/cleaner_ws/build/cleaner_bringup': AMENT_PREFIX_PATH=/home/shared/projects/gultepe/cleaner_ws/install/cleaner_description:${AMENT_PREFIX_PATH} CMAKE_PREFIX_PATH=/home/shared/projects/gultepe/cleaner_ws/install/cleaner_description:/home/tunaprogrammer/projects/gultepe/cleaner_ws/install/turtlebot3_simulations:/home/tunaprogrammer/projects/gultepe/cleaner_ws/install/turtlebot3_gazebo:/home/tunaprogrammer/projects/gultepe/cleaner_ws/install/rplidar_ros:/home/tunaprogrammer/projects/gultepe/cleaner_ws/install/cleaner_bringup:/home/tunaprogrammer/projects/gultepe/cleaner_ws/install/cleaner_description:/home/tunaprogrammer/projects/gultepe/humble_ws/install/robot_arise:/home/tunaprogrammer/projects/gultepe/humble_ws/install/test_interfaces:/home/tunaprogrammer/projects/gultepe/cleaner_ws/install/bno055:/home/tunaprogrammer/projects/gultepe/humble_ws/install/jetpack:/home/tunaprogrammer/projects/gultepe/humble_ws/install/python_pkg:/home/tunaprogrammer/projects/gultepe/humble_ws/install/catcher:/opt/ros/humble /usr/bin/cmake /home/shared/projects/gultepe/cleaner_ws/src/cleaner_bringup -DAMENT_CMAKE_SYMLINK_INSTALL=1 -DCMAKE_INSTALL_PREFIX=/home/shared/projects/gultepe/cleaner_ws/install/cleaner_bringup
[12.940s] DEBUG:colcon.colcon_core.task.python.build:While undoing a previous installation files outside the Python library path are being ignored: /home/shared/projects/gultepe/cleaner_ws/install/bno055/share/ament_index/resource_index/packages/bno055
[12.940s] DEBUG:colcon.colcon_core.task.python.build:While undoing a previous installation files outside the Python library path are being ignored: /home/shared/projects/gultepe/cleaner_ws/install/bno055/share/bno055/package.xml
[12.941s] DEBUG:colcon.colcon_core.task.python.build:While undoing a previous installation files outside the Python library path are being ignored: /home/shared/projects/gultepe/cleaner_ws/install/bno055/share/bno055/launch/bno055.launch.py
[12.941s] DEBUG:colcon.colcon_core.task.python.build:While undoing a previous installation files outside the Python library path are being ignored: /home/shared/projects/gultepe/cleaner_ws/install/bno055/share/bno055/config/bno055_params_i2c.yaml
[12.941s] DEBUG:colcon.colcon_core.task.python.build:While undoing a previous installation files outside the Python library path are being ignored: /home/shared/projects/gultepe/cleaner_ws/install/bno055/share/bno055/config/bno055_params.yaml
[12.941s] DEBUG:colcon.colcon_core.task.python.build:While undoing a previous installation files outside the Python library path are being ignored: /home/shared/projects/gultepe/cleaner_ws/install/bno055/share/bno055/config/bno055_params_test.yaml
[12.942s] DEBUG:colcon.colcon_core.task.python.build:While undoing a previous installation files outside the Python library path are being ignored: /home/shared/projects/gultepe/cleaner_ws/install/bno055/lib/bno055/bno055
[12.954s] DEBUG:colcon.colcon_core.event_handler.log_command:Invoking command in '/home/shared/projects/gultepe/cleaner_ws/build/bno055': PYTHONPATH=/home/shared/projects/gultepe/cleaner_ws/build/bno055/prefix_override:/home/shared/projects/gultepe/cleaner_ws/install/bno055/lib/python3.10/site-packages:${PYTHONPATH} /usr/bin/python3 setup.py develop --editable --build-directory /home/shared/projects/gultepe/cleaner_ws/build/bno055/build --no-deps install_data
[13.877s] DEBUG:colcon.colcon_core.event_handler.log_command:Invoked command in '/home/shared/projects/gultepe/cleaner_ws/build/cleaner_bringup' returned '0': AMENT_PREFIX_PATH=/home/shared/projects/gultepe/cleaner_ws/install/cleaner_description:${AMENT_PREFIX_PATH} CMAKE_PREFIX_PATH=/home/shared/projects/gultepe/cleaner_ws/install/cleaner_description:/home/tunaprogrammer/projects/gultepe/cleaner_ws/install/turtlebot3_simulations:/home/tunaprogrammer/projects/gultepe/cleaner_ws/install/turtlebot3_gazebo:/home/tunaprogrammer/projects/gultepe/cleaner_ws/install/rplidar_ros:/home/tunaprogrammer/projects/gultepe/cleaner_ws/install/cleaner_bringup:/home/tunaprogrammer/projects/gultepe/cleaner_ws/install/cleaner_description:/home/tunaprogrammer/projects/gultepe/humble_ws/install/robot_arise:/home/tunaprogrammer/projects/gultepe/humble_ws/install/test_interfaces:/home/tunaprogrammer/projects/gultepe/cleaner_ws/install/bno055:/home/tunaprogrammer/projects/gultepe/humble_ws/install/jetpack:/home/tunaprogrammer/projects/gultepe/humble_ws/install/python_pkg:/home/tunaprogrammer/projects/gultepe/humble_ws/install/catcher:/opt/ros/humble /usr/bin/cmake /home/shared/projects/gultepe/cleaner_ws/src/cleaner_bringup -DAMENT_CMAKE_SYMLINK_INSTALL=1 -DCMAKE_INSTALL_PREFIX=/home/shared/projects/gultepe/cleaner_ws/install/cleaner_bringup
[13.887s] DEBUG:colcon.colcon_core.event_handler.log_command:Invoking command in '/home/shared/projects/gultepe/cleaner_ws/build/cleaner_bringup': AMENT_PREFIX_PATH=/home/shared/projects/gultepe/cleaner_ws/install/cleaner_description:${AMENT_PREFIX_PATH} CMAKE_PREFIX_PATH=/home/shared/projects/gultepe/cleaner_ws/install/cleaner_description:/home/tunaprogrammer/projects/gultepe/cleaner_ws/install/turtlebot3_simulations:/home/tunaprogrammer/projects/gultepe/cleaner_ws/install/turtlebot3_gazebo:/home/tunaprogrammer/projects/gultepe/cleaner_ws/install/rplidar_ros:/home/tunaprogrammer/projects/gultepe/cleaner_ws/install/cleaner_bringup:/home/tunaprogrammer/projects/gultepe/cleaner_ws/install/cleaner_description:/home/tunaprogrammer/projects/gultepe/humble_ws/install/robot_arise:/home/tunaprogrammer/projects/gultepe/humble_ws/install/test_interfaces:/home/tunaprogrammer/projects/gultepe/cleaner_ws/install/bno055:/home/tunaprogrammer/projects/gultepe/humble_ws/install/jetpack:/home/tunaprogrammer/projects/gultepe/humble_ws/install/python_pkg:/home/tunaprogrammer/projects/gultepe/humble_ws/install/catcher:/opt/ros/humble /usr/bin/cmake --build /home/shared/projects/gultepe/cleaner_ws/build/cleaner_bringup -- -j12 -l12
[14.057s] DEBUG:colcon.colcon_core.event_handler.log_command:Invoked command in '/home/shared/projects/gultepe/cleaner_ws/build/cleaner_bringup' returned '0': AMENT_PREFIX_PATH=/home/shared/projects/gultepe/cleaner_ws/install/cleaner_description:${AMENT_PREFIX_PATH} CMAKE_PREFIX_PATH=/home/shared/projects/gultepe/cleaner_ws/install/cleaner_description:/home/tunaprogrammer/projects/gultepe/cleaner_ws/install/turtlebot3_simulations:/home/tunaprogrammer/projects/gultepe/cleaner_ws/install/turtlebot3_gazebo:/home/tunaprogrammer/projects/gultepe/cleaner_ws/install/rplidar_ros:/home/tunaprogrammer/projects/gultepe/cleaner_ws/install/cleaner_bringup:/home/tunaprogrammer/projects/gultepe/cleaner_ws/install/cleaner_description:/home/tunaprogrammer/projects/gultepe/humble_ws/install/robot_arise:/home/tunaprogrammer/projects/gultepe/humble_ws/install/test_interfaces:/home/tunaprogrammer/projects/gultepe/cleaner_ws/install/bno055:/home/tunaprogrammer/projects/gultepe/humble_ws/install/jetpack:/home/tunaprogrammer/projects/gultepe/humble_ws/install/python_pkg:/home/tunaprogrammer/projects/gultepe/humble_ws/install/catcher:/opt/ros/humble /usr/bin/cmake --build /home/shared/projects/gultepe/cleaner_ws/build/cleaner_bringup -- -j12 -l12
[14.176s] DEBUG:colcon.colcon_core.event_handler.log_command:Invoking command in '/home/shared/projects/gultepe/cleaner_ws/build/cleaner_bringup': AMENT_PREFIX_PATH=/home/shared/projects/gultepe/cleaner_ws/install/cleaner_description:${AMENT_PREFIX_PATH} CMAKE_PREFIX_PATH=/home/shared/projects/gultepe/cleaner_ws/install/cleaner_description:/home/tunaprogrammer/projects/gultepe/cleaner_ws/install/turtlebot3_simulations:/home/tunaprogrammer/projects/gultepe/cleaner_ws/install/turtlebot3_gazebo:/home/tunaprogrammer/projects/gultepe/cleaner_ws/install/rplidar_ros:/home/tunaprogrammer/projects/gultepe/cleaner_ws/install/cleaner_bringup:/home/tunaprogrammer/projects/gultepe/cleaner_ws/install/cleaner_description:/home/tunaprogrammer/projects/gultepe/humble_ws/install/robot_arise:/home/tunaprogrammer/projects/gultepe/humble_ws/install/test_interfaces:/home/tunaprogrammer/projects/gultepe/cleaner_ws/install/bno055:/home/tunaprogrammer/projects/gultepe/humble_ws/install/jetpack:/home/tunaprogrammer/projects/gultepe/humble_ws/install/python_pkg:/home/tunaprogrammer/projects/gultepe/humble_ws/install/catcher:/opt/ros/humble /usr/bin/cmake --install /home/shared/projects/gultepe/cleaner_ws/build/cleaner_bringup
[14.286s] Level 1:colcon.colcon_core.environment:create_environment_scripts_only(cleaner_bringup)
[14.289s] DEBUG:colcon.colcon_core.event_handler.log_command:Invoked command in '/home/shared/projects/gultepe/cleaner_ws/build/cleaner_bringup' returned '0': AMENT_PREFIX_PATH=/home/shared/projects/gultepe/cleaner_ws/install/cleaner_description:${AMENT_PREFIX_PATH} CMAKE_PREFIX_PATH=/home/shared/projects/gultepe/cleaner_ws/install/cleaner_description:/home/tunaprogrammer/projects/gultepe/cleaner_ws/install/turtlebot3_simulations:/home/tunaprogrammer/projects/gultepe/cleaner_ws/install/turtlebot3_gazebo:/home/tunaprogrammer/projects/gultepe/cleaner_ws/install/rplidar_ros:/home/tunaprogrammer/projects/gultepe/cleaner_ws/install/cleaner_bringup:/home/tunaprogrammer/projects/gultepe/cleaner_ws/install/cleaner_description:/home/tunaprogrammer/projects/gultepe/humble_ws/install/robot_arise:/home/tunaprogrammer/projects/gultepe/humble_ws/install/test_interfaces:/home/tunaprogrammer/projects/gultepe/cleaner_ws/install/bno055:/home/tunaprogrammer/projects/gultepe/humble_ws/install/jetpack:/home/tunaprogrammer/projects/gultepe/humble_ws/install/python_pkg:/home/tunaprogrammer/projects/gultepe/humble_ws/install/catcher:/opt/ros/humble /usr/bin/cmake --install /home/shared/projects/gultepe/cleaner_ws/build/cleaner_bringup
[14.374s] Level 1:colcon.colcon_core.environment:checking '/home/shared/projects/gultepe/cleaner_ws/install/cleaner_bringup' for CMake module files
[14.377s] Level 1:colcon.colcon_core.environment:checking '/home/shared/projects/gultepe/cleaner_ws/install/cleaner_bringup' for CMake config files
[14.379s] Level 1:colcon.colcon_core.shell:create_environment_hook('cleaner_bringup', 'cmake_prefix_path')
[14.460s] INFO:colcon.colcon_core.shell:Creating environment hook '/home/shared/projects/gultepe/cleaner_ws/install/cleaner_bringup/share/cleaner_bringup/hook/cmake_prefix_path.ps1'
[14.462s] INFO:colcon.colcon_core.shell:Creating environment descriptor '/home/shared/projects/gultepe/cleaner_ws/install/cleaner_bringup/share/cleaner_bringup/hook/cmake_prefix_path.dsv'
[14.464s] INFO:colcon.colcon_core.shell:Creating environment hook '/home/shared/projects/gultepe/cleaner_ws/install/cleaner_bringup/share/cleaner_bringup/hook/cmake_prefix_path.sh'
[14.467s] Level 1:colcon.colcon_core.environment:checking '/home/shared/projects/gultepe/cleaner_ws/install/cleaner_bringup/bin'
[14.467s] Level 1:colcon.colcon_core.environment:checking '/home/shared/projects/gultepe/cleaner_ws/install/cleaner_bringup/lib/pkgconfig/cleaner_bringup.pc'
[14.469s] Level 1:colcon.colcon_core.environment:checking '/home/shared/projects/gultepe/cleaner_ws/install/cleaner_bringup/lib/python3.10/site-packages'
[14.470s] Level 1:colcon.colcon_core.environment:checking '/home/shared/projects/gultepe/cleaner_ws/install/cleaner_bringup/bin'
[14.555s] INFO:colcon.colcon_core.shell:Creating package script '/home/shared/projects/gultepe/cleaner_ws/install/cleaner_bringup/share/cleaner_bringup/package.ps1'
[14.559s] INFO:colcon.colcon_core.shell:Creating package descriptor '/home/shared/projects/gultepe/cleaner_ws/install/cleaner_bringup/share/cleaner_bringup/package.dsv'
[14.561s] INFO:colcon.colcon_core.shell:Creating package script '/home/shared/projects/gultepe/cleaner_ws/install/cleaner_bringup/share/cleaner_bringup/package.sh'
[14.563s] INFO:colcon.colcon_core.shell:Creating package script '/home/shared/projects/gultepe/cleaner_ws/install/cleaner_bringup/share/cleaner_bringup/package.bash'
[14.564s] INFO:colcon.colcon_core.shell:Creating package script '/home/shared/projects/gultepe/cleaner_ws/install/cleaner_bringup/share/cleaner_bringup/package.zsh'
[14.565s] Level 1:colcon.colcon_core.environment:create_file_with_runtime_dependencies(/home/shared/projects/gultepe/cleaner_ws/install/cleaner_bringup/share/colcon-core/packages/cleaner_bringup)
[14.748s] Level 1:colcon.colcon_core.environment:create_environment_scripts_only(cleaner_bringup)
[14.827s] Level 1:colcon.colcon_core.environment:checking '/home/shared/projects/gultepe/cleaner_ws/install/cleaner_bringup' for CMake module files
[14.829s] Level 1:colcon.colcon_core.environment:checking '/home/shared/projects/gultepe/cleaner_ws/install/cleaner_bringup' for CMake config files
[14.831s] Level 1:colcon.colcon_core.shell:create_environment_hook('cleaner_bringup', 'cmake_prefix_path')
[14.905s] INFO:colcon.colcon_core.shell:Creating environment hook '/home/shared/projects/gultepe/cleaner_ws/install/cleaner_bringup/share/cleaner_bringup/hook/cmake_prefix_path.ps1'
[14.909s] INFO:colcon.colcon_core.shell:Creating environment descriptor '/home/shared/projects/gultepe/cleaner_ws/install/cleaner_bringup/share/cleaner_bringup/hook/cmake_prefix_path.dsv'
[14.910s] INFO:colcon.colcon_core.shell:Creating environment hook '/home/shared/projects/gultepe/cleaner_ws/install/cleaner_bringup/share/cleaner_bringup/hook/cmake_prefix_path.sh'
[14.913s] Level 1:colcon.colcon_core.environment:checking '/home/shared/projects/gultepe/cleaner_ws/install/cleaner_bringup/bin'
[14.913s] Level 1:colcon.colcon_core.environment:checking '/home/shared/projects/gultepe/cleaner_ws/install/cleaner_bringup/lib/pkgconfig/cleaner_bringup.pc'
[14.914s] Level 1:colcon.colcon_core.environment:checking '/home/shared/projects/gultepe/cleaner_ws/install/cleaner_bringup/lib/python3.10/site-packages'
[14.915s] Level 1:colcon.colcon_core.environment:checking '/home/shared/projects/gultepe/cleaner_ws/install/cleaner_bringup/bin'
[14.995s] INFO:colcon.colcon_core.shell:Creating package script '/home/shared/projects/gultepe/cleaner_ws/install/cleaner_bringup/share/cleaner_bringup/package.ps1'
[14.997s] INFO:colcon.colcon_core.shell:Creating package descriptor '/home/shared/projects/gultepe/cleaner_ws/install/cleaner_bringup/share/cleaner_bringup/package.dsv'
[14.999s] INFO:colcon.colcon_core.shell:Creating package script '/home/shared/projects/gultepe/cleaner_ws/install/cleaner_bringup/share/cleaner_bringup/package.sh'
[15.000s] INFO:colcon.colcon_core.shell:Creating package script '/home/shared/projects/gultepe/cleaner_ws/install/cleaner_bringup/share/cleaner_bringup/package.bash'
[15.002s] INFO:colcon.colcon_core.shell:Creating package script '/home/shared/projects/gultepe/cleaner_ws/install/cleaner_bringup/share/cleaner_bringup/package.zsh'
[15.003s] Level 1:colcon.colcon_core.environment:create_file_with_runtime_dependencies(/home/shared/projects/gultepe/cleaner_ws/install/cleaner_bringup/share/colcon-core/packages/cleaner_bringup)
[15.533s] DEBUG:colcon.colcon_core.event_handler.log_command:Invoked command in '/home/shared/projects/gultepe/cleaner_ws/build/rplidar_ros' returned '0': CMAKE_PREFIX_PATH=${CMAKE_PREFIX_PATH}:/home/tunaprogrammer/projects/gultepe/cleaner_ws/install/bno055:/home/tunaprogrammer/projects/gultepe/humble_ws/install/jetpack:/home/tunaprogrammer/projects/gultepe/humble_ws/install/python_pkg:/home/tunaprogrammer/projects/gultepe/humble_ws/install/catcher:/opt/ros/humble /usr/bin/cmake /home/shared/projects/gultepe/cleaner_ws/src/rplidar_ros -DAMENT_CMAKE_SYMLINK_INSTALL=1 -DCMAKE_INSTALL_PREFIX=/home/shared/projects/gultepe/cleaner_ws/install/rplidar_ros
[15.541s] DEBUG:colcon.colcon_core.event_handler.log_command:Invoking command in '/home/shared/projects/gultepe/cleaner_ws/build/rplidar_ros': CMAKE_PREFIX_PATH=${CMAKE_PREFIX_PATH}:/home/tunaprogrammer/projects/gultepe/cleaner_ws/install/bno055:/home/tunaprogrammer/projects/gultepe/humble_ws/install/jetpack:/home/tunaprogrammer/projects/gultepe/humble_ws/install/python_pkg:/home/tunaprogrammer/projects/gultepe/humble_ws/install/catcher:/opt/ros/humble /usr/bin/cmake --build /home/shared/projects/gultepe/cleaner_ws/build/rplidar_ros -- -j12 -l12
[15.649s] Level 1:colcon.colcon_core.shell:create_environment_hook('bno055', 'pythonpath_develop')
[15.651s] DEBUG:colcon.colcon_core.event_handler.log_command:Invoked command in '/home/shared/projects/gultepe/cleaner_ws/build/bno055' returned '0': PYTHONPATH=/home/shared/projects/gultepe/cleaner_ws/build/bno055/prefix_override:/home/shared/projects/gultepe/cleaner_ws/install/bno055/lib/python3.10/site-packages:${PYTHONPATH} /usr/bin/python3 setup.py develop --editable --build-directory /home/shared/projects/gultepe/cleaner_ws/build/bno055/build --no-deps install_data
[15.776s] INFO:colcon.colcon_core.shell:Creating environment hook '/home/shared/projects/gultepe/cleaner_ws/build/bno055/share/bno055/hook/pythonpath_develop.ps1'
[15.778s] INFO:colcon.colcon_core.shell:Creating environment descriptor '/home/shared/projects/gultepe/cleaner_ws/build/bno055/share/bno055/hook/pythonpath_develop.dsv'
[15.780s] INFO:colcon.colcon_core.shell:Creating environment hook '/home/shared/projects/gultepe/cleaner_ws/build/bno055/share/bno055/hook/pythonpath_develop.sh'
[15.882s] Level 1:colcon.colcon_core.environment:checking '/home/shared/projects/gultepe/cleaner_ws/install/bno055' for CMake module files
[15.884s] Level 1:colcon.colcon_core.environment:checking '/home/shared/projects/gultepe/cleaner_ws/install/bno055' for CMake config files
[15.887s] Level 1:colcon.colcon_core.environment:checking '/home/shared/projects/gultepe/cleaner_ws/install/bno055/lib'
[15.888s] Level 1:colcon.colcon_core.environment:checking '/home/shared/projects/gultepe/cleaner_ws/install/bno055/bin'
[15.888s] Level 1:colcon.colcon_core.environment:checking '/home/shared/projects/gultepe/cleaner_ws/install/bno055/lib/pkgconfig/bno055.pc'
[15.890s] Level 1:colcon.colcon_core.environment:checking '/home/shared/projects/gultepe/cleaner_ws/install/bno055/lib/python3.10/site-packages'
[15.890s] Level 1:colcon.colcon_core.shell:create_environment_hook('bno055', 'pythonpath')
[15.983s] INFO:colcon.colcon_core.shell:Creating environment hook '/home/shared/projects/gultepe/cleaner_ws/install/bno055/share/bno055/hook/pythonpath.ps1'
[15.985s] INFO:colcon.colcon_core.shell:Creating environment descriptor '/home/shared/projects/gultepe/cleaner_ws/install/bno055/share/bno055/hook/pythonpath.dsv'
[15.987s] INFO:colcon.colcon_core.shell:Creating environment hook '/home/shared/projects/gultepe/cleaner_ws/install/bno055/share/bno055/hook/pythonpath.sh'
[15.991s] Level 1:colcon.colcon_core.environment:checking '/home/shared/projects/gultepe/cleaner_ws/install/bno055/bin'
[15.991s] Level 1:colcon.colcon_core.environment:create_environment_scripts_only(bno055)
[16.073s] INFO:colcon.colcon_core.shell:Creating package script '/home/shared/projects/gultepe/cleaner_ws/install/bno055/share/bno055/package.ps1'
[16.075s] INFO:colcon.colcon_core.shell:Creating package descriptor '/home/shared/projects/gultepe/cleaner_ws/install/bno055/share/bno055/package.dsv'
[16.077s] INFO:colcon.colcon_core.shell:Creating package script '/home/shared/projects/gultepe/cleaner_ws/install/bno055/share/bno055/package.sh'
[16.079s] INFO:colcon.colcon_core.shell:Creating package script '/home/shared/projects/gultepe/cleaner_ws/install/bno055/share/bno055/package.bash'
[16.080s] INFO:colcon.colcon_core.shell:Creating package script '/home/shared/projects/gultepe/cleaner_ws/install/bno055/share/bno055/package.zsh'
[16.081s] Level 1:colcon.colcon_core.environment:create_file_with_runtime_dependencies(/home/shared/projects/gultepe/cleaner_ws/install/bno055/share/colcon-core/packages/bno055)
[16.087s] DEBUG:colcon.colcon_core.event_handler.log_command:Invoked command in '/home/shared/projects/gultepe/cleaner_ws/build/rplidar_ros' returned '0': CMAKE_PREFIX_PATH=${CMAKE_PREFIX_PATH}:/home/tunaprogrammer/projects/gultepe/cleaner_ws/install/bno055:/home/tunaprogrammer/projects/gultepe/humble_ws/install/jetpack:/home/tunaprogrammer/projects/gultepe/humble_ws/install/python_pkg:/home/tunaprogrammer/projects/gultepe/humble_ws/install/catcher:/opt/ros/humble /usr/bin/cmake --build /home/shared/projects/gultepe/cleaner_ws/build/rplidar_ros -- -j12 -l12
[16.412s] DEBUG:colcon.colcon_core.event_handler.log_command:Invoking command in '/home/shared/projects/gultepe/cleaner_ws/build/rplidar_ros': CMAKE_PREFIX_PATH=${CMAKE_PREFIX_PATH}:/home/tunaprogrammer/projects/gultepe/cleaner_ws/install/bno055:/home/tunaprogrammer/projects/gultepe/humble_ws/install/jetpack:/home/tunaprogrammer/projects/gultepe/humble_ws/install/python_pkg:/home/tunaprogrammer/projects/gultepe/humble_ws/install/catcher:/opt/ros/humble /usr/bin/cmake --install /home/shared/projects/gultepe/cleaner_ws/build/rplidar_ros
[16.527s] Level 1:colcon.colcon_core.environment:create_environment_scripts_only(rplidar_ros)
[16.530s] DEBUG:colcon.colcon_core.event_handler.log_command:Invoked command in '/home/shared/projects/gultepe/cleaner_ws/build/rplidar_ros' returned '0': CMAKE_PREFIX_PATH=${CMAKE_PREFIX_PATH}:/home/tunaprogrammer/projects/gultepe/cleaner_ws/install/bno055:/home/tunaprogrammer/projects/gultepe/humble_ws/install/jetpack:/home/tunaprogrammer/projects/gultepe/humble_ws/install/python_pkg:/home/tunaprogrammer/projects/gultepe/humble_ws/install/catcher:/opt/ros/humble /usr/bin/cmake --install /home/shared/projects/gultepe/cleaner_ws/build/rplidar_ros
[16.612s] Level 1:colcon.colcon_core.environment:checking '/home/shared/projects/gultepe/cleaner_ws/install/rplidar_ros' for CMake module files
[16.615s] Level 1:colcon.colcon_core.environment:checking '/home/shared/projects/gultepe/cleaner_ws/install/rplidar_ros' for CMake config files
[16.617s] Level 1:colcon.colcon_core.shell:create_environment_hook('rplidar_ros', 'cmake_prefix_path')
[16.691s] INFO:colcon.colcon_core.shell:Creating environment hook '/home/shared/projects/gultepe/cleaner_ws/install/rplidar_ros/share/rplidar_ros/hook/cmake_prefix_path.ps1'
[16.693s] INFO:colcon.colcon_core.shell:Creating environment descriptor '/home/shared/projects/gultepe/cleaner_ws/install/rplidar_ros/share/rplidar_ros/hook/cmake_prefix_path.dsv'
[16.694s] INFO:colcon.colcon_core.shell:Creating environment hook '/home/shared/projects/gultepe/cleaner_ws/install/rplidar_ros/share/rplidar_ros/hook/cmake_prefix_path.sh'
[16.696s] Level 1:colcon.colcon_core.environment:checking '/home/shared/projects/gultepe/cleaner_ws/install/rplidar_ros/lib'
[16.697s] Level 1:colcon.colcon_core.environment:checking '/home/shared/projects/gultepe/cleaner_ws/install/rplidar_ros/bin'
[16.697s] Level 1:colcon.colcon_core.environment:checking '/home/shared/projects/gultepe/cleaner_ws/install/rplidar_ros/lib/pkgconfig/rplidar_ros.pc'
[16.698s] Level 1:colcon.colcon_core.environment:checking '/home/shared/projects/gultepe/cleaner_ws/install/rplidar_ros/lib/python3.10/site-packages'
[16.699s] Level 1:colcon.colcon_core.environment:checking '/home/shared/projects/gultepe/cleaner_ws/install/rplidar_ros/bin'
[16.780s] INFO:colcon.colcon_core.shell:Creating package script '/home/shared/projects/gultepe/cleaner_ws/install/rplidar_ros/share/rplidar_ros/package.ps1'
[16.783s] INFO:colcon.colcon_core.shell:Creating package descriptor '/home/shared/projects/gultepe/cleaner_ws/install/rplidar_ros/share/rplidar_ros/package.dsv'
[16.784s] INFO:colcon.colcon_core.shell:Creating package script '/home/shared/projects/gultepe/cleaner_ws/install/rplidar_ros/share/rplidar_ros/package.sh'
[16.786s] INFO:colcon.colcon_core.shell:Creating package script '/home/shared/projects/gultepe/cleaner_ws/install/rplidar_ros/share/rplidar_ros/package.bash'
[16.788s] INFO:colcon.colcon_core.shell:Creating package script '/home/shared/projects/gultepe/cleaner_ws/install/rplidar_ros/share/rplidar_ros/package.zsh'
[16.789s] Level 1:colcon.colcon_core.environment:create_file_with_runtime_dependencies(/home/shared/projects/gultepe/cleaner_ws/install/rplidar_ros/share/colcon-core/packages/rplidar_ros)
[17.187s] Level 1:colcon.colcon_core.environment:create_environment_scripts_only(rplidar_ros)
[17.266s] Level 1:colcon.colcon_core.environment:checking '/home/shared/projects/gultepe/cleaner_ws/install/rplidar_ros' for CMake module files
[17.269s] Level 1:colcon.colcon_core.environment:checking '/home/shared/projects/gultepe/cleaner_ws/install/rplidar_ros' for CMake config files
[17.270s] Level 1:colcon.colcon_core.shell:create_environment_hook('rplidar_ros', 'cmake_prefix_path')
[17.350s] INFO:colcon.colcon_core.shell:Creating environment hook '/home/shared/projects/gultepe/cleaner_ws/install/rplidar_ros/share/rplidar_ros/hook/cmake_prefix_path.ps1'
[17.352s] INFO:colcon.colcon_core.shell:Creating environment descriptor '/home/shared/projects/gultepe/cleaner_ws/install/rplidar_ros/share/rplidar_ros/hook/cmake_prefix_path.dsv'
[17.353s] INFO:colcon.colcon_core.shell:Creating environment hook '/home/shared/projects/gultepe/cleaner_ws/install/rplidar_ros/share/rplidar_ros/hook/cmake_prefix_path.sh'
[17.355s] Level 1:colcon.colcon_core.environment:checking '/home/shared/projects/gultepe/cleaner_ws/install/rplidar_ros/lib'
[17.355s] Level 1:colcon.colcon_core.environment:checking '/home/shared/projects/gultepe/cleaner_ws/install/rplidar_ros/bin'
[17.356s] Level 1:colcon.colcon_core.environment:checking '/home/shared/projects/gultepe/cleaner_ws/install/rplidar_ros/lib/pkgconfig/rplidar_ros.pc'
[17.357s] Level 1:colcon.colcon_core.environment:checking '/home/shared/projects/gultepe/cleaner_ws/install/rplidar_ros/lib/python3.10/site-packages'
[17.358s] Level 1:colcon.colcon_core.environment:checking '/home/shared/projects/gultepe/cleaner_ws/install/rplidar_ros/bin'
[17.433s] INFO:colcon.colcon_core.shell:Creating package script '/home/shared/projects/gultepe/cleaner_ws/install/rplidar_ros/share/rplidar_ros/package.ps1'
[17.435s] INFO:colcon.colcon_core.shell:Creating package descriptor '/home/shared/projects/gultepe/cleaner_ws/install/rplidar_ros/share/rplidar_ros/package.dsv'
[17.437s] INFO:colcon.colcon_core.shell:Creating package script '/home/shared/projects/gultepe/cleaner_ws/install/rplidar_ros/share/rplidar_ros/package.sh'
[17.439s] INFO:colcon.colcon_core.shell:Creating package script '/home/shared/projects/gultepe/cleaner_ws/install/rplidar_ros/share/rplidar_ros/package.bash'
[17.440s] INFO:colcon.colcon_core.shell:Creating package script '/home/shared/projects/gultepe/cleaner_ws/install/rplidar_ros/share/rplidar_ros/package.zsh'
[17.442s] Level 1:colcon.colcon_core.environment:create_file_with_runtime_dependencies(/home/shared/projects/gultepe/cleaner_ws/install/rplidar_ros/share/colcon-core/packages/rplidar_ros)
[17.443s] DEBUG:colcon.colcon_parallel_executor.executor.parallel:closing loop
[17.445s] DEBUG:colcon.colcon_parallel_executor.executor.parallel:loop closed
[17.445s] DEBUG:colcon.colcon_parallel_executor.executor.parallel:run_until_complete finished with '0'
[17.445s] DEBUG:colcon.colcon_core.event_reactor:joining thread
[17.545s] INFO:colcon.colcon_core.plugin_system:Skipping extension 'colcon_notification.desktop_notification.terminal_notifier': Not used on non-Darwin systems
[17.545s] INFO:colcon.colcon_core.plugin_system:Skipping extension 'colcon_notification.desktop_notification.win32': Not used on non-Windows systems
[17.546s] INFO:colcon.colcon_notification.desktop_notification:Sending desktop notification using 'notify2'
[17.601s] DEBUG:colcon.colcon_core.event_reactor:joined thread
[17.680s] INFO:colcon.colcon_core.shell:Creating prefix script '/home/shared/projects/gultepe/cleaner_ws/install/local_setup.ps1'
[17.683s] INFO:colcon.colcon_core.shell:Creating prefix util module '/home/shared/projects/gultepe/cleaner_ws/install/_local_setup_util_ps1.py'
[17.689s] INFO:colcon.colcon_core.shell:Creating prefix chain script '/home/shared/projects/gultepe/cleaner_ws/install/setup.ps1'
[17.771s] INFO:colcon.colcon_core.shell:Creating prefix script '/home/shared/projects/gultepe/cleaner_ws/install/local_setup.sh'
[17.773s] INFO:colcon.colcon_core.shell:Creating prefix util module '/home/shared/projects/gultepe/cleaner_ws/install/_local_setup_util_sh.py'
[17.775s] INFO:colcon.colcon_core.shell:Creating prefix chain script '/home/shared/projects/gultepe/cleaner_ws/install/setup.sh'
[17.890s] INFO:colcon.colcon_core.shell:Creating prefix script '/home/shared/projects/gultepe/cleaner_ws/install/local_setup.bash'
[17.892s] INFO:colcon.colcon_core.shell:Creating prefix chain script '/home/shared/projects/gultepe/cleaner_ws/install/setup.bash'
[17.980s] INFO:colcon.colcon_core.shell:Creating prefix script '/home/shared/projects/gultepe/cleaner_ws/install/local_setup.zsh'
[17.982s] INFO:colcon.colcon_core.shell:Creating prefix chain script '/home/shared/projects/gultepe/cleaner_ws/install/setup.zsh'
