[2.955s] Invoking command in '/home/shared/projects/gultepe/cleaner_ws/src/ros2_explorer/explorer_wanderer': PYTHONPATH=/home/shared/projects/gultepe/cleaner_ws/build/explorer_wanderer/prefix_override:/home/shared/projects/gultepe/cleaner_ws/install/explorer_wanderer/lib/python3.10/site-packages:${PYTHONPATH} /usr/bin/python3 setup.py egg_info --egg-base ../../../build/explorer_wanderer build --build-base /home/shared/projects/gultepe/cleaner_ws/build/explorer_wanderer/build install --record /home/shared/projects/gultepe/cleaner_ws/build/explorer_wanderer/install.log --install-scripts $base/lib/explorer_wanderer --single-version-externally-managed
[3.263s] /home/tunaprogrammer/.local/lib/python3.10/site-packages/setuptools/dist.py:717: UserWarning: Usage of dash-separated 'script-dir' will not be supported in future versions. Please use the underscore name 'script_dir' instead
[3.263s]   warnings.warn(
[3.301s] running egg_info
[3.302s] writing ../../../build/explorer_wanderer/explorer_wanderer.egg-info/PKG-INFO
[3.302s] writing dependency_links to ../../../build/explorer_wanderer/explorer_wanderer.egg-info/dependency_links.txt
[3.303s] writing entry points to ../../../build/explorer_wanderer/explorer_wanderer.egg-info/entry_points.txt
[3.303s] writing requirements to ../../../build/explorer_wanderer/explorer_wanderer.egg-info/requires.txt
[3.303s] writing top-level names to ../../../build/explorer_wanderer/explorer_wanderer.egg-info/top_level.txt
[3.305s] reading manifest file '../../../build/explorer_wanderer/explorer_wanderer.egg-info/SOURCES.txt'
[3.308s] writing manifest file '../../../build/explorer_wanderer/explorer_wanderer.egg-info/SOURCES.txt'
[3.308s] running build
[3.309s] running build_py
[3.309s] running install
[3.309s] running install_lib
[3.312s] running install_data
[3.313s] running install_egg_info
[3.315s] removing '/home/shared/projects/gultepe/cleaner_ws/install/explorer_wanderer/lib/python3.10/site-packages/explorer_wanderer-0.0.0-py3.10.egg-info' (and everything under it)
[3.316s] Copying ../../../build/explorer_wanderer/explorer_wanderer.egg-info to /home/shared/projects/gultepe/cleaner_ws/install/explorer_wanderer/lib/python3.10/site-packages/explorer_wanderer-0.0.0-py3.10.egg-info
[3.319s] running install_scripts
[3.353s] Installing discoverer_server script to /home/shared/projects/gultepe/cleaner_ws/install/explorer_wanderer/lib/explorer_wanderer
[3.354s] Installing wanderer script to /home/shared/projects/gultepe/cleaner_ws/install/explorer_wanderer/lib/explorer_wanderer
[3.354s] Installing wanderer_server script to /home/shared/projects/gultepe/cleaner_ws/install/explorer_wanderer/lib/explorer_wanderer
[3.354s] writing list of installed files to '/home/shared/projects/gultepe/cleaner_ws/build/explorer_wanderer/install.log'
[3.598s] Invoked command in '/home/shared/projects/gultepe/cleaner_ws/src/ros2_explorer/explorer_wanderer' returned '0': PYTHONPATH=/home/shared/projects/gultepe/cleaner_ws/build/explorer_wanderer/prefix_override:/home/shared/projects/gultepe/cleaner_ws/install/explorer_wanderer/lib/python3.10/site-packages:${PYTHONPATH} /usr/bin/python3 setup.py egg_info --egg-base ../../../build/explorer_wanderer build --build-base /home/shared/projects/gultepe/cleaner_ws/build/explorer_wanderer/build install --record /home/shared/projects/gultepe/cleaner_ws/build/explorer_wanderer/install.log --install-scripts $base/lib/explorer_wanderer --single-version-externally-managed
