[3.505s] Invoking command in '/home/shared/projects/gultepe/cleaner_ws/src/ros2_explorer/explorer_bringup': PYTHONPATH=/home/shared/projects/gultepe/cleaner_ws/build/explorer_bringup/prefix_override:/home/shared/projects/gultepe/cleaner_ws/install/explorer_bringup/lib/python3.10/site-packages:${PYTHONPATH} /usr/bin/python3 setup.py egg_info --egg-base ../../../build/explorer_bringup build --build-base /home/shared/projects/gultepe/cleaner_ws/build/explorer_bringup/build install --record /home/shared/projects/gultepe/cleaner_ws/build/explorer_bringup/install.log --install-scripts $base/lib/explorer_bringup --single-version-externally-managed
[3.816s] /home/tunaprogrammer/.local/lib/python3.10/site-packages/setuptools/dist.py:717: UserWarning: Usage of dash-separated 'script-dir' will not be supported in future versions. Please use the underscore name 'script_dir' instead
[3.816s]   warnings.warn(
[3.852s] running egg_info
[3.853s] writing ../../../build/explorer_bringup/explorer_bringup.egg-info/PKG-INFO
[3.853s] writing dependency_links to ../../../build/explorer_bringup/explorer_bringup.egg-info/dependency_links.txt
[3.853s] writing entry points to ../../../build/explorer_bringup/explorer_bringup.egg-info/entry_points.txt
[3.854s] writing requirements to ../../../build/explorer_bringup/explorer_bringup.egg-info/requires.txt
[3.854s] writing top-level names to ../../../build/explorer_bringup/explorer_bringup.egg-info/top_level.txt
[3.857s] reading manifest file '../../../build/explorer_bringup/explorer_bringup.egg-info/SOURCES.txt'
[3.858s] writing manifest file '../../../build/explorer_bringup/explorer_bringup.egg-info/SOURCES.txt'
[3.858s] running build
[3.858s] running build_py
[3.859s] running install
[3.860s] running install_lib
[3.861s] running install_data
[3.862s] running install_egg_info
[3.864s] removing '/home/shared/projects/gultepe/cleaner_ws/install/explorer_bringup/lib/python3.10/site-packages/explorer_bringup-0.0.0-py3.10.egg-info' (and everything under it)
[3.865s] Copying ../../../build/explorer_bringup/explorer_bringup.egg-info to /home/shared/projects/gultepe/cleaner_ws/install/explorer_bringup/lib/python3.10/site-packages/explorer_bringup-0.0.0-py3.10.egg-info
[3.866s] running install_scripts
[3.894s] Installing manager script to /home/shared/projects/gultepe/cleaner_ws/install/explorer_bringup/lib/explorer_bringup
[3.894s] writing list of installed files to '/home/shared/projects/gultepe/cleaner_ws/build/explorer_bringup/install.log'
[3.956s] Invoked command in '/home/shared/projects/gultepe/cleaner_ws/src/ros2_explorer/explorer_bringup' returned '0': PYTHONPATH=/home/shared/projects/gultepe/cleaner_ws/build/explorer_bringup/prefix_override:/home/shared/projects/gultepe/cleaner_ws/install/explorer_bringup/lib/python3.10/site-packages:${PYTHONPATH} /usr/bin/python3 setup.py egg_info --egg-base ../../../build/explorer_bringup build --build-base /home/shared/projects/gultepe/cleaner_ws/build/explorer_bringup/build install --record /home/shared/projects/gultepe/cleaner_ws/build/explorer_bringup/install.log --install-scripts $base/lib/explorer_bringup --single-version-externally-managed
