[2.278s] Invoking command in '/home/shared/projects/gultepe/cleaner_ws/src/bno055': PYTHONPATH=/home/shared/projects/gultepe/cleaner_ws/build/bno055/prefix_override:/home/shared/projects/gultepe/cleaner_ws/install/bno055/lib/python3.10/site-packages:${PYTHONPATH} /usr/bin/python3 setup.py egg_info --egg-base ../../build/bno055 build --build-base /home/shared/projects/gultepe/cleaner_ws/build/bno055/build install --record /home/shared/projects/gultepe/cleaner_ws/build/bno055/install.log --single-version-externally-managed
[2.874s] running egg_info
[2.875s] writing ../../build/bno055/bno055.egg-info/PKG-INFO
[2.875s] writing dependency_links to ../../build/bno055/bno055.egg-info/dependency_links.txt
[2.876s] writing entry points to ../../build/bno055/bno055.egg-info/entry_points.txt
[2.876s] writing requirements to ../../build/bno055/bno055.egg-info/requires.txt
[2.876s] writing top-level names to ../../build/bno055/bno055.egg-info/top_level.txt
[2.881s] reading manifest file '../../build/bno055/bno055.egg-info/SOURCES.txt'
[2.881s] adding license file 'LICENSE'
[2.881s] adding license file 'AUTHORS'
[2.883s] writing manifest file '../../build/bno055/bno055.egg-info/SOURCES.txt'
[2.883s] running build
[2.883s] running build_py
[2.886s] running install
[2.886s] running install_lib
[2.891s] running install_data
[2.892s] running install_egg_info
[2.896s] removing '/home/shared/projects/gultepe/cleaner_ws/install/bno055/lib/python3.10/site-packages/bno055-0.4.1-py3.10.egg-info' (and everything under it)
[2.897s] Copying ../../build/bno055/bno055.egg-info to /home/shared/projects/gultepe/cleaner_ws/install/bno055/lib/python3.10/site-packages/bno055-0.4.1-py3.10.egg-info
[2.898s] running install_scripts
[2.940s] Installing bno055 script to /home/shared/projects/gultepe/cleaner_ws/install/bno055/lib/bno055
[2.942s] writing list of installed files to '/home/shared/projects/gultepe/cleaner_ws/build/bno055/install.log'
[2.990s] Invoked command in '/home/shared/projects/gultepe/cleaner_ws/src/bno055' returned '0': PYTHONPATH=/home/shared/projects/gultepe/cleaner_ws/build/bno055/prefix_override:/home/shared/projects/gultepe/cleaner_ws/install/bno055/lib/python3.10/site-packages:${PYTHONPATH} /usr/bin/python3 setup.py egg_info --egg-base ../../build/bno055 build --build-base /home/shared/projects/gultepe/cleaner_ws/build/bno055/build install --record /home/shared/projects/gultepe/cleaner_ws/build/bno055/install.log --single-version-externally-managed
