[2.493s] DEBUG:colcon:Command line arguments: ['/usr/bin/colcon', 'build', '--packages-select', 'gultepe_pkg']
[2.493s] DEBUG:colcon:Parsed command line arguments: Namespace(log_base=None, log_level=None, verb_name='build', build_base='build', install_base='install', merge_install=False, symlink_install=False, test_result_base=None, continue_on_error=False, executor='parallel', parallel_workers=16, event_handlers=None, ignore_user_meta=False, metas=['./colcon.meta'], base_paths=['.'], packages_ignore=None, packages_ignore_regex=None, paths=None, packages_up_to=None, packages_up_to_regex=None, packages_above=None, packages_above_and_dependencies=None, packages_above_depth=None, packages_select_by_dep=None, packages_skip_by_dep=None, packages_skip_up_to=None, packages_select_build_failed=False, packages_skip_build_finished=False, packages_select_test_failures=False, packages_skip_test_passed=False, packages_select=['gultepe_pkg'], packages_skip=None, packages_select_regex=None, packages_skip_regex=None, packages_start=None, packages_end=None, allow_overriding=[], cmake_args=None, cmake_target=None, cmake_target_skip_unavailable=False, cmake_clean_cache=False, cmake_clean_first=False, cmake_force_configure=False, ament_cmake_args=None, catkin_cmake_args=None, catkin_skip_building_tests=False, verb_parser=<colcon_defaults.argument_parser.defaults.DefaultArgumentsDecorator object at 0x7f4063979900>, verb_extension=<colcon_core.verb.build.BuildVerb object at 0x7f406397bd60>, main=<bound method BuildVerb.main of <colcon_core.verb.build.BuildVerb object at 0x7f406397bd60>>)
[2.634s] Level 1:colcon.colcon_core.package_discovery:discover_packages(colcon_meta) check parameters
[2.634s] Level 1:colcon.colcon_core.package_discovery:discover_packages(recursive) check parameters
[2.635s] Level 1:colcon.colcon_core.package_discovery:discover_packages(ignore) check parameters
[2.635s] Level 1:colcon.colcon_core.package_discovery:discover_packages(path) check parameters
[2.635s] Level 1:colcon.colcon_core.package_discovery:discover_packages(colcon_meta) discover
[2.635s] Level 1:colcon.colcon_core.package_discovery:discover_packages(recursive) discover
[2.635s] INFO:colcon.colcon_core.package_discovery:Crawling recursively for packages in '/home/shared/projects/gultepe/cleaner_ws'
[2.636s] Level 1:colcon.colcon_core.package_identification:_identify(.) by extensions ['ignore', 'ignore_ament_install']
[2.636s] Level 1:colcon.colcon_core.package_identification:_identify(.) by extension 'ignore'
[2.636s] Level 1:colcon.colcon_core.package_identification:_identify(.) by extension 'ignore_ament_install'
[2.636s] Level 1:colcon.colcon_core.package_identification:_identify(.) by extensions ['colcon_pkg']
[2.636s] Level 1:colcon.colcon_core.package_identification:_identify(.) by extension 'colcon_pkg'
[2.637s] Level 1:colcon.colcon_core.package_identification:_identify(.) by extensions ['colcon_meta']
[2.637s] Level 1:colcon.colcon_core.package_identification:_identify(.) by extension 'colcon_meta'
[2.637s] Level 1:colcon.colcon_core.package_identification:_identify(.) by extensions ['ros']
[2.637s] Level 1:colcon.colcon_core.package_identification:_identify(.) by extension 'ros'
[2.677s] Level 1:colcon.colcon_core.package_identification:_identify(.) by extensions ['cmake', 'python']
[2.678s] Level 1:colcon.colcon_core.package_identification:_identify(.) by extension 'cmake'
[2.678s] Level 1:colcon.colcon_core.package_identification:_identify(.) by extension 'python'
[2.678s] Level 1:colcon.colcon_core.package_identification:_identify(.) by extensions ['python_setup_py']
[2.678s] Level 1:colcon.colcon_core.package_identification:_identify(.) by extension 'python_setup_py'
[2.678s] Level 1:colcon.colcon_core.package_identification:_identify(build) by extensions ['ignore', 'ignore_ament_install']
[2.678s] Level 1:colcon.colcon_core.package_identification:_identify(build) by extension 'ignore'
[2.679s] Level 1:colcon.colcon_core.package_identification:_identify(build) ignored
[2.679s] Level 1:colcon.colcon_core.package_identification:_identify(install) by extensions ['ignore', 'ignore_ament_install']
[2.679s] Level 1:colcon.colcon_core.package_identification:_identify(install) by extension 'ignore'
[2.679s] Level 1:colcon.colcon_core.package_identification:_identify(install) ignored
[2.680s] Level 1:colcon.colcon_core.package_identification:_identify(log) by extensions ['ignore', 'ignore_ament_install']
[2.680s] Level 1:colcon.colcon_core.package_identification:_identify(log) by extension 'ignore'
[2.680s] Level 1:colcon.colcon_core.package_identification:_identify(log) ignored
[2.680s] Level 1:colcon.colcon_core.package_identification:_identify(src) by extensions ['ignore', 'ignore_ament_install']
[2.680s] Level 1:colcon.colcon_core.package_identification:_identify(src) by extension 'ignore'
[2.681s] Level 1:colcon.colcon_core.package_identification:_identify(src) by extension 'ignore_ament_install'
[2.681s] Level 1:colcon.colcon_core.package_identification:_identify(src) by extensions ['colcon_pkg']
[2.681s] Level 1:colcon.colcon_core.package_identification:_identify(src) by extension 'colcon_pkg'
[2.681s] Level 1:colcon.colcon_core.package_identification:_identify(src) by extensions ['colcon_meta']
[2.681s] Level 1:colcon.colcon_core.package_identification:_identify(src) by extension 'colcon_meta'
[2.681s] Level 1:colcon.colcon_core.package_identification:_identify(src) by extensions ['ros']
[2.681s] Level 1:colcon.colcon_core.package_identification:_identify(src) by extension 'ros'
[2.681s] Level 1:colcon.colcon_core.package_identification:_identify(src) by extensions ['cmake', 'python']
[2.681s] Level 1:colcon.colcon_core.package_identification:_identify(src) by extension 'cmake'
[2.681s] Level 1:colcon.colcon_core.package_identification:_identify(src) by extension 'python'
[2.682s] Level 1:colcon.colcon_core.package_identification:_identify(src) by extensions ['python_setup_py']
[2.682s] Level 1:colcon.colcon_core.package_identification:_identify(src) by extension 'python_setup_py'
[2.682s] Level 1:colcon.colcon_core.package_identification:_identify(src/bno055) by extensions ['ignore', 'ignore_ament_install']
[2.682s] Level 1:colcon.colcon_core.package_identification:_identify(src/bno055) by extension 'ignore'
[2.682s] Level 1:colcon.colcon_core.package_identification:_identify(src/bno055) by extension 'ignore_ament_install'
[2.682s] Level 1:colcon.colcon_core.package_identification:_identify(src/bno055) by extensions ['colcon_pkg']
[2.683s] Level 1:colcon.colcon_core.package_identification:_identify(src/bno055) by extension 'colcon_pkg'
[2.683s] Level 1:colcon.colcon_core.package_identification:_identify(src/bno055) by extensions ['colcon_meta']
[2.683s] Level 1:colcon.colcon_core.package_identification:_identify(src/bno055) by extension 'colcon_meta'
[2.683s] Level 1:colcon.colcon_core.package_identification:_identify(src/bno055) by extensions ['ros']
[2.683s] Level 1:colcon.colcon_core.package_identification:_identify(src/bno055) by extension 'ros'
[2.690s] DEBUG:colcon.colcon_core.package_identification:Package 'src/bno055' with type 'ros.ament_python' and name 'bno055'
[2.690s] Level 1:colcon.colcon_core.package_identification:_identify(src/build) by extensions ['ignore', 'ignore_ament_install']
[2.690s] Level 1:colcon.colcon_core.package_identification:_identify(src/build) by extension 'ignore'
[2.690s] Level 1:colcon.colcon_core.package_identification:_identify(src/build) ignored
[2.690s] Level 1:colcon.colcon_core.package_identification:_identify(src/cleaner_bringup) by extensions ['ignore', 'ignore_ament_install']
[2.691s] Level 1:colcon.colcon_core.package_identification:_identify(src/cleaner_bringup) by extension 'ignore'
[2.691s] Level 1:colcon.colcon_core.package_identification:_identify(src/cleaner_bringup) by extension 'ignore_ament_install'
[2.691s] Level 1:colcon.colcon_core.package_identification:_identify(src/cleaner_bringup) by extensions ['colcon_pkg']
[2.691s] Level 1:colcon.colcon_core.package_identification:_identify(src/cleaner_bringup) by extension 'colcon_pkg'
[2.691s] Level 1:colcon.colcon_core.package_identification:_identify(src/cleaner_bringup) by extensions ['colcon_meta']
[2.691s] Level 1:colcon.colcon_core.package_identification:_identify(src/cleaner_bringup) by extension 'colcon_meta'
[2.691s] Level 1:colcon.colcon_core.package_identification:_identify(src/cleaner_bringup) by extensions ['ros']
[2.692s] Level 1:colcon.colcon_core.package_identification:_identify(src/cleaner_bringup) by extension 'ros'
[2.693s] DEBUG:colcon.colcon_core.package_identification:Package 'src/cleaner_bringup' with type 'ros.ament_cmake' and name 'cleaner_bringup'
[2.693s] Level 1:colcon.colcon_core.package_identification:_identify(src/cleaner_description) by extensions ['ignore', 'ignore_ament_install']
[2.693s] Level 1:colcon.colcon_core.package_identification:_identify(src/cleaner_description) by extension 'ignore'
[2.693s] Level 1:colcon.colcon_core.package_identification:_identify(src/cleaner_description) by extension 'ignore_ament_install'
[2.694s] Level 1:colcon.colcon_core.package_identification:_identify(src/cleaner_description) by extensions ['colcon_pkg']
[2.694s] Level 1:colcon.colcon_core.package_identification:_identify(src/cleaner_description) by extension 'colcon_pkg'
[2.694s] Level 1:colcon.colcon_core.package_identification:_identify(src/cleaner_description) by extensions ['colcon_meta']
[2.694s] Level 1:colcon.colcon_core.package_identification:_identify(src/cleaner_description) by extension 'colcon_meta'
[2.694s] Level 1:colcon.colcon_core.package_identification:_identify(src/cleaner_description) by extensions ['ros']
[2.694s] Level 1:colcon.colcon_core.package_identification:_identify(src/cleaner_description) by extension 'ros'
[2.695s] DEBUG:colcon.colcon_core.package_identification:Package 'src/cleaner_description' with type 'ros.ament_cmake' and name 'cleaner_description'
[2.695s] Level 1:colcon.colcon_core.package_identification:_identify(src/grid_sweeper_test) by extensions ['ignore', 'ignore_ament_install']
[2.696s] Level 1:colcon.colcon_core.package_identification:_identify(src/grid_sweeper_test) by extension 'ignore'
[2.696s] Level 1:colcon.colcon_core.package_identification:_identify(src/grid_sweeper_test) by extension 'ignore_ament_install'
[2.696s] Level 1:colcon.colcon_core.package_identification:_identify(src/grid_sweeper_test) by extensions ['colcon_pkg']
[2.696s] Level 1:colcon.colcon_core.package_identification:_identify(src/grid_sweeper_test) by extension 'colcon_pkg'
[2.696s] Level 1:colcon.colcon_core.package_identification:_identify(src/grid_sweeper_test) by extensions ['colcon_meta']
[2.696s] Level 1:colcon.colcon_core.package_identification:_identify(src/grid_sweeper_test) by extension 'colcon_meta'
[2.696s] Level 1:colcon.colcon_core.package_identification:_identify(src/grid_sweeper_test) by extensions ['ros']
[2.696s] Level 1:colcon.colcon_core.package_identification:_identify(src/grid_sweeper_test) by extension 'ros'
[2.696s] Level 1:colcon.colcon_core.package_identification:_identify(src/grid_sweeper_test) by extensions ['cmake', 'python']
[2.697s] Level 1:colcon.colcon_core.package_identification:_identify(src/grid_sweeper_test) by extension 'cmake'
[2.697s] Level 1:colcon.colcon_core.package_identification:_identify(src/grid_sweeper_test) by extension 'python'
[2.697s] Level 1:colcon.colcon_core.package_identification:_identify(src/grid_sweeper_test) by extensions ['python_setup_py']
[2.697s] Level 1:colcon.colcon_core.package_identification:_identify(src/grid_sweeper_test) by extension 'python_setup_py'
[2.697s] Level 1:colcon.colcon_core.package_identification:_identify(src/grid_sweeper_test/map) by extensions ['ignore', 'ignore_ament_install']
[2.697s] Level 1:colcon.colcon_core.package_identification:_identify(src/grid_sweeper_test/map) by extension 'ignore'
[2.697s] Level 1:colcon.colcon_core.package_identification:_identify(src/grid_sweeper_test/map) by extension 'ignore_ament_install'
[2.698s] Level 1:colcon.colcon_core.package_identification:_identify(src/grid_sweeper_test/map) by extensions ['colcon_pkg']
[2.698s] Level 1:colcon.colcon_core.package_identification:_identify(src/grid_sweeper_test/map) by extension 'colcon_pkg'
[2.698s] Level 1:colcon.colcon_core.package_identification:_identify(src/grid_sweeper_test/map) by extensions ['colcon_meta']
[2.698s] Level 1:colcon.colcon_core.package_identification:_identify(src/grid_sweeper_test/map) by extension 'colcon_meta'
[2.698s] Level 1:colcon.colcon_core.package_identification:_identify(src/grid_sweeper_test/map) by extensions ['ros']
[2.698s] Level 1:colcon.colcon_core.package_identification:_identify(src/grid_sweeper_test/map) by extension 'ros'
[2.698s] Level 1:colcon.colcon_core.package_identification:_identify(src/grid_sweeper_test/map) by extensions ['cmake', 'python']
[2.698s] Level 1:colcon.colcon_core.package_identification:_identify(src/grid_sweeper_test/map) by extension 'cmake'
[2.698s] Level 1:colcon.colcon_core.package_identification:_identify(src/grid_sweeper_test/map) by extension 'python'
[2.698s] Level 1:colcon.colcon_core.package_identification:_identify(src/grid_sweeper_test/map) by extensions ['python_setup_py']
[2.699s] Level 1:colcon.colcon_core.package_identification:_identify(src/grid_sweeper_test/map) by extension 'python_setup_py'
[2.699s] Level 1:colcon.colcon_core.package_identification:_identify(src/gultepe_pkg) by extensions ['ignore', 'ignore_ament_install']
[2.699s] Level 1:colcon.colcon_core.package_identification:_identify(src/gultepe_pkg) by extension 'ignore'
[2.699s] Level 1:colcon.colcon_core.package_identification:_identify(src/gultepe_pkg) by extension 'ignore_ament_install'
[2.699s] Level 1:colcon.colcon_core.package_identification:_identify(src/gultepe_pkg) by extensions ['colcon_pkg']
[2.699s] Level 1:colcon.colcon_core.package_identification:_identify(src/gultepe_pkg) by extension 'colcon_pkg'
[2.699s] Level 1:colcon.colcon_core.package_identification:_identify(src/gultepe_pkg) by extensions ['colcon_meta']
[2.700s] Level 1:colcon.colcon_core.package_identification:_identify(src/gultepe_pkg) by extension 'colcon_meta'
[2.700s] Level 1:colcon.colcon_core.package_identification:_identify(src/gultepe_pkg) by extensions ['ros']
[2.700s] Level 1:colcon.colcon_core.package_identification:_identify(src/gultepe_pkg) by extension 'ros'
[2.701s] DEBUG:colcon.colcon_core.package_identification:Package 'src/gultepe_pkg' with type 'ros.ament_python' and name 'gultepe_pkg'
[2.702s] Level 1:colcon.colcon_core.package_identification:_identify(src/gultepe_scriptsa) by extensions ['ignore', 'ignore_ament_install']
[2.702s] Level 1:colcon.colcon_core.package_identification:_identify(src/gultepe_scriptsa) by extension 'ignore'
[2.702s] Level 1:colcon.colcon_core.package_identification:_identify(src/gultepe_scriptsa) by extension 'ignore_ament_install'
[2.702s] Level 1:colcon.colcon_core.package_identification:_identify(src/gultepe_scriptsa) by extensions ['colcon_pkg']
[2.702s] Level 1:colcon.colcon_core.package_identification:_identify(src/gultepe_scriptsa) by extension 'colcon_pkg'
[2.702s] Level 1:colcon.colcon_core.package_identification:_identify(src/gultepe_scriptsa) by extensions ['colcon_meta']
[2.703s] Level 1:colcon.colcon_core.package_identification:_identify(src/gultepe_scriptsa) by extension 'colcon_meta'
[2.703s] Level 1:colcon.colcon_core.package_identification:_identify(src/gultepe_scriptsa) by extensions ['ros']
[2.703s] Level 1:colcon.colcon_core.package_identification:_identify(src/gultepe_scriptsa) by extension 'ros'
[2.704s] DEBUG:colcon.colcon_core.package_identification:Package 'src/gultepe_scriptsa' with type 'ros.ament_python' and name 'gultepe_scripts'
[2.705s] Level 1:colcon.colcon_core.package_identification:_identify(src/install) by extensions ['ignore', 'ignore_ament_install']
[2.705s] Level 1:colcon.colcon_core.package_identification:_identify(src/install) by extension 'ignore'
[2.705s] Level 1:colcon.colcon_core.package_identification:_identify(src/install) ignored
[2.705s] Level 1:colcon.colcon_core.package_identification:_identify(src/log) by extensions ['ignore', 'ignore_ament_install']
[2.706s] Level 1:colcon.colcon_core.package_identification:_identify(src/log) by extension 'ignore'
[2.706s] Level 1:colcon.colcon_core.package_identification:_identify(src/log) ignored
[2.706s] Level 1:colcon.colcon_core.package_identification:_identify(src/rplidar_ros) by extensions ['ignore', 'ignore_ament_install']
[2.706s] Level 1:colcon.colcon_core.package_identification:_identify(src/rplidar_ros) by extension 'ignore'
[2.706s] Level 1:colcon.colcon_core.package_identification:_identify(src/rplidar_ros) by extension 'ignore_ament_install'
[2.706s] Level 1:colcon.colcon_core.package_identification:_identify(src/rplidar_ros) by extensions ['colcon_pkg']
[2.706s] Level 1:colcon.colcon_core.package_identification:_identify(src/rplidar_ros) by extension 'colcon_pkg'
[2.706s] Level 1:colcon.colcon_core.package_identification:_identify(src/rplidar_ros) by extensions ['colcon_meta']
[2.707s] Level 1:colcon.colcon_core.package_identification:_identify(src/rplidar_ros) by extension 'colcon_meta'
[2.707s] Level 1:colcon.colcon_core.package_identification:_identify(src/rplidar_ros) by extensions ['ros']
[2.707s] Level 1:colcon.colcon_core.package_identification:_identify(src/rplidar_ros) by extension 'ros'
[2.708s] DEBUG:colcon.colcon_core.package_identification:Package 'src/rplidar_ros' with type 'ros.ament_cmake' and name 'rplidar_ros'
[2.709s] Level 1:colcon.colcon_core.package_discovery:discover_packages(recursive) using defaults
[2.709s] Level 1:colcon.colcon_core.package_discovery:discover_packages(ignore) discover
[2.709s] Level 1:colcon.colcon_core.package_discovery:discover_packages(ignore) using defaults
[2.709s] Level 1:colcon.colcon_core.package_discovery:discover_packages(path) discover
[2.709s] Level 1:colcon.colcon_core.package_discovery:discover_packages(path) using defaults
[2.868s] INFO:colcon.colcon_core.package_selection:Skipping not selected package 'bno055' in 'src/bno055'
[2.868s] INFO:colcon.colcon_core.package_selection:Skipping not selected package 'cleaner_description' in 'src/cleaner_description'
[2.868s] INFO:colcon.colcon_core.package_selection:Skipping not selected package 'gultepe_scripts' in 'src/gultepe_scriptsa'
[2.868s] INFO:colcon.colcon_core.package_selection:Skipping not selected package 'rplidar_ros' in 'src/rplidar_ros'
[2.868s] INFO:colcon.colcon_core.package_selection:Skipping not selected package 'cleaner_bringup' in 'src/cleaner_bringup'
[2.937s] Level 1:colcon.colcon_core.package_discovery:discover_packages(prefix_path) check parameters
[2.938s] Level 1:colcon.colcon_core.package_discovery:discover_packages(prefix_path) discover
[3.015s] DEBUG:colcon.colcon_installed_package_information.package_discovery:Found 7 installed packages in /home/tunaprogrammer/projects/gultepe/cleaner_ws/install
[3.050s] DEBUG:colcon.colcon_installed_package_information.package_discovery:Found 5 installed packages in /home/tunaprogrammer/projects/gultepe/humble_ws/install
[3.086s] DEBUG:colcon.colcon_installed_package_information.package_discovery:Found 314 installed packages in /opt/ros/humble
[3.090s] Level 1:colcon.colcon_core.package_discovery:discover_packages(prefix_path) using defaults
[3.343s] Level 5:colcon.colcon_core.verb:set package 'gultepe_pkg' build argument 'cmake_args' from command line to 'None'
[3.343s] Level 5:colcon.colcon_core.verb:set package 'gultepe_pkg' build argument 'cmake_target' from command line to 'None'
[3.343s] Level 5:colcon.colcon_core.verb:set package 'gultepe_pkg' build argument 'cmake_target_skip_unavailable' from command line to 'False'
[3.343s] Level 5:colcon.colcon_core.verb:set package 'gultepe_pkg' build argument 'cmake_clean_cache' from command line to 'False'
[3.343s] Level 5:colcon.colcon_core.verb:set package 'gultepe_pkg' build argument 'cmake_clean_first' from command line to 'False'
[3.343s] Level 5:colcon.colcon_core.verb:set package 'gultepe_pkg' build argument 'cmake_force_configure' from command line to 'False'
[3.343s] Level 5:colcon.colcon_core.verb:set package 'gultepe_pkg' build argument 'ament_cmake_args' from command line to 'None'
[3.344s] Level 5:colcon.colcon_core.verb:set package 'gultepe_pkg' build argument 'catkin_cmake_args' from command line to 'None'
[3.344s] Level 5:colcon.colcon_core.verb:set package 'gultepe_pkg' build argument 'catkin_skip_building_tests' from command line to 'False'
[3.344s] DEBUG:colcon.colcon_core.verb:Building package 'gultepe_pkg' with the following arguments: {'ament_cmake_args': None, 'build_base': '/home/shared/projects/gultepe/cleaner_ws/build/gultepe_pkg', 'catkin_cmake_args': None, 'catkin_skip_building_tests': False, 'cmake_args': None, 'cmake_clean_cache': False, 'cmake_clean_first': False, 'cmake_force_configure': False, 'cmake_target': None, 'cmake_target_skip_unavailable': False, 'install_base': '/home/shared/projects/gultepe/cleaner_ws/install/gultepe_pkg', 'merge_install': False, 'path': '/home/shared/projects/gultepe/cleaner_ws/src/gultepe_pkg', 'symlink_install': False, 'test_result_base': None}
[3.378s] INFO:colcon.colcon_core.executor:Executing jobs using 'parallel' executor
[3.414s] DEBUG:colcon.colcon_parallel_executor.executor.parallel:run_until_complete
[3.415s] INFO:colcon.colcon_ros.task.ament_python.build:Building ROS package in '/home/shared/projects/gultepe/cleaner_ws/src/gultepe_pkg' with build type 'ament_python'
[3.415s] Level 1:colcon.colcon_core.shell:create_environment_hook('gultepe_pkg', 'ament_prefix_path')
[3.481s] INFO:colcon.colcon_core.plugin_system:Skipping extension 'colcon_core.shell.bat': Not used on non-Windows systems
[3.482s] INFO:colcon.colcon_core.shell:Creating environment hook '/home/shared/projects/gultepe/cleaner_ws/install/gultepe_pkg/share/gultepe_pkg/hook/ament_prefix_path.ps1'
[3.484s] INFO:colcon.colcon_core.shell:Creating environment descriptor '/home/shared/projects/gultepe/cleaner_ws/install/gultepe_pkg/share/gultepe_pkg/hook/ament_prefix_path.dsv'
[3.485s] INFO:colcon.colcon_core.shell:Creating environment hook '/home/shared/projects/gultepe/cleaner_ws/install/gultepe_pkg/share/gultepe_pkg/hook/ament_prefix_path.sh'
[3.522s] INFO:colcon.colcon_core.shell:Skip shell extension 'powershell' for command environment: Not usable outside of PowerShell
[3.522s] DEBUG:colcon.colcon_core.shell:Skip shell extension 'dsv' for command environment
[4.379s] INFO:colcon.colcon_core.task.python.build:Building Python package in '/home/shared/projects/gultepe/cleaner_ws/src/gultepe_pkg'
[4.414s] INFO:colcon.colcon_core.shell:Skip shell extension 'powershell' for command environment: Not usable outside of PowerShell
[4.414s] DEBUG:colcon.colcon_core.shell:Skip shell extension 'dsv' for command environment
[5.494s] DEBUG:colcon.colcon_core.event_handler.log_command:Invoking command in '/home/shared/projects/gultepe/cleaner_ws/src/gultepe_pkg': PYTHONPATH=/home/shared/projects/gultepe/cleaner_ws/build/gultepe_pkg/prefix_override:/home/shared/projects/gultepe/cleaner_ws/install/gultepe_pkg/lib/python3.10/site-packages:${PYTHONPATH} /usr/bin/python3 setup.py egg_info --egg-base ../../build/gultepe_pkg build --build-base /home/shared/projects/gultepe/cleaner_ws/build/gultepe_pkg/build install --record /home/shared/projects/gultepe/cleaner_ws/build/gultepe_pkg/install.log --single-version-externally-managed
[6.259s] DEBUG:colcon.colcon_core.event_handler.log_command:Invoked command in '/home/shared/projects/gultepe/cleaner_ws/src/gultepe_pkg' returned '0': PYTHONPATH=/home/shared/projects/gultepe/cleaner_ws/build/gultepe_pkg/prefix_override:/home/shared/projects/gultepe/cleaner_ws/install/gultepe_pkg/lib/python3.10/site-packages:${PYTHONPATH} /usr/bin/python3 setup.py egg_info --egg-base ../../build/gultepe_pkg build --build-base /home/shared/projects/gultepe/cleaner_ws/build/gultepe_pkg/build install --record /home/shared/projects/gultepe/cleaner_ws/build/gultepe_pkg/install.log --single-version-externally-managed
[6.309s] Level 1:colcon.colcon_core.environment:checking '/home/shared/projects/gultepe/cleaner_ws/install/gultepe_pkg' for CMake module files
[6.310s] Level 1:colcon.colcon_core.environment:checking '/home/shared/projects/gultepe/cleaner_ws/install/gultepe_pkg' for CMake config files
[6.311s] Level 1:colcon.colcon_core.environment:checking '/home/shared/projects/gultepe/cleaner_ws/install/gultepe_pkg/lib'
[6.312s] Level 1:colcon.colcon_core.environment:checking '/home/shared/projects/gultepe/cleaner_ws/install/gultepe_pkg/bin'
[6.312s] Level 1:colcon.colcon_core.environment:checking '/home/shared/projects/gultepe/cleaner_ws/install/gultepe_pkg/lib/pkgconfig/gultepe_pkg.pc'
[6.312s] Level 1:colcon.colcon_core.environment:checking '/home/shared/projects/gultepe/cleaner_ws/install/gultepe_pkg/lib/python3.10/site-packages'
[6.312s] Level 1:colcon.colcon_core.shell:create_environment_hook('gultepe_pkg', 'pythonpath')
[6.348s] INFO:colcon.colcon_core.shell:Creating environment hook '/home/shared/projects/gultepe/cleaner_ws/install/gultepe_pkg/share/gultepe_pkg/hook/pythonpath.ps1'
[6.349s] INFO:colcon.colcon_core.shell:Creating environment descriptor '/home/shared/projects/gultepe/cleaner_ws/install/gultepe_pkg/share/gultepe_pkg/hook/pythonpath.dsv'
[6.350s] INFO:colcon.colcon_core.shell:Creating environment hook '/home/shared/projects/gultepe/cleaner_ws/install/gultepe_pkg/share/gultepe_pkg/hook/pythonpath.sh'
[6.351s] Level 1:colcon.colcon_core.environment:checking '/home/shared/projects/gultepe/cleaner_ws/install/gultepe_pkg/bin'
[6.351s] Level 1:colcon.colcon_core.environment:create_environment_scripts_only(gultepe_pkg)
[6.387s] INFO:colcon.colcon_core.shell:Creating package script '/home/shared/projects/gultepe/cleaner_ws/install/gultepe_pkg/share/gultepe_pkg/package.ps1'
[6.389s] INFO:colcon.colcon_core.shell:Creating package descriptor '/home/shared/projects/gultepe/cleaner_ws/install/gultepe_pkg/share/gultepe_pkg/package.dsv'
[6.390s] INFO:colcon.colcon_core.shell:Creating package script '/home/shared/projects/gultepe/cleaner_ws/install/gultepe_pkg/share/gultepe_pkg/package.sh'
[6.392s] INFO:colcon.colcon_core.shell:Creating package script '/home/shared/projects/gultepe/cleaner_ws/install/gultepe_pkg/share/gultepe_pkg/package.bash'
[6.394s] INFO:colcon.colcon_core.shell:Creating package script '/home/shared/projects/gultepe/cleaner_ws/install/gultepe_pkg/share/gultepe_pkg/package.zsh'
[6.396s] Level 1:colcon.colcon_core.environment:create_file_with_runtime_dependencies(/home/shared/projects/gultepe/cleaner_ws/install/gultepe_pkg/share/colcon-core/packages/gultepe_pkg)
[6.397s] DEBUG:colcon.colcon_parallel_executor.executor.parallel:closing loop
[6.397s] DEBUG:colcon.colcon_parallel_executor.executor.parallel:loop closed
[6.397s] DEBUG:colcon.colcon_parallel_executor.executor.parallel:run_until_complete finished with '0'
[6.397s] DEBUG:colcon.colcon_core.event_reactor:joining thread
[6.446s] INFO:colcon.colcon_core.plugin_system:Skipping extension 'colcon_notification.desktop_notification.terminal_notifier': Not used on non-Darwin systems
[6.446s] INFO:colcon.colcon_core.plugin_system:Skipping extension 'colcon_notification.desktop_notification.win32': Not used on non-Windows systems
[6.446s] INFO:colcon.colcon_notification.desktop_notification:Sending desktop notification using 'notify2'
[6.491s] DEBUG:colcon.colcon_core.event_reactor:joined thread
[6.526s] INFO:colcon.colcon_core.shell:Creating prefix script '/home/shared/projects/gultepe/cleaner_ws/install/local_setup.ps1'
[6.528s] INFO:colcon.colcon_core.shell:Creating prefix util module '/home/shared/projects/gultepe/cleaner_ws/install/_local_setup_util_ps1.py'
[6.532s] INFO:colcon.colcon_core.shell:Creating prefix chain script '/home/shared/projects/gultepe/cleaner_ws/install/setup.ps1'
[6.570s] INFO:colcon.colcon_core.shell:Creating prefix script '/home/shared/projects/gultepe/cleaner_ws/install/local_setup.sh'
[6.571s] INFO:colcon.colcon_core.shell:Creating prefix util module '/home/shared/projects/gultepe/cleaner_ws/install/_local_setup_util_sh.py'
[6.572s] INFO:colcon.colcon_core.shell:Creating prefix chain script '/home/shared/projects/gultepe/cleaner_ws/install/setup.sh'
[6.613s] INFO:colcon.colcon_core.shell:Creating prefix script '/home/shared/projects/gultepe/cleaner_ws/install/local_setup.bash'
[6.615s] INFO:colcon.colcon_core.shell:Creating prefix chain script '/home/shared/projects/gultepe/cleaner_ws/install/setup.bash'
[6.652s] INFO:colcon.colcon_core.shell:Creating prefix script '/home/shared/projects/gultepe/cleaner_ws/install/local_setup.zsh'
[6.653s] INFO:colcon.colcon_core.shell:Creating prefix chain script '/home/shared/projects/gultepe/cleaner_ws/install/setup.zsh'
