[4.604s] Invoking command in '/home/shared/projects/gultepe/cleaner_ws/src/ros2_explorer/explorer_wanderer': PYTHONPATH=/home/shared/projects/gultepe/cleaner_ws/build/explorer_wanderer/prefix_override:/home/shared/projects/gultepe/cleaner_ws/install/explorer_wanderer/lib/python3.10/site-packages:${PYTHONPATH} /usr/bin/python3 setup.py egg_info --egg-base ../../../build/explorer_wanderer build --build-base /home/shared/projects/gultepe/cleaner_ws/build/explorer_wanderer/build install --record /home/shared/projects/gultepe/cleaner_ws/build/explorer_wanderer/install.log --install-scripts $base/lib/explorer_wanderer --single-version-externally-managed
[5.121s] /home/tunaprogrammer/.local/lib/python3.10/site-packages/setuptools/dist.py:717: UserWarning: Usage of dash-separated 'script-dir' will not be supported in future versions. Please use the underscore name 'script_dir' instead
[5.122s]   warnings.warn(
[5.181s] running egg_info
[5.182s] creating ../../../build/explorer_wanderer/explorer_wanderer.egg-info
[5.185s] writing ../../../build/explorer_wanderer/explorer_wanderer.egg-info/PKG-INFO
[5.185s] writing dependency_links to ../../../build/explorer_wanderer/explorer_wanderer.egg-info/dependency_links.txt
[5.186s] writing entry points to ../../../build/explorer_wanderer/explorer_wanderer.egg-info/entry_points.txt
[5.186s] writing requirements to ../../../build/explorer_wanderer/explorer_wanderer.egg-info/requires.txt
[5.187s] writing top-level names to ../../../build/explorer_wanderer/explorer_wanderer.egg-info/top_level.txt
[5.187s] writing manifest file '../../../build/explorer_wanderer/explorer_wanderer.egg-info/SOURCES.txt'
[5.190s] reading manifest file '../../../build/explorer_wanderer/explorer_wanderer.egg-info/SOURCES.txt'
[5.192s] writing manifest file '../../../build/explorer_wanderer/explorer_wanderer.egg-info/SOURCES.txt'
[5.192s] running build
[5.193s] running build_py
[5.194s] creating /home/shared/projects/gultepe/cleaner_ws/build/explorer_wanderer/build
[5.194s] creating /home/shared/projects/gultepe/cleaner_ws/build/explorer_wanderer/build/lib
[5.195s] creating /home/shared/projects/gultepe/cleaner_ws/build/explorer_wanderer/build/lib/explorer_wanderer
[5.195s] copying explorer_wanderer/wanderer.py -> /home/shared/projects/gultepe/cleaner_ws/build/explorer_wanderer/build/lib/explorer_wanderer
[5.195s] copying explorer_wanderer/discoverer_server.py -> /home/shared/projects/gultepe/cleaner_ws/build/explorer_wanderer/build/lib/explorer_wanderer
[5.195s] copying explorer_wanderer/__init__.py -> /home/shared/projects/gultepe/cleaner_ws/build/explorer_wanderer/build/lib/explorer_wanderer
[5.196s] copying explorer_wanderer/wanderer_server.py -> /home/shared/projects/gultepe/cleaner_ws/build/explorer_wanderer/build/lib/explorer_wanderer
[5.197s] running install
[5.197s] running install_lib
[5.198s] creating /home/shared/projects/gultepe/cleaner_ws/install/explorer_wanderer/lib/python3.10/site-packages/explorer_wanderer
[5.198s] copying /home/shared/projects/gultepe/cleaner_ws/build/explorer_wanderer/build/lib/explorer_wanderer/wanderer.py -> /home/shared/projects/gultepe/cleaner_ws/install/explorer_wanderer/lib/python3.10/site-packages/explorer_wanderer
[5.199s] copying /home/shared/projects/gultepe/cleaner_ws/build/explorer_wanderer/build/lib/explorer_wanderer/discoverer_server.py -> /home/shared/projects/gultepe/cleaner_ws/install/explorer_wanderer/lib/python3.10/site-packages/explorer_wanderer
[5.199s] copying /home/shared/projects/gultepe/cleaner_ws/build/explorer_wanderer/build/lib/explorer_wanderer/__init__.py -> /home/shared/projects/gultepe/cleaner_ws/install/explorer_wanderer/lib/python3.10/site-packages/explorer_wanderer
[5.200s] copying /home/shared/projects/gultepe/cleaner_ws/build/explorer_wanderer/build/lib/explorer_wanderer/wanderer_server.py -> /home/shared/projects/gultepe/cleaner_ws/install/explorer_wanderer/lib/python3.10/site-packages/explorer_wanderer
[5.201s] byte-compiling /home/shared/projects/gultepe/cleaner_ws/install/explorer_wanderer/lib/python3.10/site-packages/explorer_wanderer/wanderer.py to wanderer.cpython-310.pyc
[5.201s] byte-compiling /home/shared/projects/gultepe/cleaner_ws/install/explorer_wanderer/lib/python3.10/site-packages/explorer_wanderer/discoverer_server.py to discoverer_server.cpython-310.pyc
[5.204s] byte-compiling /home/shared/projects/gultepe/cleaner_ws/install/explorer_wanderer/lib/python3.10/site-packages/explorer_wanderer/__init__.py to __init__.cpython-310.pyc
[5.206s] byte-compiling /home/shared/projects/gultepe/cleaner_ws/install/explorer_wanderer/lib/python3.10/site-packages/explorer_wanderer/wanderer_server.py to wanderer_server.cpython-310.pyc
[5.208s] running install_data
[5.209s] creating /home/shared/projects/gultepe/cleaner_ws/install/explorer_wanderer/share/ament_index
[5.210s] creating /home/shared/projects/gultepe/cleaner_ws/install/explorer_wanderer/share/ament_index/resource_index
[5.210s] creating /home/shared/projects/gultepe/cleaner_ws/install/explorer_wanderer/share/ament_index/resource_index/packages
[5.211s] copying resource/explorer_wanderer -> /home/shared/projects/gultepe/cleaner_ws/install/explorer_wanderer/share/ament_index/resource_index/packages
[5.211s] copying package.xml -> /home/shared/projects/gultepe/cleaner_ws/install/explorer_wanderer/share/explorer_wanderer
[5.211s] running install_egg_info
[5.213s] Copying ../../../build/explorer_wanderer/explorer_wanderer.egg-info to /home/shared/projects/gultepe/cleaner_ws/install/explorer_wanderer/lib/python3.10/site-packages/explorer_wanderer-0.0.0-py3.10.egg-info
[5.215s] running install_scripts
[5.248s] Installing discoverer_server script to /home/shared/projects/gultepe/cleaner_ws/install/explorer_wanderer/lib/explorer_wanderer
[5.249s] Installing wanderer script to /home/shared/projects/gultepe/cleaner_ws/install/explorer_wanderer/lib/explorer_wanderer
[5.249s] Installing wanderer_server script to /home/shared/projects/gultepe/cleaner_ws/install/explorer_wanderer/lib/explorer_wanderer
[5.250s] writing list of installed files to '/home/shared/projects/gultepe/cleaner_ws/build/explorer_wanderer/install.log'
[5.497s] Invoked command in '/home/shared/projects/gultepe/cleaner_ws/src/ros2_explorer/explorer_wanderer' returned '0': PYTHONPATH=/home/shared/projects/gultepe/cleaner_ws/build/explorer_wanderer/prefix_override:/home/shared/projects/gultepe/cleaner_ws/install/explorer_wanderer/lib/python3.10/site-packages:${PYTHONPATH} /usr/bin/python3 setup.py egg_info --egg-base ../../../build/explorer_wanderer build --build-base /home/shared/projects/gultepe/cleaner_ws/build/explorer_wanderer/build install --record /home/shared/projects/gultepe/cleaner_ws/build/explorer_wanderer/install.log --install-scripts $base/lib/explorer_wanderer --single-version-externally-managed
