[1.183s] Invoking command in '/home/shared/projects/gultepe/cleaner_ws/build/explorer_interfaces': CMAKE_PREFIX_PATH=${CMAKE_PREFIX_PATH}:/home/tunaprogrammer/projects/gultepe/cleaner_ws/install/explorer_wanderer:/home/tunaprogrammer/projects/gultepe/cleaner_ws/install/explorer_navigation2:/home/tunaprogrammer/projects/gultepe/cleaner_ws/install/explorer_map_utils:/home/tunaprogrammer/projects/gultepe/cleaner_ws/install/explorer_bringup:/home/tunaprogrammer/projects/gultepe/cleaner_ws/install/bno055:/home/tunaprogrammer/projects/gultepe/humble_ws/install/jetpack:/home/tunaprogrammer/projects/gultepe/humble_ws/install/python_pkg:/home/tunaprogrammer/projects/gultepe/humble_ws/install/catcher:/opt/ros/humble /usr/bin/cmake --build /home/shared/projects/gultepe/cleaner_ws/build/explorer_interfaces -- -j12 -l12
[2.272s] [  2%] Built target explorer_interfaces__cpp
[2.272s] [ 12%] Built target explorer_interfaces__rosidl_generator_c
[2.272s] [ 12%] Built target ament_cmake_python_symlink_explorer_interfaces
[2.273s] [ 23%] Built target explorer_interfaces__rosidl_typesupport_introspection_cpp
[2.275s] [ 33%] Built target explorer_interfaces__rosidl_typesupport_fastrtps_c
[2.275s] [ 43%] Built target explorer_interfaces__rosidl_typesupport_c
[2.275s] [ 53%] Built target explorer_interfaces__rosidl_typesupport_fastrtps_cpp
[2.275s] [ 64%] Built target explorer_interfaces__rosidl_typesupport_cpp
[2.276s] [ 74%] Built target explorer_interfaces__rosidl_typesupport_introspection_c
[2.276s] [ 74%] Built target explorer_interfaces
[2.276s] [ 76%] Built target explorer_interfaces__py
[2.276s] [ 84%] Built target explorer_interfaces__rosidl_generator_py
[2.276s] [100%] Built target explorer_interfaces__rosidl_typesupport_c__pyext
[2.276s] [100%] Built target explorer_interfaces__rosidl_typesupport_introspection_c__pyext
[2.276s] [100%] Built target explorer_interfaces__rosidl_typesupport_fastrtps_c__pyext
[2.278s] running egg_info
[2.279s] writing explorer_interfaces.egg-info/PKG-INFO
[2.280s] writing dependency_links to explorer_interfaces.egg-info/dependency_links.txt
[2.280s] writing top-level names to explorer_interfaces.egg-info/top_level.txt
[2.280s] reading manifest file 'explorer_interfaces.egg-info/SOURCES.txt'
[2.281s] writing manifest file 'explorer_interfaces.egg-info/SOURCES.txt'
[2.282s] [100%] Built target ament_cmake_python_build_explorer_interfaces_egg
[2.290s] Invoked command in '/home/shared/projects/gultepe/cleaner_ws/build/explorer_interfaces' returned '0': CMAKE_PREFIX_PATH=${CMAKE_PREFIX_PATH}:/home/tunaprogrammer/projects/gultepe/cleaner_ws/install/explorer_wanderer:/home/tunaprogrammer/projects/gultepe/cleaner_ws/install/explorer_navigation2:/home/tunaprogrammer/projects/gultepe/cleaner_ws/install/explorer_map_utils:/home/tunaprogrammer/projects/gultepe/cleaner_ws/install/explorer_bringup:/home/tunaprogrammer/projects/gultepe/cleaner_ws/install/bno055:/home/tunaprogrammer/projects/gultepe/humble_ws/install/jetpack:/home/tunaprogrammer/projects/gultepe/humble_ws/install/python_pkg:/home/tunaprogrammer/projects/gultepe/humble_ws/install/catcher:/opt/ros/humble /usr/bin/cmake --build /home/shared/projects/gultepe/cleaner_ws/build/explorer_interfaces -- -j12 -l12
[2.613s] Invoking command in '/home/shared/projects/gultepe/cleaner_ws/build/explorer_interfaces': CMAKE_PREFIX_PATH=${CMAKE_PREFIX_PATH}:/home/tunaprogrammer/projects/gultepe/cleaner_ws/install/explorer_wanderer:/home/tunaprogrammer/projects/gultepe/cleaner_ws/install/explorer_navigation2:/home/tunaprogrammer/projects/gultepe/cleaner_ws/install/explorer_map_utils:/home/tunaprogrammer/projects/gultepe/cleaner_ws/install/explorer_bringup:/home/tunaprogrammer/projects/gultepe/cleaner_ws/install/bno055:/home/tunaprogrammer/projects/gultepe/humble_ws/install/jetpack:/home/tunaprogrammer/projects/gultepe/humble_ws/install/python_pkg:/home/tunaprogrammer/projects/gultepe/humble_ws/install/catcher:/opt/ros/humble /usr/bin/cmake --install /home/shared/projects/gultepe/cleaner_ws/build/explorer_interfaces
[2.745s] -- Install configuration: ""
[2.745s] -- Execute custom install script
[2.746s] -- Up-to-date symlink: /home/shared/projects/gultepe/cleaner_ws/install/explorer_interfaces/share/ament_index/resource_index/rosidl_interfaces/explorer_interfaces
[2.746s] -- Up-to-date symlink: /home/shared/projects/gultepe/cleaner_ws/install/explorer_interfaces/include/explorer_interfaces/explorer_interfaces/action/detail/discover__functions.h
[2.746s] -- Up-to-date symlink: /home/shared/projects/gultepe/cleaner_ws/install/explorer_interfaces/include/explorer_interfaces/explorer_interfaces/action/detail/discover__struct.h
[2.747s] -- Up-to-date symlink: /home/shared/projects/gultepe/cleaner_ws/install/explorer_interfaces/include/explorer_interfaces/explorer_interfaces/action/detail/discover__type_support.h
[2.747s] -- Up-to-date symlink: /home/shared/projects/gultepe/cleaner_ws/install/explorer_interfaces/include/explorer_interfaces/explorer_interfaces/action/detail/wander__functions.h
[2.747s] -- Up-to-date symlink: /home/shared/projects/gultepe/cleaner_ws/install/explorer_interfaces/include/explorer_interfaces/explorer_interfaces/action/detail/wander__struct.h
[2.747s] -- Up-to-date symlink: /home/shared/projects/gultepe/cleaner_ws/install/explorer_interfaces/include/explorer_interfaces/explorer_interfaces/action/detail/wander__type_support.h
[2.748s] -- Up-to-date symlink: /home/shared/projects/gultepe/cleaner_ws/install/explorer_interfaces/include/explorer_interfaces/explorer_interfaces/action/discover.h
[2.748s] -- Up-to-date symlink: /home/shared/projects/gultepe/cleaner_ws/install/explorer_interfaces/include/explorer_interfaces/explorer_interfaces/action/wander.h
[2.749s] -- Up-to-date symlink: /home/shared/projects/gultepe/cleaner_ws/install/explorer_interfaces/include/explorer_interfaces/explorer_interfaces/msg/rosidl_generator_c__visibility_control.h
[2.749s] -- Up-to-date symlink: /home/shared/projects/gultepe/cleaner_ws/install/explorer_interfaces/share/explorer_interfaces/environment/library_path.sh
[2.749s] -- Up-to-date symlink: /home/shared/projects/gultepe/cleaner_ws/install/explorer_interfaces/share/explorer_interfaces/environment/library_path.dsv
[2.749s] -- Up-to-date symlink: /home/shared/projects/gultepe/cleaner_ws/install/explorer_interfaces/include/explorer_interfaces/explorer_interfaces/action/detail/discover__rosidl_typesupport_fastrtps_c.h
[2.749s] -- Up-to-date symlink: /home/shared/projects/gultepe/cleaner_ws/install/explorer_interfaces/include/explorer_interfaces/explorer_interfaces/action/detail/wander__rosidl_typesupport_fastrtps_c.h
[2.749s] -- Up-to-date symlink: /home/shared/projects/gultepe/cleaner_ws/install/explorer_interfaces/include/explorer_interfaces/explorer_interfaces/msg/rosidl_typesupport_fastrtps_c__visibility_control.h
[2.749s] -- Up-to-date symlink: /home/shared/projects/gultepe/cleaner_ws/install/explorer_interfaces/include/explorer_interfaces/explorer_interfaces/action/detail/discover__rosidl_typesupport_introspection_c.h
[2.750s] -- Up-to-date symlink: /home/shared/projects/gultepe/cleaner_ws/install/explorer_interfaces/include/explorer_interfaces/explorer_interfaces/action/detail/wander__rosidl_typesupport_introspection_c.h
[2.750s] -- Up-to-date symlink: /home/shared/projects/gultepe/cleaner_ws/install/explorer_interfaces/include/explorer_interfaces/explorer_interfaces/msg/rosidl_typesupport_introspection_c__visibility_control.h
[2.750s] -- Up-to-date symlink: /home/shared/projects/gultepe/cleaner_ws/install/explorer_interfaces/include/explorer_interfaces/explorer_interfaces/action/detail/discover__builder.hpp
[2.750s] -- Up-to-date symlink: /home/shared/projects/gultepe/cleaner_ws/install/explorer_interfaces/include/explorer_interfaces/explorer_interfaces/action/detail/discover__struct.hpp
[2.750s] -- Up-to-date symlink: /home/shared/projects/gultepe/cleaner_ws/install/explorer_interfaces/include/explorer_interfaces/explorer_interfaces/action/detail/discover__traits.hpp
[2.750s] -- Up-to-date symlink: /home/shared/projects/gultepe/cleaner_ws/install/explorer_interfaces/include/explorer_interfaces/explorer_interfaces/action/detail/wander__builder.hpp
[2.750s] -- Up-to-date symlink: /home/shared/projects/gultepe/cleaner_ws/install/explorer_interfaces/include/explorer_interfaces/explorer_interfaces/action/detail/wander__struct.hpp
[2.750s] -- Up-to-date symlink: /home/shared/projects/gultepe/cleaner_ws/install/explorer_interfaces/include/explorer_interfaces/explorer_interfaces/action/detail/wander__traits.hpp
[2.750s] -- Up-to-date symlink: /home/shared/projects/gultepe/cleaner_ws/install/explorer_interfaces/include/explorer_interfaces/explorer_interfaces/action/discover.hpp
[2.751s] -- Up-to-date symlink: /home/shared/projects/gultepe/cleaner_ws/install/explorer_interfaces/include/explorer_interfaces/explorer_interfaces/action/wander.hpp
[2.751s] -- Up-to-date symlink: /home/shared/projects/gultepe/cleaner_ws/install/explorer_interfaces/include/explorer_interfaces/explorer_interfaces/action/detail/discover__rosidl_typesupport_fastrtps_cpp.hpp
[2.751s] -- Up-to-date symlink: /home/shared/projects/gultepe/cleaner_ws/install/explorer_interfaces/include/explorer_interfaces/explorer_interfaces/action/detail/wander__rosidl_typesupport_fastrtps_cpp.hpp
[2.751s] -- Up-to-date symlink: /home/shared/projects/gultepe/cleaner_ws/install/explorer_interfaces/include/explorer_interfaces/explorer_interfaces/msg/rosidl_typesupport_fastrtps_cpp__visibility_control.h
[2.751s] -- Up-to-date symlink: /home/shared/projects/gultepe/cleaner_ws/install/explorer_interfaces/include/explorer_interfaces/explorer_interfaces/action/detail/discover__rosidl_typesupport_introspection_cpp.hpp
[2.751s] -- Up-to-date symlink: /home/shared/projects/gultepe/cleaner_ws/install/explorer_interfaces/include/explorer_interfaces/explorer_interfaces/action/detail/wander__rosidl_typesupport_introspection_cpp.hpp
[2.751s] -- Up-to-date symlink: /home/shared/projects/gultepe/cleaner_ws/install/explorer_interfaces/share/explorer_interfaces/environment/pythonpath.sh
[2.751s] -- Up-to-date symlink: /home/shared/projects/gultepe/cleaner_ws/install/explorer_interfaces/share/explorer_interfaces/environment/pythonpath.dsv
[2.751s] -- Up-to-date symlink: /home/shared/projects/gultepe/cleaner_ws/install/explorer_interfaces/local/lib/python3.10/dist-packages/explorer_interfaces-0.0.0-py3.10.egg-info/PKG-INFO
[2.751s] -- Up-to-date symlink: /home/shared/projects/gultepe/cleaner_ws/install/explorer_interfaces/local/lib/python3.10/dist-packages/explorer_interfaces-0.0.0-py3.10.egg-info/SOURCES.txt
[2.752s] -- Up-to-date symlink: /home/shared/projects/gultepe/cleaner_ws/install/explorer_interfaces/local/lib/python3.10/dist-packages/explorer_interfaces-0.0.0-py3.10.egg-info/dependency_links.txt
[2.752s] -- Up-to-date symlink: /home/shared/projects/gultepe/cleaner_ws/install/explorer_interfaces/local/lib/python3.10/dist-packages/explorer_interfaces-0.0.0-py3.10.egg-info/top_level.txt
[2.752s] -- Up-to-date symlink: /home/shared/projects/gultepe/cleaner_ws/install/explorer_interfaces/local/lib/python3.10/dist-packages/explorer_interfaces/__init__.py
[2.752s] -- Up-to-date symlink: /home/shared/projects/gultepe/cleaner_ws/install/explorer_interfaces/local/lib/python3.10/dist-packages/explorer_interfaces/_explorer_interfaces_s.ep.rosidl_typesupport_c.c
[2.752s] -- Up-to-date symlink: /home/shared/projects/gultepe/cleaner_ws/install/explorer_interfaces/local/lib/python3.10/dist-packages/explorer_interfaces/_explorer_interfaces_s.ep.rosidl_typesupport_fastrtps_c.c
[2.753s] -- Up-to-date symlink: /home/shared/projects/gultepe/cleaner_ws/install/explorer_interfaces/local/lib/python3.10/dist-packages/explorer_interfaces/_explorer_interfaces_s.ep.rosidl_typesupport_introspection_c.c
[2.753s] -- Up-to-date symlink: /home/shared/projects/gultepe/cleaner_ws/install/explorer_interfaces/local/lib/python3.10/dist-packages/explorer_interfaces/action/__init__.py
[2.753s] -- Up-to-date symlink: /home/shared/projects/gultepe/cleaner_ws/install/explorer_interfaces/local/lib/python3.10/dist-packages/explorer_interfaces/action/_discover.py
[2.753s] -- Up-to-date symlink: /home/shared/projects/gultepe/cleaner_ws/install/explorer_interfaces/local/lib/python3.10/dist-packages/explorer_interfaces/action/_discover_s.c
[2.753s] -- Up-to-date symlink: /home/shared/projects/gultepe/cleaner_ws/install/explorer_interfaces/local/lib/python3.10/dist-packages/explorer_interfaces/action/_wander.py
[2.753s] -- Up-to-date symlink: /home/shared/projects/gultepe/cleaner_ws/install/explorer_interfaces/local/lib/python3.10/dist-packages/explorer_interfaces/action/_wander_s.c
[2.753s] -- Up-to-date symlink: /home/shared/projects/gultepe/cleaner_ws/install/explorer_interfaces/local/lib/python3.10/dist-packages/explorer_interfaces/explorer_interfaces_s__rosidl_typesupport_c.cpython-310-x86_64-linux-gnu.so
[2.753s] -- Up-to-date symlink: /home/shared/projects/gultepe/cleaner_ws/install/explorer_interfaces/local/lib/python3.10/dist-packages/explorer_interfaces/explorer_interfaces_s__rosidl_typesupport_fastrtps_c.cpython-310-x86_64-linux-gnu.so
[2.753s] -- Up-to-date symlink: /home/shared/projects/gultepe/cleaner_ws/install/explorer_interfaces/local/lib/python3.10/dist-packages/explorer_interfaces/explorer_interfaces_s__rosidl_typesupport_introspection_c.cpython-310-x86_64-linux-gnu.so
[2.753s] -- Up-to-date symlink: /home/shared/projects/gultepe/cleaner_ws/install/explorer_interfaces/local/lib/python3.10/dist-packages/explorer_interfaces/libexplorer_interfaces__rosidl_generator_py.so
[2.753s] -- Up-to-date symlink: /home/shared/projects/gultepe/cleaner_ws/install/explorer_interfaces/local/lib/python3.10/dist-packages/explorer_interfaces/explorer_interfaces_s__rosidl_typesupport_fastrtps_c.cpython-310-x86_64-linux-gnu.so
[2.754s] -- Up-to-date symlink: /home/shared/projects/gultepe/cleaner_ws/install/explorer_interfaces/local/lib/python3.10/dist-packages/explorer_interfaces/explorer_interfaces_s__rosidl_typesupport_introspection_c.cpython-310-x86_64-linux-gnu.so
[2.754s] -- Up-to-date symlink: /home/shared/projects/gultepe/cleaner_ws/install/explorer_interfaces/local/lib/python3.10/dist-packages/explorer_interfaces/explorer_interfaces_s__rosidl_typesupport_c.cpython-310-x86_64-linux-gnu.so
[2.754s] -- Up-to-date symlink: /home/shared/projects/gultepe/cleaner_ws/install/explorer_interfaces/share/explorer_interfaces/action/Wander.idl
[2.754s] -- Up-to-date symlink: /home/shared/projects/gultepe/cleaner_ws/install/explorer_interfaces/share/explorer_interfaces/action/Discover.idl
[2.754s] -- Up-to-date symlink: /home/shared/projects/gultepe/cleaner_ws/install/explorer_interfaces/share/explorer_interfaces/action/Wander.action
[2.754s] -- Up-to-date symlink: /home/shared/projects/gultepe/cleaner_ws/install/explorer_interfaces/share/explorer_interfaces/action/Discover.action
[2.754s] -- Up-to-date symlink: /home/shared/projects/gultepe/cleaner_ws/install/explorer_interfaces/share/ament_index/resource_index/package_run_dependencies/explorer_interfaces
[2.754s] -- Up-to-date symlink: /home/shared/projects/gultepe/cleaner_ws/install/explorer_interfaces/share/ament_index/resource_index/parent_prefix_path/explorer_interfaces
[2.755s] -- Up-to-date symlink: /home/shared/projects/gultepe/cleaner_ws/install/explorer_interfaces/share/explorer_interfaces/environment/ament_prefix_path.sh
[2.755s] -- Up-to-date symlink: /home/shared/projects/gultepe/cleaner_ws/install/explorer_interfaces/share/explorer_interfaces/environment/ament_prefix_path.dsv
[2.755s] -- Up-to-date symlink: /home/shared/projects/gultepe/cleaner_ws/install/explorer_interfaces/share/explorer_interfaces/environment/path.sh
[2.755s] -- Up-to-date symlink: /home/shared/projects/gultepe/cleaner_ws/install/explorer_interfaces/share/explorer_interfaces/environment/path.dsv
[2.755s] -- Up-to-date symlink: /home/shared/projects/gultepe/cleaner_ws/install/explorer_interfaces/share/explorer_interfaces/local_setup.bash
[2.755s] -- Up-to-date symlink: /home/shared/projects/gultepe/cleaner_ws/install/explorer_interfaces/share/explorer_interfaces/local_setup.sh
[2.755s] -- Up-to-date symlink: /home/shared/projects/gultepe/cleaner_ws/install/explorer_interfaces/share/explorer_interfaces/local_setup.zsh
[2.756s] -- Up-to-date symlink: /home/shared/projects/gultepe/cleaner_ws/install/explorer_interfaces/share/explorer_interfaces/local_setup.dsv
[2.756s] -- Symlinking: /home/shared/projects/gultepe/cleaner_ws/install/explorer_interfaces/share/explorer_interfaces/package.dsv
[2.757s] -- Up-to-date symlink: /home/shared/projects/gultepe/cleaner_ws/install/explorer_interfaces/share/ament_index/resource_index/packages/explorer_interfaces
[2.757s] -- Up-to-date symlink: /home/shared/projects/gultepe/cleaner_ws/install/explorer_interfaces/share/explorer_interfaces/cmake/rosidl_cmake-extras.cmake
[2.757s] -- Up-to-date symlink: /home/shared/projects/gultepe/cleaner_ws/install/explorer_interfaces/share/explorer_interfaces/cmake/ament_cmake_export_dependencies-extras.cmake
[2.758s] -- Up-to-date symlink: /home/shared/projects/gultepe/cleaner_ws/install/explorer_interfaces/share/explorer_interfaces/cmake/ament_cmake_export_include_directories-extras.cmake
[2.758s] -- Up-to-date symlink: /home/shared/projects/gultepe/cleaner_ws/install/explorer_interfaces/share/explorer_interfaces/cmake/ament_cmake_export_libraries-extras.cmake
[2.758s] -- Up-to-date symlink: /home/shared/projects/gultepe/cleaner_ws/install/explorer_interfaces/share/explorer_interfaces/cmake/ament_cmake_export_targets-extras.cmake
[2.759s] -- Up-to-date symlink: /home/shared/projects/gultepe/cleaner_ws/install/explorer_interfaces/share/explorer_interfaces/cmake/rosidl_cmake_export_typesupport_targets-extras.cmake
[2.759s] -- Up-to-date symlink: /home/shared/projects/gultepe/cleaner_ws/install/explorer_interfaces/share/explorer_interfaces/cmake/rosidl_cmake_export_typesupport_libraries-extras.cmake
[2.759s] -- Up-to-date symlink: /home/shared/projects/gultepe/cleaner_ws/install/explorer_interfaces/share/explorer_interfaces/cmake/explorer_interfacesConfig.cmake
[2.759s] -- Up-to-date symlink: /home/shared/projects/gultepe/cleaner_ws/install/explorer_interfaces/share/explorer_interfaces/cmake/explorer_interfacesConfig-version.cmake
[2.760s] -- Up-to-date symlink: /home/shared/projects/gultepe/cleaner_ws/install/explorer_interfaces/share/explorer_interfaces/package.xml
[2.760s] -- Up-to-date: /home/shared/projects/gultepe/cleaner_ws/install/explorer_interfaces/lib/libexplorer_interfaces__rosidl_generator_c.so
[2.760s] -- Up-to-date: /home/shared/projects/gultepe/cleaner_ws/install/explorer_interfaces/lib/libexplorer_interfaces__rosidl_typesupport_fastrtps_c.so
[2.761s] -- Up-to-date: /home/shared/projects/gultepe/cleaner_ws/install/explorer_interfaces/lib/libexplorer_interfaces__rosidl_typesupport_introspection_c.so
[2.761s] -- Up-to-date: /home/shared/projects/gultepe/cleaner_ws/install/explorer_interfaces/lib/libexplorer_interfaces__rosidl_typesupport_c.so
[2.761s] -- Up-to-date: /home/shared/projects/gultepe/cleaner_ws/install/explorer_interfaces/lib/libexplorer_interfaces__rosidl_typesupport_fastrtps_cpp.so
[2.762s] -- Up-to-date: /home/shared/projects/gultepe/cleaner_ws/install/explorer_interfaces/lib/libexplorer_interfaces__rosidl_typesupport_introspection_cpp.so
[2.762s] -- Up-to-date: /home/shared/projects/gultepe/cleaner_ws/install/explorer_interfaces/lib/libexplorer_interfaces__rosidl_typesupport_cpp.so
[2.763s] Listing '/home/shared/projects/gultepe/cleaner_ws/install/explorer_interfaces/local/lib/python3.10/dist-packages/explorer_interfaces'...
[2.763s] Listing '/home/shared/projects/gultepe/cleaner_ws/install/explorer_interfaces/local/lib/python3.10/dist-packages/explorer_interfaces/action'...
[2.763s] -- Up-to-date: /home/shared/projects/gultepe/cleaner_ws/install/explorer_interfaces/lib/libexplorer_interfaces__rosidl_generator_py.so
[2.764s] -- Up-to-date: /home/shared/projects/gultepe/cleaner_ws/install/explorer_interfaces/share/explorer_interfaces/cmake/export_explorer_interfaces__rosidl_generator_cExport.cmake
[2.764s] -- Up-to-date: /home/shared/projects/gultepe/cleaner_ws/install/explorer_interfaces/share/explorer_interfaces/cmake/export_explorer_interfaces__rosidl_generator_cExport-noconfig.cmake
[2.765s] -- Up-to-date: /home/shared/projects/gultepe/cleaner_ws/install/explorer_interfaces/share/explorer_interfaces/cmake/export_explorer_interfaces__rosidl_typesupport_fastrtps_cExport.cmake
[2.765s] -- Up-to-date: /home/shared/projects/gultepe/cleaner_ws/install/explorer_interfaces/share/explorer_interfaces/cmake/export_explorer_interfaces__rosidl_typesupport_fastrtps_cExport-noconfig.cmake
[2.765s] -- Up-to-date: /home/shared/projects/gultepe/cleaner_ws/install/explorer_interfaces/share/explorer_interfaces/cmake/explorer_interfaces__rosidl_typesupport_introspection_cExport.cmake
[2.766s] -- Up-to-date: /home/shared/projects/gultepe/cleaner_ws/install/explorer_interfaces/share/explorer_interfaces/cmake/explorer_interfaces__rosidl_typesupport_introspection_cExport-noconfig.cmake
[2.766s] -- Up-to-date: /home/shared/projects/gultepe/cleaner_ws/install/explorer_interfaces/share/explorer_interfaces/cmake/explorer_interfaces__rosidl_typesupport_cExport.cmake
[2.766s] -- Up-to-date: /home/shared/projects/gultepe/cleaner_ws/install/explorer_interfaces/share/explorer_interfaces/cmake/explorer_interfaces__rosidl_typesupport_cExport-noconfig.cmake
[2.767s] -- Up-to-date: /home/shared/projects/gultepe/cleaner_ws/install/explorer_interfaces/share/explorer_interfaces/cmake/export_explorer_interfaces__rosidl_generator_cppExport.cmake
[2.767s] -- Up-to-date: /home/shared/projects/gultepe/cleaner_ws/install/explorer_interfaces/share/explorer_interfaces/cmake/export_explorer_interfaces__rosidl_typesupport_fastrtps_cppExport.cmake
[2.767s] -- Up-to-date: /home/shared/projects/gultepe/cleaner_ws/install/explorer_interfaces/share/explorer_interfaces/cmake/export_explorer_interfaces__rosidl_typesupport_fastrtps_cppExport-noconfig.cmake
[2.768s] -- Up-to-date: /home/shared/projects/gultepe/cleaner_ws/install/explorer_interfaces/share/explorer_interfaces/cmake/explorer_interfaces__rosidl_typesupport_introspection_cppExport.cmake
[2.768s] -- Up-to-date: /home/shared/projects/gultepe/cleaner_ws/install/explorer_interfaces/share/explorer_interfaces/cmake/explorer_interfaces__rosidl_typesupport_introspection_cppExport-noconfig.cmake
[2.768s] -- Up-to-date: /home/shared/projects/gultepe/cleaner_ws/install/explorer_interfaces/share/explorer_interfaces/cmake/explorer_interfaces__rosidl_typesupport_cppExport.cmake
[2.768s] -- Up-to-date: /home/shared/projects/gultepe/cleaner_ws/install/explorer_interfaces/share/explorer_interfaces/cmake/explorer_interfaces__rosidl_typesupport_cppExport-noconfig.cmake
[2.769s] -- Up-to-date: /home/shared/projects/gultepe/cleaner_ws/install/explorer_interfaces/share/explorer_interfaces/cmake/export_explorer_interfaces__rosidl_generator_pyExport.cmake
[2.769s] -- Up-to-date: /home/shared/projects/gultepe/cleaner_ws/install/explorer_interfaces/share/explorer_interfaces/cmake/export_explorer_interfaces__rosidl_generator_pyExport-noconfig.cmake
[3.064s] Invoked command in '/home/shared/projects/gultepe/cleaner_ws/build/explorer_interfaces' returned '0': CMAKE_PREFIX_PATH=${CMAKE_PREFIX_PATH}:/home/tunaprogrammer/projects/gultepe/cleaner_ws/install/explorer_wanderer:/home/tunaprogrammer/projects/gultepe/cleaner_ws/install/explorer_navigation2:/home/tunaprogrammer/projects/gultepe/cleaner_ws/install/explorer_map_utils:/home/tunaprogrammer/projects/gultepe/cleaner_ws/install/explorer_bringup:/home/tunaprogrammer/projects/gultepe/cleaner_ws/install/bno055:/home/tunaprogrammer/projects/gultepe/humble_ws/install/jetpack:/home/tunaprogrammer/projects/gultepe/humble_ws/install/python_pkg:/home/tunaprogrammer/projects/gultepe/humble_ws/install/catcher:/opt/ros/humble /usr/bin/cmake --install /home/shared/projects/gultepe/cleaner_ws/build/explorer_interfaces
