[3.190s] Invoking command in '/home/shared/projects/gultepe/cleaner_ws/src/ros2_explorer/explorer_navigation2': PYTHONPATH=/home/shared/projects/gultepe/cleaner_ws/build/explorer_navigation2/prefix_override:/home/shared/projects/gultepe/cleaner_ws/install/explorer_navigation2/lib/python3.10/site-packages:${PYTHONPATH} /usr/bin/python3 setup.py egg_info --egg-base ../../../build/explorer_navigation2 build --build-base /home/shared/projects/gultepe/cleaner_ws/build/explorer_navigation2/build install --record /home/shared/projects/gultepe/cleaner_ws/build/explorer_navigation2/install.log --install-scripts $base/lib/explorer_navigation2 --single-version-externally-managed
[3.447s] /home/tunaprogrammer/.local/lib/python3.10/site-packages/setuptools/dist.py:717: UserWarning: Usage of dash-separated 'script-dir' will not be supported in future versions. Please use the underscore name 'script_dir' instead
[3.447s]   warnings.warn(
[3.484s] running egg_info
[3.484s] writing ../../../build/explorer_navigation2/explorer_navigation2.egg-info/PKG-INFO
[3.485s] writing dependency_links to ../../../build/explorer_navigation2/explorer_navigation2.egg-info/dependency_links.txt
[3.485s] writing entry points to ../../../build/explorer_navigation2/explorer_navigation2.egg-info/entry_points.txt
[3.486s] writing requirements to ../../../build/explorer_navigation2/explorer_navigation2.egg-info/requires.txt
[3.486s] writing top-level names to ../../../build/explorer_navigation2/explorer_navigation2.egg-info/top_level.txt
[3.487s] reading manifest file '../../../build/explorer_navigation2/explorer_navigation2.egg-info/SOURCES.txt'
[3.489s] writing manifest file '../../../build/explorer_navigation2/explorer_navigation2.egg-info/SOURCES.txt'
[3.489s] running build
[3.489s] running build_py
[3.490s] running install
[3.491s] running install_lib
[3.493s] running install_data
[3.493s] running install_egg_info
[3.496s] removing '/home/shared/projects/gultepe/cleaner_ws/install/explorer_navigation2/lib/python3.10/site-packages/explorer_navigation2-0.0.0-py3.10.egg-info' (and everything under it)
[3.497s] Copying ../../../build/explorer_navigation2/explorer_navigation2.egg-info to /home/shared/projects/gultepe/cleaner_ws/install/explorer_navigation2/lib/python3.10/site-packages/explorer_navigation2-0.0.0-py3.10.egg-info
[3.498s] running install_scripts
[3.529s] writing list of installed files to '/home/shared/projects/gultepe/cleaner_ws/build/explorer_navigation2/install.log'
[3.688s] Invoked command in '/home/shared/projects/gultepe/cleaner_ws/src/ros2_explorer/explorer_navigation2' returned '0': PYTHONPATH=/home/shared/projects/gultepe/cleaner_ws/build/explorer_navigation2/prefix_override:/home/shared/projects/gultepe/cleaner_ws/install/explorer_navigation2/lib/python3.10/site-packages:${PYTHONPATH} /usr/bin/python3 setup.py egg_info --egg-base ../../../build/explorer_navigation2 build --build-base /home/shared/projects/gultepe/cleaner_ws/build/explorer_navigation2/build install --record /home/shared/projects/gultepe/cleaner_ws/build/explorer_navigation2/install.log --install-scripts $base/lib/explorer_navigation2 --single-version-externally-managed
