[0.000000] (-) TimerEvent: {}
[0.000474] (-) JobUnselected: {'identifier': 'bno055'}
[0.000542] (-) JobUnselected: {'identifier': 'cleaner_bringup'}
[0.000601] (-) JobUnselected: {'identifier': 'cleaner_description'}
[0.000623] (-) JobUnselected: {'identifier': 'rplidar_ros'}
[0.000634] (gultepe_scripts) JobQueued: {'identifier': 'gultepe_scripts', 'dependencies': OrderedDict()}
[0.000647] (gultepe_scripts) JobStarted: {'identifier': 'gultepe_scripts'}
[0.099873] (-) TimerEvent: {}
[0.200118] (-) TimerEvent: {}
[0.300341] (-) TimerEvent: {}
[0.400596] (-) TimerEvent: {}
[0.500883] (-) TimerEvent: {}
[0.554825] (gultepe_scripts) Command: {'cmd': ['/usr/bin/python3', 'setup.py', 'develop', '--editable', '--build-directory', '/home/shared/projects/gultepe/cleaner_ws/build/gultepe_scripts/build', '--no-deps', 'install_data'], 'cwd': '/home/shared/projects/gultepe/cleaner_ws/build/gultepe_scripts', 'env': {'USER': 'tunaprogrammer', 'LC_TIME': 'tr_TR.UTF-8', 'XDG_SESSION_TYPE': 'wayland', 'SHLVL': '1', 'LD_LIBRARY_PATH': '/home/tunaprogrammer/projects/gultepe/cleaner_ws/install/multirobot_map_merge/lib:/home/tunaprogrammer/projects/gultepe/humble_ws/install/test_interfaces/lib:/usr/lib/x86_64-linux-gnu/gazebo-11/plugins:/opt/ros/humble/opt/rviz_ogre_vendor/lib:/opt/ros/humble/lib/x86_64-linux-gnu:/opt/ros/humble/lib', 'OLDPWD': '/home/tunaprogrammer/projects/gultepe', 'HOME': '/home/tunaprogrammer', 'DESKTOP_SESSION': 'ubuntu', 'GTK_MODULES': 'gail:atk-bridge', 'GNOME_SHELL_SESSION_MODE': 'ubuntu', 'ROS_PYTHON_VERSION': '3', 'LC_MONETARY': 'tr_TR.UTF-8', 'SYSTEMD_EXEC_PID': '2532', 'DBUS_SESSION_BUS_ADDRESS': 'unix:path=/run/user/1000/bus', 'COLORTERM': 'truecolor', 'WAYLAND_DISPLAY': 'wayland-0', 'ROS_DISTRO': 'humble', 'COLCON_PREFIX_PATH': '/home/tunaprogrammer/projects/gultepe/cleaner_ws/install:/home/tunaprogrammer/projects/gultepe/humble_ws/install', 'LOGNAME': 'tunaprogrammer', '_': '/usr/bin/colcon', 'XDG_SESSION_CLASS': 'user', 'ROS_VERSION': '2', 'USERNAME': 'tunaprogrammer', 'TERM': 'xterm-256color', 'GNOME_DESKTOP_SESSION_ID': 'this-is-deprecated', 'ROS_LOCALHOST_ONLY': '0', 'PATH': '/opt/ros/humble/bin:/home/tunaprogrammer/applications:/usr/local/sbin:/usr/local/bin:/usr/sbin:/usr/bin:/sbin:/bin:/usr/games:/usr/local/games:/snap/bin:/snap/bin', 'SESSION_MANAGER': 'local/ubuntuna:@/tmp/.ICE-unix/2514,unix/ubuntuna:/tmp/.ICE-unix/2514', 'GNOME_TERMINAL_SCREEN': '/org/gnome/Terminal/screen/1c451d1f_4100_4fa7_a086_6bcc688c49e8', 'XDG_MENU_PREFIX': 'gnome-', 'GNOME_SETUP_DISPLAY': ':1', 'XDG_RUNTIME_DIR': '/run/user/1000', 'LC_ADDRESS': 'tr_TR.UTF-8', 'DISPLAY': ':0', 'LANG': 'en_US.UTF-8', 'XDG_CURRENT_DESKTOP': 'ubuntu:GNOME', 'LC_TELEPHONE': 'tr_TR.UTF-8', 'XDG_SESSION_DESKTOP': 'ubuntu', 'GNOME_TERMINAL_SERVICE': ':1.516', 'XMODIFIERS': '@im=ibus', 'XAUTHORITY': '/run/user/1000/.mutter-Xwaylandauth.5R6ZG2', 'LS_COLORS': 'ow=01;33', 'SSH_AUTH_SOCK': '/run/user/1000/keyring/ssh', 'SSH_AGENT_LAUNCHER': 'gnome-keyring', 'AMENT_PREFIX_PATH': '/home/tunaprogrammer/projects/gultepe/cleaner_ws/install/turtlebot3_simulations:/home/tunaprogrammer/projects/gultepe/cleaner_ws/install/turtlebot3_gazebo:/home/tunaprogrammer/projects/gultepe/cleaner_ws/install/rplidar_ros:/home/tunaprogrammer/projects/gultepe/cleaner_ws/install/multirobot_map_merge:/home/tunaprogrammer/projects/gultepe/cleaner_ws/install/gultepe_scripts:/home/tunaprogrammer/projects/gultepe/cleaner_ws/install/gultepe_pkg:/home/tunaprogrammer/projects/gultepe/cleaner_ws/install/cleaner_bringup:/home/tunaprogrammer/projects/gultepe/cleaner_ws/install/cleaner_description:/home/tunaprogrammer/projects/gultepe/cleaner_ws/install/bno055:/home/tunaprogrammer/projects/gultepe/humble_ws/install/robot_arise:/home/tunaprogrammer/projects/gultepe/humble_ws/install/jetpack:/home/tunaprogrammer/projects/gultepe/humble_ws/install/test_interfaces:/home/tunaprogrammer/projects/gultepe/humble_ws/install/python_pkg:/home/tunaprogrammer/projects/gultepe/humble_ws/install/catcher:/opt/ros/humble', 'SHELL': '/usr/bin/zsh', 'LC_NAME': 'tr_TR.UTF-8', 'QT_ACCESSIBILITY': '1', 'GDMSESSION': 'ubuntu', 'LC_MEASUREMENT': 'tr_TR.UTF-8', 'LC_IDENTIFICATION': 'tr_TR.UTF-8', 'QT_IM_MODULE': 'ibus', 'PWD': '/home/shared/projects/gultepe/cleaner_ws/build/gultepe_scripts', 'TURTLEBOT3_MODEL': 'waffle', 'XDG_DATA_DIRS': '/usr/local/share/:/usr/share/:/var/lib/snapd/desktop', 'KEYTIMEOUT': '1', 'LC_NUMERIC': 'tr_TR.UTF-8', 'PYTHONPATH': '/home/shared/projects/gultepe/cleaner_ws/build/gultepe_scripts/prefix_override:/home/shared/projects/gultepe/cleaner_ws/install/gultepe_scripts/lib/python3.10/site-packages:/home/shared/projects/gultepe/cleaner_ws/build/gultepe_scripts:/home/tunaprogrammer/projects/gultepe/cleaner_ws/install/gultepe_scripts/lib/python3.10/site-packages:/home/tunaprogrammer/projects/gultepe/cleaner_ws/install/gultepe_pkg/lib/python3.10/site-packages:/home/tunaprogrammer/projects/gultepe/cleaner_ws/install/bno055/lib/python3.10/site-packages:/home/tunaprogrammer/projects/gultepe/humble_ws/install/jetpack/lib/python3.10/site-packages:/home/tunaprogrammer/projects/gultepe/humble_ws/install/test_interfaces/local/lib/python3.10/dist-packages:/home/tunaprogrammer/projects/gultepe/humble_ws/install/python_pkg/lib/python3.10/site-packages:/home/shared/projects/gultepe/humble_ws/build/catcher:/home/tunaprogrammer/projects/gultepe/humble_ws/install/catcher/lib/python3.10/site-packages:/opt/ros/humble/lib/python3.10/site-packages:/opt/ros/humble/local/lib/python3.10/dist-packages', 'LC_PAPER': 'tr_TR.UTF-8', 'COLCON': '1', 'VTE_VERSION': '6800', 'CMAKE_PREFIX_PATH': '/home/tunaprogrammer/projects/gultepe/cleaner_ws/install/turtlebot3_simulations:/home/tunaprogrammer/projects/gultepe/cleaner_ws/install/turtlebot3_gazebo:/home/tunaprogrammer/projects/gultepe/cleaner_ws/install/rplidar_ros:/home/tunaprogrammer/projects/gultepe/cleaner_ws/install/multirobot_map_merge:/home/tunaprogrammer/projects/gultepe/cleaner_ws/install/cleaner_bringup:/home/tunaprogrammer/projects/gultepe/cleaner_ws/install/cleaner_description:/home/tunaprogrammer/projects/gultepe/humble_ws/install/robot_arise:/home/tunaprogrammer/projects/gultepe/humble_ws/install/test_interfaces'}, 'shell': False}
[0.600988] (-) TimerEvent: {}
[0.701253] (-) TimerEvent: {}
[0.733543] (gultepe_scripts) StdoutLine: {'line': b'running develop\n'}
[0.801371] (-) TimerEvent: {}
[0.847298] (gultepe_scripts) StdoutLine: {'line': b'running egg_info\n'}
[0.847474] (gultepe_scripts) StdoutLine: {'line': b'writing gultepe_scripts.egg-info/PKG-INFO\n'}
[0.847601] (gultepe_scripts) StdoutLine: {'line': b'writing dependency_links to gultepe_scripts.egg-info/dependency_links.txt\n'}
[0.847689] (gultepe_scripts) StdoutLine: {'line': b'writing entry points to gultepe_scripts.egg-info/entry_points.txt\n'}
[0.847754] (gultepe_scripts) StdoutLine: {'line': b'writing requirements to gultepe_scripts.egg-info/requires.txt\n'}
[0.847808] (gultepe_scripts) StdoutLine: {'line': b'writing top-level names to gultepe_scripts.egg-info/top_level.txt\n'}
[0.849179] (gultepe_scripts) StdoutLine: {'line': b"reading manifest file 'gultepe_scripts.egg-info/SOURCES.txt'\n"}
[0.854956] (gultepe_scripts) StdoutLine: {'line': b"writing manifest file 'gultepe_scripts.egg-info/SOURCES.txt'\n"}
[0.856241] (gultepe_scripts) StdoutLine: {'line': b'running build_ext\n'}
[0.856335] (gultepe_scripts) StdoutLine: {'line': b'Creating /home/shared/projects/gultepe/cleaner_ws/install/gultepe_scripts/lib/python3.10/site-packages/gultepe-scripts.egg-link (link to .)\n'}
[0.856886] (gultepe_scripts) StdoutLine: {'line': b'Installing grid_sweeper script to /home/shared/projects/gultepe/cleaner_ws/install/gultepe_scripts/lib/gultepe_scripts\n'}
[0.856959] (gultepe_scripts) StdoutLine: {'line': b'Installing nav_cmd_test script to /home/shared/projects/gultepe/cleaner_ws/install/gultepe_scripts/lib/gultepe_scripts\n'}
[0.857009] (gultepe_scripts) StdoutLine: {'line': b'\n'}
[0.857065] (gultepe_scripts) StdoutLine: {'line': b'Installed /home/shared/projects/gultepe/cleaner_ws/build/gultepe_scripts\n'}
[0.857101] (gultepe_scripts) StdoutLine: {'line': b'running install_data\n'}
[0.878056] (gultepe_scripts) CommandEnded: {'returncode': 0}
[0.901498] (-) TimerEvent: {}
[0.925006] (gultepe_scripts) JobEnded: {'identifier': 'gultepe_scripts', 'rc': 0}
[0.925496] (-) EventReactorShutdown: {}
