running develop
running egg_info
writing explorer_bringup.egg-info/PKG-INFO
writing dependency_links to explorer_bringup.egg-info/dependency_links.txt
writing entry points to explorer_bringup.egg-info/entry_points.txt
writing requirements to explorer_bringup.egg-info/requires.txt
writing top-level names to explorer_bringup.egg-info/top_level.txt
reading manifest file 'explorer_bringup.egg-info/SOURCES.txt'
writing manifest file 'explorer_bringup.egg-info/SOURCES.txt'
running build_ext
Creating /home/shared/projects/gultepe/cleaner_ws/install/explorer_bringup/lib/python3.10/site-packages/explorer-bringup.egg-link (link to .)
Installing manager script to /home/shared/projects/gultepe/cleaner_ws/install/explorer_bringup/lib/explorer_bringup

Installed /home/shared/projects/gultepe/cleaner_ws/build/explorer_bringup
running install_data
copying resource/explorer_bringup -> /home/shared/projects/gultepe/cleaner_ws/install/explorer_bringup/share/ament_index/resource_index/packages
copying package.xml -> /home/shared/projects/gultepe/cleaner_ws/install/explorer_bringup/share/explorer_bringup
copying launch/map9.launch.py -> /home/shared/projects/gultepe/cleaner_ws/install/explorer_bringup/share/explorer_bringup
copying launch/map1.launch.py -> /home/shared/projects/gultepe/cleaner_ws/install/explorer_bringup/share/explorer_bringup
copying launch/map5.launch.py -> /home/shared/projects/gultepe/cleaner_ws/install/explorer_bringup/share/explorer_bringup
copying launch/map2.launch.py -> /home/shared/projects/gultepe/cleaner_ws/install/explorer_bringup/share/explorer_bringup
copying launch/map6.launch.py -> /home/shared/projects/gultepe/cleaner_ws/install/explorer_bringup/share/explorer_bringup
copying launch/map3.launch.py -> /home/shared/projects/gultepe/cleaner_ws/install/explorer_bringup/share/explorer_bringup
copying launch/map4.launch.py -> /home/shared/projects/gultepe/cleaner_ws/install/explorer_bringup/share/explorer_bringup
copying launch/map10.launch.py -> /home/shared/projects/gultepe/cleaner_ws/install/explorer_bringup/share/explorer_bringup
copying launch/map8.launch.py -> /home/shared/projects/gultepe/cleaner_ws/install/explorer_bringup/share/explorer_bringup
copying launch/map11.launch.py -> /home/shared/projects/gultepe/cleaner_ws/install/explorer_bringup/share/explorer_bringup
copying launch/map7.launch.py -> /home/shared/projects/gultepe/cleaner_ws/install/explorer_bringup/share/explorer_bringup
