[0.995s] Invoking command in '/home/shared/projects/gultepe/cleaner_ws/build/rplidar_ros': CMAKE_PREFIX_PATH=${CMAKE_PREFIX_PATH}:/home/tunaprogrammer/projects/gultepe/cleaner_ws/install/bno055:/home/tunaprogrammer/projects/gultepe/humble_ws/install/jetpack:/home/tunaprogrammer/projects/gultepe/humble_ws/install/python_pkg:/home/tunaprogrammer/projects/gultepe/humble_ws/install/catcher:/opt/ros/humble /usr/bin/cmake --build /home/shared/projects/gultepe/cleaner_ws/build/rplidar_ros -- -j12 -l12
[1.280s] [  5%] Built target rplidar_client
[1.280s] [ 52%] Built target rplidar_composition
[1.281s] [100%] Built target rplidar_node
[1.405s] Invoked command in '/home/shared/projects/gultepe/cleaner_ws/build/rplidar_ros' returned '0': CMAKE_PREFIX_PATH=${CMAKE_PREFIX_PATH}:/home/tunaprogrammer/projects/gultepe/cleaner_ws/install/bno055:/home/tunaprogrammer/projects/gultepe/humble_ws/install/jetpack:/home/tunaprogrammer/projects/gultepe/humble_ws/install/python_pkg:/home/tunaprogrammer/projects/gultepe/humble_ws/install/catcher:/opt/ros/humble /usr/bin/cmake --build /home/shared/projects/gultepe/cleaner_ws/build/rplidar_ros -- -j12 -l12
[1.561s] Invoking command in '/home/shared/projects/gultepe/cleaner_ws/build/rplidar_ros': CMAKE_PREFIX_PATH=${CMAKE_PREFIX_PATH}:/home/tunaprogrammer/projects/gultepe/cleaner_ws/install/bno055:/home/tunaprogrammer/projects/gultepe/humble_ws/install/jetpack:/home/tunaprogrammer/projects/gultepe/humble_ws/install/python_pkg:/home/tunaprogrammer/projects/gultepe/humble_ws/install/catcher:/opt/ros/humble /usr/bin/cmake --install /home/shared/projects/gultepe/cleaner_ws/build/rplidar_ros
[1.711s] -- Install configuration: ""
[1.711s] -- Up-to-date: /home/shared/projects/gultepe/cleaner_ws/install/rplidar_ros/share/rplidar_ros/launch
[1.711s] -- Up-to-date: /home/shared/projects/gultepe/cleaner_ws/install/rplidar_ros/share/rplidar_ros/launch/rplidar_c1_launch.py
[1.712s] -- Up-to-date: /home/shared/projects/gultepe/cleaner_ws/install/rplidar_ros/share/rplidar_ros/launch/view_rplidar_s1_launch.py
[1.712s] -- Up-to-date: /home/shared/projects/gultepe/cleaner_ws/install/rplidar_ros/share/rplidar_ros/launch/rplidar_a1_launch.py
[1.712s] -- Up-to-date: /home/shared/projects/gultepe/cleaner_ws/install/rplidar_ros/share/rplidar_ros/launch/view_rplidar_s3_launch.py
[1.713s] -- Up-to-date: /home/shared/projects/gultepe/cleaner_ws/install/rplidar_ros/share/rplidar_ros/launch/rplidar_t1_launch.py
[1.713s] -- Up-to-date: /home/shared/projects/gultepe/cleaner_ws/install/rplidar_ros/share/rplidar_ros/launch/rplidar_a2m8_launch.py
[1.714s] -- Up-to-date: /home/shared/projects/gultepe/cleaner_ws/install/rplidar_ros/share/rplidar_ros/launch/rplidar_s2e_launch.py
[1.714s] -- Up-to-date: /home/shared/projects/gultepe/cleaner_ws/install/rplidar_ros/share/rplidar_ros/launch/rplidar_s1_tcp_launch.py
[1.715s] -- Up-to-date: /home/shared/projects/gultepe/cleaner_ws/install/rplidar_ros/share/rplidar_ros/launch/rplidar_s3_launch.py
[1.716s] -- Up-to-date: /home/shared/projects/gultepe/cleaner_ws/install/rplidar_ros/share/rplidar_ros/launch/view_rplidar_a2m12_launch.py
[1.716s] -- Up-to-date: /home/shared/projects/gultepe/cleaner_ws/install/rplidar_ros/share/rplidar_ros/launch/view_rplidar_a1_launch.py
[1.716s] -- Up-to-date: /home/shared/projects/gultepe/cleaner_ws/install/rplidar_ros/share/rplidar_ros/launch/view_rplidar_c1_launch.py
[1.717s] -- Up-to-date: /home/shared/projects/gultepe/cleaner_ws/install/rplidar_ros/share/rplidar_ros/launch/rplidar_a3_launch.py
[1.717s] -- Up-to-date: /home/shared/projects/gultepe/cleaner_ws/install/rplidar_ros/share/rplidar_ros/launch/view_rplidar_s1_tcp_launch.py
[1.717s] -- Up-to-date: /home/shared/projects/gultepe/cleaner_ws/install/rplidar_ros/share/rplidar_ros/launch/view_rplidar_s2_launch.py
[1.718s] -- Up-to-date: /home/shared/projects/gultepe/cleaner_ws/install/rplidar_ros/share/rplidar_ros/launch/view_rplidar_s2e_launch.py
[1.718s] -- Up-to-date: /home/shared/projects/gultepe/cleaner_ws/install/rplidar_ros/share/rplidar_ros/launch/view_rplidar_a2m8_launch.py
[1.718s] -- Up-to-date: /home/shared/projects/gultepe/cleaner_ws/install/rplidar_ros/share/rplidar_ros/launch/view_rplidar_t1_launch.py
[1.718s] -- Up-to-date: /home/shared/projects/gultepe/cleaner_ws/install/rplidar_ros/share/rplidar_ros/launch/rplidar_s2_launch.py
[1.719s] -- Up-to-date: /home/shared/projects/gultepe/cleaner_ws/install/rplidar_ros/share/rplidar_ros/launch/rplidar_s1_launch.py
[1.719s] -- Up-to-date: /home/shared/projects/gultepe/cleaner_ws/install/rplidar_ros/share/rplidar_ros/launch/view_rplidar_a2m7_launch.py
[1.719s] -- Up-to-date: /home/shared/projects/gultepe/cleaner_ws/install/rplidar_ros/share/rplidar_ros/launch/rplidar_a2m12_launch.py
[1.720s] -- Up-to-date: /home/shared/projects/gultepe/cleaner_ws/install/rplidar_ros/share/rplidar_ros/launch/view_rplidar_a3_launch.py
[1.720s] -- Up-to-date: /home/shared/projects/gultepe/cleaner_ws/install/rplidar_ros/share/rplidar_ros/launch/rplidar_a2m7_launch.py
[1.721s] -- Up-to-date: /home/shared/projects/gultepe/cleaner_ws/install/rplidar_ros/share/rplidar_ros/rviz
[1.721s] -- Up-to-date: /home/shared/projects/gultepe/cleaner_ws/install/rplidar_ros/share/rplidar_ros/rviz/rplidar_ros.rviz
[1.721s] -- Up-to-date: /home/shared/projects/gultepe/cleaner_ws/install/rplidar_ros/lib/rplidar_ros/rplidar_node
[1.722s] -- Up-to-date: /home/shared/projects/gultepe/cleaner_ws/install/rplidar_ros/lib/rplidar_ros/rplidar_composition
[1.722s] -- Up-to-date: /home/shared/projects/gultepe/cleaner_ws/install/rplidar_ros/lib/rplidar_ros/rplidar_client
[1.722s] -- Up-to-date: /home/shared/projects/gultepe/cleaner_ws/install/rplidar_ros/share/ament_index/resource_index/package_run_dependencies/rplidar_ros
[1.722s] -- Up-to-date: /home/shared/projects/gultepe/cleaner_ws/install/rplidar_ros/share/ament_index/resource_index/parent_prefix_path/rplidar_ros
[1.723s] -- Up-to-date: /home/shared/projects/gultepe/cleaner_ws/install/rplidar_ros/share/rplidar_ros/environment/ament_prefix_path.sh
[1.723s] -- Up-to-date: /home/shared/projects/gultepe/cleaner_ws/install/rplidar_ros/share/rplidar_ros/environment/ament_prefix_path.dsv
[1.724s] -- Up-to-date: /home/shared/projects/gultepe/cleaner_ws/install/rplidar_ros/share/rplidar_ros/environment/path.sh
[1.724s] -- Up-to-date: /home/shared/projects/gultepe/cleaner_ws/install/rplidar_ros/share/rplidar_ros/environment/path.dsv
[1.724s] -- Up-to-date: /home/shared/projects/gultepe/cleaner_ws/install/rplidar_ros/share/rplidar_ros/local_setup.bash
[1.724s] -- Up-to-date: /home/shared/projects/gultepe/cleaner_ws/install/rplidar_ros/share/rplidar_ros/local_setup.sh
[1.724s] -- Up-to-date: /home/shared/projects/gultepe/cleaner_ws/install/rplidar_ros/share/rplidar_ros/local_setup.zsh
[1.725s] -- Up-to-date: /home/shared/projects/gultepe/cleaner_ws/install/rplidar_ros/share/rplidar_ros/local_setup.dsv
[1.725s] -- Installing: /home/shared/projects/gultepe/cleaner_ws/install/rplidar_ros/share/rplidar_ros/package.dsv
[1.725s] -- Up-to-date: /home/shared/projects/gultepe/cleaner_ws/install/rplidar_ros/share/ament_index/resource_index/packages/rplidar_ros
[1.725s] -- Up-to-date: /home/shared/projects/gultepe/cleaner_ws/install/rplidar_ros/share/rplidar_ros/cmake/ament_cmake_export_dependencies-extras.cmake
[1.726s] -- Up-to-date: /home/shared/projects/gultepe/cleaner_ws/install/rplidar_ros/share/rplidar_ros/cmake/ament_cmake_export_include_directories-extras.cmake
[1.726s] -- Up-to-date: /home/shared/projects/gultepe/cleaner_ws/install/rplidar_ros/share/rplidar_ros/cmake/rplidar_rosConfig.cmake
[1.726s] -- Up-to-date: /home/shared/projects/gultepe/cleaner_ws/install/rplidar_ros/share/rplidar_ros/cmake/rplidar_rosConfig-version.cmake
[1.727s] -- Up-to-date: /home/shared/projects/gultepe/cleaner_ws/install/rplidar_ros/share/rplidar_ros/package.xml
[2.185s] Invoked command in '/home/shared/projects/gultepe/cleaner_ws/build/rplidar_ros' returned '0': CMAKE_PREFIX_PATH=${CMAKE_PREFIX_PATH}:/home/tunaprogrammer/projects/gultepe/cleaner_ws/install/bno055:/home/tunaprogrammer/projects/gultepe/humble_ws/install/jetpack:/home/tunaprogrammer/projects/gultepe/humble_ws/install/python_pkg:/home/tunaprogrammer/projects/gultepe/humble_ws/install/catcher:/opt/ros/humble /usr/bin/cmake --install /home/shared/projects/gultepe/cleaner_ws/build/rplidar_ros
