[0.731s] Invoking command in '/home/shared/projects/gultepe/cleaner_ws/build/cleaner_description': CMAKE_PREFIX_PATH=${CMAKE_PREFIX_PATH}:/home/tunaprogrammer/projects/gultepe/cleaner_ws/install/bno055:/home/tunaprogrammer/projects/gultepe/humble_ws/install/jetpack:/home/tunaprogrammer/projects/gultepe/humble_ws/install/python_pkg:/home/tunaprogrammer/projects/gultepe/humble_ws/install/catcher:/opt/ros/humble /usr/bin/cmake --build /home/shared/projects/gultepe/cleaner_ws/build/cleaner_description -- -j12 -l12
[1.553s] -- Found ament_cmake: 1.3.6 (/opt/ros/humble/share/ament_cmake/cmake)
[1.554s] -- Override CMake install command with custom implementation using symlinks instead of copying resources
[1.555s] -- Configuring done
[1.556s] -- Generating done
[1.556s] -- Build files have been written to: /home/shared/projects/gultepe/cleaner_ws/build/cleaner_description
[1.580s] Invoked command in '/home/shared/projects/gultepe/cleaner_ws/build/cleaner_description' returned '0': CMAKE_PREFIX_PATH=${CMAKE_PREFIX_PATH}:/home/tunaprogrammer/projects/gultepe/cleaner_ws/install/bno055:/home/tunaprogrammer/projects/gultepe/humble_ws/install/jetpack:/home/tunaprogrammer/projects/gultepe/humble_ws/install/python_pkg:/home/tunaprogrammer/projects/gultepe/humble_ws/install/catcher:/opt/ros/humble /usr/bin/cmake --build /home/shared/projects/gultepe/cleaner_ws/build/cleaner_description -- -j12 -l12
[1.716s] Invoking command in '/home/shared/projects/gultepe/cleaner_ws/build/cleaner_description': CMAKE_PREFIX_PATH=${CMAKE_PREFIX_PATH}:/home/tunaprogrammer/projects/gultepe/cleaner_ws/install/bno055:/home/tunaprogrammer/projects/gultepe/humble_ws/install/jetpack:/home/tunaprogrammer/projects/gultepe/humble_ws/install/python_pkg:/home/tunaprogrammer/projects/gultepe/humble_ws/install/catcher:/opt/ros/humble /usr/bin/cmake --install /home/shared/projects/gultepe/cleaner_ws/build/cleaner_description
[1.752s] -- Install configuration: ""
[1.754s] -- Execute custom install script
[1.757s] -- Up-to-date symlink: /home/shared/projects/gultepe/cleaner_ws/install/cleaner_description/share/cleaner_description//urdf/cleaner.urdf.xacro
[1.758s] -- Up-to-date symlink: /home/shared/projects/gultepe/cleaner_ws/install/cleaner_description/share/cleaner_description//urdf/common.xacro
[1.759s] -- Up-to-date symlink: /home/shared/projects/gultepe/cleaner_ws/install/cleaner_description/share/cleaner_description//urdf/mobile_base.xacro
[1.759s] -- Up-to-date symlink: /home/shared/projects/gultepe/cleaner_ws/install/cleaner_description/share/cleaner_description//urdf/mobile_base_gazebo.xacro
[1.761s] -- Up-to-date symlink: /home/shared/projects/gultepe/cleaner_ws/install/cleaner_description/share/cleaner_description//rviz/cleaner_default.rviz
[1.762s] -- Up-to-date symlink: /home/shared/projects/gultepe/cleaner_ws/install/cleaner_description/share/ament_index/resource_index/package_run_dependencies/cleaner_description
[1.763s] -- Up-to-date symlink: /home/shared/projects/gultepe/cleaner_ws/install/cleaner_description/share/ament_index/resource_index/parent_prefix_path/cleaner_description
[1.765s] -- Up-to-date symlink: /home/shared/projects/gultepe/cleaner_ws/install/cleaner_description/share/cleaner_description/environment/ament_prefix_path.sh
[1.766s] -- Up-to-date symlink: /home/shared/projects/gultepe/cleaner_ws/install/cleaner_description/share/cleaner_description/environment/ament_prefix_path.dsv
[1.768s] -- Up-to-date symlink: /home/shared/projects/gultepe/cleaner_ws/install/cleaner_description/share/cleaner_description/environment/path.sh
[1.768s] -- Up-to-date symlink: /home/shared/projects/gultepe/cleaner_ws/install/cleaner_description/share/cleaner_description/environment/path.dsv
[1.769s] -- Up-to-date symlink: /home/shared/projects/gultepe/cleaner_ws/install/cleaner_description/share/cleaner_description/local_setup.bash
[1.770s] -- Up-to-date symlink: /home/shared/projects/gultepe/cleaner_ws/install/cleaner_description/share/cleaner_description/local_setup.sh
[1.772s] -- Up-to-date symlink: /home/shared/projects/gultepe/cleaner_ws/install/cleaner_description/share/cleaner_description/local_setup.zsh
[1.773s] -- Up-to-date symlink: /home/shared/projects/gultepe/cleaner_ws/install/cleaner_description/share/cleaner_description/local_setup.dsv
[1.773s] -- Symlinking: /home/shared/projects/gultepe/cleaner_ws/install/cleaner_description/share/cleaner_description/package.dsv
[1.859s] -- Up-to-date symlink: /home/shared/projects/gultepe/cleaner_ws/install/cleaner_description/share/ament_index/resource_index/packages/cleaner_description
[1.860s] -- Up-to-date symlink: /home/shared/projects/gultepe/cleaner_ws/install/cleaner_description/share/cleaner_description/cmake/cleaner_descriptionConfig.cmake
[1.860s] -- Up-to-date symlink: /home/shared/projects/gultepe/cleaner_ws/install/cleaner_description/share/cleaner_description/cmake/cleaner_descriptionConfig-version.cmake
[1.860s] -- Up-to-date symlink: /home/shared/projects/gultepe/cleaner_ws/install/cleaner_description/share/cleaner_description/package.xml
[1.988s] Invoked command in '/home/shared/projects/gultepe/cleaner_ws/build/cleaner_description' returned '0': CMAKE_PREFIX_PATH=${CMAKE_PREFIX_PATH}:/home/tunaprogrammer/projects/gultepe/cleaner_ws/install/bno055:/home/tunaprogrammer/projects/gultepe/humble_ws/install/jetpack:/home/tunaprogrammer/projects/gultepe/humble_ws/install/python_pkg:/home/tunaprogrammer/projects/gultepe/humble_ws/install/catcher:/opt/ros/humble /usr/bin/cmake --install /home/shared/projects/gultepe/cleaner_ws/build/cleaner_description
