[20.269s] Invoking command in '/home/shared/projects/gultepe/cleaner_ws/src/bno055': PYTHONPATH=/home/shared/projects/gultepe/cleaner_ws/build/bno055/prefix_override:/home/shared/projects/gultepe/cleaner_ws/install/bno055/lib/python3.10/site-packages:${PYTHONPATH} /usr/bin/python3 setup.py egg_info --egg-base ../../build/bno055 build --build-base /home/shared/projects/gultepe/cleaner_ws/build/bno055/build install --record /home/shared/projects/gultepe/cleaner_ws/build/bno055/install.log --single-version-externally-managed
[22.508s] running egg_info
[22.514s] writing ../../build/bno055/bno055.egg-info/PKG-INFO
[22.516s] writing dependency_links to ../../build/bno055/bno055.egg-info/dependency_links.txt
[22.520s] writing entry points to ../../build/bno055/bno055.egg-info/entry_points.txt
[22.521s] writing requirements to ../../build/bno055/bno055.egg-info/requires.txt
[22.522s] writing top-level names to ../../build/bno055/bno055.egg-info/top_level.txt
[22.531s] reading manifest file '../../build/bno055/bno055.egg-info/SOURCES.txt'
[22.535s] adding license file 'LICENSE'
[22.538s] adding license file 'AUTHORS'
[22.549s] writing manifest file '../../build/bno055/bno055.egg-info/SOURCES.txt'
[22.552s] running build
[22.555s] running build_py
[22.583s] running install
[22.603s] running install_lib
[22.627s] running install_data
[22.644s] running install_egg_info
[22.653s] removing '/home/shared/projects/gultepe/cleaner_ws/install/bno055/lib/python3.10/site-packages/bno055-0.4.1-py3.10.egg-info' (and everything under it)
[22.654s] Copying ../../build/bno055/bno055.egg-info to /home/shared/projects/gultepe/cleaner_ws/install/bno055/lib/python3.10/site-packages/bno055-0.4.1-py3.10.egg-info
[22.658s] running install_scripts
[22.749s] Installing bno055 script to /home/shared/projects/gultepe/cleaner_ws/install/bno055/lib/bno055
[22.757s] writing list of installed files to '/home/shared/projects/gultepe/cleaner_ws/build/bno055/install.log'
[23.849s] Invoked command in '/home/shared/projects/gultepe/cleaner_ws/src/bno055' returned '0': PYTHONPATH=/home/shared/projects/gultepe/cleaner_ws/build/bno055/prefix_override:/home/shared/projects/gultepe/cleaner_ws/install/bno055/lib/python3.10/site-packages:${PYTHONPATH} /usr/bin/python3 setup.py egg_info --egg-base ../../build/bno055 build --build-base /home/shared/projects/gultepe/cleaner_ws/build/bno055/build install --record /home/shared/projects/gultepe/cleaner_ws/build/bno055/install.log --single-version-externally-managed
