[0.000000] (-) TimerEvent: {}
[0.000275] (cleaner_description) JobQueued: {'identifier': 'cleaner_description', 'dependencies': OrderedDict()}
[0.000350] (cleaner_description) JobStarted: {'identifier': 'cleaner_description'}
[0.099022] (-) TimerEvent: {}
[0.154101] (cleaner_description) JobProgress: {'identifier': 'cleaner_description', 'progress': 'cmake'}
[0.154634] (cleaner_description) Command: {'cmd': ['/usr/bin/cmake', '/home/shared/projects/gultepe/cleaner_ws/src/cleaner_description', '-DCMAKE_INSTALL_PREFIX=/home/shared/projects/gultepe/cleaner_ws/install/cleaner_description'], 'cwd': '/home/shared/projects/gultepe/cleaner_ws/build/cleaner_description', 'env': OrderedDict([('USER', 'tunaprogrammer'), ('LC_TIME', 'tr_TR.UTF-8'), ('GIO_MODULE_DIR', '/home/tunaprogrammer/snap/code/common/.cache/gio-modules'), ('XDG_SESSION_TYPE', 'wayland'), ('GTK_EXE_PREFIX_VSCODE_SNAP_ORIG', ''), ('GIT_ASKPASS', '/snap/code/146/usr/share/code/resources/app/extensions/git/dist/askpass.sh'), ('GDK_BACKEND_VSCODE_SNAP_ORIG', ''), ('SHLVL', '2'), ('LD_LIBRARY_PATH', '/home/tunaprogrammer/projects/gultepe/humble_ws/install/test_interfaces/lib:/opt/ros/humble/opt/rviz_ogre_vendor/lib:/opt/ros/humble/lib/x86_64-linux-gnu:/opt/ros/humble/lib'), ('HOME', '/home/tunaprogrammer'), ('LOCPATH_VSCODE_SNAP_ORIG', ''), ('OLDPWD', '/home/shared/projects/gultepe/cleaner_ws/src'), ('CHROME_DESKTOP', 'code-url-handler.desktop'), ('DESKTOP_SESSION', 'ubuntu'), ('GTK_PATH', '/snap/code/146/usr/lib/x86_64-linux-gnu/gtk-3.0'), ('TERM_PROGRAM_VERSION', '1.84.2'), ('GTK_IM_MODULE_FILE', '/home/tunaprogrammer/snap/code/common/.cache/immodules/immodules.cache'), ('ROS_PYTHON_VERSION', '3'), ('GNOME_SHELL_SESSION_MODE', 'ubuntu'), ('GTK_MODULES', 'gail:atk-bridge'), ('GSETTINGS_SCHEMA_DIR_VSCODE_SNAP_ORIG', ''), ('VSCODE_GIT_ASKPASS_MAIN', '/snap/code/146/usr/share/code/resources/app/extensions/git/dist/askpass-main.js'), ('LC_MONETARY', 'tr_TR.UTF-8'), ('MANAGERPID', '1758'), ('VSCODE_GIT_ASKPASS_NODE', '/snap/code/146/usr/share/code/code'), ('SYSTEMD_EXEC_PID', '2131'), ('DBUS_SESSION_BUS_ADDRESS', 'unix:path=/run/user/1000/bus'), ('COLORTERM', 'truecolor'), ('TERMINATOR_DBUS_NAME', 'net.tenshu.Terminator25ef4b219e3b005583550f2b0f9f990c3'), ('GIO_LAUNCHED_DESKTOP_FILE_PID', '4150'), ('WAYLAND_DISPLAY', 'wayland-0'), ('COLCON_PREFIX_PATH', '/home/tunaprogrammer/projects/gultepe/cleaner_ws/install:/home/tunaprogrammer/projects/gultepe/humble_ws/install'), ('ROS_DISTRO', 'humble'), ('LOGNAME', 'tunaprogrammer'), ('JOURNAL_STREAM', '8:38114'), ('_', '/usr/bin/colcon'), ('ROS_VERSION', '2'), ('XDG_CONFIG_DIRS_VSCODE_SNAP_ORIG', ''), ('XDG_SESSION_CLASS', 'user'), ('XDG_DATA_DIRS_VSCODE_SNAP_ORIG', '/usr/local/share/:/usr/share/:/var/lib/snapd/desktop'), ('USER_ZDOTDIR', '/home/tunaprogrammer'), ('USERNAME', 'tunaprogrammer'), ('TERM', 'xterm-256color'), ('GNOME_DESKTOP_SESSION_ID', 'this-is-deprecated'), ('ROS_LOCALHOST_ONLY', '0'), ('PATH', '/home/tunaprogrammer/applications:/home/tunaprogrammer/applications:/opt/ros/humble/bin:/home/tunaprogrammer/applications:/usr/local/sbin:/usr/local/bin:/usr/sbin:/usr/bin:/sbin:/bin:/usr/games:/usr/local/games:/snap/bin:/snap/bin'), ('SESSION_MANAGER', 'local/ubuntuna:@/tmp/.ICE-unix/1889,unix/ubuntuna:/tmp/.ICE-unix/1889'), ('GTK_EXE_PREFIX', '/snap/code/146/usr'), ('INVOCATION_ID', 'ed73ccdb80f34a90816af994f9edc2ef'), ('XDG_MENU_PREFIX', 'gnome-'), ('LC_ADDRESS', 'tr_TR.UTF-8'), ('GNOME_SETUP_DISPLAY', ':1'), ('XDG_RUNTIME_DIR', '/run/user/1000'), ('GDK_BACKEND', 'x11'), ('DISPLAY', ':0'), ('LOCPATH', '/snap/code/146/usr/lib/locale'), ('TERMINATOR_DBUS_PATH', '/net/tenshu/Terminator2'), ('LANG', 'en_US.UTF-8'), ('XDG_CURRENT_DESKTOP', 'Unity'), ('IBUS_DISABLE_SNOOPER', '1'), ('LC_TELEPHONE', 'tr_TR.UTF-8'), ('VSCODE_INJECTION', '1'), ('GIO_MODULE_DIR_VSCODE_SNAP_ORIG', ''), ('XMODIFIERS', '@im=ibus'), ('XDG_SESSION_DESKTOP', 'ubuntu'), ('XAUTHORITY', '/run/user/1000/.mutter-Xwaylandauth.1BOCF2'), ('LS_COLORS', 'ow=01;33:ow=01;33:ow=01;33'), ('TERM_PROGRAM', 'vscode'), ('VSCODE_GIT_IPC_HANDLE', '/run/user/1000/vscode-git-00b66bee8c.sock'), ('SSH_AGENT_LAUNCHER', 'gnome-keyring'), ('SSH_AUTH_SOCK', '/run/user/1000/keyring/ssh'), ('GSETTINGS_SCHEMA_DIR', '/home/tunaprogrammer/snap/code/146/.local/share/glib-2.0/schemas'), ('AMENT_PREFIX_PATH', '/home/tunaprogrammer/projects/gultepe/humble_ws/install/robot_arise:/home/tunaprogrammer/projects/gultepe/humble_ws/install/jetpack:/home/tunaprogrammer/projects/gultepe/humble_ws/install/test_interfaces:/home/tunaprogrammer/projects/gultepe/humble_ws/install/python_pkg:/home/tunaprogrammer/projects/gultepe/humble_ws/install/catcher:/opt/ros/humble'), ('ORIGINAL_XDG_CURRENT_DESKTOP', 'ubuntu:GNOME'), ('SHELL', '/usr/bin/zsh'), ('LC_NAME', 'tr_TR.UTF-8'), ('TERMINATOR_UUID', 'urn:uuid:f499d8d9-ec70-454c-86a3-b02a6940da0e'), ('QT_ACCESSIBILITY', '1'), ('GDMSESSION', 'ubuntu'), ('GTK_PATH_VSCODE_SNAP_ORIG', ''), ('GTK_IM_MODULE_FILE_VSCODE_SNAP_ORIG', ''), ('LC_MEASUREMENT', 'tr_TR.UTF-8'), ('LC_IDENTIFICATION', 'tr_TR.UTF-8'), ('QT_IM_MODULE', 'ibus'), ('VSCODE_GIT_ASKPASS_EXTRA_ARGS', '--ms-enable-electron-run-as-node'), ('PWD', '/home/shared/projects/gultepe/cleaner_ws/build/cleaner_description'), ('KEYTIMEOUT', '1'), ('XDG_DATA_DIRS', '/home/tunaprogrammer/snap/code/146/.local/share:/home/tunaprogrammer/snap/code/146:/snap/code/146/usr/share:/usr/local/share/:/usr/share/:/var/lib/snapd/desktop'), ('ZDOTDIR', '/home/tunaprogrammer'), ('PYTHONPATH', '/home/tunaprogrammer/projects/gultepe/humble_ws/install/jetpack/lib/python3.10/site-packages:/home/tunaprogrammer/projects/gultepe/humble_ws/install/test_interfaces/local/lib/python3.10/dist-packages:/home/tunaprogrammer/projects/gultepe/humble_ws/install/python_pkg/lib/python3.10/site-packages:/home/shared/projects/gultepe/humble_ws/build/catcher:/home/tunaprogrammer/projects/gultepe/humble_ws/install/catcher/lib/python3.10/site-packages:/opt/ros/humble/lib/python3.10/site-packages:/opt/ros/humble/local/lib/python3.10/dist-packages'), ('LC_NUMERIC', 'tr_TR.UTF-8'), ('LC_PAPER', 'tr_TR.UTF-8'), ('COLCON', '1'), ('VTE_VERSION', '6800'), ('CMAKE_PREFIX_PATH', '/home/tunaprogrammer/projects/gultepe/humble_ws/install/robot_arise:/home/tunaprogrammer/projects/gultepe/humble_ws/install/test_interfaces:/home/tunaprogrammer/projects/gultepe/humble_ws/install/jetpack:/home/tunaprogrammer/projects/gultepe/humble_ws/install/python_pkg:/home/tunaprogrammer/projects/gultepe/humble_ws/install/catcher:/opt/ros/humble')]), 'shell': False}
[0.199188] (-) TimerEvent: {}
[0.299726] (-) TimerEvent: {}
[0.400300] (-) TimerEvent: {}
[0.419941] (cleaner_description) StdoutLine: {'line': b'-- The C compiler identification is GNU 11.4.0\n'}
[0.500526] (-) TimerEvent: {}
[0.601120] (-) TimerEvent: {}
[0.698489] (cleaner_description) StdoutLine: {'line': b'-- The CXX compiler identification is GNU 11.4.0\n'}
[0.701308] (-) TimerEvent: {}
[0.741312] (cleaner_description) StdoutLine: {'line': b'-- Detecting C compiler ABI info\n'}
[0.801501] (-) TimerEvent: {}
[0.902222] (-) TimerEvent: {}
[1.002831] (-) TimerEvent: {}
[1.024468] (cleaner_description) StdoutLine: {'line': b'-- Detecting C compiler ABI info - done\n'}
[1.056038] (cleaner_description) StdoutLine: {'line': b'-- Check for working C compiler: /usr/bin/cc - skipped\n'}
[1.064069] (cleaner_description) StdoutLine: {'line': b'-- Detecting C compile features\n'}
[1.066135] (cleaner_description) StdoutLine: {'line': b'-- Detecting C compile features - done\n'}
[1.079247] (cleaner_description) StdoutLine: {'line': b'-- Detecting CXX compiler ABI info\n'}
[1.103014] (-) TimerEvent: {}
[1.203586] (-) TimerEvent: {}
[1.304174] (-) TimerEvent: {}
[1.391274] (cleaner_description) StdoutLine: {'line': b'-- Detecting CXX compiler ABI info - done\n'}
[1.404337] (-) TimerEvent: {}
[1.422730] (cleaner_description) StdoutLine: {'line': b'-- Check for working CXX compiler: /usr/bin/c++ - skipped\n'}
[1.424722] (cleaner_description) StdoutLine: {'line': b'-- Detecting CXX compile features\n'}
[1.428029] (cleaner_description) StdoutLine: {'line': b'-- Detecting CXX compile features - done\n'}
[1.450483] (cleaner_description) StdoutLine: {'line': b'-- Found ament_cmake: 1.3.6 (/opt/ros/humble/share/ament_cmake/cmake)\n'}
[1.504549] (-) TimerEvent: {}
[1.605122] (-) TimerEvent: {}
[1.705718] (-) TimerEvent: {}
[1.806304] (-) TimerEvent: {}
[1.906889] (-) TimerEvent: {}
[2.007486] (-) TimerEvent: {}
[2.108074] (-) TimerEvent: {}
[2.208661] (-) TimerEvent: {}
[2.250635] (cleaner_description) StdoutLine: {'line': b'-- Found Python3: /usr/bin/python3.10 (found version "3.10.12") found components: Interpreter \n'}
[2.308864] (-) TimerEvent: {}
[2.409396] (-) TimerEvent: {}
[2.509976] (-) TimerEvent: {}
[2.610482] (-) TimerEvent: {}
[2.711217] (-) TimerEvent: {}
[2.811924] (-) TimerEvent: {}
[2.912623] (-) TimerEvent: {}
[2.915605] (cleaner_description) StdoutLine: {'line': b'-- Configuring done\n'}
[2.922736] (cleaner_description) StdoutLine: {'line': b'-- Generating done\n'}
[2.924895] (cleaner_description) StdoutLine: {'line': b'-- Build files have been written to: /home/shared/projects/gultepe/cleaner_ws/build/cleaner_description\n'}
[2.939995] (cleaner_description) CommandEnded: {'returncode': 0}
[2.942490] (cleaner_description) JobProgress: {'identifier': 'cleaner_description', 'progress': 'build'}
[2.945129] (cleaner_description) Command: {'cmd': ['/usr/bin/cmake', '--build', '/home/shared/projects/gultepe/cleaner_ws/build/cleaner_description', '--', '-j12', '-l12'], 'cwd': '/home/shared/projects/gultepe/cleaner_ws/build/cleaner_description', 'env': OrderedDict([('USER', 'tunaprogrammer'), ('LC_TIME', 'tr_TR.UTF-8'), ('GIO_MODULE_DIR', '/home/tunaprogrammer/snap/code/common/.cache/gio-modules'), ('XDG_SESSION_TYPE', 'wayland'), ('GTK_EXE_PREFIX_VSCODE_SNAP_ORIG', ''), ('GIT_ASKPASS', '/snap/code/146/usr/share/code/resources/app/extensions/git/dist/askpass.sh'), ('GDK_BACKEND_VSCODE_SNAP_ORIG', ''), ('SHLVL', '2'), ('LD_LIBRARY_PATH', '/home/tunaprogrammer/projects/gultepe/humble_ws/install/test_interfaces/lib:/opt/ros/humble/opt/rviz_ogre_vendor/lib:/opt/ros/humble/lib/x86_64-linux-gnu:/opt/ros/humble/lib'), ('HOME', '/home/tunaprogrammer'), ('LOCPATH_VSCODE_SNAP_ORIG', ''), ('OLDPWD', '/home/shared/projects/gultepe/cleaner_ws/src'), ('CHROME_DESKTOP', 'code-url-handler.desktop'), ('DESKTOP_SESSION', 'ubuntu'), ('GTK_PATH', '/snap/code/146/usr/lib/x86_64-linux-gnu/gtk-3.0'), ('TERM_PROGRAM_VERSION', '1.84.2'), ('GTK_IM_MODULE_FILE', '/home/tunaprogrammer/snap/code/common/.cache/immodules/immodules.cache'), ('ROS_PYTHON_VERSION', '3'), ('GNOME_SHELL_SESSION_MODE', 'ubuntu'), ('GTK_MODULES', 'gail:atk-bridge'), ('GSETTINGS_SCHEMA_DIR_VSCODE_SNAP_ORIG', ''), ('VSCODE_GIT_ASKPASS_MAIN', '/snap/code/146/usr/share/code/resources/app/extensions/git/dist/askpass-main.js'), ('LC_MONETARY', 'tr_TR.UTF-8'), ('MANAGERPID', '1758'), ('VSCODE_GIT_ASKPASS_NODE', '/snap/code/146/usr/share/code/code'), ('SYSTEMD_EXEC_PID', '2131'), ('DBUS_SESSION_BUS_ADDRESS', 'unix:path=/run/user/1000/bus'), ('COLORTERM', 'truecolor'), ('TERMINATOR_DBUS_NAME', 'net.tenshu.Terminator25ef4b219e3b005583550f2b0f9f990c3'), ('GIO_LAUNCHED_DESKTOP_FILE_PID', '4150'), ('WAYLAND_DISPLAY', 'wayland-0'), ('COLCON_PREFIX_PATH', '/home/tunaprogrammer/projects/gultepe/cleaner_ws/install:/home/tunaprogrammer/projects/gultepe/humble_ws/install'), ('ROS_DISTRO', 'humble'), ('LOGNAME', 'tunaprogrammer'), ('JOURNAL_STREAM', '8:38114'), ('_', '/usr/bin/colcon'), ('ROS_VERSION', '2'), ('XDG_CONFIG_DIRS_VSCODE_SNAP_ORIG', ''), ('XDG_SESSION_CLASS', 'user'), ('XDG_DATA_DIRS_VSCODE_SNAP_ORIG', '/usr/local/share/:/usr/share/:/var/lib/snapd/desktop'), ('USER_ZDOTDIR', '/home/tunaprogrammer'), ('USERNAME', 'tunaprogrammer'), ('TERM', 'xterm-256color'), ('GNOME_DESKTOP_SESSION_ID', 'this-is-deprecated'), ('ROS_LOCALHOST_ONLY', '0'), ('PATH', '/home/tunaprogrammer/applications:/home/tunaprogrammer/applications:/opt/ros/humble/bin:/home/tunaprogrammer/applications:/usr/local/sbin:/usr/local/bin:/usr/sbin:/usr/bin:/sbin:/bin:/usr/games:/usr/local/games:/snap/bin:/snap/bin'), ('SESSION_MANAGER', 'local/ubuntuna:@/tmp/.ICE-unix/1889,unix/ubuntuna:/tmp/.ICE-unix/1889'), ('GTK_EXE_PREFIX', '/snap/code/146/usr'), ('INVOCATION_ID', 'ed73ccdb80f34a90816af994f9edc2ef'), ('XDG_MENU_PREFIX', 'gnome-'), ('LC_ADDRESS', 'tr_TR.UTF-8'), ('GNOME_SETUP_DISPLAY', ':1'), ('XDG_RUNTIME_DIR', '/run/user/1000'), ('GDK_BACKEND', 'x11'), ('DISPLAY', ':0'), ('LOCPATH', '/snap/code/146/usr/lib/locale'), ('TERMINATOR_DBUS_PATH', '/net/tenshu/Terminator2'), ('LANG', 'en_US.UTF-8'), ('XDG_CURRENT_DESKTOP', 'Unity'), ('IBUS_DISABLE_SNOOPER', '1'), ('LC_TELEPHONE', 'tr_TR.UTF-8'), ('VSCODE_INJECTION', '1'), ('GIO_MODULE_DIR_VSCODE_SNAP_ORIG', ''), ('XMODIFIERS', '@im=ibus'), ('XDG_SESSION_DESKTOP', 'ubuntu'), ('XAUTHORITY', '/run/user/1000/.mutter-Xwaylandauth.1BOCF2'), ('LS_COLORS', 'ow=01;33:ow=01;33:ow=01;33'), ('TERM_PROGRAM', 'vscode'), ('VSCODE_GIT_IPC_HANDLE', '/run/user/1000/vscode-git-00b66bee8c.sock'), ('SSH_AGENT_LAUNCHER', 'gnome-keyring'), ('SSH_AUTH_SOCK', '/run/user/1000/keyring/ssh'), ('GSETTINGS_SCHEMA_DIR', '/home/tunaprogrammer/snap/code/146/.local/share/glib-2.0/schemas'), ('AMENT_PREFIX_PATH', '/home/tunaprogrammer/projects/gultepe/humble_ws/install/robot_arise:/home/tunaprogrammer/projects/gultepe/humble_ws/install/jetpack:/home/tunaprogrammer/projects/gultepe/humble_ws/install/test_interfaces:/home/tunaprogrammer/projects/gultepe/humble_ws/install/python_pkg:/home/tunaprogrammer/projects/gultepe/humble_ws/install/catcher:/opt/ros/humble'), ('ORIGINAL_XDG_CURRENT_DESKTOP', 'ubuntu:GNOME'), ('SHELL', '/usr/bin/zsh'), ('LC_NAME', 'tr_TR.UTF-8'), ('TERMINATOR_UUID', 'urn:uuid:f499d8d9-ec70-454c-86a3-b02a6940da0e'), ('QT_ACCESSIBILITY', '1'), ('GDMSESSION', 'ubuntu'), ('GTK_PATH_VSCODE_SNAP_ORIG', ''), ('GTK_IM_MODULE_FILE_VSCODE_SNAP_ORIG', ''), ('LC_MEASUREMENT', 'tr_TR.UTF-8'), ('LC_IDENTIFICATION', 'tr_TR.UTF-8'), ('QT_IM_MODULE', 'ibus'), ('VSCODE_GIT_ASKPASS_EXTRA_ARGS', '--ms-enable-electron-run-as-node'), ('PWD', '/home/shared/projects/gultepe/cleaner_ws/build/cleaner_description'), ('KEYTIMEOUT', '1'), ('XDG_DATA_DIRS', '/home/tunaprogrammer/snap/code/146/.local/share:/home/tunaprogrammer/snap/code/146:/snap/code/146/usr/share:/usr/local/share/:/usr/share/:/var/lib/snapd/desktop'), ('ZDOTDIR', '/home/tunaprogrammer'), ('PYTHONPATH', '/home/tunaprogrammer/projects/gultepe/humble_ws/install/jetpack/lib/python3.10/site-packages:/home/tunaprogrammer/projects/gultepe/humble_ws/install/test_interfaces/local/lib/python3.10/dist-packages:/home/tunaprogrammer/projects/gultepe/humble_ws/install/python_pkg/lib/python3.10/site-packages:/home/shared/projects/gultepe/humble_ws/build/catcher:/home/tunaprogrammer/projects/gultepe/humble_ws/install/catcher/lib/python3.10/site-packages:/opt/ros/humble/lib/python3.10/site-packages:/opt/ros/humble/local/lib/python3.10/dist-packages'), ('LC_NUMERIC', 'tr_TR.UTF-8'), ('LC_PAPER', 'tr_TR.UTF-8'), ('COLCON', '1'), ('VTE_VERSION', '6800'), ('CMAKE_PREFIX_PATH', '/home/tunaprogrammer/projects/gultepe/humble_ws/install/robot_arise:/home/tunaprogrammer/projects/gultepe/humble_ws/install/test_interfaces:/home/tunaprogrammer/projects/gultepe/humble_ws/install/jetpack:/home/tunaprogrammer/projects/gultepe/humble_ws/install/python_pkg:/home/tunaprogrammer/projects/gultepe/humble_ws/install/catcher:/opt/ros/humble')]), 'shell': False}
[3.012862] (-) TimerEvent: {}
[3.113554] (-) TimerEvent: {}
[3.121493] (cleaner_description) CommandEnded: {'returncode': 0}
[3.213735] (-) TimerEvent: {}
[3.216489] (cleaner_description) JobProgress: {'identifier': 'cleaner_description', 'progress': 'install'}
[3.252870] (cleaner_description) Command: {'cmd': ['/usr/bin/cmake', '--install', '/home/shared/projects/gultepe/cleaner_ws/build/cleaner_description'], 'cwd': '/home/shared/projects/gultepe/cleaner_ws/build/cleaner_description', 'env': OrderedDict([('USER', 'tunaprogrammer'), ('LC_TIME', 'tr_TR.UTF-8'), ('GIO_MODULE_DIR', '/home/tunaprogrammer/snap/code/common/.cache/gio-modules'), ('XDG_SESSION_TYPE', 'wayland'), ('GTK_EXE_PREFIX_VSCODE_SNAP_ORIG', ''), ('GIT_ASKPASS', '/snap/code/146/usr/share/code/resources/app/extensions/git/dist/askpass.sh'), ('GDK_BACKEND_VSCODE_SNAP_ORIG', ''), ('SHLVL', '2'), ('LD_LIBRARY_PATH', '/home/tunaprogrammer/projects/gultepe/humble_ws/install/test_interfaces/lib:/opt/ros/humble/opt/rviz_ogre_vendor/lib:/opt/ros/humble/lib/x86_64-linux-gnu:/opt/ros/humble/lib'), ('HOME', '/home/tunaprogrammer'), ('LOCPATH_VSCODE_SNAP_ORIG', ''), ('OLDPWD', '/home/shared/projects/gultepe/cleaner_ws/src'), ('CHROME_DESKTOP', 'code-url-handler.desktop'), ('DESKTOP_SESSION', 'ubuntu'), ('GTK_PATH', '/snap/code/146/usr/lib/x86_64-linux-gnu/gtk-3.0'), ('TERM_PROGRAM_VERSION', '1.84.2'), ('GTK_IM_MODULE_FILE', '/home/tunaprogrammer/snap/code/common/.cache/immodules/immodules.cache'), ('ROS_PYTHON_VERSION', '3'), ('GNOME_SHELL_SESSION_MODE', 'ubuntu'), ('GTK_MODULES', 'gail:atk-bridge'), ('GSETTINGS_SCHEMA_DIR_VSCODE_SNAP_ORIG', ''), ('VSCODE_GIT_ASKPASS_MAIN', '/snap/code/146/usr/share/code/resources/app/extensions/git/dist/askpass-main.js'), ('LC_MONETARY', 'tr_TR.UTF-8'), ('MANAGERPID', '1758'), ('VSCODE_GIT_ASKPASS_NODE', '/snap/code/146/usr/share/code/code'), ('SYSTEMD_EXEC_PID', '2131'), ('DBUS_SESSION_BUS_ADDRESS', 'unix:path=/run/user/1000/bus'), ('COLORTERM', 'truecolor'), ('TERMINATOR_DBUS_NAME', 'net.tenshu.Terminator25ef4b219e3b005583550f2b0f9f990c3'), ('GIO_LAUNCHED_DESKTOP_FILE_PID', '4150'), ('WAYLAND_DISPLAY', 'wayland-0'), ('COLCON_PREFIX_PATH', '/home/tunaprogrammer/projects/gultepe/cleaner_ws/install:/home/tunaprogrammer/projects/gultepe/humble_ws/install'), ('ROS_DISTRO', 'humble'), ('LOGNAME', 'tunaprogrammer'), ('JOURNAL_STREAM', '8:38114'), ('_', '/usr/bin/colcon'), ('ROS_VERSION', '2'), ('XDG_CONFIG_DIRS_VSCODE_SNAP_ORIG', ''), ('XDG_SESSION_CLASS', 'user'), ('XDG_DATA_DIRS_VSCODE_SNAP_ORIG', '/usr/local/share/:/usr/share/:/var/lib/snapd/desktop'), ('USER_ZDOTDIR', '/home/tunaprogrammer'), ('USERNAME', 'tunaprogrammer'), ('TERM', 'xterm-256color'), ('GNOME_DESKTOP_SESSION_ID', 'this-is-deprecated'), ('ROS_LOCALHOST_ONLY', '0'), ('PATH', '/home/tunaprogrammer/applications:/home/tunaprogrammer/applications:/opt/ros/humble/bin:/home/tunaprogrammer/applications:/usr/local/sbin:/usr/local/bin:/usr/sbin:/usr/bin:/sbin:/bin:/usr/games:/usr/local/games:/snap/bin:/snap/bin'), ('SESSION_MANAGER', 'local/ubuntuna:@/tmp/.ICE-unix/1889,unix/ubuntuna:/tmp/.ICE-unix/1889'), ('GTK_EXE_PREFIX', '/snap/code/146/usr'), ('INVOCATION_ID', 'ed73ccdb80f34a90816af994f9edc2ef'), ('XDG_MENU_PREFIX', 'gnome-'), ('LC_ADDRESS', 'tr_TR.UTF-8'), ('GNOME_SETUP_DISPLAY', ':1'), ('XDG_RUNTIME_DIR', '/run/user/1000'), ('GDK_BACKEND', 'x11'), ('DISPLAY', ':0'), ('LOCPATH', '/snap/code/146/usr/lib/locale'), ('TERMINATOR_DBUS_PATH', '/net/tenshu/Terminator2'), ('LANG', 'en_US.UTF-8'), ('XDG_CURRENT_DESKTOP', 'Unity'), ('IBUS_DISABLE_SNOOPER', '1'), ('LC_TELEPHONE', 'tr_TR.UTF-8'), ('VSCODE_INJECTION', '1'), ('GIO_MODULE_DIR_VSCODE_SNAP_ORIG', ''), ('XMODIFIERS', '@im=ibus'), ('XDG_SESSION_DESKTOP', 'ubuntu'), ('XAUTHORITY', '/run/user/1000/.mutter-Xwaylandauth.1BOCF2'), ('LS_COLORS', 'ow=01;33:ow=01;33:ow=01;33'), ('TERM_PROGRAM', 'vscode'), ('VSCODE_GIT_IPC_HANDLE', '/run/user/1000/vscode-git-00b66bee8c.sock'), ('SSH_AGENT_LAUNCHER', 'gnome-keyring'), ('SSH_AUTH_SOCK', '/run/user/1000/keyring/ssh'), ('GSETTINGS_SCHEMA_DIR', '/home/tunaprogrammer/snap/code/146/.local/share/glib-2.0/schemas'), ('AMENT_PREFIX_PATH', '/home/tunaprogrammer/projects/gultepe/humble_ws/install/robot_arise:/home/tunaprogrammer/projects/gultepe/humble_ws/install/jetpack:/home/tunaprogrammer/projects/gultepe/humble_ws/install/test_interfaces:/home/tunaprogrammer/projects/gultepe/humble_ws/install/python_pkg:/home/tunaprogrammer/projects/gultepe/humble_ws/install/catcher:/opt/ros/humble'), ('ORIGINAL_XDG_CURRENT_DESKTOP', 'ubuntu:GNOME'), ('SHELL', '/usr/bin/zsh'), ('LC_NAME', 'tr_TR.UTF-8'), ('TERMINATOR_UUID', 'urn:uuid:f499d8d9-ec70-454c-86a3-b02a6940da0e'), ('QT_ACCESSIBILITY', '1'), ('GDMSESSION', 'ubuntu'), ('GTK_PATH_VSCODE_SNAP_ORIG', ''), ('GTK_IM_MODULE_FILE_VSCODE_SNAP_ORIG', ''), ('LC_MEASUREMENT', 'tr_TR.UTF-8'), ('LC_IDENTIFICATION', 'tr_TR.UTF-8'), ('QT_IM_MODULE', 'ibus'), ('VSCODE_GIT_ASKPASS_EXTRA_ARGS', '--ms-enable-electron-run-as-node'), ('PWD', '/home/shared/projects/gultepe/cleaner_ws/build/cleaner_description'), ('KEYTIMEOUT', '1'), ('XDG_DATA_DIRS', '/home/tunaprogrammer/snap/code/146/.local/share:/home/tunaprogrammer/snap/code/146:/snap/code/146/usr/share:/usr/local/share/:/usr/share/:/var/lib/snapd/desktop'), ('ZDOTDIR', '/home/tunaprogrammer'), ('PYTHONPATH', '/home/tunaprogrammer/projects/gultepe/humble_ws/install/jetpack/lib/python3.10/site-packages:/home/tunaprogrammer/projects/gultepe/humble_ws/install/test_interfaces/local/lib/python3.10/dist-packages:/home/tunaprogrammer/projects/gultepe/humble_ws/install/python_pkg/lib/python3.10/site-packages:/home/shared/projects/gultepe/humble_ws/build/catcher:/home/tunaprogrammer/projects/gultepe/humble_ws/install/catcher/lib/python3.10/site-packages:/opt/ros/humble/lib/python3.10/site-packages:/opt/ros/humble/local/lib/python3.10/dist-packages'), ('LC_NUMERIC', 'tr_TR.UTF-8'), ('LC_PAPER', 'tr_TR.UTF-8'), ('COLCON', '1'), ('VTE_VERSION', '6800'), ('CMAKE_PREFIX_PATH', '/home/tunaprogrammer/projects/gultepe/humble_ws/install/robot_arise:/home/tunaprogrammer/projects/gultepe/humble_ws/install/test_interfaces:/home/tunaprogrammer/projects/gultepe/humble_ws/install/jetpack:/home/tunaprogrammer/projects/gultepe/humble_ws/install/python_pkg:/home/tunaprogrammer/projects/gultepe/humble_ws/install/catcher:/opt/ros/humble')]), 'shell': False}
[3.287943] (cleaner_description) StdoutLine: {'line': b'-- Install configuration: ""\n'}
[3.288677] (cleaner_description) StdoutLine: {'line': b'-- Installing: /home/shared/projects/gultepe/cleaner_ws/install/cleaner_description/share/cleaner_description//urdf\n'}
[3.289254] (cleaner_description) StdoutLine: {'line': b'-- Installing: /home/shared/projects/gultepe/cleaner_ws/install/cleaner_description/share/cleaner_description//urdf/cleaner.urdf\n'}
[3.290092] (cleaner_description) StdoutLine: {'line': b'-- Installing: /home/shared/projects/gultepe/cleaner_ws/install/cleaner_description/share/ament_index/resource_index/package_run_dependencies/cleaner_description\n'}
[3.291022] (cleaner_description) StdoutLine: {'line': b'-- Installing: /home/shared/projects/gultepe/cleaner_ws/install/cleaner_description/share/ament_index/resource_index/parent_prefix_path/cleaner_description\n'}
[3.291914] (cleaner_description) StdoutLine: {'line': b'-- Installing: /home/shared/projects/gultepe/cleaner_ws/install/cleaner_description/share/cleaner_description/environment/ament_prefix_path.sh\n'}
[3.292575] (cleaner_description) StdoutLine: {'line': b'-- Installing: /home/shared/projects/gultepe/cleaner_ws/install/cleaner_description/share/cleaner_description/environment/ament_prefix_path.dsv\n'}
[3.293210] (cleaner_description) StdoutLine: {'line': b'-- Installing: /home/shared/projects/gultepe/cleaner_ws/install/cleaner_description/share/cleaner_description/environment/path.sh\n'}
[3.293981] (cleaner_description) StdoutLine: {'line': b'-- Installing: /home/shared/projects/gultepe/cleaner_ws/install/cleaner_description/share/cleaner_description/environment/path.dsv\n'}
[3.294622] (cleaner_description) StdoutLine: {'line': b'-- Installing: /home/shared/projects/gultepe/cleaner_ws/install/cleaner_description/share/cleaner_description/local_setup.bash\n'}
[3.295305] (cleaner_description) StdoutLine: {'line': b'-- Installing: /home/shared/projects/gultepe/cleaner_ws/install/cleaner_description/share/cleaner_description/local_setup.sh\n'}
[3.296012] (cleaner_description) StdoutLine: {'line': b'-- Installing: /home/shared/projects/gultepe/cleaner_ws/install/cleaner_description/share/cleaner_description/local_setup.zsh\n'}
[3.296707] (cleaner_description) StdoutLine: {'line': b'-- Installing: /home/shared/projects/gultepe/cleaner_ws/install/cleaner_description/share/cleaner_description/local_setup.dsv\n'}
[3.297359] (cleaner_description) StdoutLine: {'line': b'-- Installing: /home/shared/projects/gultepe/cleaner_ws/install/cleaner_description/share/cleaner_description/package.dsv\n'}
[3.298302] (cleaner_description) StdoutLine: {'line': b'-- Installing: /home/shared/projects/gultepe/cleaner_ws/install/cleaner_description/share/ament_index/resource_index/packages/cleaner_description\n'}
[3.299168] (cleaner_description) StdoutLine: {'line': b'-- Installing: /home/shared/projects/gultepe/cleaner_ws/install/cleaner_description/share/cleaner_description/cmake/cleaner_descriptionConfig.cmake\n'}
[3.299811] (cleaner_description) StdoutLine: {'line': b'-- Installing: /home/shared/projects/gultepe/cleaner_ws/install/cleaner_description/share/cleaner_description/cmake/cleaner_descriptionConfig-version.cmake\n'}
[3.300498] (cleaner_description) StdoutLine: {'line': b'-- Installing: /home/shared/projects/gultepe/cleaner_ws/install/cleaner_description/share/cleaner_description/package.xml\n'}
[3.307282] (cleaner_description) CommandEnded: {'returncode': 0}
[3.314063] (-) TimerEvent: {}
[3.414865] (-) TimerEvent: {}
[3.515511] (-) TimerEvent: {}
[3.616753] (-) TimerEvent: {}
[3.717640] (-) TimerEvent: {}
[3.818468] (-) TimerEvent: {}
[3.919412] (-) TimerEvent: {}
[3.940155] (cleaner_description) JobEnded: {'identifier': 'cleaner_description', 'rc': 0}
[3.941439] (-) EventReactorShutdown: {}
