[0.276s] Invoking command in '/home/shared/projects/gultepe/cleaner_ws/build/cleaner_description': CMAKE_PREFIX_PATH=${CMAKE_PREFIX_PATH}:/home/tunaprogrammer/projects/gultepe/cleaner_ws/install/bno055:/home/tunaprogrammer/projects/gultepe/humble_ws/install/jetpack:/home/tunaprogrammer/projects/gultepe/humble_ws/install/python_pkg:/home/tunaprogrammer/projects/gultepe/humble_ws/install/catcher:/opt/ros/humble /usr/bin/cmake --build /home/shared/projects/gultepe/cleaner_ws/build/cleaner_description -- -j12 -l12
[0.809s] Invoked command in '/home/shared/projects/gultepe/cleaner_ws/build/cleaner_description' returned '0': CMAKE_PREFIX_PATH=${CMAKE_PREFIX_PATH}:/home/tunaprogrammer/projects/gultepe/cleaner_ws/install/bno055:/home/tunaprogrammer/projects/gultepe/humble_ws/install/jetpack:/home/tunaprogrammer/projects/gultepe/humble_ws/install/python_pkg:/home/tunaprogrammer/projects/gultepe/humble_ws/install/catcher:/opt/ros/humble /usr/bin/cmake --build /home/shared/projects/gultepe/cleaner_ws/build/cleaner_description -- -j12 -l12
[0.924s] Invoking command in '/home/shared/projects/gultepe/cleaner_ws/build/cleaner_description': CMAKE_PREFIX_PATH=${CMAKE_PREFIX_PATH}:/home/tunaprogrammer/projects/gultepe/cleaner_ws/install/bno055:/home/tunaprogrammer/projects/gultepe/humble_ws/install/jetpack:/home/tunaprogrammer/projects/gultepe/humble_ws/install/python_pkg:/home/tunaprogrammer/projects/gultepe/humble_ws/install/catcher:/opt/ros/humble /usr/bin/cmake --install /home/shared/projects/gultepe/cleaner_ws/build/cleaner_description
[0.956s] -- Install configuration: ""
[0.960s] -- Execute custom install script
[0.963s] -- Up-to-date symlink: /home/shared/projects/gultepe/cleaner_ws/install/cleaner_description/share/cleaner_description//urdf/cleaner.urdf.xacro
[0.964s] -- Up-to-date symlink: /home/shared/projects/gultepe/cleaner_ws/install/cleaner_description/share/cleaner_description//urdf/common.xacro
[0.964s] -- Up-to-date symlink: /home/shared/projects/gultepe/cleaner_ws/install/cleaner_description/share/cleaner_description//urdf/mobile_base.xacro
[0.965s] -- Up-to-date symlink: /home/shared/projects/gultepe/cleaner_ws/install/cleaner_description/share/cleaner_description//urdf/mobile_base_gazebo.xacro
[0.967s] -- Up-to-date symlink: /home/shared/projects/gultepe/cleaner_ws/install/cleaner_description/share/cleaner_description//rviz/cleaner_default.rviz
[0.968s] -- Up-to-date symlink: /home/shared/projects/gultepe/cleaner_ws/install/cleaner_description/share/ament_index/resource_index/package_run_dependencies/cleaner_description
[0.969s] -- Up-to-date symlink: /home/shared/projects/gultepe/cleaner_ws/install/cleaner_description/share/ament_index/resource_index/parent_prefix_path/cleaner_description
[0.970s] -- Up-to-date symlink: /home/shared/projects/gultepe/cleaner_ws/install/cleaner_description/share/cleaner_description/environment/ament_prefix_path.sh
[0.971s] -- Up-to-date symlink: /home/shared/projects/gultepe/cleaner_ws/install/cleaner_description/share/cleaner_description/environment/ament_prefix_path.dsv
[0.972s] -- Up-to-date symlink: /home/shared/projects/gultepe/cleaner_ws/install/cleaner_description/share/cleaner_description/environment/path.sh
[0.972s] -- Up-to-date symlink: /home/shared/projects/gultepe/cleaner_ws/install/cleaner_description/share/cleaner_description/environment/path.dsv
[0.973s] -- Up-to-date symlink: /home/shared/projects/gultepe/cleaner_ws/install/cleaner_description/share/cleaner_description/local_setup.bash
[0.974s] -- Up-to-date symlink: /home/shared/projects/gultepe/cleaner_ws/install/cleaner_description/share/cleaner_description/local_setup.sh
[0.975s] -- Up-to-date symlink: /home/shared/projects/gultepe/cleaner_ws/install/cleaner_description/share/cleaner_description/local_setup.zsh
[0.976s] -- Up-to-date symlink: /home/shared/projects/gultepe/cleaner_ws/install/cleaner_description/share/cleaner_description/local_setup.dsv
[0.977s] -- Symlinking: /home/shared/projects/gultepe/cleaner_ws/install/cleaner_description/share/cleaner_description/package.dsv
[1.013s] -- Up-to-date symlink: /home/shared/projects/gultepe/cleaner_ws/install/cleaner_description/share/ament_index/resource_index/packages/cleaner_description
[1.015s] -- Up-to-date symlink: /home/shared/projects/gultepe/cleaner_ws/install/cleaner_description/share/cleaner_description/cmake/cleaner_descriptionConfig.cmake
[1.016s] -- Up-to-date symlink: /home/shared/projects/gultepe/cleaner_ws/install/cleaner_description/share/cleaner_description/cmake/cleaner_descriptionConfig-version.cmake
[1.017s] -- Up-to-date symlink: /home/shared/projects/gultepe/cleaner_ws/install/cleaner_description/share/cleaner_description/package.xml
[1.027s] Invoked command in '/home/shared/projects/gultepe/cleaner_ws/build/cleaner_description' returned '0': CMAKE_PREFIX_PATH=${CMAKE_PREFIX_PATH}:/home/tunaprogrammer/projects/gultepe/cleaner_ws/install/bno055:/home/tunaprogrammer/projects/gultepe/humble_ws/install/jetpack:/home/tunaprogrammer/projects/gultepe/humble_ws/install/python_pkg:/home/tunaprogrammer/projects/gultepe/humble_ws/install/catcher:/opt/ros/humble /usr/bin/cmake --install /home/shared/projects/gultepe/cleaner_ws/build/cleaner_description
