[4.997s] Invoking command in '/home/shared/projects/gultepe/cleaner_ws/src/ros2_explorer/explorer_map_utils': PYTHONPATH=/home/shared/projects/gultepe/cleaner_ws/build/explorer_map_utils/prefix_override:/home/shared/projects/gultepe/cleaner_ws/install/explorer_map_utils/lib/python3.10/site-packages:${PYTHONPATH} /usr/bin/python3 setup.py egg_info --egg-base ../../../build/explorer_map_utils build --build-base /home/shared/projects/gultepe/cleaner_ws/build/explorer_map_utils/build install --record /home/shared/projects/gultepe/cleaner_ws/build/explorer_map_utils/install.log --install-scripts $base/lib/explorer_map_utils --single-version-externally-managed
[5.385s] /home/tunaprogrammer/.local/lib/python3.10/site-packages/setuptools/dist.py:717: UserWarning: Usage of dash-separated 'script-dir' will not be supported in future versions. Please use the underscore name 'script_dir' instead
[5.385s]   warnings.warn(
[5.443s] running egg_info
[5.444s] creating ../../../build/explorer_map_utils/explorer_map_utils.egg-info
[5.444s] writing ../../../build/explorer_map_utils/explorer_map_utils.egg-info/PKG-INFO
[5.445s] writing dependency_links to ../../../build/explorer_map_utils/explorer_map_utils.egg-info/dependency_links.txt
[5.445s] writing entry points to ../../../build/explorer_map_utils/explorer_map_utils.egg-info/entry_points.txt
[5.445s] writing requirements to ../../../build/explorer_map_utils/explorer_map_utils.egg-info/requires.txt
[5.446s] writing top-level names to ../../../build/explorer_map_utils/explorer_map_utils.egg-info/top_level.txt
[5.446s] writing manifest file '../../../build/explorer_map_utils/explorer_map_utils.egg-info/SOURCES.txt'
[5.449s] reading manifest file '../../../build/explorer_map_utils/explorer_map_utils.egg-info/SOURCES.txt'
[5.451s] writing manifest file '../../../build/explorer_map_utils/explorer_map_utils.egg-info/SOURCES.txt'
[5.451s] running build
[5.451s] running build_py
[5.452s] creating /home/shared/projects/gultepe/cleaner_ws/build/explorer_map_utils/build
[5.452s] creating /home/shared/projects/gultepe/cleaner_ws/build/explorer_map_utils/build/lib
[5.452s] creating /home/shared/projects/gultepe/cleaner_ws/build/explorer_map_utils/build/lib/explorer_map_utils
[5.452s] copying explorer_map_utils/__init__.py -> /home/shared/projects/gultepe/cleaner_ws/build/explorer_map_utils/build/lib/explorer_map_utils
[5.453s] copying explorer_map_utils/watchtower.py -> /home/shared/projects/gultepe/cleaner_ws/build/explorer_map_utils/build/lib/explorer_map_utils
[5.453s] running install
[5.453s] running install_lib
[5.454s] creating /home/shared/projects/gultepe/cleaner_ws/install/explorer_map_utils/lib/python3.10/site-packages/explorer_map_utils
[5.454s] copying /home/shared/projects/gultepe/cleaner_ws/build/explorer_map_utils/build/lib/explorer_map_utils/__init__.py -> /home/shared/projects/gultepe/cleaner_ws/install/explorer_map_utils/lib/python3.10/site-packages/explorer_map_utils
[5.454s] copying /home/shared/projects/gultepe/cleaner_ws/build/explorer_map_utils/build/lib/explorer_map_utils/watchtower.py -> /home/shared/projects/gultepe/cleaner_ws/install/explorer_map_utils/lib/python3.10/site-packages/explorer_map_utils
[5.455s] byte-compiling /home/shared/projects/gultepe/cleaner_ws/install/explorer_map_utils/lib/python3.10/site-packages/explorer_map_utils/__init__.py to __init__.cpython-310.pyc
[5.456s] byte-compiling /home/shared/projects/gultepe/cleaner_ws/install/explorer_map_utils/lib/python3.10/site-packages/explorer_map_utils/watchtower.py to watchtower.cpython-310.pyc
[5.460s] running install_data
[5.460s] creating /home/shared/projects/gultepe/cleaner_ws/install/explorer_map_utils/share/ament_index
[5.460s] creating /home/shared/projects/gultepe/cleaner_ws/install/explorer_map_utils/share/ament_index/resource_index
[5.460s] creating /home/shared/projects/gultepe/cleaner_ws/install/explorer_map_utils/share/ament_index/resource_index/packages
[5.460s] copying resource/explorer_map_utils -> /home/shared/projects/gultepe/cleaner_ws/install/explorer_map_utils/share/ament_index/resource_index/packages
[5.461s] copying package.xml -> /home/shared/projects/gultepe/cleaner_ws/install/explorer_map_utils/share/explorer_map_utils
[5.461s] running install_egg_info
[5.462s] Copying ../../../build/explorer_map_utils/explorer_map_utils.egg-info to /home/shared/projects/gultepe/cleaner_ws/install/explorer_map_utils/lib/python3.10/site-packages/explorer_map_utils-0.0.0-py3.10.egg-info
[5.463s] running install_scripts
[5.506s] Installing watchtower script to /home/shared/projects/gultepe/cleaner_ws/install/explorer_map_utils/lib/explorer_map_utils
[5.506s] writing list of installed files to '/home/shared/projects/gultepe/cleaner_ws/build/explorer_map_utils/install.log'
[5.747s] Invoked command in '/home/shared/projects/gultepe/cleaner_ws/src/ros2_explorer/explorer_map_utils' returned '0': PYTHONPATH=/home/shared/projects/gultepe/cleaner_ws/build/explorer_map_utils/prefix_override:/home/shared/projects/gultepe/cleaner_ws/install/explorer_map_utils/lib/python3.10/site-packages:${PYTHONPATH} /usr/bin/python3 setup.py egg_info --egg-base ../../../build/explorer_map_utils build --build-base /home/shared/projects/gultepe/cleaner_ws/build/explorer_map_utils/build install --record /home/shared/projects/gultepe/cleaner_ws/build/explorer_map_utils/install.log --install-scripts $base/lib/explorer_map_utils --single-version-externally-managed
