[1.851s] Invoking command in '/home/shared/projects/gultepe/cleaner_ws/build/rplidar_ros': CMAKE_PREFIX_PATH=${CMAKE_PREFIX_PATH}:/home/tunaprogrammer/projects/gultepe/cleaner_ws/install/explorer_wanderer:/home/tunaprogrammer/projects/gultepe/cleaner_ws/install/explorer_navigation2:/home/tunaprogrammer/projects/gultepe/cleaner_ws/install/explorer_map_utils:/home/tunaprogrammer/projects/gultepe/cleaner_ws/install/explorer_bringup:/home/tunaprogrammer/projects/gultepe/cleaner_ws/install/bno055:/home/tunaprogrammer/projects/gultepe/humble_ws/install/jetpack:/home/tunaprogrammer/projects/gultepe/humble_ws/install/python_pkg:/home/tunaprogrammer/projects/gultepe/humble_ws/install/catcher:/opt/ros/humble /usr/bin/cmake --build /home/shared/projects/gultepe/cleaner_ws/build/rplidar_ros -- -j12 -l12
[1.943s] [  5%] Built target rplidar_client
[1.972s] [ 52%] Built target rplidar_node
[1.973s] [100%] Built target rplidar_composition
[2.180s] Invoked command in '/home/shared/projects/gultepe/cleaner_ws/build/rplidar_ros' returned '0': CMAKE_PREFIX_PATH=${CMAKE_PREFIX_PATH}:/home/tunaprogrammer/projects/gultepe/cleaner_ws/install/explorer_wanderer:/home/tunaprogrammer/projects/gultepe/cleaner_ws/install/explorer_navigation2:/home/tunaprogrammer/projects/gultepe/cleaner_ws/install/explorer_map_utils:/home/tunaprogrammer/projects/gultepe/cleaner_ws/install/explorer_bringup:/home/tunaprogrammer/projects/gultepe/cleaner_ws/install/bno055:/home/tunaprogrammer/projects/gultepe/humble_ws/install/jetpack:/home/tunaprogrammer/projects/gultepe/humble_ws/install/python_pkg:/home/tunaprogrammer/projects/gultepe/humble_ws/install/catcher:/opt/ros/humble /usr/bin/cmake --build /home/shared/projects/gultepe/cleaner_ws/build/rplidar_ros -- -j12 -l12
[2.550s] Invoking command in '/home/shared/projects/gultepe/cleaner_ws/build/rplidar_ros': CMAKE_PREFIX_PATH=${CMAKE_PREFIX_PATH}:/home/tunaprogrammer/projects/gultepe/cleaner_ws/install/explorer_wanderer:/home/tunaprogrammer/projects/gultepe/cleaner_ws/install/explorer_navigation2:/home/tunaprogrammer/projects/gultepe/cleaner_ws/install/explorer_map_utils:/home/tunaprogrammer/projects/gultepe/cleaner_ws/install/explorer_bringup:/home/tunaprogrammer/projects/gultepe/cleaner_ws/install/bno055:/home/tunaprogrammer/projects/gultepe/humble_ws/install/jetpack:/home/tunaprogrammer/projects/gultepe/humble_ws/install/python_pkg:/home/tunaprogrammer/projects/gultepe/humble_ws/install/catcher:/opt/ros/humble /usr/bin/cmake --install /home/shared/projects/gultepe/cleaner_ws/build/rplidar_ros
[2.633s] -- Install configuration: ""
[2.634s] -- Execute custom install script
[2.634s] -- Up-to-date symlink: /home/shared/projects/gultepe/cleaner_ws/install/rplidar_ros/share/rplidar_ros/launch/rplidar_a1_launch.py
[2.634s] -- Up-to-date symlink: /home/shared/projects/gultepe/cleaner_ws/install/rplidar_ros/share/rplidar_ros/launch/rplidar_a2m12_launch.py
[2.634s] -- Up-to-date symlink: /home/shared/projects/gultepe/cleaner_ws/install/rplidar_ros/share/rplidar_ros/launch/rplidar_a2m7_launch.py
[2.634s] -- Up-to-date symlink: /home/shared/projects/gultepe/cleaner_ws/install/rplidar_ros/share/rplidar_ros/launch/rplidar_a2m8_launch.py
[2.634s] -- Up-to-date symlink: /home/shared/projects/gultepe/cleaner_ws/install/rplidar_ros/share/rplidar_ros/launch/rplidar_a3_launch.py
[2.635s] -- Up-to-date symlink: /home/shared/projects/gultepe/cleaner_ws/install/rplidar_ros/share/rplidar_ros/launch/rplidar_c1_launch.py
[2.635s] -- Up-to-date symlink: /home/shared/projects/gultepe/cleaner_ws/install/rplidar_ros/share/rplidar_ros/launch/rplidar_s1_launch.py
[2.635s] -- Up-to-date symlink: /home/shared/projects/gultepe/cleaner_ws/install/rplidar_ros/share/rplidar_ros/launch/rplidar_s1_tcp_launch.py
[2.635s] -- Up-to-date symlink: /home/shared/projects/gultepe/cleaner_ws/install/rplidar_ros/share/rplidar_ros/launch/rplidar_s2_launch.py
[2.635s] -- Up-to-date symlink: /home/shared/projects/gultepe/cleaner_ws/install/rplidar_ros/share/rplidar_ros/launch/rplidar_s2e_launch.py
[2.635s] -- Up-to-date symlink: /home/shared/projects/gultepe/cleaner_ws/install/rplidar_ros/share/rplidar_ros/launch/rplidar_s3_launch.py
[2.635s] -- Up-to-date symlink: /home/shared/projects/gultepe/cleaner_ws/install/rplidar_ros/share/rplidar_ros/launch/rplidar_t1_launch.py
[2.636s] -- Up-to-date symlink: /home/shared/projects/gultepe/cleaner_ws/install/rplidar_ros/share/rplidar_ros/launch/view_rplidar_a1_launch.py
[2.636s] -- Up-to-date symlink: /home/shared/projects/gultepe/cleaner_ws/install/rplidar_ros/share/rplidar_ros/launch/view_rplidar_a2m12_launch.py
[2.636s] -- Up-to-date symlink: /home/shared/projects/gultepe/cleaner_ws/install/rplidar_ros/share/rplidar_ros/launch/view_rplidar_a2m7_launch.py
[2.636s] -- Up-to-date symlink: /home/shared/projects/gultepe/cleaner_ws/install/rplidar_ros/share/rplidar_ros/launch/view_rplidar_a2m8_launch.py
[2.636s] -- Up-to-date symlink: /home/shared/projects/gultepe/cleaner_ws/install/rplidar_ros/share/rplidar_ros/launch/view_rplidar_a3_launch.py
[2.636s] -- Up-to-date symlink: /home/shared/projects/gultepe/cleaner_ws/install/rplidar_ros/share/rplidar_ros/launch/view_rplidar_c1_launch.py
[2.636s] -- Up-to-date symlink: /home/shared/projects/gultepe/cleaner_ws/install/rplidar_ros/share/rplidar_ros/launch/view_rplidar_s1_launch.py
[2.637s] -- Up-to-date symlink: /home/shared/projects/gultepe/cleaner_ws/install/rplidar_ros/share/rplidar_ros/launch/view_rplidar_s1_tcp_launch.py
[2.637s] -- Up-to-date symlink: /home/shared/projects/gultepe/cleaner_ws/install/rplidar_ros/share/rplidar_ros/launch/view_rplidar_s2_launch.py
[2.637s] -- Up-to-date symlink: /home/shared/projects/gultepe/cleaner_ws/install/rplidar_ros/share/rplidar_ros/launch/view_rplidar_s2e_launch.py
[2.637s] -- Up-to-date symlink: /home/shared/projects/gultepe/cleaner_ws/install/rplidar_ros/share/rplidar_ros/launch/view_rplidar_s3_launch.py
[2.637s] -- Up-to-date symlink: /home/shared/projects/gultepe/cleaner_ws/install/rplidar_ros/share/rplidar_ros/launch/view_rplidar_t1_launch.py
[2.637s] -- Up-to-date symlink: /home/shared/projects/gultepe/cleaner_ws/install/rplidar_ros/share/rplidar_ros/rviz/rplidar_ros.rviz
[2.638s] -- Up-to-date symlink: /home/shared/projects/gultepe/cleaner_ws/install/rplidar_ros/lib/rplidar_ros/rplidar_node
[2.638s] -- Up-to-date symlink: /home/shared/projects/gultepe/cleaner_ws/install/rplidar_ros/lib/rplidar_ros/rplidar_composition
[2.638s] -- Up-to-date symlink: /home/shared/projects/gultepe/cleaner_ws/install/rplidar_ros/lib/rplidar_ros/rplidar_client
[2.638s] -- Up-to-date symlink: /home/shared/projects/gultepe/cleaner_ws/install/rplidar_ros/share/ament_index/resource_index/package_run_dependencies/rplidar_ros
[2.638s] -- Up-to-date symlink: /home/shared/projects/gultepe/cleaner_ws/install/rplidar_ros/share/ament_index/resource_index/parent_prefix_path/rplidar_ros
[2.638s] -- Up-to-date symlink: /home/shared/projects/gultepe/cleaner_ws/install/rplidar_ros/share/rplidar_ros/environment/ament_prefix_path.sh
[2.638s] -- Up-to-date symlink: /home/shared/projects/gultepe/cleaner_ws/install/rplidar_ros/share/rplidar_ros/environment/ament_prefix_path.dsv
[2.639s] -- Up-to-date symlink: /home/shared/projects/gultepe/cleaner_ws/install/rplidar_ros/share/rplidar_ros/environment/path.sh
[2.639s] -- Up-to-date symlink: /home/shared/projects/gultepe/cleaner_ws/install/rplidar_ros/share/rplidar_ros/environment/path.dsv
[2.639s] -- Up-to-date symlink: /home/shared/projects/gultepe/cleaner_ws/install/rplidar_ros/share/rplidar_ros/local_setup.bash
[2.639s] -- Up-to-date symlink: /home/shared/projects/gultepe/cleaner_ws/install/rplidar_ros/share/rplidar_ros/local_setup.sh
[2.639s] -- Up-to-date symlink: /home/shared/projects/gultepe/cleaner_ws/install/rplidar_ros/share/rplidar_ros/local_setup.zsh
[2.639s] -- Up-to-date symlink: /home/shared/projects/gultepe/cleaner_ws/install/rplidar_ros/share/rplidar_ros/local_setup.dsv
[2.639s] -- Symlinking: /home/shared/projects/gultepe/cleaner_ws/install/rplidar_ros/share/rplidar_ros/package.dsv
[2.639s] -- Up-to-date symlink: /home/shared/projects/gultepe/cleaner_ws/install/rplidar_ros/share/ament_index/resource_index/packages/rplidar_ros
[2.640s] -- Up-to-date symlink: /home/shared/projects/gultepe/cleaner_ws/install/rplidar_ros/share/rplidar_ros/cmake/ament_cmake_export_dependencies-extras.cmake
[2.640s] -- Up-to-date symlink: /home/shared/projects/gultepe/cleaner_ws/install/rplidar_ros/share/rplidar_ros/cmake/ament_cmake_export_include_directories-extras.cmake
[2.640s] -- Up-to-date symlink: /home/shared/projects/gultepe/cleaner_ws/install/rplidar_ros/share/rplidar_ros/cmake/rplidar_rosConfig.cmake
[2.640s] -- Up-to-date symlink: /home/shared/projects/gultepe/cleaner_ws/install/rplidar_ros/share/rplidar_ros/cmake/rplidar_rosConfig-version.cmake
[2.640s] -- Up-to-date symlink: /home/shared/projects/gultepe/cleaner_ws/install/rplidar_ros/share/rplidar_ros/package.xml
[2.876s] Invoked command in '/home/shared/projects/gultepe/cleaner_ws/build/rplidar_ros' returned '0': CMAKE_PREFIX_PATH=${CMAKE_PREFIX_PATH}:/home/tunaprogrammer/projects/gultepe/cleaner_ws/install/explorer_wanderer:/home/tunaprogrammer/projects/gultepe/cleaner_ws/install/explorer_navigation2:/home/tunaprogrammer/projects/gultepe/cleaner_ws/install/explorer_map_utils:/home/tunaprogrammer/projects/gultepe/cleaner_ws/install/explorer_bringup:/home/tunaprogrammer/projects/gultepe/cleaner_ws/install/bno055:/home/tunaprogrammer/projects/gultepe/humble_ws/install/jetpack:/home/tunaprogrammer/projects/gultepe/humble_ws/install/python_pkg:/home/tunaprogrammer/projects/gultepe/humble_ws/install/catcher:/opt/ros/humble /usr/bin/cmake --install /home/shared/projects/gultepe/cleaner_ws/build/rplidar_ros
