[3.426s] Invoking command in '/home/shared/projects/gultepe/cleaner_ws/src/bno055': PYTHONPATH=/home/shared/projects/gultepe/cleaner_ws/build/bno055/prefix_override:/home/shared/projects/gultepe/cleaner_ws/install/bno055/lib/python3.10/site-packages:${PYTHONPATH} /usr/bin/python3 setup.py egg_info --egg-base ../../build/bno055 build --build-base /home/shared/projects/gultepe/cleaner_ws/build/bno055/build install --record /home/shared/projects/gultepe/cleaner_ws/build/bno055/install.log --single-version-externally-managed
[3.773s] running egg_info
[3.774s] writing ../../build/bno055/bno055.egg-info/PKG-INFO
[3.775s] writing dependency_links to ../../build/bno055/bno055.egg-info/dependency_links.txt
[3.775s] writing entry points to ../../build/bno055/bno055.egg-info/entry_points.txt
[3.776s] writing requirements to ../../build/bno055/bno055.egg-info/requires.txt
[3.776s] writing top-level names to ../../build/bno055/bno055.egg-info/top_level.txt
[3.779s] reading manifest file '../../build/bno055/bno055.egg-info/SOURCES.txt'
[3.779s] adding license file 'LICENSE'
[3.779s] adding license file 'AUTHORS'
[3.780s] writing manifest file '../../build/bno055/bno055.egg-info/SOURCES.txt'
[3.780s] running build
[3.781s] running build_py
[3.783s] running install
[3.784s] running install_lib
[3.785s] running install_data
[3.786s] running install_egg_info
[3.789s] removing '/home/shared/projects/gultepe/cleaner_ws/install/bno055/lib/python3.10/site-packages/bno055-0.4.1-py3.10.egg-info' (and everything under it)
[3.789s] Copying ../../build/bno055/bno055.egg-info to /home/shared/projects/gultepe/cleaner_ws/install/bno055/lib/python3.10/site-packages/bno055-0.4.1-py3.10.egg-info
[3.794s] running install_scripts
[3.824s] Installing bno055 script to /home/shared/projects/gultepe/cleaner_ws/install/bno055/lib/bno055
[3.825s] writing list of installed files to '/home/shared/projects/gultepe/cleaner_ws/build/bno055/install.log'
[4.003s] Invoked command in '/home/shared/projects/gultepe/cleaner_ws/src/bno055' returned '0': PYTHONPATH=/home/shared/projects/gultepe/cleaner_ws/build/bno055/prefix_override:/home/shared/projects/gultepe/cleaner_ws/install/bno055/lib/python3.10/site-packages:${PYTHONPATH} /usr/bin/python3 setup.py egg_info --egg-base ../../build/bno055 build --build-base /home/shared/projects/gultepe/cleaner_ws/build/bno055/build install --record /home/shared/projects/gultepe/cleaner_ws/build/bno055/install.log --single-version-externally-managed
