[2.327s] DEBUG:colcon:Command line arguments: ['/usr/bin/colcon', 'build']
[2.328s] DEBUG:colcon:Parsed command line arguments: Namespace(log_base=None, log_level=None, verb_name='build', build_base='build', install_base='install', merge_install=False, symlink_install=False, test_result_base=None, continue_on_error=False, executor='parallel', parallel_workers=12, event_handlers=None, ignore_user_meta=False, metas=['./colcon.meta'], base_paths=['.'], packages_ignore=None, packages_ignore_regex=None, paths=None, packages_up_to=None, packages_up_to_regex=None, packages_above=None, packages_above_and_dependencies=None, packages_above_depth=None, packages_select_by_dep=None, packages_skip_by_dep=None, packages_skip_up_to=None, packages_select_build_failed=False, packages_skip_build_finished=False, packages_select_test_failures=False, packages_skip_test_passed=False, packages_select=None, packages_skip=None, packages_select_regex=None, packages_skip_regex=None, packages_start=None, packages_end=None, allow_overriding=[], cmake_args=None, cmake_target=None, cmake_target_skip_unavailable=False, cmake_clean_cache=False, cmake_clean_first=False, cmake_force_configure=False, ament_cmake_args=None, catkin_cmake_args=None, catkin_skip_building_tests=False, verb_parser=<colcon_defaults.argument_parser.defaults.DefaultArgumentsDecorator object at 0x7fa0ddeb88b0>, verb_extension=<colcon_core.verb.build.BuildVerb object at 0x7fa0de13e410>, main=<bound method BuildVerb.main of <colcon_core.verb.build.BuildVerb object at 0x7fa0de13e410>>)
[2.428s] Level 1:colcon.colcon_core.package_discovery:discover_packages(colcon_meta) check parameters
[2.429s] Level 1:colcon.colcon_core.package_discovery:discover_packages(recursive) check parameters
[2.429s] Level 1:colcon.colcon_core.package_discovery:discover_packages(ignore) check parameters
[2.429s] Level 1:colcon.colcon_core.package_discovery:discover_packages(path) check parameters
[2.429s] Level 1:colcon.colcon_core.package_discovery:discover_packages(colcon_meta) discover
[2.429s] Level 1:colcon.colcon_core.package_discovery:discover_packages(recursive) discover
[2.429s] INFO:colcon.colcon_core.package_discovery:Crawling recursively for packages in '/home/shared/projects/gultepe/cleaner_ws'
[2.429s] Level 1:colcon.colcon_core.package_identification:_identify(.) by extensions ['ignore', 'ignore_ament_install']
[2.430s] Level 1:colcon.colcon_core.package_identification:_identify(.) by extension 'ignore'
[2.430s] Level 1:colcon.colcon_core.package_identification:_identify(.) by extension 'ignore_ament_install'
[2.430s] Level 1:colcon.colcon_core.package_identification:_identify(.) by extensions ['colcon_pkg']
[2.430s] Level 1:colcon.colcon_core.package_identification:_identify(.) by extension 'colcon_pkg'
[2.430s] Level 1:colcon.colcon_core.package_identification:_identify(.) by extensions ['colcon_meta']
[2.430s] Level 1:colcon.colcon_core.package_identification:_identify(.) by extension 'colcon_meta'
[2.430s] Level 1:colcon.colcon_core.package_identification:_identify(.) by extensions ['ros']
[2.430s] Level 1:colcon.colcon_core.package_identification:_identify(.) by extension 'ros'
[2.452s] Level 1:colcon.colcon_core.package_identification:_identify(.) by extensions ['cmake', 'python']
[2.452s] Level 1:colcon.colcon_core.package_identification:_identify(.) by extension 'cmake'
[2.452s] Level 1:colcon.colcon_core.package_identification:_identify(.) by extension 'python'
[2.452s] Level 1:colcon.colcon_core.package_identification:_identify(.) by extensions ['python_setup_py']
[2.452s] Level 1:colcon.colcon_core.package_identification:_identify(.) by extension 'python_setup_py'
[2.452s] Level 1:colcon.colcon_core.package_identification:_identify(build) by extensions ['ignore', 'ignore_ament_install']
[2.453s] Level 1:colcon.colcon_core.package_identification:_identify(build) by extension 'ignore'
[2.453s] Level 1:colcon.colcon_core.package_identification:_identify(build) ignored
[2.453s] Level 1:colcon.colcon_core.package_identification:_identify(install) by extensions ['ignore', 'ignore_ament_install']
[2.453s] Level 1:colcon.colcon_core.package_identification:_identify(install) by extension 'ignore'
[2.453s] Level 1:colcon.colcon_core.package_identification:_identify(install) ignored
[2.453s] Level 1:colcon.colcon_core.package_identification:_identify(log) by extensions ['ignore', 'ignore_ament_install']
[2.454s] Level 1:colcon.colcon_core.package_identification:_identify(log) by extension 'ignore'
[2.454s] Level 1:colcon.colcon_core.package_identification:_identify(log) ignored
[2.454s] Level 1:colcon.colcon_core.package_identification:_identify(src) by extensions ['ignore', 'ignore_ament_install']
[2.454s] Level 1:colcon.colcon_core.package_identification:_identify(src) by extension 'ignore'
[2.454s] Level 1:colcon.colcon_core.package_identification:_identify(src) by extension 'ignore_ament_install'
[2.454s] Level 1:colcon.colcon_core.package_identification:_identify(src) by extensions ['colcon_pkg']
[2.454s] Level 1:colcon.colcon_core.package_identification:_identify(src) by extension 'colcon_pkg'
[2.454s] Level 1:colcon.colcon_core.package_identification:_identify(src) by extensions ['colcon_meta']
[2.455s] Level 1:colcon.colcon_core.package_identification:_identify(src) by extension 'colcon_meta'
[2.455s] Level 1:colcon.colcon_core.package_identification:_identify(src) by extensions ['ros']
[2.455s] Level 1:colcon.colcon_core.package_identification:_identify(src) by extension 'ros'
[2.455s] Level 1:colcon.colcon_core.package_identification:_identify(src) by extensions ['cmake', 'python']
[2.455s] Level 1:colcon.colcon_core.package_identification:_identify(src) by extension 'cmake'
[2.455s] Level 1:colcon.colcon_core.package_identification:_identify(src) by extension 'python'
[2.455s] Level 1:colcon.colcon_core.package_identification:_identify(src) by extensions ['python_setup_py']
[2.455s] Level 1:colcon.colcon_core.package_identification:_identify(src) by extension 'python_setup_py'
[2.455s] Level 1:colcon.colcon_core.package_identification:_identify(src/bno055) by extensions ['ignore', 'ignore_ament_install']
[2.456s] Level 1:colcon.colcon_core.package_identification:_identify(src/bno055) by extension 'ignore'
[2.456s] Level 1:colcon.colcon_core.package_identification:_identify(src/bno055) by extension 'ignore_ament_install'
[2.456s] Level 1:colcon.colcon_core.package_identification:_identify(src/bno055) by extensions ['colcon_pkg']
[2.456s] Level 1:colcon.colcon_core.package_identification:_identify(src/bno055) by extension 'colcon_pkg'
[2.456s] Level 1:colcon.colcon_core.package_identification:_identify(src/bno055) by extensions ['colcon_meta']
[2.456s] Level 1:colcon.colcon_core.package_identification:_identify(src/bno055) by extension 'colcon_meta'
[2.456s] Level 1:colcon.colcon_core.package_identification:_identify(src/bno055) by extensions ['ros']
[2.456s] Level 1:colcon.colcon_core.package_identification:_identify(src/bno055) by extension 'ros'
[2.462s] DEBUG:colcon.colcon_core.package_identification:Package 'src/bno055' with type 'ros.ament_python' and name 'bno055'
[2.462s] Level 1:colcon.colcon_core.package_identification:_identify(src/cleaner_bringup) by extensions ['ignore', 'ignore_ament_install']
[2.462s] Level 1:colcon.colcon_core.package_identification:_identify(src/cleaner_bringup) by extension 'ignore'
[2.463s] Level 1:colcon.colcon_core.package_identification:_identify(src/cleaner_bringup) by extension 'ignore_ament_install'
[2.463s] Level 1:colcon.colcon_core.package_identification:_identify(src/cleaner_bringup) by extensions ['colcon_pkg']
[2.463s] Level 1:colcon.colcon_core.package_identification:_identify(src/cleaner_bringup) by extension 'colcon_pkg'
[2.463s] Level 1:colcon.colcon_core.package_identification:_identify(src/cleaner_bringup) by extensions ['colcon_meta']
[2.463s] Level 1:colcon.colcon_core.package_identification:_identify(src/cleaner_bringup) by extension 'colcon_meta'
[2.463s] Level 1:colcon.colcon_core.package_identification:_identify(src/cleaner_bringup) by extensions ['ros']
[2.463s] Level 1:colcon.colcon_core.package_identification:_identify(src/cleaner_bringup) by extension 'ros'
[2.464s] DEBUG:colcon.colcon_core.package_identification:Package 'src/cleaner_bringup' with type 'ros.ament_cmake' and name 'cleaner_bringup'
[2.465s] Level 1:colcon.colcon_core.package_identification:_identify(src/cleaner_description) by extensions ['ignore', 'ignore_ament_install']
[2.465s] Level 1:colcon.colcon_core.package_identification:_identify(src/cleaner_description) by extension 'ignore'
[2.465s] Level 1:colcon.colcon_core.package_identification:_identify(src/cleaner_description) by extension 'ignore_ament_install'
[2.465s] Level 1:colcon.colcon_core.package_identification:_identify(src/cleaner_description) by extensions ['colcon_pkg']
[2.465s] Level 1:colcon.colcon_core.package_identification:_identify(src/cleaner_description) by extension 'colcon_pkg'
[2.465s] Level 1:colcon.colcon_core.package_identification:_identify(src/cleaner_description) by extensions ['colcon_meta']
[2.466s] Level 1:colcon.colcon_core.package_identification:_identify(src/cleaner_description) by extension 'colcon_meta'
[2.466s] Level 1:colcon.colcon_core.package_identification:_identify(src/cleaner_description) by extensions ['ros']
[2.466s] Level 1:colcon.colcon_core.package_identification:_identify(src/cleaner_description) by extension 'ros'
[2.467s] DEBUG:colcon.colcon_core.package_identification:Package 'src/cleaner_description' with type 'ros.ament_cmake' and name 'cleaner_description'
[2.467s] Level 1:colcon.colcon_core.package_identification:_identify(src/rplidar_ros) by extensions ['ignore', 'ignore_ament_install']
[2.467s] Level 1:colcon.colcon_core.package_identification:_identify(src/rplidar_ros) by extension 'ignore'
[2.467s] Level 1:colcon.colcon_core.package_identification:_identify(src/rplidar_ros) by extension 'ignore_ament_install'
[2.468s] Level 1:colcon.colcon_core.package_identification:_identify(src/rplidar_ros) by extensions ['colcon_pkg']
[2.468s] Level 1:colcon.colcon_core.package_identification:_identify(src/rplidar_ros) by extension 'colcon_pkg'
[2.468s] Level 1:colcon.colcon_core.package_identification:_identify(src/rplidar_ros) by extensions ['colcon_meta']
[2.468s] Level 1:colcon.colcon_core.package_identification:_identify(src/rplidar_ros) by extension 'colcon_meta'
[2.468s] Level 1:colcon.colcon_core.package_identification:_identify(src/rplidar_ros) by extensions ['ros']
[2.468s] Level 1:colcon.colcon_core.package_identification:_identify(src/rplidar_ros) by extension 'ros'
[2.470s] DEBUG:colcon.colcon_core.package_identification:Package 'src/rplidar_ros' with type 'ros.ament_cmake' and name 'rplidar_ros'
[2.470s] Level 1:colcon.colcon_core.package_identification:_identify(src/turtlebot3_gazebo) by extensions ['ignore', 'ignore_ament_install']
[2.470s] Level 1:colcon.colcon_core.package_identification:_identify(src/turtlebot3_gazebo) by extension 'ignore'
[2.470s] Level 1:colcon.colcon_core.package_identification:_identify(src/turtlebot3_gazebo) by extension 'ignore_ament_install'
[2.471s] Level 1:colcon.colcon_core.package_identification:_identify(src/turtlebot3_gazebo) by extensions ['colcon_pkg']
[2.471s] Level 1:colcon.colcon_core.package_identification:_identify(src/turtlebot3_gazebo) by extension 'colcon_pkg'
[2.471s] Level 1:colcon.colcon_core.package_identification:_identify(src/turtlebot3_gazebo) by extensions ['colcon_meta']
[2.471s] Level 1:colcon.colcon_core.package_identification:_identify(src/turtlebot3_gazebo) by extension 'colcon_meta'
[2.471s] Level 1:colcon.colcon_core.package_identification:_identify(src/turtlebot3_gazebo) by extensions ['ros']
[2.471s] Level 1:colcon.colcon_core.package_identification:_identify(src/turtlebot3_gazebo) by extension 'ros'
[2.474s] DEBUG:colcon.colcon_core.package_identification:Package 'src/turtlebot3_gazebo' with type 'ros.ament_cmake' and name 'turtlebot3_gazebo'
[2.474s] Level 1:colcon.colcon_core.package_identification:_identify(src/turtlebot3_simulations) by extensions ['ignore', 'ignore_ament_install']
[2.475s] Level 1:colcon.colcon_core.package_identification:_identify(src/turtlebot3_simulations) by extension 'ignore'
[2.475s] Level 1:colcon.colcon_core.package_identification:_identify(src/turtlebot3_simulations) by extension 'ignore_ament_install'
[2.475s] Level 1:colcon.colcon_core.package_identification:_identify(src/turtlebot3_simulations) by extensions ['colcon_pkg']
[2.475s] Level 1:colcon.colcon_core.package_identification:_identify(src/turtlebot3_simulations) by extension 'colcon_pkg'
[2.475s] Level 1:colcon.colcon_core.package_identification:_identify(src/turtlebot3_simulations) by extensions ['colcon_meta']
[2.475s] Level 1:colcon.colcon_core.package_identification:_identify(src/turtlebot3_simulations) by extension 'colcon_meta'
[2.475s] Level 1:colcon.colcon_core.package_identification:_identify(src/turtlebot3_simulations) by extensions ['ros']
[2.475s] Level 1:colcon.colcon_core.package_identification:_identify(src/turtlebot3_simulations) by extension 'ros'
[2.477s] DEBUG:colcon.colcon_core.package_identification:Package 'src/turtlebot3_simulations' with type 'ros.ament_cmake' and name 'turtlebot3_simulations'
[2.477s] Level 1:colcon.colcon_core.package_discovery:discover_packages(recursive) using defaults
[2.477s] Level 1:colcon.colcon_core.package_discovery:discover_packages(ignore) discover
[2.477s] Level 1:colcon.colcon_core.package_discovery:discover_packages(ignore) using defaults
[2.477s] Level 1:colcon.colcon_core.package_discovery:discover_packages(path) discover
[2.477s] Level 1:colcon.colcon_core.package_discovery:discover_packages(path) using defaults
[2.792s] Level 1:colcon.colcon_core.package_discovery:discover_packages(prefix_path) check parameters
[2.792s] Level 1:colcon.colcon_core.package_discovery:discover_packages(prefix_path) discover
[2.856s] DEBUG:colcon.colcon_installed_package_information.package_discovery:Found 6 installed packages in /home/tunaprogrammer/projects/gultepe/cleaner_ws/install
[2.889s] DEBUG:colcon.colcon_installed_package_information.package_discovery:Found 5 installed packages in /home/tunaprogrammer/projects/gultepe/humble_ws/install
[2.924s] DEBUG:colcon.colcon_installed_package_information.package_discovery:Found 387 installed packages in /opt/ros/humble
[2.927s] Level 1:colcon.colcon_core.package_discovery:discover_packages(prefix_path) using defaults
[3.127s] Level 5:colcon.colcon_core.verb:set package 'bno055' build argument 'cmake_args' from command line to 'None'
[3.127s] Level 5:colcon.colcon_core.verb:set package 'bno055' build argument 'cmake_target' from command line to 'None'
[3.127s] Level 5:colcon.colcon_core.verb:set package 'bno055' build argument 'cmake_target_skip_unavailable' from command line to 'False'
[3.128s] Level 5:colcon.colcon_core.verb:set package 'bno055' build argument 'cmake_clean_cache' from command line to 'False'
[3.128s] Level 5:colcon.colcon_core.verb:set package 'bno055' build argument 'cmake_clean_first' from command line to 'False'
[3.128s] Level 5:colcon.colcon_core.verb:set package 'bno055' build argument 'cmake_force_configure' from command line to 'False'
[3.128s] Level 5:colcon.colcon_core.verb:set package 'bno055' build argument 'ament_cmake_args' from command line to 'None'
[3.128s] Level 5:colcon.colcon_core.verb:set package 'bno055' build argument 'catkin_cmake_args' from command line to 'None'
[3.128s] Level 5:colcon.colcon_core.verb:set package 'bno055' build argument 'catkin_skip_building_tests' from command line to 'False'
[3.128s] DEBUG:colcon.colcon_core.verb:Building package 'bno055' with the following arguments: {'ament_cmake_args': None, 'build_base': '/home/shared/projects/gultepe/cleaner_ws/build/bno055', 'catkin_cmake_args': None, 'catkin_skip_building_tests': False, 'cmake_args': None, 'cmake_clean_cache': False, 'cmake_clean_first': False, 'cmake_force_configure': False, 'cmake_target': None, 'cmake_target_skip_unavailable': False, 'install_base': '/home/shared/projects/gultepe/cleaner_ws/install/bno055', 'merge_install': False, 'path': '/home/shared/projects/gultepe/cleaner_ws/src/bno055', 'symlink_install': False, 'test_result_base': None}
[3.153s] Level 5:colcon.colcon_core.verb:set package 'cleaner_description' build argument 'cmake_args' from command line to 'None'
[3.154s] Level 5:colcon.colcon_core.verb:set package 'cleaner_description' build argument 'cmake_target' from command line to 'None'
[3.154s] Level 5:colcon.colcon_core.verb:set package 'cleaner_description' build argument 'cmake_target_skip_unavailable' from command line to 'False'
[3.154s] Level 5:colcon.colcon_core.verb:set package 'cleaner_description' build argument 'cmake_clean_cache' from command line to 'False'
[3.154s] Level 5:colcon.colcon_core.verb:set package 'cleaner_description' build argument 'cmake_clean_first' from command line to 'False'
[3.154s] Level 5:colcon.colcon_core.verb:set package 'cleaner_description' build argument 'cmake_force_configure' from command line to 'False'
[3.154s] Level 5:colcon.colcon_core.verb:set package 'cleaner_description' build argument 'ament_cmake_args' from command line to 'None'
[3.154s] Level 5:colcon.colcon_core.verb:set package 'cleaner_description' build argument 'catkin_cmake_args' from command line to 'None'
[3.154s] Level 5:colcon.colcon_core.verb:set package 'cleaner_description' build argument 'catkin_skip_building_tests' from command line to 'False'
[3.154s] DEBUG:colcon.colcon_core.verb:Building package 'cleaner_description' with the following arguments: {'ament_cmake_args': None, 'build_base': '/home/shared/projects/gultepe/cleaner_ws/build/cleaner_description', 'catkin_cmake_args': None, 'catkin_skip_building_tests': False, 'cmake_args': None, 'cmake_clean_cache': False, 'cmake_clean_first': False, 'cmake_force_configure': False, 'cmake_target': None, 'cmake_target_skip_unavailable': False, 'install_base': '/home/shared/projects/gultepe/cleaner_ws/install/cleaner_description', 'merge_install': False, 'path': '/home/shared/projects/gultepe/cleaner_ws/src/cleaner_description', 'symlink_install': False, 'test_result_base': None}
[3.180s] Level 5:colcon.colcon_core.verb:set package 'rplidar_ros' build argument 'cmake_args' from command line to 'None'
[3.180s] Level 5:colcon.colcon_core.verb:set package 'rplidar_ros' build argument 'cmake_target' from command line to 'None'
[3.180s] Level 5:colcon.colcon_core.verb:set package 'rplidar_ros' build argument 'cmake_target_skip_unavailable' from command line to 'False'
[3.180s] Level 5:colcon.colcon_core.verb:set package 'rplidar_ros' build argument 'cmake_clean_cache' from command line to 'False'
[3.180s] Level 5:colcon.colcon_core.verb:set package 'rplidar_ros' build argument 'cmake_clean_first' from command line to 'False'
[3.180s] Level 5:colcon.colcon_core.verb:set package 'rplidar_ros' build argument 'cmake_force_configure' from command line to 'False'
[3.180s] Level 5:colcon.colcon_core.verb:set package 'rplidar_ros' build argument 'ament_cmake_args' from command line to 'None'
[3.180s] Level 5:colcon.colcon_core.verb:set package 'rplidar_ros' build argument 'catkin_cmake_args' from command line to 'None'
[3.180s] Level 5:colcon.colcon_core.verb:set package 'rplidar_ros' build argument 'catkin_skip_building_tests' from command line to 'False'
[3.180s] DEBUG:colcon.colcon_core.verb:Building package 'rplidar_ros' with the following arguments: {'ament_cmake_args': None, 'build_base': '/home/shared/projects/gultepe/cleaner_ws/build/rplidar_ros', 'catkin_cmake_args': None, 'catkin_skip_building_tests': False, 'cmake_args': None, 'cmake_clean_cache': False, 'cmake_clean_first': False, 'cmake_force_configure': False, 'cmake_target': None, 'cmake_target_skip_unavailable': False, 'install_base': '/home/shared/projects/gultepe/cleaner_ws/install/rplidar_ros', 'merge_install': False, 'path': '/home/shared/projects/gultepe/cleaner_ws/src/rplidar_ros', 'symlink_install': False, 'test_result_base': None}
[3.206s] Level 5:colcon.colcon_core.verb:set package 'turtlebot3_gazebo' build argument 'cmake_args' from command line to 'None'
[3.206s] Level 5:colcon.colcon_core.verb:set package 'turtlebot3_gazebo' build argument 'cmake_target' from command line to 'None'
[3.206s] Level 5:colcon.colcon_core.verb:set package 'turtlebot3_gazebo' build argument 'cmake_target_skip_unavailable' from command line to 'False'
[3.206s] Level 5:colcon.colcon_core.verb:set package 'turtlebot3_gazebo' build argument 'cmake_clean_cache' from command line to 'False'
[3.206s] Level 5:colcon.colcon_core.verb:set package 'turtlebot3_gazebo' build argument 'cmake_clean_first' from command line to 'False'
[3.206s] Level 5:colcon.colcon_core.verb:set package 'turtlebot3_gazebo' build argument 'cmake_force_configure' from command line to 'False'
[3.206s] Level 5:colcon.colcon_core.verb:set package 'turtlebot3_gazebo' build argument 'ament_cmake_args' from command line to 'None'
[3.206s] Level 5:colcon.colcon_core.verb:set package 'turtlebot3_gazebo' build argument 'catkin_cmake_args' from command line to 'None'
[3.206s] Level 5:colcon.colcon_core.verb:set package 'turtlebot3_gazebo' build argument 'catkin_skip_building_tests' from command line to 'False'
[3.206s] DEBUG:colcon.colcon_core.verb:Building package 'turtlebot3_gazebo' with the following arguments: {'ament_cmake_args': None, 'build_base': '/home/shared/projects/gultepe/cleaner_ws/build/turtlebot3_gazebo', 'catkin_cmake_args': None, 'catkin_skip_building_tests': False, 'cmake_args': None, 'cmake_clean_cache': False, 'cmake_clean_first': False, 'cmake_force_configure': False, 'cmake_target': None, 'cmake_target_skip_unavailable': False, 'install_base': '/home/shared/projects/gultepe/cleaner_ws/install/turtlebot3_gazebo', 'merge_install': False, 'path': '/home/shared/projects/gultepe/cleaner_ws/src/turtlebot3_gazebo', 'symlink_install': False, 'test_result_base': None}
[3.232s] Level 5:colcon.colcon_core.verb:set package 'cleaner_bringup' build argument 'cmake_args' from command line to 'None'
[3.232s] Level 5:colcon.colcon_core.verb:set package 'cleaner_bringup' build argument 'cmake_target' from command line to 'None'
[3.232s] Level 5:colcon.colcon_core.verb:set package 'cleaner_bringup' build argument 'cmake_target_skip_unavailable' from command line to 'False'
[3.232s] Level 5:colcon.colcon_core.verb:set package 'cleaner_bringup' build argument 'cmake_clean_cache' from command line to 'False'
[3.232s] Level 5:colcon.colcon_core.verb:set package 'cleaner_bringup' build argument 'cmake_clean_first' from command line to 'False'
[3.232s] Level 5:colcon.colcon_core.verb:set package 'cleaner_bringup' build argument 'cmake_force_configure' from command line to 'False'
[3.232s] Level 5:colcon.colcon_core.verb:set package 'cleaner_bringup' build argument 'ament_cmake_args' from command line to 'None'
[3.232s] Level 5:colcon.colcon_core.verb:set package 'cleaner_bringup' build argument 'catkin_cmake_args' from command line to 'None'
[3.232s] Level 5:colcon.colcon_core.verb:set package 'cleaner_bringup' build argument 'catkin_skip_building_tests' from command line to 'False'
[3.232s] DEBUG:colcon.colcon_core.verb:Building package 'cleaner_bringup' with the following arguments: {'ament_cmake_args': None, 'build_base': '/home/shared/projects/gultepe/cleaner_ws/build/cleaner_bringup', 'catkin_cmake_args': None, 'catkin_skip_building_tests': False, 'cmake_args': None, 'cmake_clean_cache': False, 'cmake_clean_first': False, 'cmake_force_configure': False, 'cmake_target': None, 'cmake_target_skip_unavailable': False, 'install_base': '/home/shared/projects/gultepe/cleaner_ws/install/cleaner_bringup', 'merge_install': False, 'path': '/home/shared/projects/gultepe/cleaner_ws/src/cleaner_bringup', 'symlink_install': False, 'test_result_base': None}
[3.259s] Level 5:colcon.colcon_core.verb:set package 'turtlebot3_simulations' build argument 'cmake_args' from command line to 'None'
[3.259s] Level 5:colcon.colcon_core.verb:set package 'turtlebot3_simulations' build argument 'cmake_target' from command line to 'None'
[3.259s] Level 5:colcon.colcon_core.verb:set package 'turtlebot3_simulations' build argument 'cmake_target_skip_unavailable' from command line to 'False'
[3.259s] Level 5:colcon.colcon_core.verb:set package 'turtlebot3_simulations' build argument 'cmake_clean_cache' from command line to 'False'
[3.259s] Level 5:colcon.colcon_core.verb:set package 'turtlebot3_simulations' build argument 'cmake_clean_first' from command line to 'False'
[3.259s] Level 5:colcon.colcon_core.verb:set package 'turtlebot3_simulations' build argument 'cmake_force_configure' from command line to 'False'
[3.259s] Level 5:colcon.colcon_core.verb:set package 'turtlebot3_simulations' build argument 'ament_cmake_args' from command line to 'None'
[3.259s] Level 5:colcon.colcon_core.verb:set package 'turtlebot3_simulations' build argument 'catkin_cmake_args' from command line to 'None'
[3.260s] Level 5:colcon.colcon_core.verb:set package 'turtlebot3_simulations' build argument 'catkin_skip_building_tests' from command line to 'False'
[3.260s] DEBUG:colcon.colcon_core.verb:Building package 'turtlebot3_simulations' with the following arguments: {'ament_cmake_args': None, 'build_base': '/home/shared/projects/gultepe/cleaner_ws/build/turtlebot3_simulations', 'catkin_cmake_args': None, 'catkin_skip_building_tests': False, 'cmake_args': None, 'cmake_clean_cache': False, 'cmake_clean_first': False, 'cmake_force_configure': False, 'cmake_target': None, 'cmake_target_skip_unavailable': False, 'install_base': '/home/shared/projects/gultepe/cleaner_ws/install/turtlebot3_simulations', 'merge_install': False, 'path': '/home/shared/projects/gultepe/cleaner_ws/src/turtlebot3_simulations', 'symlink_install': False, 'test_result_base': None}
[3.285s] INFO:colcon.colcon_core.executor:Executing jobs using 'parallel' executor
[3.311s] DEBUG:colcon.colcon_parallel_executor.executor.parallel:run_until_complete
[3.312s] INFO:colcon.colcon_ros.task.ament_cmake.build:Building ROS package in '/home/shared/projects/gultepe/cleaner_ws/src/cleaner_description' with build type 'ament_cmake'
[3.312s] INFO:colcon.colcon_cmake.task.cmake.build:Building CMake package in '/home/shared/projects/gultepe/cleaner_ws/src/cleaner_description'
[3.350s] INFO:colcon.colcon_core.plugin_system:Skipping extension 'colcon_core.shell.bat': Not used on non-Windows systems
[3.351s] INFO:colcon.colcon_core.shell:Skip shell extension 'powershell' for command environment: Not usable outside of PowerShell
[3.351s] DEBUG:colcon.colcon_core.shell:Skip shell extension 'dsv' for command environment
[3.512s] INFO:colcon.colcon_ros.task.ament_cmake.build:Building ROS package in '/home/shared/projects/gultepe/cleaner_ws/src/turtlebot3_gazebo' with build type 'ament_cmake'
[3.512s] INFO:colcon.colcon_cmake.task.cmake.build:Building CMake package in '/home/shared/projects/gultepe/cleaner_ws/src/turtlebot3_gazebo'
[3.551s] INFO:colcon.colcon_core.shell:Skip shell extension 'powershell' for command environment: Not usable outside of PowerShell
[3.551s] DEBUG:colcon.colcon_core.shell:Skip shell extension 'dsv' for command environment
[3.668s] INFO:colcon.colcon_ros.task.ament_python.build:Building ROS package in '/home/shared/projects/gultepe/cleaner_ws/src/bno055' with build type 'ament_python'
[3.669s] Level 1:colcon.colcon_core.shell:create_environment_hook('bno055', 'ament_prefix_path')
[3.704s] INFO:colcon.colcon_core.shell:Creating environment hook '/home/shared/projects/gultepe/cleaner_ws/install/bno055/share/bno055/hook/ament_prefix_path.ps1'
[3.705s] INFO:colcon.colcon_core.shell:Creating environment descriptor '/home/shared/projects/gultepe/cleaner_ws/install/bno055/share/bno055/hook/ament_prefix_path.dsv'
[3.706s] INFO:colcon.colcon_core.shell:Creating environment hook '/home/shared/projects/gultepe/cleaner_ws/install/bno055/share/bno055/hook/ament_prefix_path.sh'
[3.733s] INFO:colcon.colcon_core.shell:Skip shell extension 'powershell' for command environment: Not usable outside of PowerShell
[3.733s] DEBUG:colcon.colcon_core.shell:Skip shell extension 'dsv' for command environment
[3.843s] INFO:colcon.colcon_ros.task.ament_cmake.build:Building ROS package in '/home/shared/projects/gultepe/cleaner_ws/src/rplidar_ros' with build type 'ament_cmake'
[3.844s] INFO:colcon.colcon_cmake.task.cmake.build:Building CMake package in '/home/shared/projects/gultepe/cleaner_ws/src/rplidar_ros'
[3.870s] INFO:colcon.colcon_core.shell:Skip shell extension 'powershell' for command environment: Not usable outside of PowerShell
[3.871s] DEBUG:colcon.colcon_core.shell:Skip shell extension 'dsv' for command environment
[4.006s] DEBUG:colcon.colcon_core.event_handler.log_command:Invoking command in '/home/shared/projects/gultepe/cleaner_ws/build/cleaner_description': CMAKE_PREFIX_PATH=${CMAKE_PREFIX_PATH}:/home/tunaprogrammer/projects/gultepe/cleaner_ws/install/bno055:/home/tunaprogrammer/projects/gultepe/humble_ws/install/jetpack:/home/tunaprogrammer/projects/gultepe/humble_ws/install/python_pkg:/home/tunaprogrammer/projects/gultepe/humble_ws/install/catcher:/opt/ros/humble /usr/bin/cmake --build /home/shared/projects/gultepe/cleaner_ws/build/cleaner_description -- -j12 -l12
[4.015s] DEBUG:colcon.colcon_core.event_handler.log_command:Invoking command in '/home/shared/projects/gultepe/cleaner_ws/build/turtlebot3_gazebo': CMAKE_PREFIX_PATH=${CMAKE_PREFIX_PATH}:/home/tunaprogrammer/projects/gultepe/cleaner_ws/install/bno055:/home/tunaprogrammer/projects/gultepe/humble_ws/install/jetpack:/home/tunaprogrammer/projects/gultepe/humble_ws/install/python_pkg:/home/tunaprogrammer/projects/gultepe/humble_ws/install/catcher:/opt/ros/humble /usr/bin/cmake --build /home/shared/projects/gultepe/cleaner_ws/build/turtlebot3_gazebo -- -j12 -l12
[4.540s] INFO:colcon.colcon_core.task.python.build:Building Python package in '/home/shared/projects/gultepe/cleaner_ws/src/bno055'
[4.581s] INFO:colcon.colcon_core.shell:Skip shell extension 'powershell' for command environment: Not usable outside of PowerShell
[4.581s] DEBUG:colcon.colcon_core.shell:Skip shell extension 'dsv' for command environment
[4.723s] DEBUG:colcon.colcon_core.event_handler.log_command:Invoking command in '/home/shared/projects/gultepe/cleaner_ws/build/rplidar_ros': CMAKE_PREFIX_PATH=${CMAKE_PREFIX_PATH}:/home/tunaprogrammer/projects/gultepe/cleaner_ws/install/bno055:/home/tunaprogrammer/projects/gultepe/humble_ws/install/jetpack:/home/tunaprogrammer/projects/gultepe/humble_ws/install/python_pkg:/home/tunaprogrammer/projects/gultepe/humble_ws/install/catcher:/opt/ros/humble /usr/bin/cmake --build /home/shared/projects/gultepe/cleaner_ws/build/rplidar_ros -- -j12 -l12
[4.725s] DEBUG:colcon.colcon_core.event_handler.log_command:Invoked command in '/home/shared/projects/gultepe/cleaner_ws/build/turtlebot3_gazebo' returned '0': CMAKE_PREFIX_PATH=${CMAKE_PREFIX_PATH}:/home/tunaprogrammer/projects/gultepe/cleaner_ws/install/bno055:/home/tunaprogrammer/projects/gultepe/humble_ws/install/jetpack:/home/tunaprogrammer/projects/gultepe/humble_ws/install/python_pkg:/home/tunaprogrammer/projects/gultepe/humble_ws/install/catcher:/opt/ros/humble /usr/bin/cmake --build /home/shared/projects/gultepe/cleaner_ws/build/turtlebot3_gazebo -- -j12 -l12
[4.729s] DEBUG:colcon.colcon_core.event_handler.log_command:Invoked command in '/home/shared/projects/gultepe/cleaner_ws/build/cleaner_description' returned '0': CMAKE_PREFIX_PATH=${CMAKE_PREFIX_PATH}:/home/tunaprogrammer/projects/gultepe/cleaner_ws/install/bno055:/home/tunaprogrammer/projects/gultepe/humble_ws/install/jetpack:/home/tunaprogrammer/projects/gultepe/humble_ws/install/python_pkg:/home/tunaprogrammer/projects/gultepe/humble_ws/install/catcher:/opt/ros/humble /usr/bin/cmake --build /home/shared/projects/gultepe/cleaner_ws/build/cleaner_description -- -j12 -l12
[4.795s] DEBUG:colcon.colcon_core.event_handler.log_command:Invoking command in '/home/shared/projects/gultepe/cleaner_ws/build/cleaner_description': CMAKE_PREFIX_PATH=${CMAKE_PREFIX_PATH}:/home/tunaprogrammer/projects/gultepe/cleaner_ws/install/bno055:/home/tunaprogrammer/projects/gultepe/humble_ws/install/jetpack:/home/tunaprogrammer/projects/gultepe/humble_ws/install/python_pkg:/home/tunaprogrammer/projects/gultepe/humble_ws/install/catcher:/opt/ros/humble /usr/bin/cmake --install /home/shared/projects/gultepe/cleaner_ws/build/cleaner_description
[4.802s] DEBUG:colcon.colcon_core.event_handler.log_command:Invoking command in '/home/shared/projects/gultepe/cleaner_ws/build/turtlebot3_gazebo': CMAKE_PREFIX_PATH=${CMAKE_PREFIX_PATH}:/home/tunaprogrammer/projects/gultepe/cleaner_ws/install/bno055:/home/tunaprogrammer/projects/gultepe/humble_ws/install/jetpack:/home/tunaprogrammer/projects/gultepe/humble_ws/install/python_pkg:/home/tunaprogrammer/projects/gultepe/humble_ws/install/catcher:/opt/ros/humble /usr/bin/cmake --install /home/shared/projects/gultepe/cleaner_ws/build/turtlebot3_gazebo
[4.834s] Level 1:colcon.colcon_core.environment:create_environment_scripts_only(turtlebot3_gazebo)
[4.874s] DEBUG:colcon.colcon_core.event_handler.log_command:Invoked command in '/home/shared/projects/gultepe/cleaner_ws/build/turtlebot3_gazebo' returned '0': CMAKE_PREFIX_PATH=${CMAKE_PREFIX_PATH}:/home/tunaprogrammer/projects/gultepe/cleaner_ws/install/bno055:/home/tunaprogrammer/projects/gultepe/humble_ws/install/jetpack:/home/tunaprogrammer/projects/gultepe/humble_ws/install/python_pkg:/home/tunaprogrammer/projects/gultepe/humble_ws/install/catcher:/opt/ros/humble /usr/bin/cmake --install /home/shared/projects/gultepe/cleaner_ws/build/turtlebot3_gazebo
[4.923s] Level 1:colcon.colcon_core.environment:checking '/home/shared/projects/gultepe/cleaner_ws/install/turtlebot3_gazebo' for CMake module files
[4.925s] Level 1:colcon.colcon_core.environment:checking '/home/shared/projects/gultepe/cleaner_ws/install/turtlebot3_gazebo' for CMake config files
[4.926s] Level 1:colcon.colcon_core.shell:create_environment_hook('turtlebot3_gazebo', 'cmake_prefix_path')
[4.965s] INFO:colcon.colcon_core.shell:Creating environment hook '/home/shared/projects/gultepe/cleaner_ws/install/turtlebot3_gazebo/share/turtlebot3_gazebo/hook/cmake_prefix_path.ps1'
[4.965s] INFO:colcon.colcon_core.shell:Creating environment descriptor '/home/shared/projects/gultepe/cleaner_ws/install/turtlebot3_gazebo/share/turtlebot3_gazebo/hook/cmake_prefix_path.dsv'
[4.966s] INFO:colcon.colcon_core.shell:Creating environment hook '/home/shared/projects/gultepe/cleaner_ws/install/turtlebot3_gazebo/share/turtlebot3_gazebo/hook/cmake_prefix_path.sh'
[4.967s] Level 1:colcon.colcon_core.environment:checking '/home/shared/projects/gultepe/cleaner_ws/install/turtlebot3_gazebo/lib'
[4.967s] Level 1:colcon.colcon_core.environment:checking '/home/shared/projects/gultepe/cleaner_ws/install/turtlebot3_gazebo/bin'
[4.968s] Level 1:colcon.colcon_core.environment:checking '/home/shared/projects/gultepe/cleaner_ws/install/turtlebot3_gazebo/lib/pkgconfig/turtlebot3_gazebo.pc'
[4.968s] Level 1:colcon.colcon_core.environment:checking '/home/shared/projects/gultepe/cleaner_ws/install/turtlebot3_gazebo/lib/python3.10/site-packages'
[4.968s] Level 1:colcon.colcon_core.environment:checking '/home/shared/projects/gultepe/cleaner_ws/install/turtlebot3_gazebo/bin'
[4.995s] INFO:colcon.colcon_core.shell:Creating package script '/home/shared/projects/gultepe/cleaner_ws/install/turtlebot3_gazebo/share/turtlebot3_gazebo/package.ps1'
[4.996s] INFO:colcon.colcon_core.shell:Creating package descriptor '/home/shared/projects/gultepe/cleaner_ws/install/turtlebot3_gazebo/share/turtlebot3_gazebo/package.dsv'
[4.997s] INFO:colcon.colcon_core.shell:Creating package script '/home/shared/projects/gultepe/cleaner_ws/install/turtlebot3_gazebo/share/turtlebot3_gazebo/package.sh'
[4.999s] INFO:colcon.colcon_core.shell:Creating package script '/home/shared/projects/gultepe/cleaner_ws/install/turtlebot3_gazebo/share/turtlebot3_gazebo/package.bash'
[5.000s] INFO:colcon.colcon_core.shell:Creating package script '/home/shared/projects/gultepe/cleaner_ws/install/turtlebot3_gazebo/share/turtlebot3_gazebo/package.zsh'
[5.001s] Level 1:colcon.colcon_core.environment:create_file_with_runtime_dependencies(/home/shared/projects/gultepe/cleaner_ws/install/turtlebot3_gazebo/share/colcon-core/packages/turtlebot3_gazebo)
[5.005s] DEBUG:colcon.colcon_core.event_handler.log_command:Invoked command in '/home/shared/projects/gultepe/cleaner_ws/build/rplidar_ros' returned '0': CMAKE_PREFIX_PATH=${CMAKE_PREFIX_PATH}:/home/tunaprogrammer/projects/gultepe/cleaner_ws/install/bno055:/home/tunaprogrammer/projects/gultepe/humble_ws/install/jetpack:/home/tunaprogrammer/projects/gultepe/humble_ws/install/python_pkg:/home/tunaprogrammer/projects/gultepe/humble_ws/install/catcher:/opt/ros/humble /usr/bin/cmake --build /home/shared/projects/gultepe/cleaner_ws/build/rplidar_ros -- -j12 -l12
[5.007s] Level 1:colcon.colcon_core.environment:create_environment_scripts_only(cleaner_description)
[5.008s] DEBUG:colcon.colcon_core.event_handler.log_command:Invoked command in '/home/shared/projects/gultepe/cleaner_ws/build/cleaner_description' returned '0': CMAKE_PREFIX_PATH=${CMAKE_PREFIX_PATH}:/home/tunaprogrammer/projects/gultepe/cleaner_ws/install/bno055:/home/tunaprogrammer/projects/gultepe/humble_ws/install/jetpack:/home/tunaprogrammer/projects/gultepe/humble_ws/install/python_pkg:/home/tunaprogrammer/projects/gultepe/humble_ws/install/catcher:/opt/ros/humble /usr/bin/cmake --install /home/shared/projects/gultepe/cleaner_ws/build/cleaner_description
[5.044s] Level 1:colcon.colcon_core.environment:checking '/home/shared/projects/gultepe/cleaner_ws/install/cleaner_description' for CMake module files
[5.046s] Level 1:colcon.colcon_core.environment:checking '/home/shared/projects/gultepe/cleaner_ws/install/cleaner_description' for CMake config files
[5.047s] Level 1:colcon.colcon_core.shell:create_environment_hook('cleaner_description', 'cmake_prefix_path')
[5.084s] INFO:colcon.colcon_core.shell:Creating environment hook '/home/shared/projects/gultepe/cleaner_ws/install/cleaner_description/share/cleaner_description/hook/cmake_prefix_path.ps1'
[5.085s] INFO:colcon.colcon_core.shell:Creating environment descriptor '/home/shared/projects/gultepe/cleaner_ws/install/cleaner_description/share/cleaner_description/hook/cmake_prefix_path.dsv'
[5.086s] INFO:colcon.colcon_core.shell:Creating environment hook '/home/shared/projects/gultepe/cleaner_ws/install/cleaner_description/share/cleaner_description/hook/cmake_prefix_path.sh'
[5.087s] Level 1:colcon.colcon_core.environment:checking '/home/shared/projects/gultepe/cleaner_ws/install/cleaner_description/bin'
[5.087s] Level 1:colcon.colcon_core.environment:checking '/home/shared/projects/gultepe/cleaner_ws/install/cleaner_description/lib/pkgconfig/cleaner_description.pc'
[5.087s] Level 1:colcon.colcon_core.environment:checking '/home/shared/projects/gultepe/cleaner_ws/install/cleaner_description/lib/python3.10/site-packages'
[5.088s] Level 1:colcon.colcon_core.environment:checking '/home/shared/projects/gultepe/cleaner_ws/install/cleaner_description/bin'
[5.121s] INFO:colcon.colcon_core.shell:Creating package script '/home/shared/projects/gultepe/cleaner_ws/install/cleaner_description/share/cleaner_description/package.ps1'
[5.122s] INFO:colcon.colcon_core.shell:Creating package descriptor '/home/shared/projects/gultepe/cleaner_ws/install/cleaner_description/share/cleaner_description/package.dsv'
[5.122s] INFO:colcon.colcon_core.shell:Creating package script '/home/shared/projects/gultepe/cleaner_ws/install/cleaner_description/share/cleaner_description/package.sh'
[5.123s] INFO:colcon.colcon_core.shell:Creating package script '/home/shared/projects/gultepe/cleaner_ws/install/cleaner_description/share/cleaner_description/package.bash'
[5.124s] INFO:colcon.colcon_core.shell:Creating package script '/home/shared/projects/gultepe/cleaner_ws/install/cleaner_description/share/cleaner_description/package.zsh'
[5.124s] Level 1:colcon.colcon_core.environment:create_file_with_runtime_dependencies(/home/shared/projects/gultepe/cleaner_ws/install/cleaner_description/share/colcon-core/packages/cleaner_description)
[5.163s] Level 1:colcon.colcon_core.environment:create_environment_scripts_only(turtlebot3_gazebo)
[5.189s] Level 1:colcon.colcon_core.environment:checking '/home/shared/projects/gultepe/cleaner_ws/install/turtlebot3_gazebo' for CMake module files
[5.190s] Level 1:colcon.colcon_core.environment:checking '/home/shared/projects/gultepe/cleaner_ws/install/turtlebot3_gazebo' for CMake config files
[5.191s] Level 1:colcon.colcon_core.shell:create_environment_hook('turtlebot3_gazebo', 'cmake_prefix_path')
[5.218s] INFO:colcon.colcon_core.shell:Creating environment hook '/home/shared/projects/gultepe/cleaner_ws/install/turtlebot3_gazebo/share/turtlebot3_gazebo/hook/cmake_prefix_path.ps1'
[5.218s] INFO:colcon.colcon_core.shell:Creating environment descriptor '/home/shared/projects/gultepe/cleaner_ws/install/turtlebot3_gazebo/share/turtlebot3_gazebo/hook/cmake_prefix_path.dsv'
[5.219s] INFO:colcon.colcon_core.shell:Creating environment hook '/home/shared/projects/gultepe/cleaner_ws/install/turtlebot3_gazebo/share/turtlebot3_gazebo/hook/cmake_prefix_path.sh'
[5.220s] Level 1:colcon.colcon_core.environment:checking '/home/shared/projects/gultepe/cleaner_ws/install/turtlebot3_gazebo/lib'
[5.220s] Level 1:colcon.colcon_core.environment:checking '/home/shared/projects/gultepe/cleaner_ws/install/turtlebot3_gazebo/bin'
[5.220s] Level 1:colcon.colcon_core.environment:checking '/home/shared/projects/gultepe/cleaner_ws/install/turtlebot3_gazebo/lib/pkgconfig/turtlebot3_gazebo.pc'
[5.220s] Level 1:colcon.colcon_core.environment:checking '/home/shared/projects/gultepe/cleaner_ws/install/turtlebot3_gazebo/lib/python3.10/site-packages'
[5.221s] Level 1:colcon.colcon_core.environment:checking '/home/shared/projects/gultepe/cleaner_ws/install/turtlebot3_gazebo/bin'
[5.247s] INFO:colcon.colcon_core.shell:Creating package script '/home/shared/projects/gultepe/cleaner_ws/install/turtlebot3_gazebo/share/turtlebot3_gazebo/package.ps1'
[5.248s] INFO:colcon.colcon_core.shell:Creating package descriptor '/home/shared/projects/gultepe/cleaner_ws/install/turtlebot3_gazebo/share/turtlebot3_gazebo/package.dsv'
[5.249s] INFO:colcon.colcon_core.shell:Creating package script '/home/shared/projects/gultepe/cleaner_ws/install/turtlebot3_gazebo/share/turtlebot3_gazebo/package.sh'
[5.249s] INFO:colcon.colcon_core.shell:Creating package script '/home/shared/projects/gultepe/cleaner_ws/install/turtlebot3_gazebo/share/turtlebot3_gazebo/package.bash'
[5.250s] INFO:colcon.colcon_core.shell:Creating package script '/home/shared/projects/gultepe/cleaner_ws/install/turtlebot3_gazebo/share/turtlebot3_gazebo/package.zsh'
[5.250s] Level 1:colcon.colcon_core.environment:create_file_with_runtime_dependencies(/home/shared/projects/gultepe/cleaner_ws/install/turtlebot3_gazebo/share/colcon-core/packages/turtlebot3_gazebo)
[5.252s] INFO:colcon.colcon_ros.task.ament_cmake.build:Building ROS package in '/home/shared/projects/gultepe/cleaner_ws/src/turtlebot3_simulations' with build type 'ament_cmake'
[5.252s] INFO:colcon.colcon_cmake.task.cmake.build:Building CMake package in '/home/shared/projects/gultepe/cleaner_ws/src/turtlebot3_simulations'
[5.281s] INFO:colcon.colcon_core.shell:Skip shell extension 'powershell' for command environment: Not usable outside of PowerShell
[5.282s] DEBUG:colcon.colcon_core.shell:Skip shell extension 'dsv' for command environment
[5.430s] DEBUG:colcon.colcon_core.event_handler.log_command:Invoking command in '/home/shared/projects/gultepe/cleaner_ws/build/rplidar_ros': CMAKE_PREFIX_PATH=${CMAKE_PREFIX_PATH}:/home/tunaprogrammer/projects/gultepe/cleaner_ws/install/bno055:/home/tunaprogrammer/projects/gultepe/humble_ws/install/jetpack:/home/tunaprogrammer/projects/gultepe/humble_ws/install/python_pkg:/home/tunaprogrammer/projects/gultepe/humble_ws/install/catcher:/opt/ros/humble /usr/bin/cmake --install /home/shared/projects/gultepe/cleaner_ws/build/rplidar_ros
[5.471s] Level 1:colcon.colcon_core.environment:create_environment_scripts_only(cleaner_description)
[5.510s] Level 1:colcon.colcon_core.environment:checking '/home/shared/projects/gultepe/cleaner_ws/install/cleaner_description' for CMake module files
[5.511s] Level 1:colcon.colcon_core.environment:checking '/home/shared/projects/gultepe/cleaner_ws/install/cleaner_description' for CMake config files
[5.512s] Level 1:colcon.colcon_core.shell:create_environment_hook('cleaner_description', 'cmake_prefix_path')
[5.549s] INFO:colcon.colcon_core.shell:Creating environment hook '/home/shared/projects/gultepe/cleaner_ws/install/cleaner_description/share/cleaner_description/hook/cmake_prefix_path.ps1'
[5.550s] INFO:colcon.colcon_core.shell:Creating environment descriptor '/home/shared/projects/gultepe/cleaner_ws/install/cleaner_description/share/cleaner_description/hook/cmake_prefix_path.dsv'
[5.551s] INFO:colcon.colcon_core.shell:Creating environment hook '/home/shared/projects/gultepe/cleaner_ws/install/cleaner_description/share/cleaner_description/hook/cmake_prefix_path.sh'
[5.552s] Level 1:colcon.colcon_core.environment:checking '/home/shared/projects/gultepe/cleaner_ws/install/cleaner_description/bin'
[5.552s] Level 1:colcon.colcon_core.environment:checking '/home/shared/projects/gultepe/cleaner_ws/install/cleaner_description/lib/pkgconfig/cleaner_description.pc'
[5.552s] Level 1:colcon.colcon_core.environment:checking '/home/shared/projects/gultepe/cleaner_ws/install/cleaner_description/lib/python3.10/site-packages'
[5.553s] Level 1:colcon.colcon_core.environment:checking '/home/shared/projects/gultepe/cleaner_ws/install/cleaner_description/bin'
[5.591s] INFO:colcon.colcon_core.shell:Creating package script '/home/shared/projects/gultepe/cleaner_ws/install/cleaner_description/share/cleaner_description/package.ps1'
[5.592s] INFO:colcon.colcon_core.shell:Creating package descriptor '/home/shared/projects/gultepe/cleaner_ws/install/cleaner_description/share/cleaner_description/package.dsv'
[5.593s] INFO:colcon.colcon_core.shell:Creating package script '/home/shared/projects/gultepe/cleaner_ws/install/cleaner_description/share/cleaner_description/package.sh'
[5.593s] INFO:colcon.colcon_core.shell:Creating package script '/home/shared/projects/gultepe/cleaner_ws/install/cleaner_description/share/cleaner_description/package.bash'
[5.594s] INFO:colcon.colcon_core.shell:Creating package script '/home/shared/projects/gultepe/cleaner_ws/install/cleaner_description/share/cleaner_description/package.zsh'
[5.595s] Level 1:colcon.colcon_core.environment:create_file_with_runtime_dependencies(/home/shared/projects/gultepe/cleaner_ws/install/cleaner_description/share/colcon-core/packages/cleaner_description)
[5.596s] INFO:colcon.colcon_ros.task.ament_cmake.build:Building ROS package in '/home/shared/projects/gultepe/cleaner_ws/src/cleaner_bringup' with build type 'ament_cmake'
[5.597s] INFO:colcon.colcon_cmake.task.cmake.build:Building CMake package in '/home/shared/projects/gultepe/cleaner_ws/src/cleaner_bringup'
[5.644s] INFO:colcon.colcon_core.shell:Skip shell extension 'powershell' for command environment: Not usable outside of PowerShell
[5.644s] DEBUG:colcon.colcon_core.shell:Skip shell extension 'dsv' for command environment
[5.763s] DEBUG:colcon.colcon_core.event_handler.log_command:Invoking command in '/home/shared/projects/gultepe/cleaner_ws/build/turtlebot3_simulations': AMENT_PREFIX_PATH=/home/shared/projects/gultepe/cleaner_ws/install/turtlebot3_gazebo:${AMENT_PREFIX_PATH} CMAKE_PREFIX_PATH=/home/shared/projects/gultepe/cleaner_ws/install/turtlebot3_gazebo:/home/tunaprogrammer/projects/gultepe/cleaner_ws/install/turtlebot3_simulations:/home/tunaprogrammer/projects/gultepe/cleaner_ws/install/turtlebot3_gazebo:/home/tunaprogrammer/projects/gultepe/cleaner_ws/install/rplidar_ros:/home/tunaprogrammer/projects/gultepe/cleaner_ws/install/cleaner_bringup:/home/tunaprogrammer/projects/gultepe/cleaner_ws/install/cleaner_description:/home/tunaprogrammer/projects/gultepe/humble_ws/install/robot_arise:/home/tunaprogrammer/projects/gultepe/humble_ws/install/test_interfaces:/home/tunaprogrammer/projects/gultepe/cleaner_ws/install/bno055:/home/tunaprogrammer/projects/gultepe/humble_ws/install/jetpack:/home/tunaprogrammer/projects/gultepe/humble_ws/install/python_pkg:/home/tunaprogrammer/projects/gultepe/humble_ws/install/catcher:/opt/ros/humble /usr/bin/cmake --build /home/shared/projects/gultepe/cleaner_ws/build/turtlebot3_simulations -- -j12 -l12
[5.766s] Level 1:colcon.colcon_core.environment:create_environment_scripts_only(rplidar_ros)
[5.768s] DEBUG:colcon.colcon_core.event_handler.log_command:Invoking command in '/home/shared/projects/gultepe/cleaner_ws/src/bno055': PYTHONPATH=/home/shared/projects/gultepe/cleaner_ws/build/bno055/prefix_override:/home/shared/projects/gultepe/cleaner_ws/install/bno055/lib/python3.10/site-packages:${PYTHONPATH} /usr/bin/python3 setup.py egg_info --egg-base ../../build/bno055 build --build-base /home/shared/projects/gultepe/cleaner_ws/build/bno055/build install --record /home/shared/projects/gultepe/cleaner_ws/build/bno055/install.log --single-version-externally-managed
[5.769s] DEBUG:colcon.colcon_core.event_handler.log_command:Invoked command in '/home/shared/projects/gultepe/cleaner_ws/build/rplidar_ros' returned '0': CMAKE_PREFIX_PATH=${CMAKE_PREFIX_PATH}:/home/tunaprogrammer/projects/gultepe/cleaner_ws/install/bno055:/home/tunaprogrammer/projects/gultepe/humble_ws/install/jetpack:/home/tunaprogrammer/projects/gultepe/humble_ws/install/python_pkg:/home/tunaprogrammer/projects/gultepe/humble_ws/install/catcher:/opt/ros/humble /usr/bin/cmake --install /home/shared/projects/gultepe/cleaner_ws/build/rplidar_ros
[5.814s] Level 1:colcon.colcon_core.environment:checking '/home/shared/projects/gultepe/cleaner_ws/install/rplidar_ros' for CMake module files
[5.815s] Level 1:colcon.colcon_core.environment:checking '/home/shared/projects/gultepe/cleaner_ws/install/rplidar_ros' for CMake config files
[5.815s] Level 1:colcon.colcon_core.shell:create_environment_hook('rplidar_ros', 'cmake_prefix_path')
[5.852s] INFO:colcon.colcon_core.shell:Creating environment hook '/home/shared/projects/gultepe/cleaner_ws/install/rplidar_ros/share/rplidar_ros/hook/cmake_prefix_path.ps1'
[5.853s] INFO:colcon.colcon_core.shell:Creating environment descriptor '/home/shared/projects/gultepe/cleaner_ws/install/rplidar_ros/share/rplidar_ros/hook/cmake_prefix_path.dsv'
[5.853s] INFO:colcon.colcon_core.shell:Creating environment hook '/home/shared/projects/gultepe/cleaner_ws/install/rplidar_ros/share/rplidar_ros/hook/cmake_prefix_path.sh'
[5.854s] Level 1:colcon.colcon_core.environment:checking '/home/shared/projects/gultepe/cleaner_ws/install/rplidar_ros/lib'
[5.855s] Level 1:colcon.colcon_core.environment:checking '/home/shared/projects/gultepe/cleaner_ws/install/rplidar_ros/bin'
[5.855s] Level 1:colcon.colcon_core.environment:checking '/home/shared/projects/gultepe/cleaner_ws/install/rplidar_ros/lib/pkgconfig/rplidar_ros.pc'
[5.856s] Level 1:colcon.colcon_core.environment:checking '/home/shared/projects/gultepe/cleaner_ws/install/rplidar_ros/lib/python3.10/site-packages'
[5.856s] Level 1:colcon.colcon_core.environment:checking '/home/shared/projects/gultepe/cleaner_ws/install/rplidar_ros/bin'
[5.898s] INFO:colcon.colcon_core.shell:Creating package script '/home/shared/projects/gultepe/cleaner_ws/install/rplidar_ros/share/rplidar_ros/package.ps1'
[5.899s] INFO:colcon.colcon_core.shell:Creating package descriptor '/home/shared/projects/gultepe/cleaner_ws/install/rplidar_ros/share/rplidar_ros/package.dsv'
[5.900s] INFO:colcon.colcon_core.shell:Creating package script '/home/shared/projects/gultepe/cleaner_ws/install/rplidar_ros/share/rplidar_ros/package.sh'
[5.901s] INFO:colcon.colcon_core.shell:Creating package script '/home/shared/projects/gultepe/cleaner_ws/install/rplidar_ros/share/rplidar_ros/package.bash'
[5.902s] INFO:colcon.colcon_core.shell:Creating package script '/home/shared/projects/gultepe/cleaner_ws/install/rplidar_ros/share/rplidar_ros/package.zsh'
[5.902s] Level 1:colcon.colcon_core.environment:create_file_with_runtime_dependencies(/home/shared/projects/gultepe/cleaner_ws/install/rplidar_ros/share/colcon-core/packages/rplidar_ros)
[5.914s] DEBUG:colcon.colcon_core.event_handler.log_command:Invoking command in '/home/shared/projects/gultepe/cleaner_ws/build/cleaner_bringup': AMENT_PREFIX_PATH=/home/shared/projects/gultepe/cleaner_ws/install/cleaner_description:${AMENT_PREFIX_PATH} CMAKE_PREFIX_PATH=/home/shared/projects/gultepe/cleaner_ws/install/cleaner_description:/home/tunaprogrammer/projects/gultepe/cleaner_ws/install/turtlebot3_simulations:/home/tunaprogrammer/projects/gultepe/cleaner_ws/install/turtlebot3_gazebo:/home/tunaprogrammer/projects/gultepe/cleaner_ws/install/rplidar_ros:/home/tunaprogrammer/projects/gultepe/cleaner_ws/install/cleaner_bringup:/home/tunaprogrammer/projects/gultepe/cleaner_ws/install/cleaner_description:/home/tunaprogrammer/projects/gultepe/humble_ws/install/robot_arise:/home/tunaprogrammer/projects/gultepe/humble_ws/install/test_interfaces:/home/tunaprogrammer/projects/gultepe/cleaner_ws/install/bno055:/home/tunaprogrammer/projects/gultepe/humble_ws/install/jetpack:/home/tunaprogrammer/projects/gultepe/humble_ws/install/python_pkg:/home/tunaprogrammer/projects/gultepe/humble_ws/install/catcher:/opt/ros/humble /usr/bin/cmake --build /home/shared/projects/gultepe/cleaner_ws/build/cleaner_bringup -- -j12 -l12
[5.915s] DEBUG:colcon.colcon_core.event_handler.log_command:Invoked command in '/home/shared/projects/gultepe/cleaner_ws/build/turtlebot3_simulations' returned '0': AMENT_PREFIX_PATH=/home/shared/projects/gultepe/cleaner_ws/install/turtlebot3_gazebo:${AMENT_PREFIX_PATH} CMAKE_PREFIX_PATH=/home/shared/projects/gultepe/cleaner_ws/install/turtlebot3_gazebo:/home/tunaprogrammer/projects/gultepe/cleaner_ws/install/turtlebot3_simulations:/home/tunaprogrammer/projects/gultepe/cleaner_ws/install/turtlebot3_gazebo:/home/tunaprogrammer/projects/gultepe/cleaner_ws/install/rplidar_ros:/home/tunaprogrammer/projects/gultepe/cleaner_ws/install/cleaner_bringup:/home/tunaprogrammer/projects/gultepe/cleaner_ws/install/cleaner_description:/home/tunaprogrammer/projects/gultepe/humble_ws/install/robot_arise:/home/tunaprogrammer/projects/gultepe/humble_ws/install/test_interfaces:/home/tunaprogrammer/projects/gultepe/cleaner_ws/install/bno055:/home/tunaprogrammer/projects/gultepe/humble_ws/install/jetpack:/home/tunaprogrammer/projects/gultepe/humble_ws/install/python_pkg:/home/tunaprogrammer/projects/gultepe/humble_ws/install/catcher:/opt/ros/humble /usr/bin/cmake --build /home/shared/projects/gultepe/cleaner_ws/build/turtlebot3_simulations -- -j12 -l12
[5.953s] DEBUG:colcon.colcon_core.event_handler.log_command:Invoking command in '/home/shared/projects/gultepe/cleaner_ws/build/turtlebot3_simulations': AMENT_PREFIX_PATH=/home/shared/projects/gultepe/cleaner_ws/install/turtlebot3_gazebo:${AMENT_PREFIX_PATH} CMAKE_PREFIX_PATH=/home/shared/projects/gultepe/cleaner_ws/install/turtlebot3_gazebo:/home/tunaprogrammer/projects/gultepe/cleaner_ws/install/turtlebot3_simulations:/home/tunaprogrammer/projects/gultepe/cleaner_ws/install/turtlebot3_gazebo:/home/tunaprogrammer/projects/gultepe/cleaner_ws/install/rplidar_ros:/home/tunaprogrammer/projects/gultepe/cleaner_ws/install/cleaner_bringup:/home/tunaprogrammer/projects/gultepe/cleaner_ws/install/cleaner_description:/home/tunaprogrammer/projects/gultepe/humble_ws/install/robot_arise:/home/tunaprogrammer/projects/gultepe/humble_ws/install/test_interfaces:/home/tunaprogrammer/projects/gultepe/cleaner_ws/install/bno055:/home/tunaprogrammer/projects/gultepe/humble_ws/install/jetpack:/home/tunaprogrammer/projects/gultepe/humble_ws/install/python_pkg:/home/tunaprogrammer/projects/gultepe/humble_ws/install/catcher:/opt/ros/humble /usr/bin/cmake --install /home/shared/projects/gultepe/cleaner_ws/build/turtlebot3_simulations
[5.973s] Level 1:colcon.colcon_core.environment:create_environment_scripts_only(turtlebot3_simulations)
[5.975s] DEBUG:colcon.colcon_core.event_handler.log_command:Invoked command in '/home/shared/projects/gultepe/cleaner_ws/build/turtlebot3_simulations' returned '0': AMENT_PREFIX_PATH=/home/shared/projects/gultepe/cleaner_ws/install/turtlebot3_gazebo:${AMENT_PREFIX_PATH} CMAKE_PREFIX_PATH=/home/shared/projects/gultepe/cleaner_ws/install/turtlebot3_gazebo:/home/tunaprogrammer/projects/gultepe/cleaner_ws/install/turtlebot3_simulations:/home/tunaprogrammer/projects/gultepe/cleaner_ws/install/turtlebot3_gazebo:/home/tunaprogrammer/projects/gultepe/cleaner_ws/install/rplidar_ros:/home/tunaprogrammer/projects/gultepe/cleaner_ws/install/cleaner_bringup:/home/tunaprogrammer/projects/gultepe/cleaner_ws/install/cleaner_description:/home/tunaprogrammer/projects/gultepe/humble_ws/install/robot_arise:/home/tunaprogrammer/projects/gultepe/humble_ws/install/test_interfaces:/home/tunaprogrammer/projects/gultepe/cleaner_ws/install/bno055:/home/tunaprogrammer/projects/gultepe/humble_ws/install/jetpack:/home/tunaprogrammer/projects/gultepe/humble_ws/install/python_pkg:/home/tunaprogrammer/projects/gultepe/humble_ws/install/catcher:/opt/ros/humble /usr/bin/cmake --install /home/shared/projects/gultepe/cleaner_ws/build/turtlebot3_simulations
[6.017s] Level 1:colcon.colcon_core.environment:checking '/home/shared/projects/gultepe/cleaner_ws/install/turtlebot3_simulations' for CMake module files
[6.018s] Level 1:colcon.colcon_core.environment:checking '/home/shared/projects/gultepe/cleaner_ws/install/turtlebot3_simulations' for CMake config files
[6.019s] Level 1:colcon.colcon_core.shell:create_environment_hook('turtlebot3_simulations', 'cmake_prefix_path')
[6.045s] INFO:colcon.colcon_core.shell:Creating environment hook '/home/shared/projects/gultepe/cleaner_ws/install/turtlebot3_simulations/share/turtlebot3_simulations/hook/cmake_prefix_path.ps1'
[6.046s] INFO:colcon.colcon_core.shell:Creating environment descriptor '/home/shared/projects/gultepe/cleaner_ws/install/turtlebot3_simulations/share/turtlebot3_simulations/hook/cmake_prefix_path.dsv'
[6.046s] INFO:colcon.colcon_core.shell:Creating environment hook '/home/shared/projects/gultepe/cleaner_ws/install/turtlebot3_simulations/share/turtlebot3_simulations/hook/cmake_prefix_path.sh'
[6.047s] Level 1:colcon.colcon_core.environment:checking '/home/shared/projects/gultepe/cleaner_ws/install/turtlebot3_simulations/bin'
[6.047s] Level 1:colcon.colcon_core.environment:checking '/home/shared/projects/gultepe/cleaner_ws/install/turtlebot3_simulations/lib/pkgconfig/turtlebot3_simulations.pc'
[6.048s] Level 1:colcon.colcon_core.environment:checking '/home/shared/projects/gultepe/cleaner_ws/install/turtlebot3_simulations/lib/python3.10/site-packages'
[6.048s] Level 1:colcon.colcon_core.environment:checking '/home/shared/projects/gultepe/cleaner_ws/install/turtlebot3_simulations/bin'
[6.076s] INFO:colcon.colcon_core.shell:Creating package script '/home/shared/projects/gultepe/cleaner_ws/install/turtlebot3_simulations/share/turtlebot3_simulations/package.ps1'
[6.077s] INFO:colcon.colcon_core.shell:Creating package descriptor '/home/shared/projects/gultepe/cleaner_ws/install/turtlebot3_simulations/share/turtlebot3_simulations/package.dsv'
[6.078s] INFO:colcon.colcon_core.shell:Creating package script '/home/shared/projects/gultepe/cleaner_ws/install/turtlebot3_simulations/share/turtlebot3_simulations/package.sh'
[6.078s] INFO:colcon.colcon_core.shell:Creating package script '/home/shared/projects/gultepe/cleaner_ws/install/turtlebot3_simulations/share/turtlebot3_simulations/package.bash'
[6.079s] INFO:colcon.colcon_core.shell:Creating package script '/home/shared/projects/gultepe/cleaner_ws/install/turtlebot3_simulations/share/turtlebot3_simulations/package.zsh'
[6.079s] Level 1:colcon.colcon_core.environment:create_file_with_runtime_dependencies(/home/shared/projects/gultepe/cleaner_ws/install/turtlebot3_simulations/share/colcon-core/packages/turtlebot3_simulations)
[6.108s] Level 1:colcon.colcon_core.environment:create_environment_scripts_only(rplidar_ros)
[6.134s] Level 1:colcon.colcon_core.environment:checking '/home/shared/projects/gultepe/cleaner_ws/install/rplidar_ros' for CMake module files
[6.135s] Level 1:colcon.colcon_core.environment:checking '/home/shared/projects/gultepe/cleaner_ws/install/rplidar_ros' for CMake config files
[6.135s] Level 1:colcon.colcon_core.shell:create_environment_hook('rplidar_ros', 'cmake_prefix_path')
[6.161s] INFO:colcon.colcon_core.shell:Creating environment hook '/home/shared/projects/gultepe/cleaner_ws/install/rplidar_ros/share/rplidar_ros/hook/cmake_prefix_path.ps1'
[6.161s] INFO:colcon.colcon_core.shell:Creating environment descriptor '/home/shared/projects/gultepe/cleaner_ws/install/rplidar_ros/share/rplidar_ros/hook/cmake_prefix_path.dsv'
[6.162s] INFO:colcon.colcon_core.shell:Creating environment hook '/home/shared/projects/gultepe/cleaner_ws/install/rplidar_ros/share/rplidar_ros/hook/cmake_prefix_path.sh'
[6.162s] Level 1:colcon.colcon_core.environment:checking '/home/shared/projects/gultepe/cleaner_ws/install/rplidar_ros/lib'
[6.163s] Level 1:colcon.colcon_core.environment:checking '/home/shared/projects/gultepe/cleaner_ws/install/rplidar_ros/bin'
[6.163s] Level 1:colcon.colcon_core.environment:checking '/home/shared/projects/gultepe/cleaner_ws/install/rplidar_ros/lib/pkgconfig/rplidar_ros.pc'
[6.163s] Level 1:colcon.colcon_core.environment:checking '/home/shared/projects/gultepe/cleaner_ws/install/rplidar_ros/lib/python3.10/site-packages'
[6.163s] Level 1:colcon.colcon_core.environment:checking '/home/shared/projects/gultepe/cleaner_ws/install/rplidar_ros/bin'
[6.189s] INFO:colcon.colcon_core.shell:Creating package script '/home/shared/projects/gultepe/cleaner_ws/install/rplidar_ros/share/rplidar_ros/package.ps1'
[6.190s] INFO:colcon.colcon_core.shell:Creating package descriptor '/home/shared/projects/gultepe/cleaner_ws/install/rplidar_ros/share/rplidar_ros/package.dsv'
[6.191s] INFO:colcon.colcon_core.shell:Creating package script '/home/shared/projects/gultepe/cleaner_ws/install/rplidar_ros/share/rplidar_ros/package.sh'
[6.191s] INFO:colcon.colcon_core.shell:Creating package script '/home/shared/projects/gultepe/cleaner_ws/install/rplidar_ros/share/rplidar_ros/package.bash'
[6.192s] INFO:colcon.colcon_core.shell:Creating package script '/home/shared/projects/gultepe/cleaner_ws/install/rplidar_ros/share/rplidar_ros/package.zsh'
[6.192s] Level 1:colcon.colcon_core.environment:create_file_with_runtime_dependencies(/home/shared/projects/gultepe/cleaner_ws/install/rplidar_ros/share/colcon-core/packages/rplidar_ros)
[6.196s] DEBUG:colcon.colcon_core.event_handler.log_command:Invoked command in '/home/shared/projects/gultepe/cleaner_ws/build/cleaner_bringup' returned '0': AMENT_PREFIX_PATH=/home/shared/projects/gultepe/cleaner_ws/install/cleaner_description:${AMENT_PREFIX_PATH} CMAKE_PREFIX_PATH=/home/shared/projects/gultepe/cleaner_ws/install/cleaner_description:/home/tunaprogrammer/projects/gultepe/cleaner_ws/install/turtlebot3_simulations:/home/tunaprogrammer/projects/gultepe/cleaner_ws/install/turtlebot3_gazebo:/home/tunaprogrammer/projects/gultepe/cleaner_ws/install/rplidar_ros:/home/tunaprogrammer/projects/gultepe/cleaner_ws/install/cleaner_bringup:/home/tunaprogrammer/projects/gultepe/cleaner_ws/install/cleaner_description:/home/tunaprogrammer/projects/gultepe/humble_ws/install/robot_arise:/home/tunaprogrammer/projects/gultepe/humble_ws/install/test_interfaces:/home/tunaprogrammer/projects/gultepe/cleaner_ws/install/bno055:/home/tunaprogrammer/projects/gultepe/humble_ws/install/jetpack:/home/tunaprogrammer/projects/gultepe/humble_ws/install/python_pkg:/home/tunaprogrammer/projects/gultepe/humble_ws/install/catcher:/opt/ros/humble /usr/bin/cmake --build /home/shared/projects/gultepe/cleaner_ws/build/cleaner_bringup -- -j12 -l12
[6.228s] Level 1:colcon.colcon_core.environment:create_environment_scripts_only(turtlebot3_simulations)
[6.269s] Level 1:colcon.colcon_core.environment:checking '/home/shared/projects/gultepe/cleaner_ws/install/turtlebot3_simulations' for CMake module files
[6.270s] Level 1:colcon.colcon_core.environment:checking '/home/shared/projects/gultepe/cleaner_ws/install/turtlebot3_simulations' for CMake config files
[6.271s] Level 1:colcon.colcon_core.shell:create_environment_hook('turtlebot3_simulations', 'cmake_prefix_path')
[6.314s] INFO:colcon.colcon_core.shell:Creating environment hook '/home/shared/projects/gultepe/cleaner_ws/install/turtlebot3_simulations/share/turtlebot3_simulations/hook/cmake_prefix_path.ps1'
[6.315s] INFO:colcon.colcon_core.shell:Creating environment descriptor '/home/shared/projects/gultepe/cleaner_ws/install/turtlebot3_simulations/share/turtlebot3_simulations/hook/cmake_prefix_path.dsv'
[6.315s] INFO:colcon.colcon_core.shell:Creating environment hook '/home/shared/projects/gultepe/cleaner_ws/install/turtlebot3_simulations/share/turtlebot3_simulations/hook/cmake_prefix_path.sh'
[6.316s] Level 1:colcon.colcon_core.environment:checking '/home/shared/projects/gultepe/cleaner_ws/install/turtlebot3_simulations/bin'
[6.316s] Level 1:colcon.colcon_core.environment:checking '/home/shared/projects/gultepe/cleaner_ws/install/turtlebot3_simulations/lib/pkgconfig/turtlebot3_simulations.pc'
[6.317s] Level 1:colcon.colcon_core.environment:checking '/home/shared/projects/gultepe/cleaner_ws/install/turtlebot3_simulations/lib/python3.10/site-packages'
[6.318s] Level 1:colcon.colcon_core.environment:checking '/home/shared/projects/gultepe/cleaner_ws/install/turtlebot3_simulations/bin'
[6.359s] INFO:colcon.colcon_core.shell:Creating package script '/home/shared/projects/gultepe/cleaner_ws/install/turtlebot3_simulations/share/turtlebot3_simulations/package.ps1'
[6.359s] INFO:colcon.colcon_core.shell:Creating package descriptor '/home/shared/projects/gultepe/cleaner_ws/install/turtlebot3_simulations/share/turtlebot3_simulations/package.dsv'
[6.360s] INFO:colcon.colcon_core.shell:Creating package script '/home/shared/projects/gultepe/cleaner_ws/install/turtlebot3_simulations/share/turtlebot3_simulations/package.sh'
[6.361s] INFO:colcon.colcon_core.shell:Creating package script '/home/shared/projects/gultepe/cleaner_ws/install/turtlebot3_simulations/share/turtlebot3_simulations/package.bash'
[6.361s] INFO:colcon.colcon_core.shell:Creating package script '/home/shared/projects/gultepe/cleaner_ws/install/turtlebot3_simulations/share/turtlebot3_simulations/package.zsh'
[6.362s] Level 1:colcon.colcon_core.environment:create_file_with_runtime_dependencies(/home/shared/projects/gultepe/cleaner_ws/install/turtlebot3_simulations/share/colcon-core/packages/turtlebot3_simulations)
[6.366s] DEBUG:colcon.colcon_core.event_handler.log_command:Invoking command in '/home/shared/projects/gultepe/cleaner_ws/build/cleaner_bringup': AMENT_PREFIX_PATH=/home/shared/projects/gultepe/cleaner_ws/install/cleaner_description:${AMENT_PREFIX_PATH} CMAKE_PREFIX_PATH=/home/shared/projects/gultepe/cleaner_ws/install/cleaner_description:/home/tunaprogrammer/projects/gultepe/cleaner_ws/install/turtlebot3_simulations:/home/tunaprogrammer/projects/gultepe/cleaner_ws/install/turtlebot3_gazebo:/home/tunaprogrammer/projects/gultepe/cleaner_ws/install/rplidar_ros:/home/tunaprogrammer/projects/gultepe/cleaner_ws/install/cleaner_bringup:/home/tunaprogrammer/projects/gultepe/cleaner_ws/install/cleaner_description:/home/tunaprogrammer/projects/gultepe/humble_ws/install/robot_arise:/home/tunaprogrammer/projects/gultepe/humble_ws/install/test_interfaces:/home/tunaprogrammer/projects/gultepe/cleaner_ws/install/bno055:/home/tunaprogrammer/projects/gultepe/humble_ws/install/jetpack:/home/tunaprogrammer/projects/gultepe/humble_ws/install/python_pkg:/home/tunaprogrammer/projects/gultepe/humble_ws/install/catcher:/opt/ros/humble /usr/bin/cmake --install /home/shared/projects/gultepe/cleaner_ws/build/cleaner_bringup
[6.423s] DEBUG:colcon.colcon_core.event_handler.log_command:Invoked command in '/home/shared/projects/gultepe/cleaner_ws/src/bno055' returned '0': PYTHONPATH=/home/shared/projects/gultepe/cleaner_ws/build/bno055/prefix_override:/home/shared/projects/gultepe/cleaner_ws/install/bno055/lib/python3.10/site-packages:${PYTHONPATH} /usr/bin/python3 setup.py egg_info --egg-base ../../build/bno055 build --build-base /home/shared/projects/gultepe/cleaner_ws/build/bno055/build install --record /home/shared/projects/gultepe/cleaner_ws/build/bno055/install.log --single-version-externally-managed
[6.464s] Level 1:colcon.colcon_core.environment:checking '/home/shared/projects/gultepe/cleaner_ws/install/bno055' for CMake module files
[6.465s] Level 1:colcon.colcon_core.environment:checking '/home/shared/projects/gultepe/cleaner_ws/install/bno055' for CMake config files
[6.467s] Level 1:colcon.colcon_core.environment:checking '/home/shared/projects/gultepe/cleaner_ws/install/bno055/lib'
[6.468s] Level 1:colcon.colcon_core.environment:checking '/home/shared/projects/gultepe/cleaner_ws/install/bno055/bin'
[6.468s] Level 1:colcon.colcon_core.environment:checking '/home/shared/projects/gultepe/cleaner_ws/install/bno055/lib/pkgconfig/bno055.pc'
[6.469s] Level 1:colcon.colcon_core.environment:checking '/home/shared/projects/gultepe/cleaner_ws/install/bno055/lib/python3.10/site-packages'
[6.469s] Level 1:colcon.colcon_core.shell:create_environment_hook('bno055', 'pythonpath')
[6.517s] INFO:colcon.colcon_core.shell:Creating environment hook '/home/shared/projects/gultepe/cleaner_ws/install/bno055/share/bno055/hook/pythonpath.ps1'
[6.518s] INFO:colcon.colcon_core.shell:Creating environment descriptor '/home/shared/projects/gultepe/cleaner_ws/install/bno055/share/bno055/hook/pythonpath.dsv'
[6.519s] INFO:colcon.colcon_core.shell:Creating environment hook '/home/shared/projects/gultepe/cleaner_ws/install/bno055/share/bno055/hook/pythonpath.sh'
[6.520s] Level 1:colcon.colcon_core.environment:checking '/home/shared/projects/gultepe/cleaner_ws/install/bno055/bin'
[6.520s] Level 1:colcon.colcon_core.environment:create_environment_scripts_only(bno055)
[6.565s] INFO:colcon.colcon_core.shell:Creating package script '/home/shared/projects/gultepe/cleaner_ws/install/bno055/share/bno055/package.ps1'
[6.566s] INFO:colcon.colcon_core.shell:Creating package descriptor '/home/shared/projects/gultepe/cleaner_ws/install/bno055/share/bno055/package.dsv'
[6.567s] INFO:colcon.colcon_core.shell:Creating package script '/home/shared/projects/gultepe/cleaner_ws/install/bno055/share/bno055/package.sh'
[6.569s] INFO:colcon.colcon_core.shell:Creating package script '/home/shared/projects/gultepe/cleaner_ws/install/bno055/share/bno055/package.bash'
[6.569s] INFO:colcon.colcon_core.shell:Creating package script '/home/shared/projects/gultepe/cleaner_ws/install/bno055/share/bno055/package.zsh'
[6.570s] Level 1:colcon.colcon_core.environment:create_file_with_runtime_dependencies(/home/shared/projects/gultepe/cleaner_ws/install/bno055/share/colcon-core/packages/bno055)
[6.573s] Level 1:colcon.colcon_core.environment:create_environment_scripts_only(cleaner_bringup)
[6.575s] DEBUG:colcon.colcon_core.event_handler.log_command:Invoked command in '/home/shared/projects/gultepe/cleaner_ws/build/cleaner_bringup' returned '0': AMENT_PREFIX_PATH=/home/shared/projects/gultepe/cleaner_ws/install/cleaner_description:${AMENT_PREFIX_PATH} CMAKE_PREFIX_PATH=/home/shared/projects/gultepe/cleaner_ws/install/cleaner_description:/home/tunaprogrammer/projects/gultepe/cleaner_ws/install/turtlebot3_simulations:/home/tunaprogrammer/projects/gultepe/cleaner_ws/install/turtlebot3_gazebo:/home/tunaprogrammer/projects/gultepe/cleaner_ws/install/rplidar_ros:/home/tunaprogrammer/projects/gultepe/cleaner_ws/install/cleaner_bringup:/home/tunaprogrammer/projects/gultepe/cleaner_ws/install/cleaner_description:/home/tunaprogrammer/projects/gultepe/humble_ws/install/robot_arise:/home/tunaprogrammer/projects/gultepe/humble_ws/install/test_interfaces:/home/tunaprogrammer/projects/gultepe/cleaner_ws/install/bno055:/home/tunaprogrammer/projects/gultepe/humble_ws/install/jetpack:/home/tunaprogrammer/projects/gultepe/humble_ws/install/python_pkg:/home/tunaprogrammer/projects/gultepe/humble_ws/install/catcher:/opt/ros/humble /usr/bin/cmake --install /home/shared/projects/gultepe/cleaner_ws/build/cleaner_bringup
[6.622s] Level 1:colcon.colcon_core.environment:checking '/home/shared/projects/gultepe/cleaner_ws/install/cleaner_bringup' for CMake module files
[6.623s] Level 1:colcon.colcon_core.environment:checking '/home/shared/projects/gultepe/cleaner_ws/install/cleaner_bringup' for CMake config files
[6.624s] Level 1:colcon.colcon_core.shell:create_environment_hook('cleaner_bringup', 'cmake_prefix_path')
[6.669s] INFO:colcon.colcon_core.shell:Creating environment hook '/home/shared/projects/gultepe/cleaner_ws/install/cleaner_bringup/share/cleaner_bringup/hook/cmake_prefix_path.ps1'
[6.670s] INFO:colcon.colcon_core.shell:Creating environment descriptor '/home/shared/projects/gultepe/cleaner_ws/install/cleaner_bringup/share/cleaner_bringup/hook/cmake_prefix_path.dsv'
[6.671s] INFO:colcon.colcon_core.shell:Creating environment hook '/home/shared/projects/gultepe/cleaner_ws/install/cleaner_bringup/share/cleaner_bringup/hook/cmake_prefix_path.sh'
[6.673s] Level 1:colcon.colcon_core.environment:checking '/home/shared/projects/gultepe/cleaner_ws/install/cleaner_bringup/bin'
[6.673s] Level 1:colcon.colcon_core.environment:checking '/home/shared/projects/gultepe/cleaner_ws/install/cleaner_bringup/lib/pkgconfig/cleaner_bringup.pc'
[6.674s] Level 1:colcon.colcon_core.environment:checking '/home/shared/projects/gultepe/cleaner_ws/install/cleaner_bringup/lib/python3.10/site-packages'
[6.674s] Level 1:colcon.colcon_core.environment:checking '/home/shared/projects/gultepe/cleaner_ws/install/cleaner_bringup/bin'
[6.713s] INFO:colcon.colcon_core.shell:Creating package script '/home/shared/projects/gultepe/cleaner_ws/install/cleaner_bringup/share/cleaner_bringup/package.ps1'
[6.713s] INFO:colcon.colcon_core.shell:Creating package descriptor '/home/shared/projects/gultepe/cleaner_ws/install/cleaner_bringup/share/cleaner_bringup/package.dsv'
[6.714s] INFO:colcon.colcon_core.shell:Creating package script '/home/shared/projects/gultepe/cleaner_ws/install/cleaner_bringup/share/cleaner_bringup/package.sh'
[6.715s] INFO:colcon.colcon_core.shell:Creating package script '/home/shared/projects/gultepe/cleaner_ws/install/cleaner_bringup/share/cleaner_bringup/package.bash'
[6.715s] INFO:colcon.colcon_core.shell:Creating package script '/home/shared/projects/gultepe/cleaner_ws/install/cleaner_bringup/share/cleaner_bringup/package.zsh'
[6.715s] Level 1:colcon.colcon_core.environment:create_file_with_runtime_dependencies(/home/shared/projects/gultepe/cleaner_ws/install/cleaner_bringup/share/colcon-core/packages/cleaner_bringup)
[6.786s] Level 1:colcon.colcon_core.environment:create_environment_scripts_only(cleaner_bringup)
[6.816s] Level 1:colcon.colcon_core.environment:checking '/home/shared/projects/gultepe/cleaner_ws/install/cleaner_bringup' for CMake module files
[6.817s] Level 1:colcon.colcon_core.environment:checking '/home/shared/projects/gultepe/cleaner_ws/install/cleaner_bringup' for CMake config files
[6.818s] Level 1:colcon.colcon_core.shell:create_environment_hook('cleaner_bringup', 'cmake_prefix_path')
[6.847s] INFO:colcon.colcon_core.shell:Creating environment hook '/home/shared/projects/gultepe/cleaner_ws/install/cleaner_bringup/share/cleaner_bringup/hook/cmake_prefix_path.ps1'
[6.848s] INFO:colcon.colcon_core.shell:Creating environment descriptor '/home/shared/projects/gultepe/cleaner_ws/install/cleaner_bringup/share/cleaner_bringup/hook/cmake_prefix_path.dsv'
[6.848s] INFO:colcon.colcon_core.shell:Creating environment hook '/home/shared/projects/gultepe/cleaner_ws/install/cleaner_bringup/share/cleaner_bringup/hook/cmake_prefix_path.sh'
[6.849s] Level 1:colcon.colcon_core.environment:checking '/home/shared/projects/gultepe/cleaner_ws/install/cleaner_bringup/bin'
[6.849s] Level 1:colcon.colcon_core.environment:checking '/home/shared/projects/gultepe/cleaner_ws/install/cleaner_bringup/lib/pkgconfig/cleaner_bringup.pc'
[6.849s] Level 1:colcon.colcon_core.environment:checking '/home/shared/projects/gultepe/cleaner_ws/install/cleaner_bringup/lib/python3.10/site-packages'
[6.850s] Level 1:colcon.colcon_core.environment:checking '/home/shared/projects/gultepe/cleaner_ws/install/cleaner_bringup/bin'
[6.876s] INFO:colcon.colcon_core.shell:Creating package script '/home/shared/projects/gultepe/cleaner_ws/install/cleaner_bringup/share/cleaner_bringup/package.ps1'
[6.877s] INFO:colcon.colcon_core.shell:Creating package descriptor '/home/shared/projects/gultepe/cleaner_ws/install/cleaner_bringup/share/cleaner_bringup/package.dsv'
[6.878s] INFO:colcon.colcon_core.shell:Creating package script '/home/shared/projects/gultepe/cleaner_ws/install/cleaner_bringup/share/cleaner_bringup/package.sh'
[6.878s] INFO:colcon.colcon_core.shell:Creating package script '/home/shared/projects/gultepe/cleaner_ws/install/cleaner_bringup/share/cleaner_bringup/package.bash'
[6.879s] INFO:colcon.colcon_core.shell:Creating package script '/home/shared/projects/gultepe/cleaner_ws/install/cleaner_bringup/share/cleaner_bringup/package.zsh'
[6.879s] Level 1:colcon.colcon_core.environment:create_file_with_runtime_dependencies(/home/shared/projects/gultepe/cleaner_ws/install/cleaner_bringup/share/colcon-core/packages/cleaner_bringup)
[6.880s] DEBUG:colcon.colcon_parallel_executor.executor.parallel:closing loop
[6.880s] DEBUG:colcon.colcon_parallel_executor.executor.parallel:loop closed
[6.881s] DEBUG:colcon.colcon_parallel_executor.executor.parallel:run_until_complete finished with '0'
[6.881s] DEBUG:colcon.colcon_core.event_reactor:joining thread
[6.917s] INFO:colcon.colcon_core.plugin_system:Skipping extension 'colcon_notification.desktop_notification.terminal_notifier': Not used on non-Darwin systems
[6.917s] INFO:colcon.colcon_core.plugin_system:Skipping extension 'colcon_notification.desktop_notification.win32': Not used on non-Windows systems
[6.918s] INFO:colcon.colcon_notification.desktop_notification:Sending desktop notification using 'notify2'
[6.946s] DEBUG:colcon.colcon_core.event_reactor:joined thread
[6.977s] INFO:colcon.colcon_core.shell:Creating prefix script '/home/shared/projects/gultepe/cleaner_ws/install/local_setup.ps1'
[6.979s] INFO:colcon.colcon_core.shell:Creating prefix util module '/home/shared/projects/gultepe/cleaner_ws/install/_local_setup_util_ps1.py'
[6.982s] INFO:colcon.colcon_core.shell:Creating prefix chain script '/home/shared/projects/gultepe/cleaner_ws/install/setup.ps1'
[7.010s] INFO:colcon.colcon_core.shell:Creating prefix script '/home/shared/projects/gultepe/cleaner_ws/install/local_setup.sh'
[7.011s] INFO:colcon.colcon_core.shell:Creating prefix util module '/home/shared/projects/gultepe/cleaner_ws/install/_local_setup_util_sh.py'
[7.012s] INFO:colcon.colcon_core.shell:Creating prefix chain script '/home/shared/projects/gultepe/cleaner_ws/install/setup.sh'
[7.045s] INFO:colcon.colcon_core.shell:Creating prefix script '/home/shared/projects/gultepe/cleaner_ws/install/local_setup.bash'
[7.046s] INFO:colcon.colcon_core.shell:Creating prefix chain script '/home/shared/projects/gultepe/cleaner_ws/install/setup.bash'
[7.075s] INFO:colcon.colcon_core.shell:Creating prefix script '/home/shared/projects/gultepe/cleaner_ws/install/local_setup.zsh'
[7.076s] INFO:colcon.colcon_core.shell:Creating prefix chain script '/home/shared/projects/gultepe/cleaner_ws/install/setup.zsh'
