[7.762s] Invoking command in '/home/shared/projects/gultepe/cleaner_ws/build/explorer_cartographer': CMAKE_PREFIX_PATH=${CMAKE_PREFIX_PATH}:/home/tunaprogrammer/projects/gultepe/cleaner_ws/install/explorer_wanderer:/home/tunaprogrammer/projects/gultepe/cleaner_ws/install/explorer_navigation2:/home/tunaprogrammer/projects/gultepe/cleaner_ws/install/explorer_map_utils:/home/tunaprogrammer/projects/gultepe/cleaner_ws/install/explorer_bringup:/home/tunaprogrammer/projects/gultepe/cleaner_ws/install/bno055:/home/tunaprogrammer/projects/gultepe/humble_ws/install/jetpack:/home/tunaprogrammer/projects/gultepe/humble_ws/install/python_pkg:/home/tunaprogrammer/projects/gultepe/humble_ws/install/catcher:/opt/ros/humble /usr/bin/cmake --build /home/shared/projects/gultepe/cleaner_ws/build/explorer_cartographer -- -j12 -l12
[14.031s] Invoked command in '/home/shared/projects/gultepe/cleaner_ws/build/explorer_cartographer' returned '0': CMAKE_PREFIX_PATH=${CMAKE_PREFIX_PATH}:/home/tunaprogrammer/projects/gultepe/cleaner_ws/install/explorer_wanderer:/home/tunaprogrammer/projects/gultepe/cleaner_ws/install/explorer_navigation2:/home/tunaprogrammer/projects/gultepe/cleaner_ws/install/explorer_map_utils:/home/tunaprogrammer/projects/gultepe/cleaner_ws/install/explorer_bringup:/home/tunaprogrammer/projects/gultepe/cleaner_ws/install/bno055:/home/tunaprogrammer/projects/gultepe/humble_ws/install/jetpack:/home/tunaprogrammer/projects/gultepe/humble_ws/install/python_pkg:/home/tunaprogrammer/projects/gultepe/humble_ws/install/catcher:/opt/ros/humble /usr/bin/cmake --build /home/shared/projects/gultepe/cleaner_ws/build/explorer_cartographer -- -j12 -l12
[14.297s] Invoking command in '/home/shared/projects/gultepe/cleaner_ws/build/explorer_cartographer': CMAKE_PREFIX_PATH=${CMAKE_PREFIX_PATH}:/home/tunaprogrammer/projects/gultepe/cleaner_ws/install/explorer_wanderer:/home/tunaprogrammer/projects/gultepe/cleaner_ws/install/explorer_navigation2:/home/tunaprogrammer/projects/gultepe/cleaner_ws/install/explorer_map_utils:/home/tunaprogrammer/projects/gultepe/cleaner_ws/install/explorer_bringup:/home/tunaprogrammer/projects/gultepe/cleaner_ws/install/bno055:/home/tunaprogrammer/projects/gultepe/humble_ws/install/jetpack:/home/tunaprogrammer/projects/gultepe/humble_ws/install/python_pkg:/home/tunaprogrammer/projects/gultepe/humble_ws/install/catcher:/opt/ros/humble /usr/bin/cmake --install /home/shared/projects/gultepe/cleaner_ws/build/explorer_cartographer
[14.463s] -- Install configuration: ""
[14.470s] -- Execute custom install script
[14.475s] -- Up-to-date symlink: /home/shared/projects/gultepe/cleaner_ws/install/explorer_cartographer/share/explorer_cartographer/config/turtlebot3_lds_2d.lua
[14.478s] -- Up-to-date symlink: /home/shared/projects/gultepe/cleaner_ws/install/explorer_cartographer/share/explorer_cartographer/launch/cartographer.launch.py
[14.480s] -- Up-to-date symlink: /home/shared/projects/gultepe/cleaner_ws/install/explorer_cartographer/share/explorer_cartographer/launch/occupancy_grid.launch.py
[14.481s] -- Up-to-date symlink: /home/shared/projects/gultepe/cleaner_ws/install/explorer_cartographer/share/explorer_cartographer/rviz/tb3_cartographer.rviz
[14.483s] -- Up-to-date symlink: /home/shared/projects/gultepe/cleaner_ws/install/explorer_cartographer/share/ament_index/resource_index/package_run_dependencies/explorer_cartographer
[14.509s] -- Up-to-date symlink: /home/shared/projects/gultepe/cleaner_ws/install/explorer_cartographer/share/ament_index/resource_index/parent_prefix_path/explorer_cartographer
[14.511s] -- Up-to-date symlink: /home/shared/projects/gultepe/cleaner_ws/install/explorer_cartographer/share/explorer_cartographer/environment/ament_prefix_path.sh
[14.513s] -- Up-to-date symlink: /home/shared/projects/gultepe/cleaner_ws/install/explorer_cartographer/share/explorer_cartographer/environment/ament_prefix_path.dsv
[14.515s] -- Up-to-date symlink: /home/shared/projects/gultepe/cleaner_ws/install/explorer_cartographer/share/explorer_cartographer/environment/path.sh
[14.515s] -- Up-to-date symlink: /home/shared/projects/gultepe/cleaner_ws/install/explorer_cartographer/share/explorer_cartographer/environment/path.dsv
[14.521s] -- Up-to-date symlink: /home/shared/projects/gultepe/cleaner_ws/install/explorer_cartographer/share/explorer_cartographer/local_setup.bash
[14.522s] -- Up-to-date symlink: /home/shared/projects/gultepe/cleaner_ws/install/explorer_cartographer/share/explorer_cartographer/local_setup.sh
[14.528s] -- Up-to-date symlink: /home/shared/projects/gultepe/cleaner_ws/install/explorer_cartographer/share/explorer_cartographer/local_setup.zsh
[14.529s] -- Up-to-date symlink: /home/shared/projects/gultepe/cleaner_ws/install/explorer_cartographer/share/explorer_cartographer/local_setup.dsv
[14.530s] -- Symlinking: /home/shared/projects/gultepe/cleaner_ws/install/explorer_cartographer/share/explorer_cartographer/package.dsv
[14.533s] -- Up-to-date symlink: /home/shared/projects/gultepe/cleaner_ws/install/explorer_cartographer/share/ament_index/resource_index/packages/explorer_cartographer
[14.536s] -- Up-to-date symlink: /home/shared/projects/gultepe/cleaner_ws/install/explorer_cartographer/share/explorer_cartographer/cmake/explorer_cartographerConfig.cmake
[14.539s] -- Up-to-date symlink: /home/shared/projects/gultepe/cleaner_ws/install/explorer_cartographer/share/explorer_cartographer/cmake/explorer_cartographerConfig-version.cmake
[14.540s] -- Up-to-date symlink: /home/shared/projects/gultepe/cleaner_ws/install/explorer_cartographer/share/explorer_cartographer/package.xml
[15.645s] Invoked command in '/home/shared/projects/gultepe/cleaner_ws/build/explorer_cartographer' returned '0': CMAKE_PREFIX_PATH=${CMAKE_PREFIX_PATH}:/home/tunaprogrammer/projects/gultepe/cleaner_ws/install/explorer_wanderer:/home/tunaprogrammer/projects/gultepe/cleaner_ws/install/explorer_navigation2:/home/tunaprogrammer/projects/gultepe/cleaner_ws/install/explorer_map_utils:/home/tunaprogrammer/projects/gultepe/cleaner_ws/install/explorer_bringup:/home/tunaprogrammer/projects/gultepe/cleaner_ws/install/bno055:/home/tunaprogrammer/projects/gultepe/humble_ws/install/jetpack:/home/tunaprogrammer/projects/gultepe/humble_ws/install/python_pkg:/home/tunaprogrammer/projects/gultepe/humble_ws/install/catcher:/opt/ros/humble /usr/bin/cmake --install /home/shared/projects/gultepe/cleaner_ws/build/explorer_cartographer
