[0.588s] DEBUG:colcon:Command line arguments: ['/usr/bin/colcon', 'build']
[0.589s] DEBUG:colcon:Parsed command line arguments: Namespace(log_base=None, log_level=None, verb_name='build', build_base='build', install_base='install', merge_install=False, symlink_install=False, test_result_base=None, continue_on_error=False, executor='parallel', parallel_workers=16, event_handlers=None, ignore_user_meta=False, metas=['./colcon.meta'], base_paths=['.'], packages_ignore=None, packages_ignore_regex=None, paths=None, packages_up_to=None, packages_up_to_regex=None, packages_above=None, packages_above_and_dependencies=None, packages_above_depth=None, packages_select_by_dep=None, packages_skip_by_dep=None, packages_skip_up_to=None, packages_select_build_failed=False, packages_skip_build_finished=False, packages_select_test_failures=False, packages_skip_test_passed=False, packages_select=None, packages_skip=None, packages_select_regex=None, packages_skip_regex=None, packages_start=None, packages_end=None, allow_overriding=[], cmake_args=None, cmake_target=None, cmake_target_skip_unavailable=False, cmake_clean_cache=False, cmake_clean_first=False, cmake_force_configure=False, ament_cmake_args=None, catkin_cmake_args=None, catkin_skip_building_tests=False, verb_parser=<colcon_defaults.argument_parser.defaults.DefaultArgumentsDecorator object at 0x7f9da9f80820>, verb_extension=<colcon_core.verb.build.BuildVerb object at 0x7f9da9f800d0>, main=<bound method BuildVerb.main of <colcon_core.verb.build.BuildVerb object at 0x7f9da9f800d0>>)
[0.615s] Level 1:colcon.colcon_core.package_discovery:discover_packages(colcon_meta) check parameters
[0.615s] Level 1:colcon.colcon_core.package_discovery:discover_packages(recursive) check parameters
[0.615s] Level 1:colcon.colcon_core.package_discovery:discover_packages(ignore) check parameters
[0.615s] Level 1:colcon.colcon_core.package_discovery:discover_packages(path) check parameters
[0.615s] Level 1:colcon.colcon_core.package_discovery:discover_packages(colcon_meta) discover
[0.615s] Level 1:colcon.colcon_core.package_discovery:discover_packages(recursive) discover
[0.616s] INFO:colcon.colcon_core.package_discovery:Crawling recursively for packages in '/home/shared/projects/gultepe/cleaner_ws'
[0.616s] Level 1:colcon.colcon_core.package_identification:_identify(.) by extensions ['ignore', 'ignore_ament_install']
[0.616s] Level 1:colcon.colcon_core.package_identification:_identify(.) by extension 'ignore'
[0.616s] Level 1:colcon.colcon_core.package_identification:_identify(.) by extension 'ignore_ament_install'
[0.616s] Level 1:colcon.colcon_core.package_identification:_identify(.) by extensions ['colcon_pkg']
[0.616s] Level 1:colcon.colcon_core.package_identification:_identify(.) by extension 'colcon_pkg'
[0.616s] Level 1:colcon.colcon_core.package_identification:_identify(.) by extensions ['colcon_meta']
[0.616s] Level 1:colcon.colcon_core.package_identification:_identify(.) by extension 'colcon_meta'
[0.616s] Level 1:colcon.colcon_core.package_identification:_identify(.) by extensions ['ros']
[0.616s] Level 1:colcon.colcon_core.package_identification:_identify(.) by extension 'ros'
[0.623s] Level 1:colcon.colcon_core.package_identification:_identify(.) by extensions ['cmake', 'python']
[0.623s] Level 1:colcon.colcon_core.package_identification:_identify(.) by extension 'cmake'
[0.623s] Level 1:colcon.colcon_core.package_identification:_identify(.) by extension 'python'
[0.623s] Level 1:colcon.colcon_core.package_identification:_identify(.) by extensions ['python_setup_py']
[0.623s] Level 1:colcon.colcon_core.package_identification:_identify(.) by extension 'python_setup_py'
[0.623s] Level 1:colcon.colcon_core.package_identification:_identify(build) by extensions ['ignore', 'ignore_ament_install']
[0.623s] Level 1:colcon.colcon_core.package_identification:_identify(build) by extension 'ignore'
[0.623s] Level 1:colcon.colcon_core.package_identification:_identify(build) ignored
[0.623s] Level 1:colcon.colcon_core.package_identification:_identify(install) by extensions ['ignore', 'ignore_ament_install']
[0.623s] Level 1:colcon.colcon_core.package_identification:_identify(install) by extension 'ignore'
[0.623s] Level 1:colcon.colcon_core.package_identification:_identify(install) ignored
[0.623s] Level 1:colcon.colcon_core.package_identification:_identify(log) by extensions ['ignore', 'ignore_ament_install']
[0.623s] Level 1:colcon.colcon_core.package_identification:_identify(log) by extension 'ignore'
[0.623s] Level 1:colcon.colcon_core.package_identification:_identify(log) ignored
[0.623s] Level 1:colcon.colcon_core.package_identification:_identify(src) by extensions ['ignore', 'ignore_ament_install']
[0.623s] Level 1:colcon.colcon_core.package_identification:_identify(src) by extension 'ignore'
[0.623s] Level 1:colcon.colcon_core.package_identification:_identify(src) by extension 'ignore_ament_install'
[0.623s] Level 1:colcon.colcon_core.package_identification:_identify(src) by extensions ['colcon_pkg']
[0.623s] Level 1:colcon.colcon_core.package_identification:_identify(src) by extension 'colcon_pkg'
[0.623s] Level 1:colcon.colcon_core.package_identification:_identify(src) by extensions ['colcon_meta']
[0.623s] Level 1:colcon.colcon_core.package_identification:_identify(src) by extension 'colcon_meta'
[0.623s] Level 1:colcon.colcon_core.package_identification:_identify(src) by extensions ['ros']
[0.623s] Level 1:colcon.colcon_core.package_identification:_identify(src) by extension 'ros'
[0.623s] Level 1:colcon.colcon_core.package_identification:_identify(src) by extensions ['cmake', 'python']
[0.623s] Level 1:colcon.colcon_core.package_identification:_identify(src) by extension 'cmake'
[0.623s] Level 1:colcon.colcon_core.package_identification:_identify(src) by extension 'python'
[0.623s] Level 1:colcon.colcon_core.package_identification:_identify(src) by extensions ['python_setup_py']
[0.623s] Level 1:colcon.colcon_core.package_identification:_identify(src) by extension 'python_setup_py'
[0.623s] Level 1:colcon.colcon_core.package_identification:_identify(src/bno055) by extensions ['ignore', 'ignore_ament_install']
[0.624s] Level 1:colcon.colcon_core.package_identification:_identify(src/bno055) by extension 'ignore'
[0.624s] Level 1:colcon.colcon_core.package_identification:_identify(src/bno055) by extension 'ignore_ament_install'
[0.624s] Level 1:colcon.colcon_core.package_identification:_identify(src/bno055) by extensions ['colcon_pkg']
[0.624s] Level 1:colcon.colcon_core.package_identification:_identify(src/bno055) by extension 'colcon_pkg'
[0.624s] Level 1:colcon.colcon_core.package_identification:_identify(src/bno055) by extensions ['colcon_meta']
[0.624s] Level 1:colcon.colcon_core.package_identification:_identify(src/bno055) by extension 'colcon_meta'
[0.624s] Level 1:colcon.colcon_core.package_identification:_identify(src/bno055) by extensions ['ros']
[0.624s] Level 1:colcon.colcon_core.package_identification:_identify(src/bno055) by extension 'ros'
[0.625s] DEBUG:colcon.colcon_core.package_identification:Package 'src/bno055' with type 'ros.ament_python' and name 'bno055'
[0.625s] Level 1:colcon.colcon_core.package_identification:_identify(src/cleaner_bringup) by extensions ['ignore', 'ignore_ament_install']
[0.625s] Level 1:colcon.colcon_core.package_identification:_identify(src/cleaner_bringup) by extension 'ignore'
[0.625s] Level 1:colcon.colcon_core.package_identification:_identify(src/cleaner_bringup) by extension 'ignore_ament_install'
[0.625s] Level 1:colcon.colcon_core.package_identification:_identify(src/cleaner_bringup) by extensions ['colcon_pkg']
[0.625s] Level 1:colcon.colcon_core.package_identification:_identify(src/cleaner_bringup) by extension 'colcon_pkg'
[0.625s] Level 1:colcon.colcon_core.package_identification:_identify(src/cleaner_bringup) by extensions ['colcon_meta']
[0.625s] Level 1:colcon.colcon_core.package_identification:_identify(src/cleaner_bringup) by extension 'colcon_meta'
[0.625s] Level 1:colcon.colcon_core.package_identification:_identify(src/cleaner_bringup) by extensions ['ros']
[0.625s] Level 1:colcon.colcon_core.package_identification:_identify(src/cleaner_bringup) by extension 'ros'
[0.626s] DEBUG:colcon.colcon_core.package_identification:Package 'src/cleaner_bringup' with type 'ros.ament_cmake' and name 'cleaner_bringup'
[0.626s] Level 1:colcon.colcon_core.package_identification:_identify(src/cleaner_description) by extensions ['ignore', 'ignore_ament_install']
[0.626s] Level 1:colcon.colcon_core.package_identification:_identify(src/cleaner_description) by extension 'ignore'
[0.626s] Level 1:colcon.colcon_core.package_identification:_identify(src/cleaner_description) by extension 'ignore_ament_install'
[0.626s] Level 1:colcon.colcon_core.package_identification:_identify(src/cleaner_description) by extensions ['colcon_pkg']
[0.626s] Level 1:colcon.colcon_core.package_identification:_identify(src/cleaner_description) by extension 'colcon_pkg'
[0.626s] Level 1:colcon.colcon_core.package_identification:_identify(src/cleaner_description) by extensions ['colcon_meta']
[0.626s] Level 1:colcon.colcon_core.package_identification:_identify(src/cleaner_description) by extension 'colcon_meta'
[0.626s] Level 1:colcon.colcon_core.package_identification:_identify(src/cleaner_description) by extensions ['ros']
[0.626s] Level 1:colcon.colcon_core.package_identification:_identify(src/cleaner_description) by extension 'ros'
[0.626s] DEBUG:colcon.colcon_core.package_identification:Package 'src/cleaner_description' with type 'ros.ament_cmake' and name 'cleaner_description'
[0.626s] Level 1:colcon.colcon_core.package_identification:_identify(src/gultepe_scripts) by extensions ['ignore', 'ignore_ament_install']
[0.626s] Level 1:colcon.colcon_core.package_identification:_identify(src/gultepe_scripts) by extension 'ignore'
[0.626s] Level 1:colcon.colcon_core.package_identification:_identify(src/gultepe_scripts) by extension 'ignore_ament_install'
[0.626s] Level 1:colcon.colcon_core.package_identification:_identify(src/gultepe_scripts) by extensions ['colcon_pkg']
[0.626s] Level 1:colcon.colcon_core.package_identification:_identify(src/gultepe_scripts) by extension 'colcon_pkg'
[0.626s] Level 1:colcon.colcon_core.package_identification:_identify(src/gultepe_scripts) by extensions ['colcon_meta']
[0.626s] Level 1:colcon.colcon_core.package_identification:_identify(src/gultepe_scripts) by extension 'colcon_meta'
[0.626s] Level 1:colcon.colcon_core.package_identification:_identify(src/gultepe_scripts) by extensions ['ros']
[0.626s] Level 1:colcon.colcon_core.package_identification:_identify(src/gultepe_scripts) by extension 'ros'
[0.627s] DEBUG:colcon.colcon_core.package_identification:Package 'src/gultepe_scripts' with type 'ros.ament_python' and name 'gultepe_scripts'
[0.627s] Level 1:colcon.colcon_core.package_identification:_identify(src/rplidar_ros) by extensions ['ignore', 'ignore_ament_install']
[0.627s] Level 1:colcon.colcon_core.package_identification:_identify(src/rplidar_ros) by extension 'ignore'
[0.627s] Level 1:colcon.colcon_core.package_identification:_identify(src/rplidar_ros) by extension 'ignore_ament_install'
[0.627s] Level 1:colcon.colcon_core.package_identification:_identify(src/rplidar_ros) by extensions ['colcon_pkg']
[0.627s] Level 1:colcon.colcon_core.package_identification:_identify(src/rplidar_ros) by extension 'colcon_pkg'
[0.627s] Level 1:colcon.colcon_core.package_identification:_identify(src/rplidar_ros) by extensions ['colcon_meta']
[0.627s] Level 1:colcon.colcon_core.package_identification:_identify(src/rplidar_ros) by extension 'colcon_meta'
[0.627s] Level 1:colcon.colcon_core.package_identification:_identify(src/rplidar_ros) by extensions ['ros']
[0.627s] Level 1:colcon.colcon_core.package_identification:_identify(src/rplidar_ros) by extension 'ros'
[0.627s] DEBUG:colcon.colcon_core.package_identification:Package 'src/rplidar_ros' with type 'ros.ament_cmake' and name 'rplidar_ros'
[0.627s] Level 1:colcon.colcon_core.package_identification:_identify(src/serial_motor_demo-main) by extensions ['ignore', 'ignore_ament_install']
[0.627s] Level 1:colcon.colcon_core.package_identification:_identify(src/serial_motor_demo-main) by extension 'ignore'
[0.627s] Level 1:colcon.colcon_core.package_identification:_identify(src/serial_motor_demo-main) by extension 'ignore_ament_install'
[0.628s] Level 1:colcon.colcon_core.package_identification:_identify(src/serial_motor_demo-main) by extensions ['colcon_pkg']
[0.628s] Level 1:colcon.colcon_core.package_identification:_identify(src/serial_motor_demo-main) by extension 'colcon_pkg'
[0.628s] Level 1:colcon.colcon_core.package_identification:_identify(src/serial_motor_demo-main) by extensions ['colcon_meta']
[0.628s] Level 1:colcon.colcon_core.package_identification:_identify(src/serial_motor_demo-main) by extension 'colcon_meta'
[0.628s] Level 1:colcon.colcon_core.package_identification:_identify(src/serial_motor_demo-main) by extensions ['ros']
[0.628s] Level 1:colcon.colcon_core.package_identification:_identify(src/serial_motor_demo-main) by extension 'ros'
[0.628s] Level 1:colcon.colcon_core.package_identification:_identify(src/serial_motor_demo-main) by extensions ['cmake', 'python']
[0.628s] Level 1:colcon.colcon_core.package_identification:_identify(src/serial_motor_demo-main) by extension 'cmake'
[0.628s] Level 1:colcon.colcon_core.package_identification:_identify(src/serial_motor_demo-main) by extension 'python'
[0.628s] Level 1:colcon.colcon_core.package_identification:_identify(src/serial_motor_demo-main) by extensions ['python_setup_py']
[0.628s] Level 1:colcon.colcon_core.package_identification:_identify(src/serial_motor_demo-main) by extension 'python_setup_py'
[0.628s] Level 1:colcon.colcon_core.package_identification:_identify(src/serial_motor_demo-main/serial_motor_demo) by extensions ['ignore', 'ignore_ament_install']
[0.628s] Level 1:colcon.colcon_core.package_identification:_identify(src/serial_motor_demo-main/serial_motor_demo) by extension 'ignore'
[0.628s] Level 1:colcon.colcon_core.package_identification:_identify(src/serial_motor_demo-main/serial_motor_demo) by extension 'ignore_ament_install'
[0.628s] Level 1:colcon.colcon_core.package_identification:_identify(src/serial_motor_demo-main/serial_motor_demo) by extensions ['colcon_pkg']
[0.628s] Level 1:colcon.colcon_core.package_identification:_identify(src/serial_motor_demo-main/serial_motor_demo) by extension 'colcon_pkg'
[0.628s] Level 1:colcon.colcon_core.package_identification:_identify(src/serial_motor_demo-main/serial_motor_demo) by extensions ['colcon_meta']
[0.628s] Level 1:colcon.colcon_core.package_identification:_identify(src/serial_motor_demo-main/serial_motor_demo) by extension 'colcon_meta'
[0.628s] Level 1:colcon.colcon_core.package_identification:_identify(src/serial_motor_demo-main/serial_motor_demo) by extensions ['ros']
[0.628s] Level 1:colcon.colcon_core.package_identification:_identify(src/serial_motor_demo-main/serial_motor_demo) by extension 'ros'
[0.628s] DEBUG:colcon.colcon_core.package_identification:Package 'src/serial_motor_demo-main/serial_motor_demo' with type 'ros.ament_python' and name 'serial_motor_demo'
[0.628s] Level 1:colcon.colcon_core.package_identification:_identify(src/serial_motor_demo-main/serial_motor_demo_msgs) by extensions ['ignore', 'ignore_ament_install']
[0.628s] Level 1:colcon.colcon_core.package_identification:_identify(src/serial_motor_demo-main/serial_motor_demo_msgs) by extension 'ignore'
[0.628s] Level 1:colcon.colcon_core.package_identification:_identify(src/serial_motor_demo-main/serial_motor_demo_msgs) by extension 'ignore_ament_install'
[0.629s] Level 1:colcon.colcon_core.package_identification:_identify(src/serial_motor_demo-main/serial_motor_demo_msgs) by extensions ['colcon_pkg']
[0.629s] Level 1:colcon.colcon_core.package_identification:_identify(src/serial_motor_demo-main/serial_motor_demo_msgs) by extension 'colcon_pkg'
[0.629s] Level 1:colcon.colcon_core.package_identification:_identify(src/serial_motor_demo-main/serial_motor_demo_msgs) by extensions ['colcon_meta']
[0.629s] Level 1:colcon.colcon_core.package_identification:_identify(src/serial_motor_demo-main/serial_motor_demo_msgs) by extension 'colcon_meta'
[0.629s] Level 1:colcon.colcon_core.package_identification:_identify(src/serial_motor_demo-main/serial_motor_demo_msgs) by extensions ['ros']
[0.629s] Level 1:colcon.colcon_core.package_identification:_identify(src/serial_motor_demo-main/serial_motor_demo_msgs) by extension 'ros'
[0.629s] DEBUG:colcon.colcon_core.package_identification:Package 'src/serial_motor_demo-main/serial_motor_demo_msgs' with type 'ros.ament_cmake' and name 'serial_motor_demo_msgs'
[0.629s] Level 1:colcon.colcon_core.package_discovery:discover_packages(recursive) using defaults
[0.629s] Level 1:colcon.colcon_core.package_discovery:discover_packages(ignore) discover
[0.629s] Level 1:colcon.colcon_core.package_discovery:discover_packages(ignore) using defaults
[0.629s] Level 1:colcon.colcon_core.package_discovery:discover_packages(path) discover
[0.629s] Level 1:colcon.colcon_core.package_discovery:discover_packages(path) using defaults
[0.682s] Level 1:colcon.colcon_core.package_discovery:discover_packages(prefix_path) check parameters
[0.682s] Level 1:colcon.colcon_core.package_discovery:discover_packages(prefix_path) discover
[0.700s] DEBUG:colcon.colcon_installed_package_information.package_discovery:Found 10 installed packages in /home/tunaprogrammer/projects/gultepe/cleaner_ws/install
[0.714s] DEBUG:colcon.colcon_installed_package_information.package_discovery:Found 5 installed packages in /home/tunaprogrammer/projects/gultepe/humble_ws/install
[0.723s] DEBUG:colcon.colcon_installed_package_information.package_discovery:Found 385 installed packages in /opt/ros/humble
[0.724s] Level 1:colcon.colcon_core.package_discovery:discover_packages(prefix_path) using defaults
[0.784s] Level 5:colcon.colcon_core.verb:set package 'bno055' build argument 'cmake_args' from command line to 'None'
[0.784s] Level 5:colcon.colcon_core.verb:set package 'bno055' build argument 'cmake_target' from command line to 'None'
[0.784s] Level 5:colcon.colcon_core.verb:set package 'bno055' build argument 'cmake_target_skip_unavailable' from command line to 'False'
[0.784s] Level 5:colcon.colcon_core.verb:set package 'bno055' build argument 'cmake_clean_cache' from command line to 'False'
[0.784s] Level 5:colcon.colcon_core.verb:set package 'bno055' build argument 'cmake_clean_first' from command line to 'False'
[0.784s] Level 5:colcon.colcon_core.verb:set package 'bno055' build argument 'cmake_force_configure' from command line to 'False'
[0.784s] Level 5:colcon.colcon_core.verb:set package 'bno055' build argument 'ament_cmake_args' from command line to 'None'
[0.784s] Level 5:colcon.colcon_core.verb:set package 'bno055' build argument 'catkin_cmake_args' from command line to 'None'
[0.784s] Level 5:colcon.colcon_core.verb:set package 'bno055' build argument 'catkin_skip_building_tests' from command line to 'False'
[0.784s] DEBUG:colcon.colcon_core.verb:Building package 'bno055' with the following arguments: {'ament_cmake_args': None, 'build_base': '/home/shared/projects/gultepe/cleaner_ws/build/bno055', 'catkin_cmake_args': None, 'catkin_skip_building_tests': False, 'cmake_args': None, 'cmake_clean_cache': False, 'cmake_clean_first': False, 'cmake_force_configure': False, 'cmake_target': None, 'cmake_target_skip_unavailable': False, 'install_base': '/home/shared/projects/gultepe/cleaner_ws/install/bno055', 'merge_install': False, 'path': '/home/shared/projects/gultepe/cleaner_ws/src/bno055', 'symlink_install': False, 'test_result_base': None}
[0.792s] Level 5:colcon.colcon_core.verb:set package 'cleaner_description' build argument 'cmake_args' from command line to 'None'
[0.792s] Level 5:colcon.colcon_core.verb:set package 'cleaner_description' build argument 'cmake_target' from command line to 'None'
[0.792s] Level 5:colcon.colcon_core.verb:set package 'cleaner_description' build argument 'cmake_target_skip_unavailable' from command line to 'False'
[0.792s] Level 5:colcon.colcon_core.verb:set package 'cleaner_description' build argument 'cmake_clean_cache' from command line to 'False'
[0.792s] Level 5:colcon.colcon_core.verb:set package 'cleaner_description' build argument 'cmake_clean_first' from command line to 'False'
[0.792s] Level 5:colcon.colcon_core.verb:set package 'cleaner_description' build argument 'cmake_force_configure' from command line to 'False'
[0.792s] Level 5:colcon.colcon_core.verb:set package 'cleaner_description' build argument 'ament_cmake_args' from command line to 'None'
[0.792s] Level 5:colcon.colcon_core.verb:set package 'cleaner_description' build argument 'catkin_cmake_args' from command line to 'None'
[0.792s] Level 5:colcon.colcon_core.verb:set package 'cleaner_description' build argument 'catkin_skip_building_tests' from command line to 'False'
[0.793s] DEBUG:colcon.colcon_core.verb:Building package 'cleaner_description' with the following arguments: {'ament_cmake_args': None, 'build_base': '/home/shared/projects/gultepe/cleaner_ws/build/cleaner_description', 'catkin_cmake_args': None, 'catkin_skip_building_tests': False, 'cmake_args': None, 'cmake_clean_cache': False, 'cmake_clean_first': False, 'cmake_force_configure': False, 'cmake_target': None, 'cmake_target_skip_unavailable': False, 'install_base': '/home/shared/projects/gultepe/cleaner_ws/install/cleaner_description', 'merge_install': False, 'path': '/home/shared/projects/gultepe/cleaner_ws/src/cleaner_description', 'symlink_install': False, 'test_result_base': None}
[0.801s] Level 5:colcon.colcon_core.verb:set package 'gultepe_scripts' build argument 'cmake_args' from command line to 'None'
[0.801s] Level 5:colcon.colcon_core.verb:set package 'gultepe_scripts' build argument 'cmake_target' from command line to 'None'
[0.801s] Level 5:colcon.colcon_core.verb:set package 'gultepe_scripts' build argument 'cmake_target_skip_unavailable' from command line to 'False'
[0.801s] Level 5:colcon.colcon_core.verb:set package 'gultepe_scripts' build argument 'cmake_clean_cache' from command line to 'False'
[0.801s] Level 5:colcon.colcon_core.verb:set package 'gultepe_scripts' build argument 'cmake_clean_first' from command line to 'False'
[0.801s] Level 5:colcon.colcon_core.verb:set package 'gultepe_scripts' build argument 'cmake_force_configure' from command line to 'False'
[0.801s] Level 5:colcon.colcon_core.verb:set package 'gultepe_scripts' build argument 'ament_cmake_args' from command line to 'None'
[0.801s] Level 5:colcon.colcon_core.verb:set package 'gultepe_scripts' build argument 'catkin_cmake_args' from command line to 'None'
[0.801s] Level 5:colcon.colcon_core.verb:set package 'gultepe_scripts' build argument 'catkin_skip_building_tests' from command line to 'False'
[0.801s] DEBUG:colcon.colcon_core.verb:Building package 'gultepe_scripts' with the following arguments: {'ament_cmake_args': None, 'build_base': '/home/shared/projects/gultepe/cleaner_ws/build/gultepe_scripts', 'catkin_cmake_args': None, 'catkin_skip_building_tests': False, 'cmake_args': None, 'cmake_clean_cache': False, 'cmake_clean_first': False, 'cmake_force_configure': False, 'cmake_target': None, 'cmake_target_skip_unavailable': False, 'install_base': '/home/shared/projects/gultepe/cleaner_ws/install/gultepe_scripts', 'merge_install': False, 'path': '/home/shared/projects/gultepe/cleaner_ws/src/gultepe_scripts', 'symlink_install': False, 'test_result_base': None}
[0.809s] Level 5:colcon.colcon_core.verb:set package 'rplidar_ros' build argument 'cmake_args' from command line to 'None'
[0.809s] Level 5:colcon.colcon_core.verb:set package 'rplidar_ros' build argument 'cmake_target' from command line to 'None'
[0.809s] Level 5:colcon.colcon_core.verb:set package 'rplidar_ros' build argument 'cmake_target_skip_unavailable' from command line to 'False'
[0.810s] Level 5:colcon.colcon_core.verb:set package 'rplidar_ros' build argument 'cmake_clean_cache' from command line to 'False'
[0.810s] Level 5:colcon.colcon_core.verb:set package 'rplidar_ros' build argument 'cmake_clean_first' from command line to 'False'
[0.810s] Level 5:colcon.colcon_core.verb:set package 'rplidar_ros' build argument 'cmake_force_configure' from command line to 'False'
[0.810s] Level 5:colcon.colcon_core.verb:set package 'rplidar_ros' build argument 'ament_cmake_args' from command line to 'None'
[0.810s] Level 5:colcon.colcon_core.verb:set package 'rplidar_ros' build argument 'catkin_cmake_args' from command line to 'None'
[0.810s] Level 5:colcon.colcon_core.verb:set package 'rplidar_ros' build argument 'catkin_skip_building_tests' from command line to 'False'
[0.810s] DEBUG:colcon.colcon_core.verb:Building package 'rplidar_ros' with the following arguments: {'ament_cmake_args': None, 'build_base': '/home/shared/projects/gultepe/cleaner_ws/build/rplidar_ros', 'catkin_cmake_args': None, 'catkin_skip_building_tests': False, 'cmake_args': None, 'cmake_clean_cache': False, 'cmake_clean_first': False, 'cmake_force_configure': False, 'cmake_target': None, 'cmake_target_skip_unavailable': False, 'install_base': '/home/shared/projects/gultepe/cleaner_ws/install/rplidar_ros', 'merge_install': False, 'path': '/home/shared/projects/gultepe/cleaner_ws/src/rplidar_ros', 'symlink_install': False, 'test_result_base': None}
[0.818s] Level 5:colcon.colcon_core.verb:set package 'serial_motor_demo_msgs' build argument 'cmake_args' from command line to 'None'
[0.818s] Level 5:colcon.colcon_core.verb:set package 'serial_motor_demo_msgs' build argument 'cmake_target' from command line to 'None'
[0.818s] Level 5:colcon.colcon_core.verb:set package 'serial_motor_demo_msgs' build argument 'cmake_target_skip_unavailable' from command line to 'False'
[0.818s] Level 5:colcon.colcon_core.verb:set package 'serial_motor_demo_msgs' build argument 'cmake_clean_cache' from command line to 'False'
[0.818s] Level 5:colcon.colcon_core.verb:set package 'serial_motor_demo_msgs' build argument 'cmake_clean_first' from command line to 'False'
[0.818s] Level 5:colcon.colcon_core.verb:set package 'serial_motor_demo_msgs' build argument 'cmake_force_configure' from command line to 'False'
[0.818s] Level 5:colcon.colcon_core.verb:set package 'serial_motor_demo_msgs' build argument 'ament_cmake_args' from command line to 'None'
[0.818s] Level 5:colcon.colcon_core.verb:set package 'serial_motor_demo_msgs' build argument 'catkin_cmake_args' from command line to 'None'
[0.818s] Level 5:colcon.colcon_core.verb:set package 'serial_motor_demo_msgs' build argument 'catkin_skip_building_tests' from command line to 'False'
[0.818s] DEBUG:colcon.colcon_core.verb:Building package 'serial_motor_demo_msgs' with the following arguments: {'ament_cmake_args': None, 'build_base': '/home/shared/projects/gultepe/cleaner_ws/build/serial_motor_demo_msgs', 'catkin_cmake_args': None, 'catkin_skip_building_tests': False, 'cmake_args': None, 'cmake_clean_cache': False, 'cmake_clean_first': False, 'cmake_force_configure': False, 'cmake_target': None, 'cmake_target_skip_unavailable': False, 'install_base': '/home/shared/projects/gultepe/cleaner_ws/install/serial_motor_demo_msgs', 'merge_install': False, 'path': '/home/shared/projects/gultepe/cleaner_ws/src/serial_motor_demo-main/serial_motor_demo_msgs', 'symlink_install': False, 'test_result_base': None}
[0.826s] Level 5:colcon.colcon_core.verb:set package 'cleaner_bringup' build argument 'cmake_args' from command line to 'None'
[0.826s] Level 5:colcon.colcon_core.verb:set package 'cleaner_bringup' build argument 'cmake_target' from command line to 'None'
[0.826s] Level 5:colcon.colcon_core.verb:set package 'cleaner_bringup' build argument 'cmake_target_skip_unavailable' from command line to 'False'
[0.826s] Level 5:colcon.colcon_core.verb:set package 'cleaner_bringup' build argument 'cmake_clean_cache' from command line to 'False'
[0.826s] Level 5:colcon.colcon_core.verb:set package 'cleaner_bringup' build argument 'cmake_clean_first' from command line to 'False'
[0.827s] Level 5:colcon.colcon_core.verb:set package 'cleaner_bringup' build argument 'cmake_force_configure' from command line to 'False'
[0.827s] Level 5:colcon.colcon_core.verb:set package 'cleaner_bringup' build argument 'ament_cmake_args' from command line to 'None'
[0.827s] Level 5:colcon.colcon_core.verb:set package 'cleaner_bringup' build argument 'catkin_cmake_args' from command line to 'None'
[0.827s] Level 5:colcon.colcon_core.verb:set package 'cleaner_bringup' build argument 'catkin_skip_building_tests' from command line to 'False'
[0.827s] DEBUG:colcon.colcon_core.verb:Building package 'cleaner_bringup' with the following arguments: {'ament_cmake_args': None, 'build_base': '/home/shared/projects/gultepe/cleaner_ws/build/cleaner_bringup', 'catkin_cmake_args': None, 'catkin_skip_building_tests': False, 'cmake_args': None, 'cmake_clean_cache': False, 'cmake_clean_first': False, 'cmake_force_configure': False, 'cmake_target': None, 'cmake_target_skip_unavailable': False, 'install_base': '/home/shared/projects/gultepe/cleaner_ws/install/cleaner_bringup', 'merge_install': False, 'path': '/home/shared/projects/gultepe/cleaner_ws/src/cleaner_bringup', 'symlink_install': False, 'test_result_base': None}
[0.835s] Level 5:colcon.colcon_core.verb:set package 'serial_motor_demo' build argument 'cmake_args' from command line to 'None'
[0.835s] Level 5:colcon.colcon_core.verb:set package 'serial_motor_demo' build argument 'cmake_target' from command line to 'None'
[0.835s] Level 5:colcon.colcon_core.verb:set package 'serial_motor_demo' build argument 'cmake_target_skip_unavailable' from command line to 'False'
[0.835s] Level 5:colcon.colcon_core.verb:set package 'serial_motor_demo' build argument 'cmake_clean_cache' from command line to 'False'
[0.835s] Level 5:colcon.colcon_core.verb:set package 'serial_motor_demo' build argument 'cmake_clean_first' from command line to 'False'
[0.835s] Level 5:colcon.colcon_core.verb:set package 'serial_motor_demo' build argument 'cmake_force_configure' from command line to 'False'
[0.835s] Level 5:colcon.colcon_core.verb:set package 'serial_motor_demo' build argument 'ament_cmake_args' from command line to 'None'
[0.835s] Level 5:colcon.colcon_core.verb:set package 'serial_motor_demo' build argument 'catkin_cmake_args' from command line to 'None'
[0.835s] Level 5:colcon.colcon_core.verb:set package 'serial_motor_demo' build argument 'catkin_skip_building_tests' from command line to 'False'
[0.835s] DEBUG:colcon.colcon_core.verb:Building package 'serial_motor_demo' with the following arguments: {'ament_cmake_args': None, 'build_base': '/home/shared/projects/gultepe/cleaner_ws/build/serial_motor_demo', 'catkin_cmake_args': None, 'catkin_skip_building_tests': False, 'cmake_args': None, 'cmake_clean_cache': False, 'cmake_clean_first': False, 'cmake_force_configure': False, 'cmake_target': None, 'cmake_target_skip_unavailable': False, 'install_base': '/home/shared/projects/gultepe/cleaner_ws/install/serial_motor_demo', 'merge_install': False, 'path': '/home/shared/projects/gultepe/cleaner_ws/src/serial_motor_demo-main/serial_motor_demo', 'symlink_install': False, 'test_result_base': None}
[0.843s] INFO:colcon.colcon_core.executor:Executing jobs using 'parallel' executor
[0.852s] DEBUG:colcon.colcon_parallel_executor.executor.parallel:run_until_complete
[0.852s] INFO:colcon.colcon_ros.task.ament_cmake.build:Building ROS package in '/home/shared/projects/gultepe/cleaner_ws/src/cleaner_description' with build type 'ament_cmake'
[0.852s] INFO:colcon.colcon_cmake.task.cmake.build:Building CMake package in '/home/shared/projects/gultepe/cleaner_ws/src/cleaner_description'
[0.862s] INFO:colcon.colcon_core.plugin_system:Skipping extension 'colcon_core.shell.bat': Not used on non-Windows systems
[0.862s] INFO:colcon.colcon_core.shell:Skip shell extension 'powershell' for command environment: Not usable outside of PowerShell
[0.862s] DEBUG:colcon.colcon_core.shell:Skip shell extension 'dsv' for command environment
[0.905s] INFO:colcon.colcon_ros.task.ament_cmake.build:Building ROS package in '/home/shared/projects/gultepe/cleaner_ws/src/serial_motor_demo-main/serial_motor_demo_msgs' with build type 'ament_cmake'
[0.906s] INFO:colcon.colcon_cmake.task.cmake.build:Building CMake package in '/home/shared/projects/gultepe/cleaner_ws/src/serial_motor_demo-main/serial_motor_demo_msgs'
[0.915s] INFO:colcon.colcon_core.shell:Skip shell extension 'powershell' for command environment: Not usable outside of PowerShell
[0.915s] DEBUG:colcon.colcon_core.shell:Skip shell extension 'dsv' for command environment
[0.950s] INFO:colcon.colcon_ros.task.ament_python.build:Building ROS package in '/home/shared/projects/gultepe/cleaner_ws/src/bno055' with build type 'ament_python'
[0.951s] Level 1:colcon.colcon_core.shell:create_environment_hook('bno055', 'ament_prefix_path')
[0.959s] INFO:colcon.colcon_core.shell:Creating environment hook '/home/shared/projects/gultepe/cleaner_ws/install/bno055/share/bno055/hook/ament_prefix_path.ps1'
[0.960s] INFO:colcon.colcon_core.shell:Creating environment descriptor '/home/shared/projects/gultepe/cleaner_ws/install/bno055/share/bno055/hook/ament_prefix_path.dsv'
[0.960s] INFO:colcon.colcon_core.shell:Creating environment hook '/home/shared/projects/gultepe/cleaner_ws/install/bno055/share/bno055/hook/ament_prefix_path.sh'
[0.969s] INFO:colcon.colcon_core.shell:Skip shell extension 'powershell' for command environment: Not usable outside of PowerShell
[0.969s] DEBUG:colcon.colcon_core.shell:Skip shell extension 'dsv' for command environment
[1.006s] INFO:colcon.colcon_ros.task.ament_python.build:Building ROS package in '/home/shared/projects/gultepe/cleaner_ws/src/gultepe_scripts' with build type 'ament_python'
[1.006s] Level 1:colcon.colcon_core.shell:create_environment_hook('gultepe_scripts', 'ament_prefix_path')
[1.014s] INFO:colcon.colcon_core.shell:Creating environment hook '/home/shared/projects/gultepe/cleaner_ws/install/gultepe_scripts/share/gultepe_scripts/hook/ament_prefix_path.ps1'
[1.015s] INFO:colcon.colcon_core.shell:Creating environment descriptor '/home/shared/projects/gultepe/cleaner_ws/install/gultepe_scripts/share/gultepe_scripts/hook/ament_prefix_path.dsv'
[1.015s] INFO:colcon.colcon_core.shell:Creating environment hook '/home/shared/projects/gultepe/cleaner_ws/install/gultepe_scripts/share/gultepe_scripts/hook/ament_prefix_path.sh'
[1.024s] INFO:colcon.colcon_core.shell:Skip shell extension 'powershell' for command environment: Not usable outside of PowerShell
[1.024s] DEBUG:colcon.colcon_core.shell:Skip shell extension 'dsv' for command environment
[1.060s] INFO:colcon.colcon_ros.task.ament_cmake.build:Building ROS package in '/home/shared/projects/gultepe/cleaner_ws/src/rplidar_ros' with build type 'ament_cmake'
[1.060s] INFO:colcon.colcon_cmake.task.cmake.build:Building CMake package in '/home/shared/projects/gultepe/cleaner_ws/src/rplidar_ros'
[1.069s] INFO:colcon.colcon_core.shell:Skip shell extension 'powershell' for command environment: Not usable outside of PowerShell
[1.069s] DEBUG:colcon.colcon_core.shell:Skip shell extension 'dsv' for command environment
[1.108s] DEBUG:colcon.colcon_core.event_handler.log_command:Invoking command in '/home/shared/projects/gultepe/cleaner_ws/build/cleaner_description': CMAKE_PREFIX_PATH=${CMAKE_PREFIX_PATH}:/home/tunaprogrammer/projects/gultepe/cleaner_ws/install/gultepe_scripts:/home/tunaprogrammer/projects/gultepe/cleaner_ws/install/gultepe_pkg:/home/tunaprogrammer/projects/gultepe/cleaner_ws/install/differential_drive:/home/tunaprogrammer/projects/gultepe/cleaner_ws/install/bno055:/home/tunaprogrammer/projects/gultepe/humble_ws/install/jetpack:/home/tunaprogrammer/projects/gultepe/humble_ws/install/python_pkg:/home/tunaprogrammer/projects/gultepe/humble_ws/install/catcher:/opt/ros/humble /usr/bin/cmake /home/shared/projects/gultepe/cleaner_ws/src/cleaner_description -DCMAKE_INSTALL_PREFIX=/home/shared/projects/gultepe/cleaner_ws/install/cleaner_description
[1.109s] DEBUG:colcon.colcon_core.event_handler.log_command:Invoking command in '/home/shared/projects/gultepe/cleaner_ws/build/serial_motor_demo_msgs': CMAKE_PREFIX_PATH=${CMAKE_PREFIX_PATH}:/home/tunaprogrammer/projects/gultepe/cleaner_ws/install/gultepe_scripts:/home/tunaprogrammer/projects/gultepe/cleaner_ws/install/gultepe_pkg:/home/tunaprogrammer/projects/gultepe/cleaner_ws/install/differential_drive:/home/tunaprogrammer/projects/gultepe/cleaner_ws/install/bno055:/home/tunaprogrammer/projects/gultepe/humble_ws/install/jetpack:/home/tunaprogrammer/projects/gultepe/humble_ws/install/python_pkg:/home/tunaprogrammer/projects/gultepe/humble_ws/install/catcher:/opt/ros/humble /usr/bin/cmake /home/shared/projects/gultepe/cleaner_ws/src/serial_motor_demo-main/serial_motor_demo_msgs -DCMAKE_INSTALL_PREFIX=/home/shared/projects/gultepe/cleaner_ws/install/serial_motor_demo_msgs
[1.283s] INFO:colcon.colcon_core.task.python.build:Building Python package in '/home/shared/projects/gultepe/cleaner_ws/src/bno055'
[1.292s] INFO:colcon.colcon_core.shell:Skip shell extension 'powershell' for command environment: Not usable outside of PowerShell
[1.292s] DEBUG:colcon.colcon_core.shell:Skip shell extension 'dsv' for command environment
[1.491s] INFO:colcon.colcon_core.task.python.build:Building Python package in '/home/shared/projects/gultepe/cleaner_ws/src/gultepe_scripts'
[1.500s] INFO:colcon.colcon_core.shell:Skip shell extension 'powershell' for command environment: Not usable outside of PowerShell
[1.500s] DEBUG:colcon.colcon_core.shell:Skip shell extension 'dsv' for command environment
[1.541s] DEBUG:colcon.colcon_core.event_handler.log_command:Invoking command in '/home/shared/projects/gultepe/cleaner_ws/build/rplidar_ros': CMAKE_PREFIX_PATH=${CMAKE_PREFIX_PATH}:/home/tunaprogrammer/projects/gultepe/cleaner_ws/install/gultepe_scripts:/home/tunaprogrammer/projects/gultepe/cleaner_ws/install/gultepe_pkg:/home/tunaprogrammer/projects/gultepe/cleaner_ws/install/differential_drive:/home/tunaprogrammer/projects/gultepe/cleaner_ws/install/bno055:/home/tunaprogrammer/projects/gultepe/humble_ws/install/jetpack:/home/tunaprogrammer/projects/gultepe/humble_ws/install/python_pkg:/home/tunaprogrammer/projects/gultepe/humble_ws/install/catcher:/opt/ros/humble /usr/bin/cmake --build /home/shared/projects/gultepe/cleaner_ws/build/rplidar_ros -- -j16 -l16
[1.544s] DEBUG:colcon.colcon_core.event_handler.log_command:Invoked command in '/home/shared/projects/gultepe/cleaner_ws/build/cleaner_description' returned '0': CMAKE_PREFIX_PATH=${CMAKE_PREFIX_PATH}:/home/tunaprogrammer/projects/gultepe/cleaner_ws/install/gultepe_scripts:/home/tunaprogrammer/projects/gultepe/cleaner_ws/install/gultepe_pkg:/home/tunaprogrammer/projects/gultepe/cleaner_ws/install/differential_drive:/home/tunaprogrammer/projects/gultepe/cleaner_ws/install/bno055:/home/tunaprogrammer/projects/gultepe/humble_ws/install/jetpack:/home/tunaprogrammer/projects/gultepe/humble_ws/install/python_pkg:/home/tunaprogrammer/projects/gultepe/humble_ws/install/catcher:/opt/ros/humble /usr/bin/cmake /home/shared/projects/gultepe/cleaner_ws/src/cleaner_description -DCMAKE_INSTALL_PREFIX=/home/shared/projects/gultepe/cleaner_ws/install/cleaner_description
[1.544s] DEBUG:colcon.colcon_core.event_handler.log_command:Invoking command in '/home/shared/projects/gultepe/cleaner_ws/build/cleaner_description': CMAKE_PREFIX_PATH=${CMAKE_PREFIX_PATH}:/home/tunaprogrammer/projects/gultepe/cleaner_ws/install/gultepe_scripts:/home/tunaprogrammer/projects/gultepe/cleaner_ws/install/gultepe_pkg:/home/tunaprogrammer/projects/gultepe/cleaner_ws/install/differential_drive:/home/tunaprogrammer/projects/gultepe/cleaner_ws/install/bno055:/home/tunaprogrammer/projects/gultepe/humble_ws/install/jetpack:/home/tunaprogrammer/projects/gultepe/humble_ws/install/python_pkg:/home/tunaprogrammer/projects/gultepe/humble_ws/install/catcher:/opt/ros/humble /usr/bin/cmake --build /home/shared/projects/gultepe/cleaner_ws/build/cleaner_description -- -j16 -l16
[1.567s] DEBUG:colcon.colcon_core.event_handler.log_command:Invoked command in '/home/shared/projects/gultepe/cleaner_ws/build/cleaner_description' returned '0': CMAKE_PREFIX_PATH=${CMAKE_PREFIX_PATH}:/home/tunaprogrammer/projects/gultepe/cleaner_ws/install/gultepe_scripts:/home/tunaprogrammer/projects/gultepe/cleaner_ws/install/gultepe_pkg:/home/tunaprogrammer/projects/gultepe/cleaner_ws/install/differential_drive:/home/tunaprogrammer/projects/gultepe/cleaner_ws/install/bno055:/home/tunaprogrammer/projects/gultepe/humble_ws/install/jetpack:/home/tunaprogrammer/projects/gultepe/humble_ws/install/python_pkg:/home/tunaprogrammer/projects/gultepe/humble_ws/install/catcher:/opt/ros/humble /usr/bin/cmake --build /home/shared/projects/gultepe/cleaner_ws/build/cleaner_description -- -j16 -l16
[1.587s] DEBUG:colcon.colcon_core.event_handler.log_command:Invoking command in '/home/shared/projects/gultepe/cleaner_ws/build/cleaner_description': CMAKE_PREFIX_PATH=${CMAKE_PREFIX_PATH}:/home/tunaprogrammer/projects/gultepe/cleaner_ws/install/gultepe_scripts:/home/tunaprogrammer/projects/gultepe/cleaner_ws/install/gultepe_pkg:/home/tunaprogrammer/projects/gultepe/cleaner_ws/install/differential_drive:/home/tunaprogrammer/projects/gultepe/cleaner_ws/install/bno055:/home/tunaprogrammer/projects/gultepe/humble_ws/install/jetpack:/home/tunaprogrammer/projects/gultepe/humble_ws/install/python_pkg:/home/tunaprogrammer/projects/gultepe/humble_ws/install/catcher:/opt/ros/humble /usr/bin/cmake --install /home/shared/projects/gultepe/cleaner_ws/build/cleaner_description
[1.596s] DEBUG:colcon.colcon_core.event_handler.log_command:Invoked command in '/home/shared/projects/gultepe/cleaner_ws/build/rplidar_ros' returned '0': CMAKE_PREFIX_PATH=${CMAKE_PREFIX_PATH}:/home/tunaprogrammer/projects/gultepe/cleaner_ws/install/gultepe_scripts:/home/tunaprogrammer/projects/gultepe/cleaner_ws/install/gultepe_pkg:/home/tunaprogrammer/projects/gultepe/cleaner_ws/install/differential_drive:/home/tunaprogrammer/projects/gultepe/cleaner_ws/install/bno055:/home/tunaprogrammer/projects/gultepe/humble_ws/install/jetpack:/home/tunaprogrammer/projects/gultepe/humble_ws/install/python_pkg:/home/tunaprogrammer/projects/gultepe/humble_ws/install/catcher:/opt/ros/humble /usr/bin/cmake --build /home/shared/projects/gultepe/cleaner_ws/build/rplidar_ros -- -j16 -l16
[1.608s] Level 1:colcon.colcon_core.environment:create_environment_scripts_only(cleaner_description)
[1.608s] DEBUG:colcon.colcon_core.event_handler.log_command:Invoked command in '/home/shared/projects/gultepe/cleaner_ws/build/cleaner_description' returned '0': CMAKE_PREFIX_PATH=${CMAKE_PREFIX_PATH}:/home/tunaprogrammer/projects/gultepe/cleaner_ws/install/gultepe_scripts:/home/tunaprogrammer/projects/gultepe/cleaner_ws/install/gultepe_pkg:/home/tunaprogrammer/projects/gultepe/cleaner_ws/install/differential_drive:/home/tunaprogrammer/projects/gultepe/cleaner_ws/install/bno055:/home/tunaprogrammer/projects/gultepe/humble_ws/install/jetpack:/home/tunaprogrammer/projects/gultepe/humble_ws/install/python_pkg:/home/tunaprogrammer/projects/gultepe/humble_ws/install/catcher:/opt/ros/humble /usr/bin/cmake --install /home/shared/projects/gultepe/cleaner_ws/build/cleaner_description
[1.628s] Level 1:colcon.colcon_core.environment:checking '/home/shared/projects/gultepe/cleaner_ws/install/cleaner_description' for CMake module files
[1.628s] Level 1:colcon.colcon_core.environment:checking '/home/shared/projects/gultepe/cleaner_ws/install/cleaner_description' for CMake config files
[1.629s] Level 1:colcon.colcon_core.shell:create_environment_hook('cleaner_description', 'cmake_prefix_path')
[1.638s] INFO:colcon.colcon_core.shell:Creating environment hook '/home/shared/projects/gultepe/cleaner_ws/install/cleaner_description/share/cleaner_description/hook/cmake_prefix_path.ps1'
[1.639s] INFO:colcon.colcon_core.shell:Creating environment descriptor '/home/shared/projects/gultepe/cleaner_ws/install/cleaner_description/share/cleaner_description/hook/cmake_prefix_path.dsv'
[1.639s] INFO:colcon.colcon_core.shell:Creating environment hook '/home/shared/projects/gultepe/cleaner_ws/install/cleaner_description/share/cleaner_description/hook/cmake_prefix_path.sh'
[1.639s] Level 1:colcon.colcon_core.environment:checking '/home/shared/projects/gultepe/cleaner_ws/install/cleaner_description/bin'
[1.639s] Level 1:colcon.colcon_core.environment:checking '/home/shared/projects/gultepe/cleaner_ws/install/cleaner_description/lib/pkgconfig/cleaner_description.pc'
[1.639s] Level 1:colcon.colcon_core.environment:checking '/home/shared/projects/gultepe/cleaner_ws/install/cleaner_description/lib/python3.10/site-packages'
[1.639s] Level 1:colcon.colcon_core.environment:checking '/home/shared/projects/gultepe/cleaner_ws/install/cleaner_description/bin'
[1.649s] INFO:colcon.colcon_core.shell:Creating package script '/home/shared/projects/gultepe/cleaner_ws/install/cleaner_description/share/cleaner_description/package.ps1'
[1.649s] INFO:colcon.colcon_core.shell:Creating package descriptor '/home/shared/projects/gultepe/cleaner_ws/install/cleaner_description/share/cleaner_description/package.dsv'
[1.650s] INFO:colcon.colcon_core.shell:Creating package script '/home/shared/projects/gultepe/cleaner_ws/install/cleaner_description/share/cleaner_description/package.sh'
[1.650s] INFO:colcon.colcon_core.shell:Creating package script '/home/shared/projects/gultepe/cleaner_ws/install/cleaner_description/share/cleaner_description/package.bash'
[1.651s] INFO:colcon.colcon_core.shell:Creating package script '/home/shared/projects/gultepe/cleaner_ws/install/cleaner_description/share/cleaner_description/package.zsh'
[1.651s] Level 1:colcon.colcon_core.environment:create_file_with_runtime_dependencies(/home/shared/projects/gultepe/cleaner_ws/install/cleaner_description/share/colcon-core/packages/cleaner_description)
[1.653s] DEBUG:colcon.colcon_core.event_handler.log_command:Invoking command in '/home/shared/projects/gultepe/cleaner_ws/build/rplidar_ros': CMAKE_PREFIX_PATH=${CMAKE_PREFIX_PATH}:/home/tunaprogrammer/projects/gultepe/cleaner_ws/install/gultepe_scripts:/home/tunaprogrammer/projects/gultepe/cleaner_ws/install/gultepe_pkg:/home/tunaprogrammer/projects/gultepe/cleaner_ws/install/differential_drive:/home/tunaprogrammer/projects/gultepe/cleaner_ws/install/bno055:/home/tunaprogrammer/projects/gultepe/humble_ws/install/jetpack:/home/tunaprogrammer/projects/gultepe/humble_ws/install/python_pkg:/home/tunaprogrammer/projects/gultepe/humble_ws/install/catcher:/opt/ros/humble /usr/bin/cmake --install /home/shared/projects/gultepe/cleaner_ws/build/rplidar_ros
[1.674s] Level 1:colcon.colcon_core.environment:create_environment_scripts_only(cleaner_description)
[1.684s] Level 1:colcon.colcon_core.environment:checking '/home/shared/projects/gultepe/cleaner_ws/install/cleaner_description' for CMake module files
[1.684s] Level 1:colcon.colcon_core.environment:checking '/home/shared/projects/gultepe/cleaner_ws/install/cleaner_description' for CMake config files
[1.684s] Level 1:colcon.colcon_core.shell:create_environment_hook('cleaner_description', 'cmake_prefix_path')
[1.693s] INFO:colcon.colcon_core.shell:Creating environment hook '/home/shared/projects/gultepe/cleaner_ws/install/cleaner_description/share/cleaner_description/hook/cmake_prefix_path.ps1'
[1.694s] INFO:colcon.colcon_core.shell:Creating environment descriptor '/home/shared/projects/gultepe/cleaner_ws/install/cleaner_description/share/cleaner_description/hook/cmake_prefix_path.dsv'
[1.694s] INFO:colcon.colcon_core.shell:Creating environment hook '/home/shared/projects/gultepe/cleaner_ws/install/cleaner_description/share/cleaner_description/hook/cmake_prefix_path.sh'
[1.694s] Level 1:colcon.colcon_core.environment:checking '/home/shared/projects/gultepe/cleaner_ws/install/cleaner_description/bin'
[1.694s] Level 1:colcon.colcon_core.environment:checking '/home/shared/projects/gultepe/cleaner_ws/install/cleaner_description/lib/pkgconfig/cleaner_description.pc'
[1.694s] Level 1:colcon.colcon_core.environment:checking '/home/shared/projects/gultepe/cleaner_ws/install/cleaner_description/lib/python3.10/site-packages'
[1.694s] Level 1:colcon.colcon_core.environment:checking '/home/shared/projects/gultepe/cleaner_ws/install/cleaner_description/bin'
[1.703s] INFO:colcon.colcon_core.shell:Creating package script '/home/shared/projects/gultepe/cleaner_ws/install/cleaner_description/share/cleaner_description/package.ps1'
[1.703s] INFO:colcon.colcon_core.shell:Creating package descriptor '/home/shared/projects/gultepe/cleaner_ws/install/cleaner_description/share/cleaner_description/package.dsv'
[1.704s] INFO:colcon.colcon_core.shell:Creating package script '/home/shared/projects/gultepe/cleaner_ws/install/cleaner_description/share/cleaner_description/package.sh'
[1.704s] INFO:colcon.colcon_core.shell:Creating package script '/home/shared/projects/gultepe/cleaner_ws/install/cleaner_description/share/cleaner_description/package.bash'
[1.704s] INFO:colcon.colcon_core.shell:Creating package script '/home/shared/projects/gultepe/cleaner_ws/install/cleaner_description/share/cleaner_description/package.zsh'
[1.704s] Level 1:colcon.colcon_core.environment:create_file_with_runtime_dependencies(/home/shared/projects/gultepe/cleaner_ws/install/cleaner_description/share/colcon-core/packages/cleaner_description)
[1.704s] INFO:colcon.colcon_ros.task.ament_cmake.build:Building ROS package in '/home/shared/projects/gultepe/cleaner_ws/src/cleaner_bringup' with build type 'ament_cmake'
[1.705s] INFO:colcon.colcon_cmake.task.cmake.build:Building CMake package in '/home/shared/projects/gultepe/cleaner_ws/src/cleaner_bringup'
[1.714s] INFO:colcon.colcon_core.shell:Skip shell extension 'powershell' for command environment: Not usable outside of PowerShell
[1.714s] DEBUG:colcon.colcon_core.shell:Skip shell extension 'dsv' for command environment
[1.752s] Level 1:colcon.colcon_core.environment:create_environment_scripts_only(rplidar_ros)
[1.753s] DEBUG:colcon.colcon_core.event_handler.log_command:Invoked command in '/home/shared/projects/gultepe/cleaner_ws/build/rplidar_ros' returned '0': CMAKE_PREFIX_PATH=${CMAKE_PREFIX_PATH}:/home/tunaprogrammer/projects/gultepe/cleaner_ws/install/gultepe_scripts:/home/tunaprogrammer/projects/gultepe/cleaner_ws/install/gultepe_pkg:/home/tunaprogrammer/projects/gultepe/cleaner_ws/install/differential_drive:/home/tunaprogrammer/projects/gultepe/cleaner_ws/install/bno055:/home/tunaprogrammer/projects/gultepe/humble_ws/install/jetpack:/home/tunaprogrammer/projects/gultepe/humble_ws/install/python_pkg:/home/tunaprogrammer/projects/gultepe/humble_ws/install/catcher:/opt/ros/humble /usr/bin/cmake --install /home/shared/projects/gultepe/cleaner_ws/build/rplidar_ros
[1.762s] Level 1:colcon.colcon_core.environment:checking '/home/shared/projects/gultepe/cleaner_ws/install/rplidar_ros' for CMake module files
[1.762s] Level 1:colcon.colcon_core.environment:checking '/home/shared/projects/gultepe/cleaner_ws/install/rplidar_ros' for CMake config files
[1.763s] Level 1:colcon.colcon_core.shell:create_environment_hook('rplidar_ros', 'cmake_prefix_path')
[1.772s] INFO:colcon.colcon_core.shell:Creating environment hook '/home/shared/projects/gultepe/cleaner_ws/install/rplidar_ros/share/rplidar_ros/hook/cmake_prefix_path.ps1'
[1.772s] INFO:colcon.colcon_core.shell:Creating environment descriptor '/home/shared/projects/gultepe/cleaner_ws/install/rplidar_ros/share/rplidar_ros/hook/cmake_prefix_path.dsv'
[1.772s] INFO:colcon.colcon_core.shell:Creating environment hook '/home/shared/projects/gultepe/cleaner_ws/install/rplidar_ros/share/rplidar_ros/hook/cmake_prefix_path.sh'
[1.772s] Level 1:colcon.colcon_core.environment:checking '/home/shared/projects/gultepe/cleaner_ws/install/rplidar_ros/lib'
[1.773s] Level 1:colcon.colcon_core.environment:checking '/home/shared/projects/gultepe/cleaner_ws/install/rplidar_ros/bin'
[1.773s] Level 1:colcon.colcon_core.environment:checking '/home/shared/projects/gultepe/cleaner_ws/install/rplidar_ros/lib/pkgconfig/rplidar_ros.pc'
[1.773s] Level 1:colcon.colcon_core.environment:checking '/home/shared/projects/gultepe/cleaner_ws/install/rplidar_ros/lib/python3.10/site-packages'
[1.773s] Level 1:colcon.colcon_core.environment:checking '/home/shared/projects/gultepe/cleaner_ws/install/rplidar_ros/bin'
[1.783s] INFO:colcon.colcon_core.shell:Creating package script '/home/shared/projects/gultepe/cleaner_ws/install/rplidar_ros/share/rplidar_ros/package.ps1'
[1.784s] INFO:colcon.colcon_core.shell:Creating package descriptor '/home/shared/projects/gultepe/cleaner_ws/install/rplidar_ros/share/rplidar_ros/package.dsv'
[1.784s] INFO:colcon.colcon_core.shell:Creating package script '/home/shared/projects/gultepe/cleaner_ws/install/rplidar_ros/share/rplidar_ros/package.sh'
[1.784s] INFO:colcon.colcon_core.shell:Creating package script '/home/shared/projects/gultepe/cleaner_ws/install/rplidar_ros/share/rplidar_ros/package.bash'
[1.784s] INFO:colcon.colcon_core.shell:Creating package script '/home/shared/projects/gultepe/cleaner_ws/install/rplidar_ros/share/rplidar_ros/package.zsh'
[1.784s] Level 1:colcon.colcon_core.environment:create_file_with_runtime_dependencies(/home/shared/projects/gultepe/cleaner_ws/install/rplidar_ros/share/colcon-core/packages/rplidar_ros)
[1.788s] DEBUG:colcon.colcon_core.event_handler.log_command:Invoking command in '/home/shared/projects/gultepe/cleaner_ws/build/cleaner_bringup': AMENT_PREFIX_PATH=/home/shared/projects/gultepe/cleaner_ws/install/cleaner_description:${AMENT_PREFIX_PATH} CMAKE_PREFIX_PATH=/home/shared/projects/gultepe/cleaner_ws/install/cleaner_description:/home/tunaprogrammer/projects/gultepe/cleaner_ws/install/turtlebot3_simulations:/home/tunaprogrammer/projects/gultepe/cleaner_ws/install/turtlebot3_gazebo:/home/tunaprogrammer/projects/gultepe/cleaner_ws/install/rplidar_ros:/home/tunaprogrammer/projects/gultepe/cleaner_ws/install/multirobot_map_merge:/home/tunaprogrammer/projects/gultepe/cleaner_ws/install/cleaner_bringup:/home/tunaprogrammer/projects/gultepe/cleaner_ws/install/cleaner_description:/home/tunaprogrammer/projects/gultepe/humble_ws/install/robot_arise:/home/tunaprogrammer/projects/gultepe/humble_ws/install/test_interfaces:/home/tunaprogrammer/projects/gultepe/cleaner_ws/install/gultepe_scripts:/home/tunaprogrammer/projects/gultepe/cleaner_ws/install/gultepe_pkg:/home/tunaprogrammer/projects/gultepe/cleaner_ws/install/differential_drive:/home/tunaprogrammer/projects/gultepe/cleaner_ws/install/bno055:/home/tunaprogrammer/projects/gultepe/humble_ws/install/jetpack:/home/tunaprogrammer/projects/gultepe/humble_ws/install/python_pkg:/home/tunaprogrammer/projects/gultepe/humble_ws/install/catcher:/opt/ros/humble /usr/bin/cmake --build /home/shared/projects/gultepe/cleaner_ws/build/cleaner_bringup -- -j16 -l16
[1.803s] DEBUG:colcon.colcon_core.event_handler.log_command:Invoking command in '/home/shared/projects/gultepe/cleaner_ws/src/gultepe_scripts': PYTHONPATH=/home/shared/projects/gultepe/cleaner_ws/build/gultepe_scripts/prefix_override:/home/shared/projects/gultepe/cleaner_ws/install/gultepe_scripts/lib/python3.10/site-packages:${PYTHONPATH} /usr/bin/python3 setup.py egg_info --egg-base ../../build/gultepe_scripts build --build-base /home/shared/projects/gultepe/cleaner_ws/build/gultepe_scripts/build install --record /home/shared/projects/gultepe/cleaner_ws/build/gultepe_scripts/install.log --single-version-externally-managed
[1.803s] DEBUG:colcon.colcon_core.event_handler.log_command:Invoking command in '/home/shared/projects/gultepe/cleaner_ws/src/bno055': PYTHONPATH=/home/shared/projects/gultepe/cleaner_ws/build/bno055/prefix_override:/home/shared/projects/gultepe/cleaner_ws/install/bno055/lib/python3.10/site-packages:${PYTHONPATH} /usr/bin/python3 setup.py egg_info --egg-base ../../build/bno055 build --build-base /home/shared/projects/gultepe/cleaner_ws/build/bno055/build install --record /home/shared/projects/gultepe/cleaner_ws/build/bno055/install.log --single-version-externally-managed
[1.814s] DEBUG:colcon.colcon_core.event_handler.log_command:Invoked command in '/home/shared/projects/gultepe/cleaner_ws/build/cleaner_bringup' returned '0': AMENT_PREFIX_PATH=/home/shared/projects/gultepe/cleaner_ws/install/cleaner_description:${AMENT_PREFIX_PATH} CMAKE_PREFIX_PATH=/home/shared/projects/gultepe/cleaner_ws/install/cleaner_description:/home/tunaprogrammer/projects/gultepe/cleaner_ws/install/turtlebot3_simulations:/home/tunaprogrammer/projects/gultepe/cleaner_ws/install/turtlebot3_gazebo:/home/tunaprogrammer/projects/gultepe/cleaner_ws/install/rplidar_ros:/home/tunaprogrammer/projects/gultepe/cleaner_ws/install/multirobot_map_merge:/home/tunaprogrammer/projects/gultepe/cleaner_ws/install/cleaner_bringup:/home/tunaprogrammer/projects/gultepe/cleaner_ws/install/cleaner_description:/home/tunaprogrammer/projects/gultepe/humble_ws/install/robot_arise:/home/tunaprogrammer/projects/gultepe/humble_ws/install/test_interfaces:/home/tunaprogrammer/projects/gultepe/cleaner_ws/install/gultepe_scripts:/home/tunaprogrammer/projects/gultepe/cleaner_ws/install/gultepe_pkg:/home/tunaprogrammer/projects/gultepe/cleaner_ws/install/differential_drive:/home/tunaprogrammer/projects/gultepe/cleaner_ws/install/bno055:/home/tunaprogrammer/projects/gultepe/humble_ws/install/jetpack:/home/tunaprogrammer/projects/gultepe/humble_ws/install/python_pkg:/home/tunaprogrammer/projects/gultepe/humble_ws/install/catcher:/opt/ros/humble /usr/bin/cmake --build /home/shared/projects/gultepe/cleaner_ws/build/cleaner_bringup -- -j16 -l16
[1.828s] DEBUG:colcon.colcon_core.event_handler.log_command:Invoking command in '/home/shared/projects/gultepe/cleaner_ws/build/cleaner_bringup': AMENT_PREFIX_PATH=/home/shared/projects/gultepe/cleaner_ws/install/cleaner_description:${AMENT_PREFIX_PATH} CMAKE_PREFIX_PATH=/home/shared/projects/gultepe/cleaner_ws/install/cleaner_description:/home/tunaprogrammer/projects/gultepe/cleaner_ws/install/turtlebot3_simulations:/home/tunaprogrammer/projects/gultepe/cleaner_ws/install/turtlebot3_gazebo:/home/tunaprogrammer/projects/gultepe/cleaner_ws/install/rplidar_ros:/home/tunaprogrammer/projects/gultepe/cleaner_ws/install/multirobot_map_merge:/home/tunaprogrammer/projects/gultepe/cleaner_ws/install/cleaner_bringup:/home/tunaprogrammer/projects/gultepe/cleaner_ws/install/cleaner_description:/home/tunaprogrammer/projects/gultepe/humble_ws/install/robot_arise:/home/tunaprogrammer/projects/gultepe/humble_ws/install/test_interfaces:/home/tunaprogrammer/projects/gultepe/cleaner_ws/install/gultepe_scripts:/home/tunaprogrammer/projects/gultepe/cleaner_ws/install/gultepe_pkg:/home/tunaprogrammer/projects/gultepe/cleaner_ws/install/differential_drive:/home/tunaprogrammer/projects/gultepe/cleaner_ws/install/bno055:/home/tunaprogrammer/projects/gultepe/humble_ws/install/jetpack:/home/tunaprogrammer/projects/gultepe/humble_ws/install/python_pkg:/home/tunaprogrammer/projects/gultepe/humble_ws/install/catcher:/opt/ros/humble /usr/bin/cmake --install /home/shared/projects/gultepe/cleaner_ws/build/cleaner_bringup
[1.841s] Level 1:colcon.colcon_core.environment:create_environment_scripts_only(rplidar_ros)
[1.851s] Level 1:colcon.colcon_core.environment:checking '/home/shared/projects/gultepe/cleaner_ws/install/rplidar_ros' for CMake module files
[1.851s] Level 1:colcon.colcon_core.environment:checking '/home/shared/projects/gultepe/cleaner_ws/install/rplidar_ros' for CMake config files
[1.851s] Level 1:colcon.colcon_core.shell:create_environment_hook('rplidar_ros', 'cmake_prefix_path')
[1.861s] INFO:colcon.colcon_core.shell:Creating environment hook '/home/shared/projects/gultepe/cleaner_ws/install/rplidar_ros/share/rplidar_ros/hook/cmake_prefix_path.ps1'
[1.861s] INFO:colcon.colcon_core.shell:Creating environment descriptor '/home/shared/projects/gultepe/cleaner_ws/install/rplidar_ros/share/rplidar_ros/hook/cmake_prefix_path.dsv'
[1.861s] INFO:colcon.colcon_core.shell:Creating environment hook '/home/shared/projects/gultepe/cleaner_ws/install/rplidar_ros/share/rplidar_ros/hook/cmake_prefix_path.sh'
[1.861s] Level 1:colcon.colcon_core.environment:checking '/home/shared/projects/gultepe/cleaner_ws/install/rplidar_ros/lib'
[1.862s] Level 1:colcon.colcon_core.environment:checking '/home/shared/projects/gultepe/cleaner_ws/install/rplidar_ros/bin'
[1.862s] Level 1:colcon.colcon_core.environment:checking '/home/shared/projects/gultepe/cleaner_ws/install/rplidar_ros/lib/pkgconfig/rplidar_ros.pc'
[1.862s] Level 1:colcon.colcon_core.environment:checking '/home/shared/projects/gultepe/cleaner_ws/install/rplidar_ros/lib/python3.10/site-packages'
[1.862s] Level 1:colcon.colcon_core.environment:checking '/home/shared/projects/gultepe/cleaner_ws/install/rplidar_ros/bin'
[1.871s] INFO:colcon.colcon_core.shell:Creating package script '/home/shared/projects/gultepe/cleaner_ws/install/rplidar_ros/share/rplidar_ros/package.ps1'
[1.871s] INFO:colcon.colcon_core.shell:Creating package descriptor '/home/shared/projects/gultepe/cleaner_ws/install/rplidar_ros/share/rplidar_ros/package.dsv'
[1.871s] INFO:colcon.colcon_core.shell:Creating package script '/home/shared/projects/gultepe/cleaner_ws/install/rplidar_ros/share/rplidar_ros/package.sh'
[1.872s] INFO:colcon.colcon_core.shell:Creating package script '/home/shared/projects/gultepe/cleaner_ws/install/rplidar_ros/share/rplidar_ros/package.bash'
[1.872s] INFO:colcon.colcon_core.shell:Creating package script '/home/shared/projects/gultepe/cleaner_ws/install/rplidar_ros/share/rplidar_ros/package.zsh'
[1.872s] Level 1:colcon.colcon_core.environment:create_file_with_runtime_dependencies(/home/shared/projects/gultepe/cleaner_ws/install/rplidar_ros/share/colcon-core/packages/rplidar_ros)
[1.873s] Level 1:colcon.colcon_core.environment:create_environment_scripts_only(cleaner_bringup)
[1.873s] DEBUG:colcon.colcon_core.event_handler.log_command:Invoked command in '/home/shared/projects/gultepe/cleaner_ws/build/cleaner_bringup' returned '0': AMENT_PREFIX_PATH=/home/shared/projects/gultepe/cleaner_ws/install/cleaner_description:${AMENT_PREFIX_PATH} CMAKE_PREFIX_PATH=/home/shared/projects/gultepe/cleaner_ws/install/cleaner_description:/home/tunaprogrammer/projects/gultepe/cleaner_ws/install/turtlebot3_simulations:/home/tunaprogrammer/projects/gultepe/cleaner_ws/install/turtlebot3_gazebo:/home/tunaprogrammer/projects/gultepe/cleaner_ws/install/rplidar_ros:/home/tunaprogrammer/projects/gultepe/cleaner_ws/install/multirobot_map_merge:/home/tunaprogrammer/projects/gultepe/cleaner_ws/install/cleaner_bringup:/home/tunaprogrammer/projects/gultepe/cleaner_ws/install/cleaner_description:/home/tunaprogrammer/projects/gultepe/humble_ws/install/robot_arise:/home/tunaprogrammer/projects/gultepe/humble_ws/install/test_interfaces:/home/tunaprogrammer/projects/gultepe/cleaner_ws/install/gultepe_scripts:/home/tunaprogrammer/projects/gultepe/cleaner_ws/install/gultepe_pkg:/home/tunaprogrammer/projects/gultepe/cleaner_ws/install/differential_drive:/home/tunaprogrammer/projects/gultepe/cleaner_ws/install/bno055:/home/tunaprogrammer/projects/gultepe/humble_ws/install/jetpack:/home/tunaprogrammer/projects/gultepe/humble_ws/install/python_pkg:/home/tunaprogrammer/projects/gultepe/humble_ws/install/catcher:/opt/ros/humble /usr/bin/cmake --install /home/shared/projects/gultepe/cleaner_ws/build/cleaner_bringup
[1.882s] Level 1:colcon.colcon_core.environment:checking '/home/shared/projects/gultepe/cleaner_ws/install/cleaner_bringup' for CMake module files
[1.883s] Level 1:colcon.colcon_core.environment:checking '/home/shared/projects/gultepe/cleaner_ws/install/cleaner_bringup' for CMake config files
[1.883s] Level 1:colcon.colcon_core.shell:create_environment_hook('cleaner_bringup', 'cmake_prefix_path')
[1.892s] INFO:colcon.colcon_core.shell:Creating environment hook '/home/shared/projects/gultepe/cleaner_ws/install/cleaner_bringup/share/cleaner_bringup/hook/cmake_prefix_path.ps1'
[1.892s] INFO:colcon.colcon_core.shell:Creating environment descriptor '/home/shared/projects/gultepe/cleaner_ws/install/cleaner_bringup/share/cleaner_bringup/hook/cmake_prefix_path.dsv'
[1.892s] INFO:colcon.colcon_core.shell:Creating environment hook '/home/shared/projects/gultepe/cleaner_ws/install/cleaner_bringup/share/cleaner_bringup/hook/cmake_prefix_path.sh'
[1.893s] Level 1:colcon.colcon_core.environment:checking '/home/shared/projects/gultepe/cleaner_ws/install/cleaner_bringup/bin'
[1.893s] Level 1:colcon.colcon_core.environment:checking '/home/shared/projects/gultepe/cleaner_ws/install/cleaner_bringup/lib/pkgconfig/cleaner_bringup.pc'
[1.893s] Level 1:colcon.colcon_core.environment:checking '/home/shared/projects/gultepe/cleaner_ws/install/cleaner_bringup/lib/python3.10/site-packages'
[1.893s] Level 1:colcon.colcon_core.environment:checking '/home/shared/projects/gultepe/cleaner_ws/install/cleaner_bringup/bin'
[1.902s] INFO:colcon.colcon_core.shell:Creating package script '/home/shared/projects/gultepe/cleaner_ws/install/cleaner_bringup/share/cleaner_bringup/package.ps1'
[1.902s] INFO:colcon.colcon_core.shell:Creating package descriptor '/home/shared/projects/gultepe/cleaner_ws/install/cleaner_bringup/share/cleaner_bringup/package.dsv'
[1.902s] INFO:colcon.colcon_core.shell:Creating package script '/home/shared/projects/gultepe/cleaner_ws/install/cleaner_bringup/share/cleaner_bringup/package.sh'
[1.902s] INFO:colcon.colcon_core.shell:Creating package script '/home/shared/projects/gultepe/cleaner_ws/install/cleaner_bringup/share/cleaner_bringup/package.bash'
[1.903s] INFO:colcon.colcon_core.shell:Creating package script '/home/shared/projects/gultepe/cleaner_ws/install/cleaner_bringup/share/cleaner_bringup/package.zsh'
[1.903s] Level 1:colcon.colcon_core.environment:create_file_with_runtime_dependencies(/home/shared/projects/gultepe/cleaner_ws/install/cleaner_bringup/share/colcon-core/packages/cleaner_bringup)
[1.926s] Level 1:colcon.colcon_core.environment:create_environment_scripts_only(cleaner_bringup)
[1.935s] Level 1:colcon.colcon_core.environment:checking '/home/shared/projects/gultepe/cleaner_ws/install/cleaner_bringup' for CMake module files
[1.935s] Level 1:colcon.colcon_core.environment:checking '/home/shared/projects/gultepe/cleaner_ws/install/cleaner_bringup' for CMake config files
[1.936s] Level 1:colcon.colcon_core.shell:create_environment_hook('cleaner_bringup', 'cmake_prefix_path')
[1.944s] INFO:colcon.colcon_core.shell:Creating environment hook '/home/shared/projects/gultepe/cleaner_ws/install/cleaner_bringup/share/cleaner_bringup/hook/cmake_prefix_path.ps1'
[1.944s] INFO:colcon.colcon_core.shell:Creating environment descriptor '/home/shared/projects/gultepe/cleaner_ws/install/cleaner_bringup/share/cleaner_bringup/hook/cmake_prefix_path.dsv'
[1.945s] INFO:colcon.colcon_core.shell:Creating environment hook '/home/shared/projects/gultepe/cleaner_ws/install/cleaner_bringup/share/cleaner_bringup/hook/cmake_prefix_path.sh'
[1.945s] Level 1:colcon.colcon_core.environment:checking '/home/shared/projects/gultepe/cleaner_ws/install/cleaner_bringup/bin'
[1.945s] Level 1:colcon.colcon_core.environment:checking '/home/shared/projects/gultepe/cleaner_ws/install/cleaner_bringup/lib/pkgconfig/cleaner_bringup.pc'
[1.945s] Level 1:colcon.colcon_core.environment:checking '/home/shared/projects/gultepe/cleaner_ws/install/cleaner_bringup/lib/python3.10/site-packages'
[1.946s] Level 1:colcon.colcon_core.environment:checking '/home/shared/projects/gultepe/cleaner_ws/install/cleaner_bringup/bin'
[1.955s] INFO:colcon.colcon_core.shell:Creating package script '/home/shared/projects/gultepe/cleaner_ws/install/cleaner_bringup/share/cleaner_bringup/package.ps1'
[1.955s] INFO:colcon.colcon_core.shell:Creating package descriptor '/home/shared/projects/gultepe/cleaner_ws/install/cleaner_bringup/share/cleaner_bringup/package.dsv'
[1.955s] INFO:colcon.colcon_core.shell:Creating package script '/home/shared/projects/gultepe/cleaner_ws/install/cleaner_bringup/share/cleaner_bringup/package.sh'
[1.956s] INFO:colcon.colcon_core.shell:Creating package script '/home/shared/projects/gultepe/cleaner_ws/install/cleaner_bringup/share/cleaner_bringup/package.bash'
[1.956s] INFO:colcon.colcon_core.shell:Creating package script '/home/shared/projects/gultepe/cleaner_ws/install/cleaner_bringup/share/cleaner_bringup/package.zsh'
[1.956s] Level 1:colcon.colcon_core.environment:create_file_with_runtime_dependencies(/home/shared/projects/gultepe/cleaner_ws/install/cleaner_bringup/share/colcon-core/packages/cleaner_bringup)
[2.001s] DEBUG:colcon.colcon_core.event_handler.log_command:Invoked command in '/home/shared/projects/gultepe/cleaner_ws/src/gultepe_scripts' returned '0': PYTHONPATH=/home/shared/projects/gultepe/cleaner_ws/build/gultepe_scripts/prefix_override:/home/shared/projects/gultepe/cleaner_ws/install/gultepe_scripts/lib/python3.10/site-packages:${PYTHONPATH} /usr/bin/python3 setup.py egg_info --egg-base ../../build/gultepe_scripts build --build-base /home/shared/projects/gultepe/cleaner_ws/build/gultepe_scripts/build install --record /home/shared/projects/gultepe/cleaner_ws/build/gultepe_scripts/install.log --single-version-externally-managed
[2.010s] Level 1:colcon.colcon_core.environment:checking '/home/shared/projects/gultepe/cleaner_ws/install/gultepe_scripts' for CMake module files
[2.010s] Level 1:colcon.colcon_core.environment:checking '/home/shared/projects/gultepe/cleaner_ws/install/gultepe_scripts' for CMake config files
[2.010s] Level 1:colcon.colcon_core.environment:checking '/home/shared/projects/gultepe/cleaner_ws/install/gultepe_scripts/lib'
[2.010s] Level 1:colcon.colcon_core.environment:checking '/home/shared/projects/gultepe/cleaner_ws/install/gultepe_scripts/bin'
[2.010s] Level 1:colcon.colcon_core.environment:checking '/home/shared/projects/gultepe/cleaner_ws/install/gultepe_scripts/lib/pkgconfig/gultepe_scripts.pc'
[2.011s] Level 1:colcon.colcon_core.environment:checking '/home/shared/projects/gultepe/cleaner_ws/install/gultepe_scripts/lib/python3.10/site-packages'
[2.011s] Level 1:colcon.colcon_core.shell:create_environment_hook('gultepe_scripts', 'pythonpath')
[2.019s] INFO:colcon.colcon_core.shell:Creating environment hook '/home/shared/projects/gultepe/cleaner_ws/install/gultepe_scripts/share/gultepe_scripts/hook/pythonpath.ps1'
[2.020s] INFO:colcon.colcon_core.shell:Creating environment descriptor '/home/shared/projects/gultepe/cleaner_ws/install/gultepe_scripts/share/gultepe_scripts/hook/pythonpath.dsv'
[2.020s] INFO:colcon.colcon_core.shell:Creating environment hook '/home/shared/projects/gultepe/cleaner_ws/install/gultepe_scripts/share/gultepe_scripts/hook/pythonpath.sh'
[2.020s] Level 1:colcon.colcon_core.environment:checking '/home/shared/projects/gultepe/cleaner_ws/install/gultepe_scripts/bin'
[2.020s] Level 1:colcon.colcon_core.environment:create_environment_scripts_only(gultepe_scripts)
[2.029s] INFO:colcon.colcon_core.shell:Creating package script '/home/shared/projects/gultepe/cleaner_ws/install/gultepe_scripts/share/gultepe_scripts/package.ps1'
[2.029s] INFO:colcon.colcon_core.shell:Creating package descriptor '/home/shared/projects/gultepe/cleaner_ws/install/gultepe_scripts/share/gultepe_scripts/package.dsv'
[2.029s] INFO:colcon.colcon_core.shell:Creating package script '/home/shared/projects/gultepe/cleaner_ws/install/gultepe_scripts/share/gultepe_scripts/package.sh'
[2.029s] INFO:colcon.colcon_core.shell:Creating package script '/home/shared/projects/gultepe/cleaner_ws/install/gultepe_scripts/share/gultepe_scripts/package.bash'
[2.030s] INFO:colcon.colcon_core.shell:Creating package script '/home/shared/projects/gultepe/cleaner_ws/install/gultepe_scripts/share/gultepe_scripts/package.zsh'
[2.030s] Level 1:colcon.colcon_core.environment:create_file_with_runtime_dependencies(/home/shared/projects/gultepe/cleaner_ws/install/gultepe_scripts/share/colcon-core/packages/gultepe_scripts)
[2.031s] DEBUG:colcon.colcon_core.event_handler.log_command:Invoked command in '/home/shared/projects/gultepe/cleaner_ws/src/bno055' returned '0': PYTHONPATH=/home/shared/projects/gultepe/cleaner_ws/build/bno055/prefix_override:/home/shared/projects/gultepe/cleaner_ws/install/bno055/lib/python3.10/site-packages:${PYTHONPATH} /usr/bin/python3 setup.py egg_info --egg-base ../../build/bno055 build --build-base /home/shared/projects/gultepe/cleaner_ws/build/bno055/build install --record /home/shared/projects/gultepe/cleaner_ws/build/bno055/install.log --single-version-externally-managed
[2.039s] Level 1:colcon.colcon_core.environment:checking '/home/shared/projects/gultepe/cleaner_ws/install/bno055' for CMake module files
[2.039s] Level 1:colcon.colcon_core.environment:checking '/home/shared/projects/gultepe/cleaner_ws/install/bno055' for CMake config files
[2.040s] Level 1:colcon.colcon_core.environment:checking '/home/shared/projects/gultepe/cleaner_ws/install/bno055/lib'
[2.040s] Level 1:colcon.colcon_core.environment:checking '/home/shared/projects/gultepe/cleaner_ws/install/bno055/bin'
[2.040s] Level 1:colcon.colcon_core.environment:checking '/home/shared/projects/gultepe/cleaner_ws/install/bno055/lib/pkgconfig/bno055.pc'
[2.040s] Level 1:colcon.colcon_core.environment:checking '/home/shared/projects/gultepe/cleaner_ws/install/bno055/lib/python3.10/site-packages'
[2.040s] Level 1:colcon.colcon_core.shell:create_environment_hook('bno055', 'pythonpath')
[2.049s] INFO:colcon.colcon_core.shell:Creating environment hook '/home/shared/projects/gultepe/cleaner_ws/install/bno055/share/bno055/hook/pythonpath.ps1'
[2.049s] INFO:colcon.colcon_core.shell:Creating environment descriptor '/home/shared/projects/gultepe/cleaner_ws/install/bno055/share/bno055/hook/pythonpath.dsv'
[2.050s] INFO:colcon.colcon_core.shell:Creating environment hook '/home/shared/projects/gultepe/cleaner_ws/install/bno055/share/bno055/hook/pythonpath.sh'
[2.050s] Level 1:colcon.colcon_core.environment:checking '/home/shared/projects/gultepe/cleaner_ws/install/bno055/bin'
[2.050s] Level 1:colcon.colcon_core.environment:create_environment_scripts_only(bno055)
[2.059s] INFO:colcon.colcon_core.shell:Creating package script '/home/shared/projects/gultepe/cleaner_ws/install/bno055/share/bno055/package.ps1'
[2.059s] INFO:colcon.colcon_core.shell:Creating package descriptor '/home/shared/projects/gultepe/cleaner_ws/install/bno055/share/bno055/package.dsv'
[2.059s] INFO:colcon.colcon_core.shell:Creating package script '/home/shared/projects/gultepe/cleaner_ws/install/bno055/share/bno055/package.sh'
[2.060s] INFO:colcon.colcon_core.shell:Creating package script '/home/shared/projects/gultepe/cleaner_ws/install/bno055/share/bno055/package.bash'
[2.060s] INFO:colcon.colcon_core.shell:Creating package script '/home/shared/projects/gultepe/cleaner_ws/install/bno055/share/bno055/package.zsh'
[2.060s] Level 1:colcon.colcon_core.environment:create_file_with_runtime_dependencies(/home/shared/projects/gultepe/cleaner_ws/install/bno055/share/colcon-core/packages/bno055)
[2.214s] DEBUG:colcon.colcon_core.event_handler.log_command:Invoked command in '/home/shared/projects/gultepe/cleaner_ws/build/serial_motor_demo_msgs' returned '0': CMAKE_PREFIX_PATH=${CMAKE_PREFIX_PATH}:/home/tunaprogrammer/projects/gultepe/cleaner_ws/install/gultepe_scripts:/home/tunaprogrammer/projects/gultepe/cleaner_ws/install/gultepe_pkg:/home/tunaprogrammer/projects/gultepe/cleaner_ws/install/differential_drive:/home/tunaprogrammer/projects/gultepe/cleaner_ws/install/bno055:/home/tunaprogrammer/projects/gultepe/humble_ws/install/jetpack:/home/tunaprogrammer/projects/gultepe/humble_ws/install/python_pkg:/home/tunaprogrammer/projects/gultepe/humble_ws/install/catcher:/opt/ros/humble /usr/bin/cmake /home/shared/projects/gultepe/cleaner_ws/src/serial_motor_demo-main/serial_motor_demo_msgs -DCMAKE_INSTALL_PREFIX=/home/shared/projects/gultepe/cleaner_ws/install/serial_motor_demo_msgs
[2.214s] DEBUG:colcon.colcon_core.event_handler.log_command:Invoking command in '/home/shared/projects/gultepe/cleaner_ws/build/serial_motor_demo_msgs': CMAKE_PREFIX_PATH=${CMAKE_PREFIX_PATH}:/home/tunaprogrammer/projects/gultepe/cleaner_ws/install/gultepe_scripts:/home/tunaprogrammer/projects/gultepe/cleaner_ws/install/gultepe_pkg:/home/tunaprogrammer/projects/gultepe/cleaner_ws/install/differential_drive:/home/tunaprogrammer/projects/gultepe/cleaner_ws/install/bno055:/home/tunaprogrammer/projects/gultepe/humble_ws/install/jetpack:/home/tunaprogrammer/projects/gultepe/humble_ws/install/python_pkg:/home/tunaprogrammer/projects/gultepe/humble_ws/install/catcher:/opt/ros/humble /usr/bin/cmake --build /home/shared/projects/gultepe/cleaner_ws/build/serial_motor_demo_msgs -- -j16 -l16
[3.722s] DEBUG:colcon.colcon_core.event_handler.log_command:Invoked command in '/home/shared/projects/gultepe/cleaner_ws/build/serial_motor_demo_msgs' returned '0': CMAKE_PREFIX_PATH=${CMAKE_PREFIX_PATH}:/home/tunaprogrammer/projects/gultepe/cleaner_ws/install/gultepe_scripts:/home/tunaprogrammer/projects/gultepe/cleaner_ws/install/gultepe_pkg:/home/tunaprogrammer/projects/gultepe/cleaner_ws/install/differential_drive:/home/tunaprogrammer/projects/gultepe/cleaner_ws/install/bno055:/home/tunaprogrammer/projects/gultepe/humble_ws/install/jetpack:/home/tunaprogrammer/projects/gultepe/humble_ws/install/python_pkg:/home/tunaprogrammer/projects/gultepe/humble_ws/install/catcher:/opt/ros/humble /usr/bin/cmake --build /home/shared/projects/gultepe/cleaner_ws/build/serial_motor_demo_msgs -- -j16 -l16
[3.783s] DEBUG:colcon.colcon_core.event_handler.log_command:Invoking command in '/home/shared/projects/gultepe/cleaner_ws/build/serial_motor_demo_msgs': CMAKE_PREFIX_PATH=${CMAKE_PREFIX_PATH}:/home/tunaprogrammer/projects/gultepe/cleaner_ws/install/gultepe_scripts:/home/tunaprogrammer/projects/gultepe/cleaner_ws/install/gultepe_pkg:/home/tunaprogrammer/projects/gultepe/cleaner_ws/install/differential_drive:/home/tunaprogrammer/projects/gultepe/cleaner_ws/install/bno055:/home/tunaprogrammer/projects/gultepe/humble_ws/install/jetpack:/home/tunaprogrammer/projects/gultepe/humble_ws/install/python_pkg:/home/tunaprogrammer/projects/gultepe/humble_ws/install/catcher:/opt/ros/humble /usr/bin/cmake --install /home/shared/projects/gultepe/cleaner_ws/build/serial_motor_demo_msgs
[3.824s] Level 1:colcon.colcon_core.environment:create_environment_scripts_only(serial_motor_demo_msgs)
[3.824s] DEBUG:colcon.colcon_core.event_handler.log_command:Invoked command in '/home/shared/projects/gultepe/cleaner_ws/build/serial_motor_demo_msgs' returned '0': CMAKE_PREFIX_PATH=${CMAKE_PREFIX_PATH}:/home/tunaprogrammer/projects/gultepe/cleaner_ws/install/gultepe_scripts:/home/tunaprogrammer/projects/gultepe/cleaner_ws/install/gultepe_pkg:/home/tunaprogrammer/projects/gultepe/cleaner_ws/install/differential_drive:/home/tunaprogrammer/projects/gultepe/cleaner_ws/install/bno055:/home/tunaprogrammer/projects/gultepe/humble_ws/install/jetpack:/home/tunaprogrammer/projects/gultepe/humble_ws/install/python_pkg:/home/tunaprogrammer/projects/gultepe/humble_ws/install/catcher:/opt/ros/humble /usr/bin/cmake --install /home/shared/projects/gultepe/cleaner_ws/build/serial_motor_demo_msgs
[3.833s] Level 1:colcon.colcon_core.environment:checking '/home/shared/projects/gultepe/cleaner_ws/install/serial_motor_demo_msgs' for CMake module files
[3.833s] Level 1:colcon.colcon_core.environment:checking '/home/shared/projects/gultepe/cleaner_ws/install/serial_motor_demo_msgs' for CMake config files
[3.834s] Level 1:colcon.colcon_core.shell:create_environment_hook('serial_motor_demo_msgs', 'cmake_prefix_path')
[3.842s] INFO:colcon.colcon_core.shell:Creating environment hook '/home/shared/projects/gultepe/cleaner_ws/install/serial_motor_demo_msgs/share/serial_motor_demo_msgs/hook/cmake_prefix_path.ps1'
[3.842s] INFO:colcon.colcon_core.shell:Creating environment descriptor '/home/shared/projects/gultepe/cleaner_ws/install/serial_motor_demo_msgs/share/serial_motor_demo_msgs/hook/cmake_prefix_path.dsv'
[3.843s] INFO:colcon.colcon_core.shell:Creating environment hook '/home/shared/projects/gultepe/cleaner_ws/install/serial_motor_demo_msgs/share/serial_motor_demo_msgs/hook/cmake_prefix_path.sh'
[3.843s] Level 1:colcon.colcon_core.environment:checking '/home/shared/projects/gultepe/cleaner_ws/install/serial_motor_demo_msgs/lib'
[3.843s] Level 1:colcon.colcon_core.shell:create_environment_hook('serial_motor_demo_msgs', 'ld_library_path_lib')
[3.851s] INFO:colcon.colcon_core.shell:Creating environment hook '/home/shared/projects/gultepe/cleaner_ws/install/serial_motor_demo_msgs/share/serial_motor_demo_msgs/hook/ld_library_path_lib.ps1'
[3.851s] INFO:colcon.colcon_core.shell:Creating environment descriptor '/home/shared/projects/gultepe/cleaner_ws/install/serial_motor_demo_msgs/share/serial_motor_demo_msgs/hook/ld_library_path_lib.dsv'
[3.852s] INFO:colcon.colcon_core.shell:Creating environment hook '/home/shared/projects/gultepe/cleaner_ws/install/serial_motor_demo_msgs/share/serial_motor_demo_msgs/hook/ld_library_path_lib.sh'
[3.852s] Level 1:colcon.colcon_core.environment:checking '/home/shared/projects/gultepe/cleaner_ws/install/serial_motor_demo_msgs/bin'
[3.852s] Level 1:colcon.colcon_core.environment:checking '/home/shared/projects/gultepe/cleaner_ws/install/serial_motor_demo_msgs/lib/pkgconfig/serial_motor_demo_msgs.pc'
[3.852s] Level 1:colcon.colcon_core.environment:checking '/home/shared/projects/gultepe/cleaner_ws/install/serial_motor_demo_msgs/lib/python3.10/site-packages'
[3.852s] Level 1:colcon.colcon_core.environment:checking '/home/shared/projects/gultepe/cleaner_ws/install/serial_motor_demo_msgs/bin'
[3.861s] INFO:colcon.colcon_core.shell:Creating package script '/home/shared/projects/gultepe/cleaner_ws/install/serial_motor_demo_msgs/share/serial_motor_demo_msgs/package.ps1'
[3.861s] INFO:colcon.colcon_core.shell:Creating package descriptor '/home/shared/projects/gultepe/cleaner_ws/install/serial_motor_demo_msgs/share/serial_motor_demo_msgs/package.dsv'
[3.861s] INFO:colcon.colcon_core.shell:Creating package script '/home/shared/projects/gultepe/cleaner_ws/install/serial_motor_demo_msgs/share/serial_motor_demo_msgs/package.sh'
[3.861s] INFO:colcon.colcon_core.shell:Creating package script '/home/shared/projects/gultepe/cleaner_ws/install/serial_motor_demo_msgs/share/serial_motor_demo_msgs/package.bash'
[3.861s] INFO:colcon.colcon_core.shell:Creating package script '/home/shared/projects/gultepe/cleaner_ws/install/serial_motor_demo_msgs/share/serial_motor_demo_msgs/package.zsh'
[3.862s] Level 1:colcon.colcon_core.environment:create_file_with_runtime_dependencies(/home/shared/projects/gultepe/cleaner_ws/install/serial_motor_demo_msgs/share/colcon-core/packages/serial_motor_demo_msgs)
[3.990s] Level 1:colcon.colcon_core.environment:create_environment_scripts_only(serial_motor_demo_msgs)
[3.999s] Level 1:colcon.colcon_core.environment:checking '/home/shared/projects/gultepe/cleaner_ws/install/serial_motor_demo_msgs' for CMake module files
[3.999s] Level 1:colcon.colcon_core.environment:checking '/home/shared/projects/gultepe/cleaner_ws/install/serial_motor_demo_msgs' for CMake config files
[3.999s] Level 1:colcon.colcon_core.shell:create_environment_hook('serial_motor_demo_msgs', 'cmake_prefix_path')
[4.007s] INFO:colcon.colcon_core.shell:Creating environment hook '/home/shared/projects/gultepe/cleaner_ws/install/serial_motor_demo_msgs/share/serial_motor_demo_msgs/hook/cmake_prefix_path.ps1'
[4.008s] INFO:colcon.colcon_core.shell:Creating environment descriptor '/home/shared/projects/gultepe/cleaner_ws/install/serial_motor_demo_msgs/share/serial_motor_demo_msgs/hook/cmake_prefix_path.dsv'
[4.008s] INFO:colcon.colcon_core.shell:Creating environment hook '/home/shared/projects/gultepe/cleaner_ws/install/serial_motor_demo_msgs/share/serial_motor_demo_msgs/hook/cmake_prefix_path.sh'
[4.008s] Level 1:colcon.colcon_core.environment:checking '/home/shared/projects/gultepe/cleaner_ws/install/serial_motor_demo_msgs/lib'
[4.008s] Level 1:colcon.colcon_core.shell:create_environment_hook('serial_motor_demo_msgs', 'ld_library_path_lib')
[4.016s] INFO:colcon.colcon_core.shell:Creating environment hook '/home/shared/projects/gultepe/cleaner_ws/install/serial_motor_demo_msgs/share/serial_motor_demo_msgs/hook/ld_library_path_lib.ps1'
[4.017s] INFO:colcon.colcon_core.shell:Creating environment descriptor '/home/shared/projects/gultepe/cleaner_ws/install/serial_motor_demo_msgs/share/serial_motor_demo_msgs/hook/ld_library_path_lib.dsv'
[4.017s] INFO:colcon.colcon_core.shell:Creating environment hook '/home/shared/projects/gultepe/cleaner_ws/install/serial_motor_demo_msgs/share/serial_motor_demo_msgs/hook/ld_library_path_lib.sh'
[4.017s] Level 1:colcon.colcon_core.environment:checking '/home/shared/projects/gultepe/cleaner_ws/install/serial_motor_demo_msgs/bin'
[4.017s] Level 1:colcon.colcon_core.environment:checking '/home/shared/projects/gultepe/cleaner_ws/install/serial_motor_demo_msgs/lib/pkgconfig/serial_motor_demo_msgs.pc'
[4.017s] Level 1:colcon.colcon_core.environment:checking '/home/shared/projects/gultepe/cleaner_ws/install/serial_motor_demo_msgs/lib/python3.10/site-packages'
[4.017s] Level 1:colcon.colcon_core.environment:checking '/home/shared/projects/gultepe/cleaner_ws/install/serial_motor_demo_msgs/bin'
[4.026s] INFO:colcon.colcon_core.shell:Creating package script '/home/shared/projects/gultepe/cleaner_ws/install/serial_motor_demo_msgs/share/serial_motor_demo_msgs/package.ps1'
[4.026s] INFO:colcon.colcon_core.shell:Creating package descriptor '/home/shared/projects/gultepe/cleaner_ws/install/serial_motor_demo_msgs/share/serial_motor_demo_msgs/package.dsv'
[4.026s] INFO:colcon.colcon_core.shell:Creating package script '/home/shared/projects/gultepe/cleaner_ws/install/serial_motor_demo_msgs/share/serial_motor_demo_msgs/package.sh'
[4.026s] INFO:colcon.colcon_core.shell:Creating package script '/home/shared/projects/gultepe/cleaner_ws/install/serial_motor_demo_msgs/share/serial_motor_demo_msgs/package.bash'
[4.027s] INFO:colcon.colcon_core.shell:Creating package script '/home/shared/projects/gultepe/cleaner_ws/install/serial_motor_demo_msgs/share/serial_motor_demo_msgs/package.zsh'
[4.027s] Level 1:colcon.colcon_core.environment:create_file_with_runtime_dependencies(/home/shared/projects/gultepe/cleaner_ws/install/serial_motor_demo_msgs/share/colcon-core/packages/serial_motor_demo_msgs)
[4.027s] INFO:colcon.colcon_ros.task.ament_python.build:Building ROS package in '/home/shared/projects/gultepe/cleaner_ws/src/serial_motor_demo-main/serial_motor_demo' with build type 'ament_python'
[4.027s] Level 1:colcon.colcon_core.shell:create_environment_hook('serial_motor_demo', 'ament_prefix_path')
[4.036s] INFO:colcon.colcon_core.shell:Creating environment hook '/home/shared/projects/gultepe/cleaner_ws/install/serial_motor_demo/share/serial_motor_demo/hook/ament_prefix_path.ps1'
[4.036s] INFO:colcon.colcon_core.shell:Creating environment descriptor '/home/shared/projects/gultepe/cleaner_ws/install/serial_motor_demo/share/serial_motor_demo/hook/ament_prefix_path.dsv'
[4.036s] INFO:colcon.colcon_core.shell:Creating environment hook '/home/shared/projects/gultepe/cleaner_ws/install/serial_motor_demo/share/serial_motor_demo/hook/ament_prefix_path.sh'
[4.045s] INFO:colcon.colcon_core.shell:Skip shell extension 'powershell' for command environment: Not usable outside of PowerShell
[4.045s] DEBUG:colcon.colcon_core.shell:Skip shell extension 'dsv' for command environment
[4.251s] INFO:colcon.colcon_core.task.python.build:Building Python package in '/home/shared/projects/gultepe/cleaner_ws/src/serial_motor_demo-main/serial_motor_demo'
[4.260s] INFO:colcon.colcon_core.shell:Skip shell extension 'powershell' for command environment: Not usable outside of PowerShell
[4.260s] DEBUG:colcon.colcon_core.shell:Skip shell extension 'dsv' for command environment
[4.514s] DEBUG:colcon.colcon_core.event_handler.log_command:Invoking command in '/home/shared/projects/gultepe/cleaner_ws/src/serial_motor_demo-main/serial_motor_demo': AMENT_PREFIX_PATH=/home/shared/projects/gultepe/cleaner_ws/install/serial_motor_demo_msgs:${AMENT_PREFIX_PATH} CMAKE_PREFIX_PATH=/home/shared/projects/gultepe/cleaner_ws/install/serial_motor_demo_msgs:${CMAKE_PREFIX_PATH} LD_LIBRARY_PATH=/home/shared/projects/gultepe/cleaner_ws/install/serial_motor_demo_msgs/lib:${LD_LIBRARY_PATH} PYTHONPATH=/home/shared/projects/gultepe/cleaner_ws/build/serial_motor_demo/prefix_override:/home/shared/projects/gultepe/cleaner_ws/install/serial_motor_demo/lib/python3.10/site-packages:/home/shared/projects/gultepe/cleaner_ws/install/serial_motor_demo_msgs/local/lib/python3.10/dist-packages:${PYTHONPATH} /usr/bin/python3 setup.py egg_info --egg-base ../../../build/serial_motor_demo build --build-base /home/shared/projects/gultepe/cleaner_ws/build/serial_motor_demo/build install --record /home/shared/projects/gultepe/cleaner_ws/build/serial_motor_demo/install.log --install-scripts $base/lib/serial_motor_demo --single-version-externally-managed
[4.699s] DEBUG:colcon.colcon_core.event_handler.log_command:Invoked command in '/home/shared/projects/gultepe/cleaner_ws/src/serial_motor_demo-main/serial_motor_demo' returned '0': AMENT_PREFIX_PATH=/home/shared/projects/gultepe/cleaner_ws/install/serial_motor_demo_msgs:${AMENT_PREFIX_PATH} CMAKE_PREFIX_PATH=/home/shared/projects/gultepe/cleaner_ws/install/serial_motor_demo_msgs:${CMAKE_PREFIX_PATH} LD_LIBRARY_PATH=/home/shared/projects/gultepe/cleaner_ws/install/serial_motor_demo_msgs/lib:${LD_LIBRARY_PATH} PYTHONPATH=/home/shared/projects/gultepe/cleaner_ws/build/serial_motor_demo/prefix_override:/home/shared/projects/gultepe/cleaner_ws/install/serial_motor_demo/lib/python3.10/site-packages:/home/shared/projects/gultepe/cleaner_ws/install/serial_motor_demo_msgs/local/lib/python3.10/dist-packages:${PYTHONPATH} /usr/bin/python3 setup.py egg_info --egg-base ../../../build/serial_motor_demo build --build-base /home/shared/projects/gultepe/cleaner_ws/build/serial_motor_demo/build install --record /home/shared/projects/gultepe/cleaner_ws/build/serial_motor_demo/install.log --install-scripts $base/lib/serial_motor_demo --single-version-externally-managed
[4.708s] Level 1:colcon.colcon_core.environment:checking '/home/shared/projects/gultepe/cleaner_ws/install/serial_motor_demo' for CMake module files
[4.708s] Level 1:colcon.colcon_core.environment:checking '/home/shared/projects/gultepe/cleaner_ws/install/serial_motor_demo' for CMake config files
[4.709s] Level 1:colcon.colcon_core.environment:checking '/home/shared/projects/gultepe/cleaner_ws/install/serial_motor_demo/lib'
[4.709s] Level 1:colcon.colcon_core.environment:checking '/home/shared/projects/gultepe/cleaner_ws/install/serial_motor_demo/bin'
[4.709s] Level 1:colcon.colcon_core.environment:checking '/home/shared/projects/gultepe/cleaner_ws/install/serial_motor_demo/lib/pkgconfig/serial_motor_demo.pc'
[4.709s] Level 1:colcon.colcon_core.environment:checking '/home/shared/projects/gultepe/cleaner_ws/install/serial_motor_demo/lib/python3.10/site-packages'
[4.709s] Level 1:colcon.colcon_core.shell:create_environment_hook('serial_motor_demo', 'pythonpath')
[4.717s] INFO:colcon.colcon_core.shell:Creating environment hook '/home/shared/projects/gultepe/cleaner_ws/install/serial_motor_demo/share/serial_motor_demo/hook/pythonpath.ps1'
[4.718s] INFO:colcon.colcon_core.shell:Creating environment descriptor '/home/shared/projects/gultepe/cleaner_ws/install/serial_motor_demo/share/serial_motor_demo/hook/pythonpath.dsv'
[4.718s] INFO:colcon.colcon_core.shell:Creating environment hook '/home/shared/projects/gultepe/cleaner_ws/install/serial_motor_demo/share/serial_motor_demo/hook/pythonpath.sh'
[4.718s] Level 1:colcon.colcon_core.environment:checking '/home/shared/projects/gultepe/cleaner_ws/install/serial_motor_demo/bin'
[4.718s] Level 1:colcon.colcon_core.environment:create_environment_scripts_only(serial_motor_demo)
[4.726s] INFO:colcon.colcon_core.shell:Creating package script '/home/shared/projects/gultepe/cleaner_ws/install/serial_motor_demo/share/serial_motor_demo/package.ps1'
[4.727s] INFO:colcon.colcon_core.shell:Creating package descriptor '/home/shared/projects/gultepe/cleaner_ws/install/serial_motor_demo/share/serial_motor_demo/package.dsv'
[4.727s] INFO:colcon.colcon_core.shell:Creating package script '/home/shared/projects/gultepe/cleaner_ws/install/serial_motor_demo/share/serial_motor_demo/package.sh'
[4.727s] INFO:colcon.colcon_core.shell:Creating package script '/home/shared/projects/gultepe/cleaner_ws/install/serial_motor_demo/share/serial_motor_demo/package.bash'
[4.727s] INFO:colcon.colcon_core.shell:Creating package script '/home/shared/projects/gultepe/cleaner_ws/install/serial_motor_demo/share/serial_motor_demo/package.zsh'
[4.727s] Level 1:colcon.colcon_core.environment:create_file_with_runtime_dependencies(/home/shared/projects/gultepe/cleaner_ws/install/serial_motor_demo/share/colcon-core/packages/serial_motor_demo)
[4.727s] DEBUG:colcon.colcon_parallel_executor.executor.parallel:closing loop
[4.728s] DEBUG:colcon.colcon_parallel_executor.executor.parallel:loop closed
[4.728s] DEBUG:colcon.colcon_parallel_executor.executor.parallel:run_until_complete finished with '0'
[4.728s] DEBUG:colcon.colcon_core.event_reactor:joining thread
[4.739s] INFO:colcon.colcon_core.plugin_system:Skipping extension 'colcon_notification.desktop_notification.terminal_notifier': Not used on non-Darwin systems
[4.740s] INFO:colcon.colcon_core.plugin_system:Skipping extension 'colcon_notification.desktop_notification.win32': Not used on non-Windows systems
[4.740s] INFO:colcon.colcon_notification.desktop_notification:Sending desktop notification using 'notify2'
[4.760s] DEBUG:colcon.colcon_core.event_reactor:joined thread
[4.772s] INFO:colcon.colcon_core.shell:Creating prefix script '/home/shared/projects/gultepe/cleaner_ws/install/local_setup.ps1'
[4.773s] INFO:colcon.colcon_core.shell:Creating prefix util module '/home/shared/projects/gultepe/cleaner_ws/install/_local_setup_util_ps1.py'
[4.774s] INFO:colcon.colcon_core.shell:Creating prefix chain script '/home/shared/projects/gultepe/cleaner_ws/install/setup.ps1'
[4.783s] INFO:colcon.colcon_core.shell:Creating prefix script '/home/shared/projects/gultepe/cleaner_ws/install/local_setup.sh'
[4.783s] INFO:colcon.colcon_core.shell:Creating prefix util module '/home/shared/projects/gultepe/cleaner_ws/install/_local_setup_util_sh.py'
[4.783s] INFO:colcon.colcon_core.shell:Creating prefix chain script '/home/shared/projects/gultepe/cleaner_ws/install/setup.sh'
[4.792s] INFO:colcon.colcon_core.shell:Creating prefix script '/home/shared/projects/gultepe/cleaner_ws/install/local_setup.bash'
[4.793s] INFO:colcon.colcon_core.shell:Creating prefix chain script '/home/shared/projects/gultepe/cleaner_ws/install/setup.bash'
[4.802s] INFO:colcon.colcon_core.shell:Creating prefix script '/home/shared/projects/gultepe/cleaner_ws/install/local_setup.zsh'
[4.802s] INFO:colcon.colcon_core.shell:Creating prefix chain script '/home/shared/projects/gultepe/cleaner_ws/install/setup.zsh'
