/home/shared/projects/gultepe/cleaner_ws/install/explorer_bringup/lib/python3.10/site-packages/explorer_bringup/__init__.py
/home/shared/projects/gultepe/cleaner_ws/install/explorer_bringup/lib/python3.10/site-packages/explorer_bringup/manager.py
/home/shared/projects/gultepe/cleaner_ws/install/explorer_bringup/lib/python3.10/site-packages/explorer_bringup/__pycache__/__init__.cpython-310.pyc
/home/shared/projects/gultepe/cleaner_ws/install/explorer_bringup/lib/python3.10/site-packages/explorer_bringup/__pycache__/manager.cpython-310.pyc
/home/shared/projects/gultepe/cleaner_ws/install/explorer_bringup/share/ament_index/resource_index/packages/explorer_bringup
/home/shared/projects/gultepe/cleaner_ws/install/explorer_bringup/share/explorer_bringup/package.xml
/home/shared/projects/gultepe/cleaner_ws/install/explorer_bringup/share/explorer_bringup/map9.launch.py
/home/shared/projects/gultepe/cleaner_ws/install/explorer_bringup/share/explorer_bringup/map1.launch.py
/home/shared/projects/gultepe/cleaner_ws/install/explorer_bringup/share/explorer_bringup/map5.launch.py
/home/shared/projects/gultepe/cleaner_ws/install/explorer_bringup/share/explorer_bringup/map2.launch.py
/home/shared/projects/gultepe/cleaner_ws/install/explorer_bringup/share/explorer_bringup/map6.launch.py
/home/shared/projects/gultepe/cleaner_ws/install/explorer_bringup/share/explorer_bringup/map3.launch.py
/home/shared/projects/gultepe/cleaner_ws/install/explorer_bringup/share/explorer_bringup/map4.launch.py
/home/shared/projects/gultepe/cleaner_ws/install/explorer_bringup/share/explorer_bringup/map10.launch.py
/home/shared/projects/gultepe/cleaner_ws/install/explorer_bringup/share/explorer_bringup/map8.launch.py
/home/shared/projects/gultepe/cleaner_ws/install/explorer_bringup/share/explorer_bringup/map11.launch.py
/home/shared/projects/gultepe/cleaner_ws/install/explorer_bringup/share/explorer_bringup/map7.launch.py
/home/shared/projects/gultepe/cleaner_ws/install/explorer_bringup/share/explorer_bringup
/home/shared/projects/gultepe/cleaner_ws/install/explorer_bringup/lib/python3.10/site-packages/explorer_bringup-0.0.0-py3.10.egg-info/PKG-INFO
/home/shared/projects/gultepe/cleaner_ws/install/explorer_bringup/lib/python3.10/site-packages/explorer_bringup-0.0.0-py3.10.egg-info/entry_points.txt
/home/shared/projects/gultepe/cleaner_ws/install/explorer_bringup/lib/python3.10/site-packages/explorer_bringup-0.0.0-py3.10.egg-info/zip-safe
/home/shared/projects/gultepe/cleaner_ws/install/explorer_bringup/lib/python3.10/site-packages/explorer_bringup-0.0.0-py3.10.egg-info/SOURCES.txt
/home/shared/projects/gultepe/cleaner_ws/install/explorer_bringup/lib/python3.10/site-packages/explorer_bringup-0.0.0-py3.10.egg-info/dependency_links.txt
/home/shared/projects/gultepe/cleaner_ws/install/explorer_bringup/lib/python3.10/site-packages/explorer_bringup-0.0.0-py3.10.egg-info/top_level.txt
/home/shared/projects/gultepe/cleaner_ws/install/explorer_bringup/lib/python3.10/site-packages/explorer_bringup-0.0.0-py3.10.egg-info/requires.txt
/home/shared/projects/gultepe/cleaner_ws/install/explorer_bringup/lib/explorer_bringup/manager
