[0.000000] (-) TimerEvent: {}
[0.000094] (-) JobUnselected: {'identifier': 'bno055'}
[0.000113] (-) JobUnselected: {'identifier': 'cleaner_bringup'}
[0.000124] (-) JobUnselected: {'identifier': 'cleaner_description'}
[0.000134] (-) JobUnselected: {'identifier': 'gultepe_scripts'}
[0.000143] (-) JobUnselected: {'identifier': 'rplidar_ros'}
[0.000151] (-) JobUnselected: {'identifier': 'serial_motor_demo'}
[0.000160] (-) JobUnselected: {'identifier': 'serial_motor_demo_msgs'}
[0.000176] (linear_sweep) JobQueued: {'identifier': 'linear_sweep', 'dependencies': OrderedDict()}
[0.000188] (linear_sweep) JobStarted: {'identifier': 'linear_sweep'}
[0.099393] (-) TimerEvent: {}
[0.199662] (-) TimerEvent: {}
[0.299938] (-) TimerEvent: {}
[0.400195] (-) TimerEvent: {}
[0.500482] (-) TimerEvent: {}
[0.504902] (linear_sweep) Command: {'cmd': ['/usr/bin/python3', 'setup.py', 'develop', '--editable', '--build-directory', '/home/shared/projects/gultepe/cleaner_ws/build/linear_sweep/build', '--no-deps', 'install_data'], 'cwd': '/home/shared/projects/gultepe/cleaner_ws/build/linear_sweep', 'env': {'USER': 'tunaprogrammer', 'LC_TIME': 'tr_TR.UTF-8', 'XDG_SESSION_TYPE': 'x11', 'SHLVL': '1', 'LD_LIBRARY_PATH': '/home/tunaprogrammer/projects/gultepe/cleaner_ws/install/serial_motor_demo_msgs/lib:/home/tunaprogrammer/projects/gultepe/cleaner_ws/install/multirobot_map_merge/lib:/home/tunaprogrammer/projects/gultepe/humble_ws/install/test_interfaces/lib:/usr/lib/x86_64-linux-gnu/gazebo-11/plugins:/opt/ros/humble/opt/rviz_ogre_vendor/lib:/opt/ros/humble/lib/x86_64-linux-gnu:/opt/ros/humble/lib', 'HOME': '/home/tunaprogrammer', 'OLDPWD': '/home/tunaprogrammer/projects/gultepe/cleaner_ws/src', 'DESKTOP_SESSION': 'ubuntu', 'GTK_MODULES': 'gail:atk-bridge', 'GNOME_SHELL_SESSION_MODE': 'ubuntu', 'ROS_PYTHON_VERSION': '3', 'MANAGERPID': '5664', 'LC_MONETARY': 'tr_TR.UTF-8', 'SYSTEMD_EXEC_PID': '6353', 'DBUS_SESSION_BUS_ADDRESS': 'unix:path=/run/user/1000/bus', 'GIO_LAUNCHED_DESKTOP_FILE_PID': '12312', 'COLORTERM': 'truecolor', 'TERMINATOR_DBUS_NAME': 'net.tenshu.Terminator23558193cd9818af7fe4d2c2f5bd9d00f', 'ROS_DISTRO': 'humble', 'COLCON_PREFIX_PATH': '/home/tunaprogrammer/projects/gultepe/cleaner_ws/install:/home/tunaprogrammer/projects/gultepe/humble_ws/install', 'GTK_IM_MODULE': 'ibus', 'LOGNAME': 'tunaprogrammer', 'JOURNAL_STREAM': '8:149399', '_': '/usr/bin/colcon', 'XDG_SESSION_CLASS': 'user', 'ROS_VERSION': '2', 'TERM': 'xterm-256color', 'USERNAME': 'tunaprogrammer', 'GNOME_DESKTOP_SESSION_ID': 'this-is-deprecated', 'ROS_LOCALHOST_ONLY': '0', 'WINDOWPATH': '2', 'PATH': '/opt/ros/humble/bin:/home/tunaprogrammer/applications:/home/tunaprogrammer/.local/bin:/usr/local/sbin:/usr/local/bin:/usr/sbin:/usr/bin:/sbin:/bin:/usr/games:/usr/local/games:/snap/bin:/snap/bin', 'SESSION_MANAGER': 'local/ubuntuna:@/tmp/.ICE-unix/6208,unix/ubuntuna:/tmp/.ICE-unix/6208', 'INVOCATION_ID': '29069aedc20b46918e22aa7d12ce836f', 'XDG_MENU_PREFIX': 'gnome-', 'XDG_RUNTIME_DIR': '/run/user/1000', 'LC_ADDRESS': 'tr_TR.UTF-8', 'DISPLAY': ':1', 'LANG': 'en_US.UTF-8', 'XDG_CURRENT_DESKTOP': 'ubuntu:GNOME', 'IBUS_DISABLE_SNOOPER': '1', 'LC_TELEPHONE': 'tr_TR.UTF-8', 'TERMINATOR_DBUS_PATH': '/net/tenshu/Terminator2', 'XDG_SESSION_DESKTOP': 'ubuntu', 'XMODIFIERS': '@im=ibus', 'XAUTHORITY': '/run/user/1000/gdm/Xauthority', 'LS_COLORS': 'ow=01;33', 'SSH_AUTH_SOCK': '/run/user/1000/keyring/ssh', 'SSH_AGENT_LAUNCHER': 'gnome-keyring', 'AMENT_PREFIX_PATH': '/home/tunaprogrammer/projects/gultepe/cleaner_ws/install/turtlebot3_simulations:/home/tunaprogrammer/projects/gultepe/cleaner_ws/install/turtlebot3_gazebo:/home/tunaprogrammer/projects/gultepe/cleaner_ws/install/serial_motor_demo:/home/tunaprogrammer/projects/gultepe/cleaner_ws/install/serial_motor_demo_msgs:/home/tunaprogrammer/projects/gultepe/cleaner_ws/install/rplidar_ros:/home/tunaprogrammer/projects/gultepe/cleaner_ws/install/multirobot_map_merge:/home/tunaprogrammer/projects/gultepe/cleaner_ws/install/gultepe_scripts:/home/tunaprogrammer/projects/gultepe/cleaner_ws/install/gultepe_pkg:/home/tunaprogrammer/projects/gultepe/cleaner_ws/install/differential_drive:/home/tunaprogrammer/projects/gultepe/cleaner_ws/install/cleaner_bringup:/home/tunaprogrammer/projects/gultepe/cleaner_ws/install/cleaner_description:/home/tunaprogrammer/projects/gultepe/cleaner_ws/install/bno055:/home/tunaprogrammer/projects/gultepe/humble_ws/install/robot_arise:/home/tunaprogrammer/projects/gultepe/humble_ws/install/jetpack:/home/tunaprogrammer/projects/gultepe/humble_ws/install/test_interfaces:/home/tunaprogrammer/projects/gultepe/humble_ws/install/python_pkg:/home/tunaprogrammer/projects/gultepe/humble_ws/install/catcher:/opt/ros/humble', 'TERMINATOR_UUID': 'urn:uuid:e7a3a175-d9d6-4b8e-9e00-4e1658103407', 'SHELL': '/usr/bin/zsh', 'LC_NAME': 'tr_TR.UTF-8', 'QT_ACCESSIBILITY': '1', 'GDMSESSION': 'ubuntu', 'LC_MEASUREMENT': 'tr_TR.UTF-8', 'LC_IDENTIFICATION': 'tr_TR.UTF-8', 'GPG_AGENT_INFO': '/run/user/1000/gnupg/S.gpg-agent:0:1', 'QT_IM_MODULE': 'ibus', 'PWD': '/home/shared/projects/gultepe/cleaner_ws/build/linear_sweep', 'TURTLEBOT3_MODEL': 'waffle', 'XDG_DATA_DIRS': '/usr/share/ubuntu:/usr/share/gnome:/usr/local/share/:/usr/share/:/var/lib/snapd/desktop', 'XDG_CONFIG_DIRS': '/etc/xdg/xdg-ubuntu:/etc/xdg', 'KEYTIMEOUT': '1', 'LC_NUMERIC': 'tr_TR.UTF-8', 'PYTHONPATH': '/home/shared/projects/gultepe/cleaner_ws/build/linear_sweep/prefix_override:/home/shared/projects/gultepe/cleaner_ws/install/linear_sweep/lib/python3.10/site-packages:/home/tunaprogrammer/projects/gultepe/cleaner_ws/install/serial_motor_demo/lib/python3.10/site-packages:/home/tunaprogrammer/projects/gultepe/cleaner_ws/install/serial_motor_demo_msgs/local/lib/python3.10/dist-packages:/home/tunaprogrammer/projects/gultepe/cleaner_ws/install/gultepe_scripts/lib/python3.10/site-packages:/home/tunaprogrammer/projects/gultepe/cleaner_ws/install/gultepe_pkg/lib/python3.10/site-packages:/home/shared/projects/gultepe/cleaner_ws/build/differential_drive/src:/home/tunaprogrammer/projects/gultepe/cleaner_ws/install/differential_drive/lib/python3.10/site-packages:/home/tunaprogrammer/projects/gultepe/cleaner_ws/install/bno055/lib/python3.10/site-packages:/home/tunaprogrammer/projects/gultepe/humble_ws/install/jetpack/lib/python3.10/site-packages:/home/tunaprogrammer/projects/gultepe/humble_ws/install/test_interfaces/local/lib/python3.10/dist-packages:/home/tunaprogrammer/projects/gultepe/humble_ws/install/python_pkg/lib/python3.10/site-packages:/home/shared/projects/gultepe/humble_ws/build/catcher:/home/tunaprogrammer/projects/gultepe/humble_ws/install/catcher/lib/python3.10/site-packages:/opt/ros/humble/lib/python3.10/site-packages:/opt/ros/humble/local/lib/python3.10/dist-packages', 'LC_PAPER': 'tr_TR.UTF-8', 'COLCON': '1', 'VTE_VERSION': '6800', 'CMAKE_PREFIX_PATH': '/home/tunaprogrammer/projects/gultepe/cleaner_ws/install/turtlebot3_simulations:/home/tunaprogrammer/projects/gultepe/cleaner_ws/install/turtlebot3_gazebo:/home/tunaprogrammer/projects/gultepe/cleaner_ws/install/serial_motor_demo_msgs:/home/tunaprogrammer/projects/gultepe/cleaner_ws/install/rplidar_ros:/home/tunaprogrammer/projects/gultepe/cleaner_ws/install/multirobot_map_merge:/home/tunaprogrammer/projects/gultepe/cleaner_ws/install/cleaner_bringup:/home/tunaprogrammer/projects/gultepe/cleaner_ws/install/cleaner_description:/home/tunaprogrammer/projects/gultepe/humble_ws/install/robot_arise:/home/tunaprogrammer/projects/gultepe/humble_ws/install/test_interfaces'}, 'shell': False}
[0.600628] (-) TimerEvent: {}
[0.679853] (linear_sweep) StdoutLine: {'line': b'running develop\n'}
[0.700754] (-) TimerEvent: {}
[0.785277] (linear_sweep) StdoutLine: {'line': b'running egg_info\n'}
[0.785470] (linear_sweep) StdoutLine: {'line': b'writing linear_sweep.egg-info/PKG-INFO\n'}
[0.785573] (linear_sweep) StdoutLine: {'line': b'writing dependency_links to linear_sweep.egg-info/dependency_links.txt\n'}
[0.785609] (linear_sweep) StdoutLine: {'line': b'writing entry points to linear_sweep.egg-info/entry_points.txt\n'}
[0.785643] (linear_sweep) StdoutLine: {'line': b'writing requirements to linear_sweep.egg-info/requires.txt\n'}
[0.785675] (linear_sweep) StdoutLine: {'line': b'writing top-level names to linear_sweep.egg-info/top_level.txt\n'}
[0.786768] (linear_sweep) StdoutLine: {'line': b"reading manifest file 'linear_sweep.egg-info/SOURCES.txt'\n"}
[0.787234] (linear_sweep) StdoutLine: {'line': b"writing manifest file 'linear_sweep.egg-info/SOURCES.txt'\n"}
[0.788157] (linear_sweep) StdoutLine: {'line': b'running build_ext\n'}
[0.788320] (linear_sweep) StdoutLine: {'line': b'Creating /home/shared/projects/gultepe/cleaner_ws/install/linear_sweep/lib/python3.10/site-packages/linear-sweep.egg-link (link to .)\n'}
[0.788545] (linear_sweep) StdoutLine: {'line': b'Installing linear_sweep_test script to /home/shared/projects/gultepe/cleaner_ws/install/linear_sweep/lib/linear_sweep\n'}
[0.788720] (linear_sweep) StdoutLine: {'line': b'\n'}
[0.788789] (linear_sweep) StdoutLine: {'line': b'Installed /home/shared/projects/gultepe/cleaner_ws/build/linear_sweep\n'}
[0.788830] (linear_sweep) StdoutLine: {'line': b'running install_data\n'}
[0.800896] (-) TimerEvent: {}
[0.805165] (linear_sweep) CommandEnded: {'returncode': 0}
[0.848673] (linear_sweep) JobEnded: {'identifier': 'linear_sweep', 'rc': 0}
[0.849283] (-) EventReactorShutdown: {}
