[0.511s] Invoking command in '/home/shared/projects/gultepe/cleaner_ws/build/differential_drive': PYTHONPATH=/home/shared/projects/gultepe/cleaner_ws/build/differential_drive/prefix_override:/home/shared/projects/gultepe/cleaner_ws/install/differential_drive/lib/python3.10/site-packages:${PYTHONPATH} /usr/bin/python3 setup.py develop --editable --build-directory /home/shared/projects/gultepe/cleaner_ws/build/differential_drive/build --no-deps install_data
[0.647s] /home/tunaprogrammer/.local/lib/python3.10/site-packages/setuptools/dist.py:717: UserWarning: Usage of dash-separated 'script-dir' will not be supported in future versions. Please use the underscore name 'script_dir' instead
[0.647s]   warnings.warn(
[0.675s] running develop
[0.779s] running egg_info
[0.779s] writing src/differential_drive.egg-info/PKG-INFO
[0.779s] writing dependency_links to src/differential_drive.egg-info/dependency_links.txt
[0.779s] writing entry points to src/differential_drive.egg-info/entry_points.txt
[0.779s] writing requirements to src/differential_drive.egg-info/requires.txt
[0.779s] writing top-level names to src/differential_drive.egg-info/top_level.txt
[0.780s] reading manifest file 'src/differential_drive.egg-info/SOURCES.txt'
[0.781s] writing manifest file 'src/differential_drive.egg-info/SOURCES.txt'
[0.782s] running build_ext
[0.782s] Creating /home/shared/projects/gultepe/cleaner_ws/install/differential_drive/lib/python3.10/site-packages/differential-drive.egg-link (link to src)
[0.782s] Installing diff_tf script to /home/shared/projects/gultepe/cleaner_ws/install/differential_drive/lib/differential_drive
[0.782s] Installing pid_velocity script to /home/shared/projects/gultepe/cleaner_ws/install/differential_drive/lib/differential_drive
[0.782s] Installing twist_to_motors script to /home/shared/projects/gultepe/cleaner_ws/install/differential_drive/lib/differential_drive
[0.782s] Installing virtual_joystick script to /home/shared/projects/gultepe/cleaner_ws/install/differential_drive/lib/differential_drive
[0.783s] Installing wheel_loopback script to /home/shared/projects/gultepe/cleaner_ws/install/differential_drive/lib/differential_drive
[0.783s] Installing wheel_scaler script to /home/shared/projects/gultepe/cleaner_ws/install/differential_drive/lib/differential_drive
[0.783s] 
[0.783s] Installed /home/shared/projects/gultepe/cleaner_ws/build/differential_drive/src
[0.783s] running install_data
[0.799s] Invoked command in '/home/shared/projects/gultepe/cleaner_ws/build/differential_drive' returned '0': PYTHONPATH=/home/shared/projects/gultepe/cleaner_ws/build/differential_drive/prefix_override:/home/shared/projects/gultepe/cleaner_ws/install/differential_drive/lib/python3.10/site-packages:${PYTHONPATH} /usr/bin/python3 setup.py develop --editable --build-directory /home/shared/projects/gultepe/cleaner_ws/build/differential_drive/build --no-deps install_data
