[1.150s] Invoking command in '/home/shared/projects/gultepe/cleaner_ws/src/bno055': PYTHONPATH=/home/shared/projects/gultepe/cleaner_ws/build/bno055/prefix_override:/home/shared/projects/gultepe/cleaner_ws/install/bno055/lib/python3.10/site-packages:${PYTHONPATH} /usr/bin/python3 setup.py egg_info --egg-base ../../build/bno055 build --build-base /home/shared/projects/gultepe/cleaner_ws/build/bno055/build install --record /home/shared/projects/gultepe/cleaner_ws/build/bno055/install.log --single-version-externally-managed
[1.470s] running egg_info
[1.471s] writing ../../build/bno055/bno055.egg-info/PKG-INFO
[1.471s] writing dependency_links to ../../build/bno055/bno055.egg-info/dependency_links.txt
[1.471s] writing entry points to ../../build/bno055/bno055.egg-info/entry_points.txt
[1.472s] writing requirements to ../../build/bno055/bno055.egg-info/requires.txt
[1.472s] writing top-level names to ../../build/bno055/bno055.egg-info/top_level.txt
[1.473s] reading manifest file '../../build/bno055/bno055.egg-info/SOURCES.txt'
[1.474s] adding license file 'LICENSE'
[1.474s] adding license file 'AUTHORS'
[1.475s] writing manifest file '../../build/bno055/bno055.egg-info/SOURCES.txt'
[1.475s] running build
[1.475s] running build_py
[1.476s] running install
[1.478s] running install_lib
[1.479s] running install_data
[1.481s] running install_egg_info
[1.482s] removing '/home/shared/projects/gultepe/cleaner_ws/install/bno055/lib/python3.10/site-packages/bno055-0.4.1-py3.10.egg-info' (and everything under it)
[1.482s] Copying ../../build/bno055/bno055.egg-info to /home/shared/projects/gultepe/cleaner_ws/install/bno055/lib/python3.10/site-packages/bno055-0.4.1-py3.10.egg-info
[1.483s] running install_scripts
[1.508s] Installing bno055 script to /home/shared/projects/gultepe/cleaner_ws/install/bno055/lib/bno055
[1.510s] writing list of installed files to '/home/shared/projects/gultepe/cleaner_ws/build/bno055/install.log'
[1.590s] Invoked command in '/home/shared/projects/gultepe/cleaner_ws/src/bno055' returned '0': PYTHONPATH=/home/shared/projects/gultepe/cleaner_ws/build/bno055/prefix_override:/home/shared/projects/gultepe/cleaner_ws/install/bno055/lib/python3.10/site-packages:${PYTHONPATH} /usr/bin/python3 setup.py egg_info --egg-base ../../build/bno055 build --build-base /home/shared/projects/gultepe/cleaner_ws/build/bno055/build install --record /home/shared/projects/gultepe/cleaner_ws/build/bno055/install.log --single-version-externally-managed
