[4.888s] Invoking command in '/home/shared/projects/gultepe/cleaner_ws/src/ros2_explorer/explorer_navigation2': PYTHONPATH=/home/shared/projects/gultepe/cleaner_ws/build/explorer_navigation2/prefix_override:/home/shared/projects/gultepe/cleaner_ws/install/explorer_navigation2/lib/python3.10/site-packages:${PYTHONPATH} /usr/bin/python3 setup.py egg_info --egg-base ../../../build/explorer_navigation2 build --build-base /home/shared/projects/gultepe/cleaner_ws/build/explorer_navigation2/build install --record /home/shared/projects/gultepe/cleaner_ws/build/explorer_navigation2/install.log --install-scripts $base/lib/explorer_navigation2 --single-version-externally-managed
[5.412s] /home/tunaprogrammer/.local/lib/python3.10/site-packages/setuptools/dist.py:717: UserWarning: Usage of dash-separated 'script-dir' will not be supported in future versions. Please use the underscore name 'script_dir' instead
[5.413s]   warnings.warn(
[5.463s] running egg_info
[5.464s] writing ../../../build/explorer_navigation2/explorer_navigation2.egg-info/PKG-INFO
[5.464s] writing dependency_links to ../../../build/explorer_navigation2/explorer_navigation2.egg-info/dependency_links.txt
[5.464s] writing entry points to ../../../build/explorer_navigation2/explorer_navigation2.egg-info/entry_points.txt
[5.465s] writing requirements to ../../../build/explorer_navigation2/explorer_navigation2.egg-info/requires.txt
[5.465s] writing top-level names to ../../../build/explorer_navigation2/explorer_navigation2.egg-info/top_level.txt
[5.468s] reading manifest file '../../../build/explorer_navigation2/explorer_navigation2.egg-info/SOURCES.txt'
[5.471s] writing manifest file '../../../build/explorer_navigation2/explorer_navigation2.egg-info/SOURCES.txt'
[5.471s] running build
[5.471s] running build_py
[5.472s] running install
[5.472s] running install_lib
[5.472s] running install_data
[5.473s] running install_egg_info
[5.477s] removing '/home/shared/projects/gultepe/cleaner_ws/install/explorer_navigation2/lib/python3.10/site-packages/explorer_navigation2-0.0.0-py3.10.egg-info' (and everything under it)
[5.478s] Copying ../../../build/explorer_navigation2/explorer_navigation2.egg-info to /home/shared/projects/gultepe/cleaner_ws/install/explorer_navigation2/lib/python3.10/site-packages/explorer_navigation2-0.0.0-py3.10.egg-info
[5.478s] running install_scripts
[5.513s] writing list of installed files to '/home/shared/projects/gultepe/cleaner_ws/build/explorer_navigation2/install.log'
[5.845s] Invoked command in '/home/shared/projects/gultepe/cleaner_ws/src/ros2_explorer/explorer_navigation2' returned '0': PYTHONPATH=/home/shared/projects/gultepe/cleaner_ws/build/explorer_navigation2/prefix_override:/home/shared/projects/gultepe/cleaner_ws/install/explorer_navigation2/lib/python3.10/site-packages:${PYTHONPATH} /usr/bin/python3 setup.py egg_info --egg-base ../../../build/explorer_navigation2 build --build-base /home/shared/projects/gultepe/cleaner_ws/build/explorer_navigation2/build install --record /home/shared/projects/gultepe/cleaner_ws/build/explorer_navigation2/install.log --install-scripts $base/lib/explorer_navigation2 --single-version-externally-managed
