[4.639s] Invoking command in '/home/shared/projects/gultepe/cleaner_ws/src/ros2_explorer/explorer_wanderer': PYTHONPATH=/home/shared/projects/gultepe/cleaner_ws/build/explorer_wanderer/prefix_override:/home/shared/projects/gultepe/cleaner_ws/install/explorer_wanderer/lib/python3.10/site-packages:${PYTHONPATH} /usr/bin/python3 setup.py egg_info --egg-base ../../../build/explorer_wanderer build --build-base /home/shared/projects/gultepe/cleaner_ws/build/explorer_wanderer/build install --record /home/shared/projects/gultepe/cleaner_ws/build/explorer_wanderer/install.log --install-scripts $base/lib/explorer_wanderer --single-version-externally-managed
[5.023s] /home/tunaprogrammer/.local/lib/python3.10/site-packages/setuptools/dist.py:717: UserWarning: Usage of dash-separated 'script-dir' will not be supported in future versions. Please use the underscore name 'script_dir' instead
[5.024s]   warnings.warn(
[5.074s] running egg_info
[5.075s] writing ../../../build/explorer_wanderer/explorer_wanderer.egg-info/PKG-INFO
[5.076s] writing dependency_links to ../../../build/explorer_wanderer/explorer_wanderer.egg-info/dependency_links.txt
[5.076s] writing entry points to ../../../build/explorer_wanderer/explorer_wanderer.egg-info/entry_points.txt
[5.077s] writing requirements to ../../../build/explorer_wanderer/explorer_wanderer.egg-info/requires.txt
[5.077s] writing top-level names to ../../../build/explorer_wanderer/explorer_wanderer.egg-info/top_level.txt
[5.078s] reading manifest file '../../../build/explorer_wanderer/explorer_wanderer.egg-info/SOURCES.txt'
[5.080s] writing manifest file '../../../build/explorer_wanderer/explorer_wanderer.egg-info/SOURCES.txt'
[5.080s] running build
[5.081s] running build_py
[5.081s] running install
[5.082s] running install_lib
[5.083s] running install_data
[5.084s] running install_egg_info
[5.087s] removing '/home/shared/projects/gultepe/cleaner_ws/install/explorer_wanderer/lib/python3.10/site-packages/explorer_wanderer-0.0.0-py3.10.egg-info' (and everything under it)
[5.088s] Copying ../../../build/explorer_wanderer/explorer_wanderer.egg-info to /home/shared/projects/gultepe/cleaner_ws/install/explorer_wanderer/lib/python3.10/site-packages/explorer_wanderer-0.0.0-py3.10.egg-info
[5.093s] running install_scripts
[5.120s] Installing discoverer_server script to /home/shared/projects/gultepe/cleaner_ws/install/explorer_wanderer/lib/explorer_wanderer
[5.121s] Installing wanderer script to /home/shared/projects/gultepe/cleaner_ws/install/explorer_wanderer/lib/explorer_wanderer
[5.121s] Installing wanderer_server script to /home/shared/projects/gultepe/cleaner_ws/install/explorer_wanderer/lib/explorer_wanderer
[5.122s] writing list of installed files to '/home/shared/projects/gultepe/cleaner_ws/build/explorer_wanderer/install.log'
[5.226s] Invoked command in '/home/shared/projects/gultepe/cleaner_ws/src/ros2_explorer/explorer_wanderer' returned '0': PYTHONPATH=/home/shared/projects/gultepe/cleaner_ws/build/explorer_wanderer/prefix_override:/home/shared/projects/gultepe/cleaner_ws/install/explorer_wanderer/lib/python3.10/site-packages:${PYTHONPATH} /usr/bin/python3 setup.py egg_info --egg-base ../../../build/explorer_wanderer build --build-base /home/shared/projects/gultepe/cleaner_ws/build/explorer_wanderer/build install --record /home/shared/projects/gultepe/cleaner_ws/build/explorer_wanderer/install.log --install-scripts $base/lib/explorer_wanderer --single-version-externally-managed
