-- The C compiler identification is GNU 11.4.0
-- The CXX compiler identification is GNU 11.4.0
-- Detecting C compiler ABI info
-- Detecting C compiler ABI info - done
-- Check for working C compiler: /usr/bin/cc - skipped
-- Detecting C compile features
-- Detecting C compile features - done
-- Detecting CXX compiler ABI info
-- Detecting CXX compiler ABI info - done
-- Check for working CXX compiler: /usr/bin/c++ - skipped
-- Detecting CXX compile features
-- Detecting CXX compile features - done
-- Found ament_cmake: 1.3.6 (/opt/ros/humble/share/ament_cmake/cmake)
-- Found Python3: /usr/bin/python3.10 (found version "3.10.12") found components: Interpreter 
-- Found rclcpp: 16.0.7 (/opt/ros/humble/share/rclcpp/cmake)
-- Found rosidl_generator_c: 3.1.5 (/opt/ros/humble/share/rosidl_generator_c/cmake)
-- Found rosidl_adapter: 3.1.5 (/opt/ros/humble/share/rosidl_adapter/cmake)
-- Found rosidl_generator_cpp: 3.1.5 (/opt/ros/humble/share/rosidl_generator_cpp/cmake)
-- Using all available rosidl_typesupport_c: rosidl_typesupport_fastrtps_c;rosidl_typesupport_introspection_c
-- Using all available rosidl_typesupport_cpp: rosidl_typesupport_fastrtps_cpp;rosidl_typesupport_introspection_cpp
-- Found rmw_implementation_cmake: 6.1.1 (/opt/ros/humble/share/rmw_implementation_cmake/cmake)
-- Found rmw_fastrtps_cpp: 6.2.5 (/opt/ros/humble/share/rmw_fastrtps_cpp/cmake)
-- Found OpenSSL: /usr/lib/x86_64-linux-gnu/libcrypto.so (found version "3.0.2")  
-- Found FastRTPS: /opt/ros/humble/include  
-- Using RMW implementation 'rmw_fastrtps_cpp' as default
-- Looking for pthread.h
-- Looking for pthread.h - found
-- Performing Test CMAKE_HAVE_LIBC_PTHREAD
-- Performing Test CMAKE_HAVE_LIBC_PTHREAD - Success
-- Found Threads: TRUE  
-- Found geometry_msgs: 4.2.3 (/opt/ros/humble/share/geometry_msgs/cmake)
-- Found image_geometry: 3.2.1 (/opt/ros/humble/share/image_geometry/cmake)
-- Found map_msgs: 2.1.0 (/opt/ros/humble/share/map_msgs/cmake)
-- Found tf2_geometry_msgs: 0.25.5 (/opt/ros/humble/share/tf2_geometry_msgs/cmake)
-- Found eigen3_cmake_module: 0.1.1 (/opt/ros/humble/share/eigen3_cmake_module/cmake)
-- Found Eigen3: TRUE (found version "3.4.0") 
-- Ensuring Eigen3 include directory is part of orocos-kdl CMake target
-- Found Boost: /usr/lib/x86_64-linux-gnu/cmake/Boost-1.74.0/BoostConfig.cmake (found version "1.74.0") found components: thread 
-- Found OpenCV: /usr (found version "4.5.4") 
-- Found ament_lint_auto: 0.12.9 (/opt/ros/humble/share/ament_lint_auto/cmake)
-- Found ament_cmake_gtest: 1.3.6 (/opt/ros/humble/share/ament_cmake_gtest/cmake)
Checking MD5 sum of /home/shared/projects/gultepe/cleaner_ws/build/multirobot_map_merge/map00.pgm
/home/shared/projects/gultepe/cleaner_ws/build/multirobot_map_merge/map00.pgm: OK
Checking MD5 sum of /home/shared/projects/gultepe/cleaner_ws/build/multirobot_map_merge/map05.pgm
/home/shared/projects/gultepe/cleaner_ws/build/multirobot_map_merge/map05.pgm: OK
Checking MD5 sum of /home/shared/projects/gultepe/cleaner_ws/build/multirobot_map_merge/2011-08-09-12-22-52.pgm
/home/shared/projects/gultepe/cleaner_ws/build/multirobot_map_merge/2011-08-09-12-22-52.pgm: FAILED
md5sum: WARNING: 1 computed checksum did NOT match
MD5 sum of /home/shared/projects/gultepe/cleaner_ws/build/multirobot_map_merge/2011-08-09-12-22-52.pgm does not match. Downloading it again
--2024-01-02 23:41:50--  https://raw.githubusercontent.com/hrnr/m-explore-extra/master/map_merge/gmapping_maps/2011-08-09-12-22-52.pgm
Resolving raw.githubusercontent.com (raw.githubusercontent.com)... 185.199.111.133, 185.199.109.133, 185.199.110.133, ...
Connecting to raw.githubusercontent.com (raw.githubusercontent.com)|185.199.111.133|:443... connected.
HTTP request sent, awaiting response... 200 OK
Length: 16000058 (15M) [text/plain]
Saving to: ‘/home/shared/projects/gultepe/cleaner_ws/build/multirobot_map_merge/2011-08-09-12-22-52.pgm’

     0K .......... .......... .......... .......... ..........  0%  957K 16s
    50K .......... .......... .......... .......... ..........  0% 1,02M 16s
   100K .......... .......... .......... .......... ..........  0%  133M 10s
   150K .......... .......... .......... .......... ..........  1% 4,61M 9s
   200K .......... .......... .......... .......... ..........  1% 2,81M 8s
   250K .......... .......... .......... .......... ..........  1% 2,39M 8s
   300K .......... .......... .......... .......... ..........  2% 2,44M 7s
   350K .......... .......... .......... .......... ..........  2% 2,35M 7s
   400K .......... .......... .......... .......... ..........  2% 2,14M 7s
   450K .......... .......... .......... .......... ..........  3% 1,73M 7s
   500K .......... .......... .......... .......... ..........  3% 2,15M 7s
   550K .......... .......... .......... .......... ..........  3% 2,10M 7s
   600K .......... .......... .......... .......... ..........  4% 2,46M 7s
   650K .......... .......... .......... .......... ..........  4% 1,78M 7s
   700K .......... .......... .......... .......... ..........  4% 2,57M 7s
   750K .......... .......... .......... .......... ..........  5% 1,88M 7s
   800K .......... .......... .......... .......... ..........  5% 1,56M 7s
   850K .......... .......... .......... .......... ..........  5% 2,12M 7s
   900K .......... .......... .......... .......... ..........  6% 2,11M 7s
   950K .......... .......... .......... .......... ..........  6% 2,32M 7s
  1000K .......... .......... .......... .......... ..........  6% 1,84M 7s
  1050K .......... .......... .......... .......... ..........  7% 1,06M 7s
  1100K .......... .......... .......... .......... ..........  7%  149M 7s
  1150K .......... .......... .......... .......... ..........  7% 2,00M 7s
  1200K .......... .......... .......... .......... ..........  7% 1,44M 7s
  1250K .......... .......... .......... .......... ..........  8% 1,95M 7s
  1300K .......... .......... .......... .......... ..........  8% 1,90M 7s
  1350K .......... .......... .......... .......... ..........  8% 2,14M 7s
  1400K .......... .......... .......... .......... ..........  9% 1,82M 7s
  1450K .......... .......... .......... .......... ..........  9% 1,63M 7s
  1500K .......... .......... .......... .......... ..........  9% 1,39M 7s
  1550K .......... .......... .......... .......... .......... 10% 1,95M 7s
  1600K .......... .......... .......... .......... .......... 10% 1,53M 7s
  1650K .......... .......... .......... .......... .......... 10% 1,55M 7s
  1700K .......... .......... .......... .......... .......... 11% 2,10M 7s
  1750K .......... .......... .......... .......... .......... 11% 2,05M 7s
  1800K .......... .......... .......... .......... .......... 11% 2,02M 7s
  1850K .......... .......... .......... .......... .......... 12% 2,14M 7s
  1900K .......... .......... .......... .......... .......... 12% 2,15M 7s
  1950K .......... .......... .......... .......... .......... 12% 1,99M 7s
  2000K .......... .......... .......... .......... .......... 13% 1,61M 7s
  2050K .......... .......... .......... .......... .......... 13% 2,22M 7s
  2100K .......... .......... .......... .......... .......... 13% 1,99M 7s
  2150K .......... .......... .......... .......... .......... 14% 1,88M 7s
  2200K .......... .......... .......... .......... .......... 14% 1,77M 7s
  2250K .......... .......... .......... .......... .......... 14% 2,01M 7s
  2300K .......... .......... .......... .......... .......... 15% 2,57M 7s
  2350K .......... .......... .......... .......... .......... 15% 1,75M 7s
  2400K .......... .......... .......... .......... .......... 15% 1,89M 7s
  2450K .......... .......... .......... .......... .......... 15% 2,17M 7s
  2500K .......... .......... .......... .......... .......... 16% 2,10M 7s
  2550K .......... .......... .......... .......... .......... 16% 2,48M 6s
  2600K .......... .......... .......... .......... .......... 16% 1,93M 6s
  2650K .......... .......... .......... .......... .......... 17% 1,83M 6s
  2700K .......... .......... .......... .......... .......... 17% 2,30M 6s
  2750K .......... .......... .......... .......... .......... 17% 2,27M 6s
  2800K .......... .......... .......... .......... .......... 18% 1,54M 6s
  2850K .......... .......... .......... .......... .......... 18% 2,34M 6s
  2900K .......... .......... .......... .......... .......... 18% 2,43M 6s
  2950K .......... .......... .......... .......... .......... 19% 2,15M 6s
  3000K .......... .......... .......... .......... .......... 19% 1,70M 6s
  3050K .......... .......... .......... .......... .......... 19% 3,20M 6s
  3100K .......... .......... .......... .......... .......... 20% 1,85M 6s
  3150K .......... .......... .......... .......... .......... 20% 1,39M 6s
  3200K .......... .......... .......... .......... .......... 20% 3,43M 6s
  3250K .......... .......... .......... .......... .......... 21% 1,47M 6s
  3300K .......... .......... .......... .......... .......... 21% 1,91M 6s
  3350K .......... .......... .......... .......... .......... 21% 3,43M 6s
  3400K .......... .......... .......... .......... .......... 22% 1,72M 6s
  3450K .......... .......... .......... .......... .......... 22% 2,29M 6s
  3500K .......... .......... .......... .......... .......... 22% 2,42M 6s
  3550K .......... .......... .......... .......... .......... 23% 1,92M 6s
  3600K .......... .......... .......... .......... .......... 23% 1,77M 6s
  3650K .......... .......... .......... .......... .......... 23% 2,52M 6s
  3700K .......... .......... .......... .......... .......... 23% 2,16M 6s
  3750K .......... .......... .......... .......... .......... 24% 2,61M 6s
  3800K .......... .......... .......... .......... .......... 24% 2,71M 6s
  3850K .......... .......... .......... .......... .......... 24% 2,54M 6s
  3900K .......... .......... .......... .......... .......... 25% 2,56M 6s
  3950K .......... .......... .......... .......... .......... 25% 2,49M 6s
  4000K .......... .......... .......... .......... .......... 25% 1,70M 6s
  4050K .......... .......... .......... .......... .......... 26% 2,12M 6s
  4100K .......... .......... .......... .......... .......... 26% 2,54M 6s
  4150K .......... .......... .......... .......... .......... 26% 2,27M 6s
  4200K .......... .......... .......... .......... .......... 27% 2,41M 5s
  4250K .......... .......... .......... .......... .......... 27% 2,06M 5s
  4300K .......... .......... .......... .......... .......... 27% 2,41M 5s
  4350K .......... .......... .......... .......... .......... 28% 2,23M 5s
  4400K .......... .......... .......... .......... .......... 28% 1,84M 5s
  4450K .......... .......... .......... .......... .......... 28% 2,43M 5s
  4500K .......... .......... .......... .......... .......... 29% 2,16M 5s
  4550K .......... .......... .......... .......... .......... 29% 2,53M 5s
  4600K .......... .......... .......... .......... .......... 29% 1,94M 5s
  4650K .......... .......... .......... .......... .......... 30% 2,23M 5s
  4700K .......... .......... .......... .......... .......... 30% 2,43M 5s
  4750K .......... .......... .......... .......... .......... 30% 2,64M 5s
  4800K .......... .......... .......... .......... .......... 31% 1,63M 5s
  4850K .......... .......... .......... .......... .......... 31% 2,72M 5s
  4900K .......... .......... .......... .......... .......... 31% 2,61M 5s
  4950K .......... .......... .......... .......... .......... 31% 2,92M 5s
  5000K .......... .......... .......... .......... .......... 32% 2,70M 5s
  5050K .......... .......... .......... .......... .......... 32% 2,62M 5s
  5100K .......... .......... .......... .......... .......... 32% 2,04M 5s
  5150K .......... .......... .......... .......... .......... 33% 4,83M 5s
  5200K .......... .......... .......... .......... .......... 33% 1,67M 5s
  5250K .......... .......... .......... .......... .......... 33% 2,69M 5s
  5300K .......... .......... .......... .......... .......... 34% 2,83M 5s
  5350K .......... .......... .......... .......... .......... 34% 2,73M 5s
  5400K .......... .......... .......... .......... .......... 34% 2,62M 5s
  5450K .......... .......... .......... .......... .......... 35% 2,69M 5s
  5500K .......... .......... .......... .......... .......... 35% 1,95M 5s
  5550K .......... .......... .......... .......... .......... 35% 3,48M 5s
  5600K .......... .......... .......... .......... .......... 36% 1,53M 5s
  5650K .......... .......... .......... .......... .......... 36% 2,60M 5s
  5700K .......... .......... .......... .......... .......... 36% 2,84M 5s
  5750K .......... .......... .......... .......... .......... 37% 2,15M 5s
  5800K .......... .......... .......... .......... .......... 37% 2,70M 5s
  5850K .......... .......... .......... .......... .......... 37% 2,69M 5s
  5900K .......... .......... .......... .......... .......... 38% 3,01M 4s
  5950K .......... .......... .......... .......... .......... 38% 2,43M 4s
  6000K .......... .......... .......... .......... .......... 38% 1,99M 4s
  6050K .......... .......... .......... .......... .......... 39% 2,23M 4s
  6100K .......... .......... .......... .......... .......... 39%  819K 4s
  6150K .......... .......... .......... .......... .......... 39% 7,16M 4s
  6200K .......... .......... .......... .......... .......... 39% 2,51M 4s
  6250K .......... .......... .......... .......... .......... 40% 8,27M 4s
  6300K .......... .......... .......... .......... .......... 40% 2,01M 4s
  6350K .......... .......... .......... .......... .......... 40% 2,57M 4s
  6400K .......... .......... .......... .......... .......... 41% 1,48M 4s
  6450K .......... .......... .......... .......... .......... 41% 2,19M 4s
  6500K .......... .......... .......... .......... .......... 41% 2,56M 4s
  6550K .......... .......... .......... .......... .......... 42% 2,10M 4s
  6600K .......... .......... .......... .......... .......... 42% 2,36M 4s
  6650K .......... .......... .......... .......... .......... 42% 2,30M 4s
  6700K .......... .......... .......... .......... .......... 43% 2,29M 4s
  6750K .......... .......... .......... .......... .......... 43% 2,67M 4s
  6800K .......... .......... .......... .......... .......... 43% 1,81M 4s
  6850K .......... .......... .......... .......... .......... 44% 2,14M 4s
  6900K .......... .......... .......... .......... .......... 44% 2,83M 4s
  6950K .......... .......... .......... .......... .......... 44% 1,85M 4s
  7000K .......... .......... .......... .......... .......... 45% 2,37M 4s
  7050K .......... .......... .......... .......... .......... 45% 2,72M 4s
  7100K .......... .......... .......... .......... .......... 45% 1,87M 4s
  7150K .......... .......... .......... .......... .......... 46% 2,43M 4s
  7200K .......... .......... .......... .......... .......... 46% 2,01M 4s
  7250K .......... .......... .......... .......... .......... 46% 2,26M 4s
  7300K .......... .......... .......... .......... .......... 47% 2,72M 4s
  7350K .......... .......... .......... .......... .......... 47% 2,21M 4s
  7400K .......... .......... .......... .......... .......... 47% 2,86M 4s
  7450K .......... .......... .......... .......... .......... 47% 2,40M 4s
  7500K .......... .......... .......... .......... .......... 48% 2,80M 4s
  7550K .......... .......... .......... .......... .......... 48% 2,42M 4s
  7600K .......... .......... .......... .......... .......... 48% 1,65M 4s
  7650K .......... .......... .......... .......... .......... 49% 2,96M 4s
  7700K .......... .......... .......... .......... .......... 49% 2,43M 4s
  7750K .......... .......... .......... .......... .......... 49% 2,00M 4s
  7800K .......... .......... .......... .......... .......... 50% 2,78M 4s
  7850K .......... .......... .......... .......... .......... 50% 2,51M 4s
  7900K .......... .......... .......... .......... .......... 50% 2,87M 3s
  7950K .......... .......... .......... .......... .......... 51% 2,51M 3s
  8000K .......... .......... .......... .......... .......... 51% 1,94M 3s
  8050K .......... .......... .......... .......... .......... 51% 2,31M 3s
  8100K .......... .......... .......... .......... .......... 52% 3,39M 3s
  8150K .......... .......... .......... .......... .......... 52% 2,23M 3s
  8200K .......... .......... .......... .......... .......... 52% 2,21M 3s
  8250K .......... .......... .......... .......... .......... 53% 3,55M 3s
  8300K .......... .......... .......... .......... .......... 53% 1,96M 3s
  8350K .......... .......... .......... .......... .......... 53% 2,73M 3s
  8400K .......... .......... .......... .......... .......... 54% 2,06M 3s
  8450K .......... .......... .......... .......... .......... 54% 2,56M 3s
  8500K .......... .......... .......... .......... .......... 54% 3,01M 3s
  8550K .......... .......... .......... .......... .......... 55% 2,66M 3s
  8600K .......... .......... .......... .......... .......... 55% 2,53M 3s
  8650K .......... .......... .......... .......... .......... 55% 2,95M 3s
  8700K .......... .......... .......... .......... .......... 55% 2,75M 3s
  8750K .......... .......... .......... .......... .......... 56% 2,74M 3s
  8800K .......... .......... .......... .......... .......... 56% 2,03M 3s
  8850K .......... .......... .......... .......... .......... 56% 3,32M 3s
  8900K .......... .......... .......... .......... .......... 57% 2,33M 3s
  8950K .......... .......... .......... .......... .......... 57% 3,34M 3s
  9000K .......... .......... .......... .......... .......... 57% 2,53M 3s
  9050K .......... .......... .......... .......... .......... 58% 2,78M 3s
  9100K .......... .......... .......... .......... .......... 58% 2,74M 3s
  9150K .......... .......... .......... .......... .......... 58% 3,11M 3s
  9200K .......... .......... .......... .......... .......... 59% 1,94M 3s
  9250K .......... .......... .......... .......... .......... 59% 2,81M 3s
  9300K .......... .......... .......... .......... .......... 59% 2,96M 3s
  9350K .......... .......... .......... .......... .......... 60% 2,87M 3s
  9400K .......... .......... .......... .......... .......... 60% 2,73M 3s
  9450K .......... .......... .......... .......... .......... 60% 2,59M 3s
  9500K .......... .......... .......... .......... .......... 61% 3,09M 3s
  9550K .......... .......... .......... .......... .......... 61% 2,03M 3s
  9600K .......... .......... .......... .......... .......... 61% 1,96M 3s
  9650K .......... .......... .......... .......... .......... 62% 3,35M 3s
  9700K .......... .......... .......... .......... .......... 62% 1,59M 3s
  9750K .......... .......... .......... .......... .......... 62% 2,75M 3s
  9800K .......... .......... .......... .......... .......... 63% 2,98M 3s
  9850K .......... .......... .......... .......... .......... 63% 2,57M 3s
  9900K .......... .......... .......... .......... .......... 63% 2,80M 2s
  9950K .......... .......... .......... .......... .......... 63% 2,69M 2s
 10000K .......... .......... .......... .......... .......... 64% 2,13M 2s
 10050K .......... .......... .......... .......... .......... 64% 3,31M 2s
 10100K .......... .......... .......... .......... .......... 64% 2,51M 2s
 10150K .......... .......... .......... .......... .......... 65% 2,87M 2s
 10200K .......... .......... .......... .......... .......... 65% 2,69M 2s
 10250K .......... .......... .......... .......... .......... 65% 3,13M 2s
 10300K .......... .......... .......... .......... .......... 66% 3,51M 2s
 10350K .......... .......... .......... .......... .......... 66% 2,77M 2s
 10400K .......... .......... .......... .......... .......... 66% 2,44M 2s
 10450K .......... .......... .......... .......... .......... 67% 2,82M 2s
 10500K .......... .......... .......... .......... .......... 67% 3,80M 2s
 10550K .......... .......... .......... .......... .......... 67% 2,41M 2s
 10600K .......... .......... .......... .......... .......... 68% 3,26M 2s
 10650K .......... .......... .......... .......... .......... 68% 3,09M 2s
 10700K .......... .......... .......... .......... .......... 68% 3,27M 2s
 10750K .......... .......... .......... .......... .......... 69% 3,20M 2s
 10800K .......... .......... .......... .......... .......... 69% 2,43M 2s
 10850K .......... .......... .......... .......... .......... 69% 2,58M 2s
 10900K .......... .......... .......... .......... .......... 70% 2,14M 2s
 10950K .......... .......... .......... .......... .......... 70% 3,59M 2s
 11000K .......... .......... .......... .......... .......... 70% 2,31M 2s
 11050K .......... .......... .......... .......... .......... 71% 4,09M 2s
 11100K .......... .......... .......... .......... .......... 71% 2,75M 2s
 11150K .......... .......... .......... .......... .......... 71% 3,19M 2s
 11200K .......... .......... .......... .......... .......... 71% 1,93M 2s
 11250K .......... .......... .......... .......... .......... 72% 4,11M 2s
 11300K .......... .......... .......... .......... .......... 72% 3,13M 2s
 11350K .......... .......... .......... .......... .......... 72% 2,96M 2s
 11400K .......... .......... .......... .......... .......... 73% 2,31M 2s
 11450K .......... .......... .......... .......... .......... 73% 5,75M 2s
 11500K .......... .......... .......... .......... .......... 73% 1,59M 2s
 11550K .......... .......... .......... .......... .......... 74% 3,77M 2s
 11600K .......... .......... .......... .......... .......... 74% 2,36M 2s
 11650K .......... .......... .......... .......... .......... 74% 3,32M 2s
 11700K .......... .......... .......... .......... .......... 75% 4,94M 2s
 11750K .......... .......... .......... .......... .......... 75% 2,75M 2s
 11800K .......... .......... .......... .......... .......... 75% 3,29M 2s
 11850K .......... .......... .......... .......... .......... 76% 3,78M 2s
 11900K .......... .......... .......... .......... .......... 76% 2,81M 2s
 11950K .......... .......... .......... .......... .......... 76% 4,23M 2s
 12000K .......... .......... .......... .......... .......... 77% 2,55M 2s
 12050K .......... .......... .......... .......... .......... 77% 3,45M 1s
 12100K .......... .......... .......... .......... .......... 77% 3,41M 1s
 12150K .......... .......... .......... .......... .......... 78% 3,24M 1s
 12200K .......... .......... .......... .......... .......... 78% 3,51M 1s
 12250K .......... .......... .......... .......... .......... 78% 3,54M 1s
 12300K .......... .......... .......... .......... .......... 79% 3,76M 1s
 12350K .......... .......... .......... .......... .......... 79% 3,25M 1s
 12400K .......... .......... .......... .......... .......... 79% 2,68M 1s
 12450K .......... .......... .......... .......... .......... 79% 3,80M 1s
 12500K .......... .......... .......... .......... .......... 80% 2,43M 1s
 12550K .......... .......... .......... .......... .......... 80% 3,66M 1s
 12600K .......... .......... .......... .......... .......... 80% 4,30M 1s
 12650K .......... .......... .......... .......... .......... 81% 2,37M 1s
 12700K .......... .......... .......... .......... .......... 81% 1,91M 1s
 12750K .......... .......... .......... .......... .......... 81% 9,22M 1s
 12800K .......... .......... .......... .......... .......... 82% 1,63M 1s
 12850K .......... .......... .......... .......... .......... 82% 3,70M 1s
 12900K .......... .......... .......... .......... .......... 82% 3,99M 1s
 12950K .......... .......... .......... .......... .......... 83% 3,07M 1s
 13000K .......... .......... .......... .......... .......... 83% 3,65M 1s
 13050K .......... .......... .......... .......... .......... 83% 4,35M 1s
 13100K .......... .......... .......... .......... .......... 84% 3,08M 1s
 13150K .......... .......... .......... .......... .......... 84% 3,63M 1s
 13200K .......... .......... .......... .......... .......... 84% 2,88M 1s
 13250K .......... .......... .......... .......... .......... 85% 3,61M 1s
 13300K .......... .......... .......... .......... .......... 85% 3,65M 1s
 13350K .......... .......... .......... .......... .......... 85% 3,29M 1s
 13400K .......... .......... .......... .......... .......... 86% 4,35M 1s
 13450K .......... .......... .......... .......... .......... 86% 2,89M 1s
 13500K .......... .......... .......... .......... .......... 86% 4,32M 1s
 13550K .......... .......... .......... .......... .......... 87% 4,05M 1s
 13600K .......... .......... .......... .......... .......... 87% 2,34M 1s
 13650K .......... .......... .......... .......... .......... 87% 3,20M 1s
 13700K .......... .......... .......... .......... .......... 87% 3,52M 1s
 13750K .......... .......... .......... .......... .......... 88% 4,54M 1s
 13800K .......... .......... .......... .......... .......... 88% 3,58M 1s
 13850K .......... .......... .......... .......... .......... 88% 3,03M 1s
 13900K .......... .......... .......... .......... .......... 89% 3,76M 1s
 13950K .......... .......... .......... .......... .......... 89% 2,99M 1s
 14000K .......... .......... .......... .......... .......... 89% 2,65M 1s
 14050K .......... .......... .......... .......... .......... 90% 3,40M 1s
 14100K .......... .......... .......... .......... .......... 90% 2,12M 1s
 14150K .......... .......... .......... .......... .......... 90% 3,74M 1s
 14200K .......... .......... .......... .......... .......... 91% 4,54M 1s
 14250K .......... .......... .......... .......... .......... 91% 2,09M 1s
 14300K .......... .......... .......... .......... .......... 91% 4,39M 1s
 14350K .......... .......... .......... .......... .......... 92% 2,64M 0s
 14400K .......... .......... .......... .......... .......... 92% 3,50M 0s
 14450K .......... .......... .......... .......... .......... 92% 2,36M 0s
 14500K .......... .......... .......... .......... .......... 93% 3,77M 0s
 14550K .......... .......... .......... .......... .......... 93% 4,10M 0s
 14600K .......... .......... .......... .......... .......... 93% 3,62M 0s
 14650K .......... .......... .......... .......... .......... 94% 3,89M 0s
 14700K .......... .......... .......... .......... .......... 94% 3,89M 0s
 14750K .......... .......... .......... .......... .......... 94% 4,05M 0s
 14800K .......... .......... .......... .......... .......... 95% 2,68M 0s
 14850K .......... .......... .......... .......... .......... 95% 3,66M 0s
 14900K .......... .......... .......... .......... .......... 95% 3,20M 0s
 14950K .......... .......... .......... .......... .......... 95% 4,18M 0s
 15000K .......... .......... .......... .......... .......... 96% 3,92M 0s
 15050K .......... .......... .......... .......... .......... 96% 3,41M 0s
 15100K .......... .......... .......... .......... .......... 96%  475K 0s
 15150K .......... .......... .......... .......... .......... 97% 15,4M 0s
 15200K .......... .......... .......... .......... .......... 97% 11,5M 0s
 15250K .......... .......... .......... .......... .......... 97%  800K 0s
 15300K .......... .......... .......... .......... .......... 98% 1,89M 0s
 15350K .......... .......... .......... .......... .......... 98%  822K 0s
 15400K .......... .......... .......... .......... .......... 98% 15,5M 0s
 15450K .......... .......... .......... .......... .......... 99% 12,3M 0s
 15500K .......... .......... .......... .......... .......... 99%  746K 0s
 15550K .......... .......... .......... .......... .......... 99% 15,4M 0s
 15600K .......... .......... .....                           100% 40,5M=6,3s

2024-01-02 23:41:56 (2,41 MB/s) - ‘/home/shared/projects/gultepe/cleaner_ws/build/multirobot_map_merge/2011-08-09-12-22-52.pgm’ saved [16000058/16000058]

/home/shared/projects/gultepe/cleaner_ws/build/multirobot_map_merge/2011-08-09-12-22-52.pgm: OK
--2024-01-02 23:41:56--  https://raw.githubusercontent.com/hrnr/m-explore-extra/master/map_merge/gmapping_maps/2012-01-28-11-12-01.pgm
Resolving raw.githubusercontent.com (raw.githubusercontent.com)... 185.199.109.133, 185.199.108.133, 185.199.110.133, ...
Connecting to raw.githubusercontent.com (raw.githubusercontent.com)|185.199.109.133|:443... connected.
HTTP request sent, awaiting response... 200 OK
Length: 16000058 (15M) [text/plain]
Saving to: ‘/home/shared/projects/gultepe/cleaner_ws/build/multirobot_map_merge/2012-01-28-11-12-01.pgm’

     0K .......... .......... .......... .......... ..........  0%  570K 27s
    50K .......... .......... .......... .......... ..........  0% 1,06M 21s
   100K .......... .......... .......... .......... ..........  0% 1,85M 17s
   150K .......... .......... .......... .......... ..........  1% 6,99M 13s
   200K .......... .......... .......... .......... ..........  1% 1,89M 12s
   250K .......... .......... .......... .......... ..........  1% 1,72M 11s
   300K .......... .......... .......... .......... ..........  2% 3,79M 10s
   350K .......... .......... .......... .......... ..........  2% 2,37M 10s
   400K .......... .......... .......... .......... ..........  2%  219K 16s
   450K .......... .......... .......... .......... ..........  3% 13,5M 15s
   500K .......... .......... .......... .......... ..........  3% 12,6M 13s
   550K .......... .......... .......... .......... ..........  3%  117M 12s
   600K .......... .......... .......... .......... ..........  4% 97,7M 11s
   650K .......... .......... .......... .......... ..........  4%  116M 10s
   700K .......... .......... .......... .......... ..........  4%  142M 10s
   750K .......... .......... .......... .......... ..........  5%  140M 9s
   800K .......... .......... .......... .......... ..........  5%  121M 9s
   850K .......... .......... .......... .......... ..........  5%  135M 8s
   900K .......... .......... .......... .......... ..........  6%  143M 8s
   950K .......... .......... .......... .......... ..........  6%  142M 7s
  1000K .......... .......... .......... .......... ..........  6%  123M 7s
  1050K .......... .......... .......... .......... ..........  7%  141M 7s
  1100K .......... .......... .......... .......... ..........  7%  146M 6s
  1150K .......... .......... .......... .......... ..........  7% 6,78M 6s
  1200K .......... .......... .......... .......... ..........  7% 1,82M 6s
  1250K .......... .......... .......... .......... ..........  8% 1,94M 6s
  1300K .......... .......... .......... .......... ..........  8% 3,92M 6s
  1350K .......... .......... .......... .......... ..........  8% 20,0M 6s
  1400K .......... .......... .......... .......... ..........  9% 3,33M 6s
  1450K .......... .......... .......... .......... ..........  9%  528K 6s
  1500K .......... .......... .......... .......... ..........  9% 5,62M 6s
  1550K .......... .......... .......... .......... .......... 10% 16,0M 6s
  1600K .......... .......... .......... .......... .......... 10% 16,0M 6s
  1650K .......... .......... .......... .......... .......... 10%  815K 6s
  1700K .......... .......... .......... .......... .......... 11% 4,14M 6s
  1750K .......... .......... .......... .......... .......... 11% 1,76M 6s
  1800K .......... .......... .......... .......... .......... 11% 10,0M 6s
  1850K .......... .......... .......... .......... .......... 12% 2,23M 6s
  1900K .......... .......... .......... .......... .......... 12% 2,54M 6s
  1950K .......... .......... .......... .......... .......... 12%  717K 6s
  2000K .......... .......... .......... .......... .......... 13% 2,94M 6s
  2050K .......... .......... .......... .......... .......... 13% 2,71M 6s
  2100K .......... .......... .......... .......... .......... 13% 3,61M 6s
  2150K .......... .......... .......... .......... .......... 14% 3,48M 6s
  2200K .......... .......... .......... .......... .......... 14% 2,56M 6s
  2250K .......... .......... .......... .......... .......... 14% 6,80M 6s
  2300K .......... .......... .......... .......... .......... 15% 3,40M 6s
  2350K .......... .......... .......... .......... .......... 15% 2,79M 6s
  2400K .......... .......... .......... .......... .......... 15% 3,89M 6s
  2450K .......... .......... .......... .......... .......... 15% 1,42M 6s
  2500K .......... .......... .......... .......... .......... 16% 15,6M 6s
  2550K .......... .......... .......... .......... .......... 16% 8,74M 5s
  2600K .......... .......... .......... .......... .......... 16% 4,04M 5s
  2650K .......... .......... .......... .......... .......... 17% 3,63M 5s
  2700K .......... .......... .......... .......... .......... 17%  745K 6s
  2750K .......... .......... .......... .......... .......... 17% 3,85M 5s
  2800K .......... .......... .......... .......... .......... 18% 3,91M 5s
  2850K .......... .......... .......... .......... .......... 18% 3,08M 5s
  2900K .......... .......... .......... .......... .......... 18% 3,04M 5s
  2950K .......... .......... .......... .......... .......... 19% 3,85M 5s
  3000K .......... .......... .......... .......... .......... 19% 4,05M 5s
  3050K .......... .......... .......... .......... .......... 19% 3,15M 5s
  3100K .......... .......... .......... .......... .......... 20% 5,25M 5s
  3150K .......... .......... .......... .......... .......... 20% 3,14M 5s
  3200K .......... .......... .......... .......... .......... 20% 5,47M 5s
  3250K .......... .......... .......... .......... .......... 21% 2,50M 5s
  3300K .......... .......... .......... .......... .......... 21% 3,40M 5s
  3350K .......... .......... .......... .......... .......... 21% 4,01M 5s
  3400K .......... .......... .......... .......... .......... 22% 3,90M 5s
  3450K .......... .......... .......... .......... .......... 22% 2,28M 5s
  3500K .......... .......... .......... .......... .......... 22% 4,00M 5s
  3550K .......... .......... .......... .......... .......... 23% 3,02M 5s
  3600K .......... .......... .......... .......... .......... 23% 2,47M 5s
  3650K .......... .......... .......... .......... .......... 23%  492K 5s
  3700K .......... .......... .......... .......... .......... 23%  135M 5s
  3750K .......... .......... .......... .......... .......... 24% 1,73M 5s
  3800K .......... .......... .......... .......... .......... 24%  130M 5s
  3850K .......... .......... .......... .......... .......... 24%  124M 5s
  3900K .......... .......... .......... .......... .......... 25% 12,4M 5s
  3950K .......... .......... .......... .......... .......... 25% 2,64M 5s
  4000K .......... .......... .......... .......... .......... 25% 3,18M 5s
  4050K .......... .......... .......... .......... .......... 26% 1,11M 5s
  4100K .......... .......... .......... .......... .......... 26% 3,05M 5s
  4150K .......... .......... .......... .......... .......... 26% 2,22M 5s
  4200K .......... .......... .......... .......... .......... 27% 2,73M 5s
  4250K .......... .......... .......... .......... .......... 27% 3,43M 5s
  4300K .......... .......... .......... .......... .......... 27% 3,47M 4s
  4350K .......... .......... .......... .......... .......... 28% 2,28M 4s
  4400K .......... .......... .......... .......... .......... 28% 1,34M 5s
  4450K .......... .......... .......... .......... .......... 28% 3,94M 4s
  4500K .......... .......... .......... .......... .......... 29% 3,45M 4s
  4550K .......... .......... .......... .......... .......... 29% 3,74M 4s
  4600K .......... .......... .......... .......... .......... 29% 1,68M 4s
  4650K .......... .......... .......... .......... .......... 30% 3,60M 4s
  4700K .......... .......... .......... .......... .......... 30% 3,71M 4s
  4750K .......... .......... .......... .......... .......... 30% 1,41M 4s
  4800K .......... .......... .......... .......... .......... 31% 11,3M 4s
  4850K .......... .......... .......... .......... .......... 31% 2,74M 4s
  4900K .......... .......... .......... .......... .......... 31% 3,65M 4s
  4950K .......... .......... .......... .......... .......... 31% 1,16M 4s
  5000K .......... .......... .......... .......... .......... 32% 7,92M 4s
  5050K .......... .......... .......... .......... .......... 32% 3,55M 4s
  5100K .......... .......... .......... .......... .......... 32% 1,32M 4s
  5150K .......... .......... .......... .......... .......... 33% 3,42M 4s
  5200K .......... .......... .......... .......... .......... 33% 3,63M 4s
  5250K .......... .......... .......... .......... .......... 33% 2,68M 4s
  5300K .......... .......... .......... .......... .......... 34% 2,31M 4s
  5350K .......... .......... .......... .......... .......... 34% 3,15M 4s
  5400K .......... .......... .......... .......... .......... 34% 2,24M 4s
  5450K .......... .......... .......... .......... .......... 35% 3,93M 4s
  5500K .......... .......... .......... .......... .......... 35% 3,67M 4s
  5550K .......... .......... .......... .......... .......... 35% 2,60M 4s
  5600K .......... .......... .......... .......... .......... 36% 2,29M 4s
  5650K .......... .......... .......... .......... .......... 36% 3,07M 4s
  5700K .......... .......... .......... .......... .......... 36% 4,23M 4s
  5750K .......... .......... .......... .......... .......... 37% 2,10M 4s
  5800K .......... .......... .......... .......... .......... 37% 1,52M 4s
  5850K .......... .......... .......... .......... .......... 37% 7,83M 4s
  5900K .......... .......... .......... .......... .......... 38% 13,6M 4s
  5950K .......... .......... .......... .......... .......... 38% 2,17M 4s
  6000K .......... .......... .......... .......... .......... 38% 1,45M 4s
  6050K .......... .......... .......... .......... .......... 39% 2,80M 4s
  6100K .......... .......... .......... .......... .......... 39% 4,01M 4s
  6150K .......... .......... .......... .......... .......... 39% 3,95M 4s
  6200K .......... .......... .......... .......... .......... 39% 1,99M 4s
  6250K .......... .......... .......... .......... .......... 40% 3,29M 4s
  6300K .......... .......... .......... .......... .......... 40% 3,73M 4s
  6350K .......... .......... .......... .......... .......... 40% 4,37M 4s
  6400K .......... .......... .......... .......... .......... 41% 2,28M 4s
  6450K .......... .......... .......... .......... .......... 41% 2,80M 4s
  6500K .......... .......... .......... .......... .......... 41% 3,69M 4s
  6550K .......... .......... .......... .......... .......... 42% 2,62M 3s
  6600K .......... .......... .......... .......... .......... 42% 3,55M 3s
  6650K .......... .......... .......... .......... .......... 42% 3,45M 3s
  6700K .......... .......... .......... .......... .......... 43% 3,14M 3s
  6750K .......... .......... .......... .......... .......... 43% 2,22M 3s
  6800K .......... .......... .......... .......... .......... 43% 3,86M 3s
  6850K .......... .......... .......... .......... .......... 44% 2,47M 3s
  6900K .......... .......... .......... .......... .......... 44% 2,39M 3s
  6950K .......... .......... .......... .......... .......... 44% 2,14M 3s
  7000K .......... .......... .......... .......... .......... 45% 3,46M 3s
  7050K .......... .......... .......... .......... .......... 45% 1,35M 3s
  7100K .......... .......... .......... .......... .......... 45% 12,3M 3s
  7150K .......... .......... .......... .......... .......... 46% 4,69M 3s
  7200K .......... .......... .......... .......... .......... 46% 3,76M 3s
  7250K .......... .......... .......... .......... .......... 46% 1,01M 3s
  7300K .......... .......... .......... .......... .......... 47% 2,83M 3s
  7350K .......... .......... .......... .......... .......... 47% 6,81M 3s
  7400K .......... .......... .......... .......... .......... 47% 2,31M 3s
  7450K .......... .......... .......... .......... .......... 47% 3,46M 3s
  7500K .......... .......... .......... .......... .......... 48% 1,91M 3s
  7550K .......... .......... .......... .......... .......... 48% 3,74M 3s
  7600K .......... .......... .......... .......... .......... 48% 4,22M 3s
  7650K .......... .......... .......... .......... .......... 49% 1,84M 3s
  7700K .......... .......... .......... .......... .......... 49% 3,48M 3s
  7750K .......... .......... .......... .......... .......... 49% 4,17M 3s
  7800K .......... .......... .......... .......... .......... 50% 3,78M 3s
  7850K .......... .......... .......... .......... .......... 50% 2,02M 3s
  7900K .......... .......... .......... .......... .......... 50% 2,52M 3s
  7950K .......... .......... .......... .......... .......... 51% 5,68M 3s
  8000K .......... .......... .......... .......... .......... 51% 4,21M 3s
  8050K .......... .......... .......... .......... .......... 51% 1,36M 3s
  8100K .......... .......... .......... .......... .......... 52% 2,67M 3s
  8150K .......... .......... .......... .......... .......... 52% 3,30M 3s
  8200K .......... .......... .......... .......... .......... 52% 4,42M 3s
  8250K .......... .......... .......... .......... .......... 53% 3,62M 3s
  8300K .......... .......... .......... .......... .......... 53% 1,56M 3s
  8350K .......... .......... .......... .......... .......... 53% 3,44M 3s
  8400K .......... .......... .......... .......... .......... 54% 5,06M 3s
  8450K .......... .......... .......... .......... .......... 54% 2,02M 3s
  8500K .......... .......... .......... .......... .......... 54% 1,57M 3s
  8550K .......... .......... .......... .......... .......... 55% 3,89M 3s
  8600K .......... .......... .......... .......... .......... 55% 4,30M 3s
  8650K .......... .......... .......... .......... .......... 55% 3,52M 3s
  8700K .......... .......... .......... .......... .......... 55% 1,85M 3s
  8750K .......... .......... .......... .......... .......... 56% 4,63M 3s
  8800K .......... .......... .......... .......... .......... 56% 3,94M 3s
  8850K .......... .......... .......... .......... .......... 56% 2,76M 3s
  8900K .......... .......... .......... .......... .......... 57% 1,94M 3s
  8950K .......... .......... .......... .......... .......... 57% 2,77M 3s
  9000K .......... .......... .......... .......... .......... 57% 6,96M 2s
  9050K .......... .......... .......... .......... .......... 58% 4,01M 2s
  9100K .......... .......... .......... .......... .......... 58% 2,32M 2s
  9150K .......... .......... .......... .......... .......... 58% 2,25M 2s
  9200K .......... .......... .......... .......... .......... 59% 3,90M 2s
  9250K .......... .......... .......... .......... .......... 59% 2,85M 2s
  9300K .......... .......... .......... .......... .......... 59% 3,81M 2s
  9350K .......... .......... .......... .......... .......... 60% 1,89M 2s
  9400K .......... .......... .......... .......... .......... 60% 7,12M 2s
  9450K .......... .......... .......... .......... .......... 60% 3,59M 2s
  9500K .......... .......... .......... .......... .......... 61% 3,74M 2s
  9550K .......... .......... .......... .......... .......... 61% 1,53M 2s
  9600K .......... .......... .......... .......... .......... 61% 1,52M 2s
  9650K .......... .......... .......... .......... .......... 62% 11,6M 2s
  9700K .......... .......... .......... .......... .......... 62% 4,52M 2s
  9750K .......... .......... .......... .......... .......... 62% 2,94M 2s
  9800K .......... .......... .......... .......... .......... 63% 1,44M 2s
  9850K .......... .......... .......... .......... .......... 63% 1,50M 2s
  9900K .......... .......... .......... .......... .......... 63% 2,26M 2s
  9950K .......... .......... .......... .......... .......... 63% 4,32M 2s
 10000K .......... .......... .......... .......... .......... 64% 2,40M 2s
 10050K .......... .......... .......... .......... .......... 64%  249K 2s
 10100K .......... .......... .......... .......... .......... 64%  130M 2s
 10150K .......... .......... .......... .......... .......... 65%  136M 2s
 10200K .......... .......... .......... .......... .......... 65%  133M 2s
 10250K .......... .......... .......... .......... .......... 65%  118M 2s
 10300K .......... .......... .......... .......... .......... 66%  134M 2s
 10350K .......... .......... .......... .......... .......... 66% 92,7M 2s
 10400K .......... .......... .......... .......... .......... 66% 2,41M 2s
 10450K .......... .......... .......... .......... .......... 67% 1,06M 2s
 10500K .......... .......... .......... .......... .......... 67% 2,24M 2s
 10550K .......... .......... .......... .......... .......... 67% 2,55M 2s
 10600K .......... .......... .......... .......... .......... 68% 1,51M 2s
 10650K .......... .......... .......... .......... .......... 68% 3,20M 2s
 10700K .......... .......... .......... .......... .......... 68% 2,93M 2s
 10750K .......... .......... .......... .......... .......... 69% 1,56M 2s
 10800K .......... .......... .......... .......... .......... 69% 2,97M 2s
 10850K .......... .......... .......... .......... .......... 69% 2,01M 2s
 10900K .......... .......... .......... .......... .......... 70% 1,88M 2s
 10950K .......... .......... .......... .......... .......... 70% 3,08M 2s
 11000K .......... .......... .......... .......... .......... 70% 2,99M 2s
 11050K .......... .......... .......... .......... .......... 71% 1,71M 2s
 11100K .......... .......... .......... .......... .......... 71% 3,04M 2s
 11150K .......... .......... .......... .......... .......... 71% 3,05M 2s
 11200K .......... .......... .......... .......... .......... 71% 1,96M 2s
 11250K .......... .......... .......... .......... .......... 72% 1,63M 2s
 11300K .......... .......... .......... .......... .......... 72% 3,20M 2s
 11350K .......... .......... .......... .......... .......... 72% 2,90M 2s
 11400K .......... .......... .......... .......... .......... 73% 1,88M 2s
 11450K .......... .......... .......... .......... .......... 73% 2,90M 2s
 11500K .......... .......... .......... .......... .......... 73% 3,02M 2s
 11550K .......... .......... .......... .......... .......... 74% 1,98M 2s
 11600K .......... .......... .......... .......... .......... 74% 2,90M 2s
 11650K .......... .......... .......... .......... .......... 74% 2,25M 2s
 11700K .......... .......... .......... .......... .......... 75% 2,10M 2s
 11750K .......... .......... .......... .......... .......... 75% 3,03M 1s
 11800K .......... .......... .......... .......... .......... 75% 2,71M 1s
 11850K .......... .......... .......... .......... .......... 76% 2,15M 1s
 11900K .......... .......... .......... .......... .......... 76% 3,57M 1s
 11950K .......... .......... .......... .......... .......... 76% 1,73M 1s
 12000K .......... .......... .......... .......... .......... 77% 4,21M 1s
 12050K .......... .......... .......... .......... .......... 77%  504K 1s
 12100K .......... .......... .......... .......... .......... 77% 3,65M 1s
 12150K .......... .......... .......... .......... .......... 78% 1,54M 1s
 12200K .......... .......... .......... .......... .......... 78% 2,53M 1s
 12250K .......... .......... .......... .......... .......... 78% 6,64M 1s
 12300K .......... .......... .......... .......... .......... 79% 1,17M 1s
 12350K .......... .......... .......... .......... .......... 79% 2,18M 1s
 12400K .......... .......... .......... .......... .......... 79% 4,86M 1s
 12450K .......... .......... .......... .......... .......... 79% 1,46M 1s
 12500K .......... .......... .......... .......... .......... 80% 1,96M 1s
 12550K .......... .......... .......... .......... .......... 80% 9,67M 1s
 12600K .......... .......... .......... .......... .......... 80% 1,88M 1s
 12650K .......... .......... .......... .......... .......... 81% 1,46M 1s
 12700K .......... .......... .......... .......... .......... 81% 3,29M 1s
 12750K .......... .......... .......... .......... .......... 81% 3,38M 1s
 12800K .......... .......... .......... .......... .......... 82% 1,51M 1s
 12850K .......... .......... .......... .......... .......... 82% 3,10M 1s
 12900K .......... .......... .......... .......... .......... 82% 4,42M 1s
 12950K .......... .......... .......... .......... .......... 83%  617K 1s
 13000K .......... .......... .......... .......... .......... 83% 1,75M 1s
 13050K .......... .......... .......... .......... .......... 83% 2,88M 1s
 13100K .......... .......... .......... .......... .......... 84% 2,13M 1s
 13150K .......... .......... .......... .......... .......... 84% 2,49M 1s
 13200K .......... .......... .......... .......... .......... 84% 1,63M 1s
 13250K .......... .......... .......... .......... .......... 85% 2,29M 1s
 13300K .......... .......... .......... .......... .......... 85% 3,00M 1s
 13350K .......... .......... .......... .......... .......... 85% 2,36M 1s
 13400K .......... .......... .......... .......... .......... 86% 2,48M 1s
 13450K .......... .......... .......... .......... .......... 86% 3,25M 1s
 13500K .......... .......... .......... .......... .......... 86% 2,20M 1s
 13550K .......... .......... .......... .......... .......... 87% 1,59M 1s
 13600K .......... .......... .......... .......... .......... 87% 25,9M 1s
 13650K .......... .......... .......... .......... .......... 87%  579K 1s
 13700K .......... .......... .......... .......... .......... 87% 3,89M 1s
 13750K .......... .......... .......... .......... .......... 88% 3,12M 1s
 13800K .......... .......... .......... .......... .......... 88% 1,93M 1s
 13850K .......... .......... .......... .......... .......... 88% 2,40M 1s
 13900K .......... .......... .......... .......... .......... 89% 2,36M 1s
 13950K .......... .......... .......... .......... .......... 89% 4,03M 1s
 14000K .......... .......... .......... .......... .......... 89% 1,57M 1s
 14050K .......... .......... .......... .......... .......... 90% 3,07M 1s
 14100K .......... .......... .......... .......... .......... 90% 2,40M 1s
 14150K .......... .......... .......... .......... .......... 90%  638K 1s
 14200K .......... .......... .......... .......... .......... 91% 3,58M 1s
 14250K .......... .......... .......... .......... .......... 91% 14,4M 1s
 14300K .......... .......... .......... .......... .......... 91%  756K 1s
 14350K .......... .......... .......... .......... .......... 92% 2,16M 1s
 14400K .......... .......... .......... .......... .......... 92% 2,73M 0s
 14450K .......... .......... .......... .......... .......... 92% 1,92M 0s
 14500K .......... .......... .......... .......... .......... 93%  808K 0s
 14550K .......... .......... .......... .......... .......... 93% 2,98M 0s
 14600K .......... .......... .......... .......... .......... 93% 3,35M 0s
 14650K .......... .......... .......... .......... .......... 94% 3,48M 0s
 14700K .......... .......... .......... .......... .......... 94% 2,21M 0s
 14750K .......... .......... .......... .......... .......... 94% 2,96M 0s
 14800K .......... .......... .......... .......... .......... 95% 3,35M 0s
 14850K .......... .......... .......... .......... .......... 95% 1,85M 0s
 14900K .......... .......... .......... .......... .......... 95% 3,26M 0s
 14950K .......... .......... .......... .......... .......... 95% 3,07M 0s
 15000K .......... .......... .......... .......... .......... 96% 3,19M 0s
 15050K .......... .......... .......... .......... .......... 96% 2,37M 0s
 15100K .......... .......... .......... .......... .......... 96% 3,33M 0s
 15150K .......... .......... .......... .......... .......... 97% 3,10M 0s
 15200K .......... .......... .......... .......... .......... 97% 1,74M 0s
 15250K .......... .......... .......... .......... .......... 97% 2,57M 0s
 15300K .......... .......... .......... .......... .......... 98% 3,82M 0s
 15350K .......... .......... .......... .......... .......... 98% 1,84M 0s
 15400K .......... .......... .......... .......... .......... 98% 4,22M 0s
 15450K .......... .......... .......... .......... .......... 99% 3,23M 0s
 15500K .......... .......... .......... .......... .......... 99% 3,61M 0s
 15550K .......... .......... .......... .......... .......... 99% 1,88M 0s
 15600K .......... .......... .....                           100% 4,17M=6,4s

2024-01-02 23:42:03 (2,37 MB/s) - ‘/home/shared/projects/gultepe/cleaner_ws/build/multirobot_map_merge/2012-01-28-11-12-01.pgm’ saved [16000058/16000058]

Checking MD5 sum of /home/shared/projects/gultepe/cleaner_ws/build/multirobot_map_merge/2012-01-28-11-12-01.pgm
/home/shared/projects/gultepe/cleaner_ws/build/multirobot_map_merge/2012-01-28-11-12-01.pgm: OK
-- Found gtest sources under '/opt/ros/humble/src/gtest_vendor': C++ tests using 'Google Test' will be built
-- Added test 'cppcheck' to perform static code analysis on C / C++ code
-- Configured cppcheck include dirs: /home/shared/projects/gultepe/cleaner_ws/src/m-explore-ros2/map_merge/include;$<BUILD_INTERFACE:/home/shared/projects/gultepe/cleaner_ws/src/m-explore-ros2/map_merge/include>
-- Configured cppcheck exclude dirs and/or files: 
-- Added test 'flake8' to check Python code syntax and style conventions
-- Added test 'lint_cmake' to check CMake code style
-- Added test 'pep257' to check Python code against some of the docstring style conventions in PEP 257
-- Added test 'uncrustify' to check C / C++ code style
-- Configured uncrustify additional arguments: 
-- Added test 'xmllint' to check XML markup files
-- Configuring done
-- Generating done
-- Build files have been written to: /home/shared/projects/gultepe/cleaner_ws/build/multirobot_map_merge
[ 16%] [32mBuilding CXX object CMakeFiles/combine_grids.dir/src/combine_grids/grid_warper.cpp.o[0m
[ 16%] [32mBuilding CXX object CMakeFiles/combine_grids.dir/src/combine_grids/merging_pipeline.cpp.o[0m
[ 25%] [32mBuilding CXX object gtest/CMakeFiles/gtest_main.dir/src/gtest_main.cc.o[0m
[ 33%] [32mBuilding CXX object CMakeFiles/combine_grids.dir/src/combine_grids/grid_compositor.cpp.o[0m
[ 41%] [32mBuilding CXX object gtest/CMakeFiles/gtest.dir/src/gtest-all.cc.o[0m
[ 50%] [32m[1mLinking CXX static library libgtest_main.a[0m
[ 50%] Built target gtest_main
[ 58%] [32m[1mLinking CXX static library libgtest.a[0m
[ 58%] Built target gtest
[ 66%] [32m[1mLinking CXX static library libcombine_grids.a[0m
[ 66%] Built target combine_grids
[ 83%] [32mBuilding CXX object CMakeFiles/test_merging_pipeline.dir/test/test_merging_pipeline.cpp.o[0m
[ 83%] [32mBuilding CXX object CMakeFiles/map_merge.dir/src/map_merge.cpp.o[0m
In file included from [01m[K/home/shared/projects/gultepe/cleaner_ws/src/m-explore-ros2/map_merge/test/testing_helpers.h:7[m[K,
                 from [01m[K/home/shared/projects/gultepe/cleaner_ws/src/m-explore-ros2/map_merge/test/test_merging_pipeline.cpp:42[m[K:
[01m[K/opt/ros/humble/include/tf2_geometry_msgs/tf2_geometry_msgs/tf2_geometry_msgs.h:35:2:[m[K [01;35m[Kwarning: [m[K#warning This header is obsolete, please include tf2_geometry_msgs/tf2_geometry_msgs.hpp instead [[01;35m[K]8;;https://gcc.gnu.org/onlinedocs/gcc/Warning-Options.html#index-Wcpp-Wcpp]8;;[m[K]
   35 | #[01;35m[Kwarning[m[K This header is obsolete, please include tf2_geometry_msgs/tf2_geometry_msgs.hpp instead
      |  [01;35m[K^~~~~~~[m[K
In file included from [01m[K/home/shared/projects/gultepe/cleaner_ws/src/m-explore-ros2/map_merge/src/map_merge.cpp:44[m[K:
[01m[K/opt/ros/humble/include/tf2_geometry_msgs/tf2_geometry_msgs/tf2_geometry_msgs.h:35:2:[m[K [01;35m[Kwarning: [m[K#warning This header is obsolete, please include tf2_geometry_msgs/tf2_geometry_msgs.hpp instead [[01;35m[K]8;;https://gcc.gnu.org/onlinedocs/gcc/Warning-Options.html#index-Wcpp-Wcpp]8;;[m[K]
   35 | #[01;35m[Kwarning[m[K This header is obsolete, please include tf2_geometry_msgs/tf2_geometry_msgs.hpp instead
      |  [01;35m[K^~~~~~~[m[K
[ 91%] [32m[1mLinking CXX executable test_merging_pipeline[0m
[ 91%] Built target test_merging_pipeline
[100%] [32m[1mLinking CXX executable map_merge[0m
[100%] Built target map_merge
-- Install configuration: ""
-- Installing: /home/shared/projects/gultepe/cleaner_ws/install/multirobot_map_merge/include/map_merge/
-- Installing: /home/shared/projects/gultepe/cleaner_ws/install/multirobot_map_merge/include/map_merge//ros1_names.hpp
-- Installing: /home/shared/projects/gultepe/cleaner_ws/install/multirobot_map_merge/include/map_merge//map_merge.h
-- Installing: /home/shared/projects/gultepe/cleaner_ws/install/multirobot_map_merge/share/multirobot_map_merge/launch
-- Installing: /home/shared/projects/gultepe/cleaner_ws/install/multirobot_map_merge/share/multirobot_map_merge/launch/tb3_simulation
-- Installing: /home/shared/projects/gultepe/cleaner_ws/install/multirobot_map_merge/share/multirobot_map_merge/launch/tb3_simulation/tb3_simulation_launch.py
-- Installing: /home/shared/projects/gultepe/cleaner_ws/install/multirobot_map_merge/share/multirobot_map_merge/launch/tb3_simulation/bringup_launch.py
-- Installing: /home/shared/projects/gultepe/cleaner_ws/install/multirobot_map_merge/share/multirobot_map_merge/launch/tb3_simulation/multi_tb3_simulation_launch.py
-- Installing: /home/shared/projects/gultepe/cleaner_ws/install/multirobot_map_merge/share/multirobot_map_merge/launch/tb3_simulation/slam_toolbox.py
-- Installing: /home/shared/projects/gultepe/cleaner_ws/install/multirobot_map_merge/share/multirobot_map_merge/launch/tb3_simulation/worlds
-- Installing: /home/shared/projects/gultepe/cleaner_ws/install/multirobot_map_merge/share/multirobot_map_merge/launch/tb3_simulation/worlds/world_only.model
-- Installing: /home/shared/projects/gultepe/cleaner_ws/install/multirobot_map_merge/share/multirobot_map_merge/launch/tb3_simulation/config
-- Installing: /home/shared/projects/gultepe/cleaner_ws/install/multirobot_map_merge/share/multirobot_map_merge/launch/tb3_simulation/config/nav2_multirobot_params_1.yaml
-- Installing: /home/shared/projects/gultepe/cleaner_ws/install/multirobot_map_merge/share/multirobot_map_merge/launch/tb3_simulation/config/nav2_multirobot_params_2.yaml
-- Installing: /home/shared/projects/gultepe/cleaner_ws/install/multirobot_map_merge/share/multirobot_map_merge/launch/map_merge.launch.py
-- Installing: /home/shared/projects/gultepe/cleaner_ws/install/multirobot_map_merge/share/multirobot_map_merge/launch/map_merge.rviz
-- Installing: /home/shared/projects/gultepe/cleaner_ws/install/multirobot_map_merge/share/multirobot_map_merge/launch/from_map_server.launch.py
-- Installing: /home/shared/projects/gultepe/cleaner_ws/install/multirobot_map_merge/share/multirobot_map_merge/config
-- Installing: /home/shared/projects/gultepe/cleaner_ws/install/multirobot_map_merge/share/multirobot_map_merge/config/params.yaml
-- Installing: /home/shared/projects/gultepe/cleaner_ws/install/multirobot_map_merge/lib/libcombine_grids.a
-- Installing: /home/shared/projects/gultepe/cleaner_ws/install/multirobot_map_merge/lib/multirobot_map_merge/map_merge
-- Set runtime path of "/home/shared/projects/gultepe/cleaner_ws/install/multirobot_map_merge/lib/multirobot_map_merge/map_merge" to ""
-- Installing: /home/shared/projects/gultepe/cleaner_ws/install/multirobot_map_merge/share/multirobot_map_merge/environment/library_path.sh
-- Installing: /home/shared/projects/gultepe/cleaner_ws/install/multirobot_map_merge/share/multirobot_map_merge/environment/library_path.dsv
-- Installing: /home/shared/projects/gultepe/cleaner_ws/install/multirobot_map_merge/share/ament_index/resource_index/package_run_dependencies/multirobot_map_merge
-- Installing: /home/shared/projects/gultepe/cleaner_ws/install/multirobot_map_merge/share/ament_index/resource_index/parent_prefix_path/multirobot_map_merge
-- Installing: /home/shared/projects/gultepe/cleaner_ws/install/multirobot_map_merge/share/multirobot_map_merge/environment/ament_prefix_path.sh
-- Installing: /home/shared/projects/gultepe/cleaner_ws/install/multirobot_map_merge/share/multirobot_map_merge/environment/ament_prefix_path.dsv
-- Installing: /home/shared/projects/gultepe/cleaner_ws/install/multirobot_map_merge/share/multirobot_map_merge/environment/path.sh
-- Installing: /home/shared/projects/gultepe/cleaner_ws/install/multirobot_map_merge/share/multirobot_map_merge/environment/path.dsv
-- Installing: /home/shared/projects/gultepe/cleaner_ws/install/multirobot_map_merge/share/multirobot_map_merge/local_setup.bash
-- Installing: /home/shared/projects/gultepe/cleaner_ws/install/multirobot_map_merge/share/multirobot_map_merge/local_setup.sh
-- Installing: /home/shared/projects/gultepe/cleaner_ws/install/multirobot_map_merge/share/multirobot_map_merge/local_setup.zsh
-- Installing: /home/shared/projects/gultepe/cleaner_ws/install/multirobot_map_merge/share/multirobot_map_merge/local_setup.dsv
-- Installing: /home/shared/projects/gultepe/cleaner_ws/install/multirobot_map_merge/share/multirobot_map_merge/package.dsv
-- Installing: /home/shared/projects/gultepe/cleaner_ws/install/multirobot_map_merge/share/ament_index/resource_index/packages/multirobot_map_merge
-- Installing: /home/shared/projects/gultepe/cleaner_ws/install/multirobot_map_merge/share/multirobot_map_merge/cmake/ament_cmake_export_include_directories-extras.cmake
-- Installing: /home/shared/projects/gultepe/cleaner_ws/install/multirobot_map_merge/share/multirobot_map_merge/cmake/ament_cmake_export_libraries-extras.cmake
-- Installing: /home/shared/projects/gultepe/cleaner_ws/install/multirobot_map_merge/share/multirobot_map_merge/cmake/multirobot_map_mergeConfig.cmake
-- Installing: /home/shared/projects/gultepe/cleaner_ws/install/multirobot_map_merge/share/multirobot_map_merge/cmake/multirobot_map_mergeConfig-version.cmake
-- Installing: /home/shared/projects/gultepe/cleaner_ws/install/multirobot_map_merge/share/multirobot_map_merge/package.xml
