[2.348s] Invoking command in '/home/shared/projects/gultepe/cleaner_ws/build/explorer_cartographer': CMAKE_PREFIX_PATH=${CMAKE_PREFIX_PATH}:/home/tunaprogrammer/projects/gultepe/cleaner_ws/install/bno055:/home/tunaprogrammer/projects/gultepe/humble_ws/install/jetpack:/home/tunaprogrammer/projects/gultepe/humble_ws/install/python_pkg:/home/tunaprogrammer/projects/gultepe/humble_ws/install/catcher:/opt/ros/humble /usr/bin/cmake --build /home/shared/projects/gultepe/cleaner_ws/build/explorer_cartographer -- -j12 -l12
[4.229s] Invoked command in '/home/shared/projects/gultepe/cleaner_ws/build/explorer_cartographer' returned '0': CMAKE_PREFIX_PATH=${CMAKE_PREFIX_PATH}:/home/tunaprogrammer/projects/gultepe/cleaner_ws/install/bno055:/home/tunaprogrammer/projects/gultepe/humble_ws/install/jetpack:/home/tunaprogrammer/projects/gultepe/humble_ws/install/python_pkg:/home/tunaprogrammer/projects/gultepe/humble_ws/install/catcher:/opt/ros/humble /usr/bin/cmake --build /home/shared/projects/gultepe/cleaner_ws/build/explorer_cartographer -- -j12 -l12
[4.296s] Invoking command in '/home/shared/projects/gultepe/cleaner_ws/build/explorer_cartographer': CMAKE_PREFIX_PATH=${CMAKE_PREFIX_PATH}:/home/tunaprogrammer/projects/gultepe/cleaner_ws/install/bno055:/home/tunaprogrammer/projects/gultepe/humble_ws/install/jetpack:/home/tunaprogrammer/projects/gultepe/humble_ws/install/python_pkg:/home/tunaprogrammer/projects/gultepe/humble_ws/install/catcher:/opt/ros/humble /usr/bin/cmake --install /home/shared/projects/gultepe/cleaner_ws/build/explorer_cartographer
[4.332s] -- Install configuration: ""
[4.352s] -- Up-to-date: /home/shared/projects/gultepe/cleaner_ws/install/explorer_cartographer/share/explorer_cartographer/config
[4.353s] -- Up-to-date: /home/shared/projects/gultepe/cleaner_ws/install/explorer_cartographer/share/explorer_cartographer/config/turtlebot3_lds_2d.lua
[4.353s] -- Up-to-date: /home/shared/projects/gultepe/cleaner_ws/install/explorer_cartographer/share/explorer_cartographer/launch
[4.354s] -- Up-to-date: /home/shared/projects/gultepe/cleaner_ws/install/explorer_cartographer/share/explorer_cartographer/launch/occupancy_grid.launch.py
[4.354s] -- Up-to-date: /home/shared/projects/gultepe/cleaner_ws/install/explorer_cartographer/share/explorer_cartographer/launch/cartographer.launch.py
[4.354s] -- Up-to-date: /home/shared/projects/gultepe/cleaner_ws/install/explorer_cartographer/share/explorer_cartographer/rviz
[4.355s] -- Up-to-date: /home/shared/projects/gultepe/cleaner_ws/install/explorer_cartographer/share/explorer_cartographer/rviz/tb3_cartographer.rviz
[4.355s] -- Up-to-date: /home/shared/projects/gultepe/cleaner_ws/install/explorer_cartographer/share/ament_index/resource_index/package_run_dependencies/explorer_cartographer
[4.356s] -- Up-to-date: /home/shared/projects/gultepe/cleaner_ws/install/explorer_cartographer/share/ament_index/resource_index/parent_prefix_path/explorer_cartographer
[4.356s] -- Up-to-date: /home/shared/projects/gultepe/cleaner_ws/install/explorer_cartographer/share/explorer_cartographer/environment/ament_prefix_path.sh
[4.358s] -- Up-to-date: /home/shared/projects/gultepe/cleaner_ws/install/explorer_cartographer/share/explorer_cartographer/environment/ament_prefix_path.dsv
[4.358s] -- Up-to-date: /home/shared/projects/gultepe/cleaner_ws/install/explorer_cartographer/share/explorer_cartographer/environment/path.sh
[4.359s] -- Up-to-date: /home/shared/projects/gultepe/cleaner_ws/install/explorer_cartographer/share/explorer_cartographer/environment/path.dsv
[4.359s] -- Up-to-date: /home/shared/projects/gultepe/cleaner_ws/install/explorer_cartographer/share/explorer_cartographer/local_setup.bash
[4.359s] -- Up-to-date: /home/shared/projects/gultepe/cleaner_ws/install/explorer_cartographer/share/explorer_cartographer/local_setup.sh
[4.360s] -- Up-to-date: /home/shared/projects/gultepe/cleaner_ws/install/explorer_cartographer/share/explorer_cartographer/local_setup.zsh
[4.361s] -- Up-to-date: /home/shared/projects/gultepe/cleaner_ws/install/explorer_cartographer/share/explorer_cartographer/local_setup.dsv
[4.361s] -- Installing: /home/shared/projects/gultepe/cleaner_ws/install/explorer_cartographer/share/explorer_cartographer/package.dsv
[4.363s] -- Up-to-date: /home/shared/projects/gultepe/cleaner_ws/install/explorer_cartographer/share/ament_index/resource_index/packages/explorer_cartographer
[4.364s] -- Up-to-date: /home/shared/projects/gultepe/cleaner_ws/install/explorer_cartographer/share/explorer_cartographer/cmake/explorer_cartographerConfig.cmake
[4.364s] -- Up-to-date: /home/shared/projects/gultepe/cleaner_ws/install/explorer_cartographer/share/explorer_cartographer/cmake/explorer_cartographerConfig-version.cmake
[4.365s] -- Up-to-date: /home/shared/projects/gultepe/cleaner_ws/install/explorer_cartographer/share/explorer_cartographer/package.xml
[4.581s] Invoked command in '/home/shared/projects/gultepe/cleaner_ws/build/explorer_cartographer' returned '0': CMAKE_PREFIX_PATH=${CMAKE_PREFIX_PATH}:/home/tunaprogrammer/projects/gultepe/cleaner_ws/install/bno055:/home/tunaprogrammer/projects/gultepe/humble_ws/install/jetpack:/home/tunaprogrammer/projects/gultepe/humble_ws/install/python_pkg:/home/tunaprogrammer/projects/gultepe/humble_ws/install/catcher:/opt/ros/humble /usr/bin/cmake --install /home/shared/projects/gultepe/cleaner_ws/build/explorer_cartographer
