[1.237s] Invoking command in '/home/shared/projects/gultepe/cleaner_ws/build/explorer_gazebo': CMAKE_PREFIX_PATH=${CMAKE_PREFIX_PATH}:/home/tunaprogrammer/projects/gultepe/cleaner_ws/install/explorer_wanderer:/home/tunaprogrammer/projects/gultepe/cleaner_ws/install/explorer_navigation2:/home/tunaprogrammer/projects/gultepe/cleaner_ws/install/explorer_map_utils:/home/tunaprogrammer/projects/gultepe/cleaner_ws/install/explorer_bringup:/home/tunaprogrammer/projects/gultepe/cleaner_ws/install/bno055:/home/tunaprogrammer/projects/gultepe/humble_ws/install/jetpack:/home/tunaprogrammer/projects/gultepe/humble_ws/install/python_pkg:/home/tunaprogrammer/projects/gultepe/humble_ws/install/catcher:/opt/ros/humble /usr/bin/cmake --build /home/shared/projects/gultepe/cleaner_ws/build/explorer_gazebo -- -j12 -l12
[2.319s] Invoked command in '/home/shared/projects/gultepe/cleaner_ws/build/explorer_gazebo' returned '0': CMAKE_PREFIX_PATH=${CMAKE_PREFIX_PATH}:/home/tunaprogrammer/projects/gultepe/cleaner_ws/install/explorer_wanderer:/home/tunaprogrammer/projects/gultepe/cleaner_ws/install/explorer_navigation2:/home/tunaprogrammer/projects/gultepe/cleaner_ws/install/explorer_map_utils:/home/tunaprogrammer/projects/gultepe/cleaner_ws/install/explorer_bringup:/home/tunaprogrammer/projects/gultepe/cleaner_ws/install/bno055:/home/tunaprogrammer/projects/gultepe/humble_ws/install/jetpack:/home/tunaprogrammer/projects/gultepe/humble_ws/install/python_pkg:/home/tunaprogrammer/projects/gultepe/humble_ws/install/catcher:/opt/ros/humble /usr/bin/cmake --build /home/shared/projects/gultepe/cleaner_ws/build/explorer_gazebo -- -j12 -l12
[2.368s] Invoking command in '/home/shared/projects/gultepe/cleaner_ws/build/explorer_gazebo': CMAKE_PREFIX_PATH=${CMAKE_PREFIX_PATH}:/home/tunaprogrammer/projects/gultepe/cleaner_ws/install/explorer_wanderer:/home/tunaprogrammer/projects/gultepe/cleaner_ws/install/explorer_navigation2:/home/tunaprogrammer/projects/gultepe/cleaner_ws/install/explorer_map_utils:/home/tunaprogrammer/projects/gultepe/cleaner_ws/install/explorer_bringup:/home/tunaprogrammer/projects/gultepe/cleaner_ws/install/bno055:/home/tunaprogrammer/projects/gultepe/humble_ws/install/jetpack:/home/tunaprogrammer/projects/gultepe/humble_ws/install/python_pkg:/home/tunaprogrammer/projects/gultepe/humble_ws/install/catcher:/opt/ros/humble /usr/bin/cmake --install /home/shared/projects/gultepe/cleaner_ws/build/explorer_gazebo
[2.383s] -- Install configuration: ""
[2.384s] -- Execute custom install script
[2.386s] -- Up-to-date symlink: /home/shared/projects/gultepe/cleaner_ws/install/explorer_gazebo/share/explorer_gazebo//models/map1/map1.sdf
[2.387s] -- Up-to-date symlink: /home/shared/projects/gultepe/cleaner_ws/install/explorer_gazebo/share/explorer_gazebo//models/map1/model.config
[2.388s] -- Up-to-date symlink: /home/shared/projects/gultepe/cleaner_ws/install/explorer_gazebo/share/explorer_gazebo//models/map10/map10.sdf
[2.389s] -- Up-to-date symlink: /home/shared/projects/gultepe/cleaner_ws/install/explorer_gazebo/share/explorer_gazebo//models/map10/model.config
[2.389s] -- Up-to-date symlink: /home/shared/projects/gultepe/cleaner_ws/install/explorer_gazebo/share/explorer_gazebo//models/map11/map11.sdf
[2.391s] -- Up-to-date symlink: /home/shared/projects/gultepe/cleaner_ws/install/explorer_gazebo/share/explorer_gazebo//models/map11/model.config
[2.393s] -- Up-to-date symlink: /home/shared/projects/gultepe/cleaner_ws/install/explorer_gazebo/share/explorer_gazebo//models/map2/map2.sdf
[2.395s] -- Up-to-date symlink: /home/shared/projects/gultepe/cleaner_ws/install/explorer_gazebo/share/explorer_gazebo//models/map2/model.config
[2.396s] -- Up-to-date symlink: /home/shared/projects/gultepe/cleaner_ws/install/explorer_gazebo/share/explorer_gazebo//models/map3/map3.sdf
[2.397s] -- Up-to-date symlink: /home/shared/projects/gultepe/cleaner_ws/install/explorer_gazebo/share/explorer_gazebo//models/map3/model.config
[2.397s] -- Up-to-date symlink: /home/shared/projects/gultepe/cleaner_ws/install/explorer_gazebo/share/explorer_gazebo//models/map4/map4.sdf
[2.398s] -- Up-to-date symlink: /home/shared/projects/gultepe/cleaner_ws/install/explorer_gazebo/share/explorer_gazebo//models/map4/model.config
[2.399s] -- Up-to-date symlink: /home/shared/projects/gultepe/cleaner_ws/install/explorer_gazebo/share/explorer_gazebo//models/map5/map5.sdf
[2.399s] -- Up-to-date symlink: /home/shared/projects/gultepe/cleaner_ws/install/explorer_gazebo/share/explorer_gazebo//models/map5/model.config
[2.400s] -- Up-to-date symlink: /home/shared/projects/gultepe/cleaner_ws/install/explorer_gazebo/share/explorer_gazebo//models/map6/map6.sdf
[2.400s] -- Up-to-date symlink: /home/shared/projects/gultepe/cleaner_ws/install/explorer_gazebo/share/explorer_gazebo//models/map6/model.config
[2.401s] -- Up-to-date symlink: /home/shared/projects/gultepe/cleaner_ws/install/explorer_gazebo/share/explorer_gazebo//models/map7/map7.sdf
[2.402s] -- Up-to-date symlink: /home/shared/projects/gultepe/cleaner_ws/install/explorer_gazebo/share/explorer_gazebo//models/map7/model.config
[2.403s] -- Up-to-date symlink: /home/shared/projects/gultepe/cleaner_ws/install/explorer_gazebo/share/explorer_gazebo//models/map8/map8.sdf
[2.405s] -- Up-to-date symlink: /home/shared/projects/gultepe/cleaner_ws/install/explorer_gazebo/share/explorer_gazebo//models/map8/model.config
[2.406s] -- Up-to-date symlink: /home/shared/projects/gultepe/cleaner_ws/install/explorer_gazebo/share/explorer_gazebo//models/map9/map9.sdf
[2.407s] -- Up-to-date symlink: /home/shared/projects/gultepe/cleaner_ws/install/explorer_gazebo/share/explorer_gazebo//models/map9/model.config
[2.407s] -- Up-to-date symlink: /home/shared/projects/gultepe/cleaner_ws/install/explorer_gazebo/share/explorer_gazebo//models/turtlebot3_burger/meshes/burger_base.dae
[2.408s] -- Up-to-date symlink: /home/shared/projects/gultepe/cleaner_ws/install/explorer_gazebo/share/explorer_gazebo//models/turtlebot3_burger/meshes/lds.dae
[2.409s] -- Up-to-date symlink: /home/shared/projects/gultepe/cleaner_ws/install/explorer_gazebo/share/explorer_gazebo//models/turtlebot3_burger/meshes/tire.dae
[2.409s] -- Up-to-date symlink: /home/shared/projects/gultepe/cleaner_ws/install/explorer_gazebo/share/explorer_gazebo//models/turtlebot3_burger/model-1_4.sdf
[2.410s] -- Up-to-date symlink: /home/shared/projects/gultepe/cleaner_ws/install/explorer_gazebo/share/explorer_gazebo//models/turtlebot3_burger/model.config
[2.411s] -- Up-to-date symlink: /home/shared/projects/gultepe/cleaner_ws/install/explorer_gazebo/share/explorer_gazebo//models/turtlebot3_burger/model.sdf
[2.412s] -- Up-to-date symlink: /home/shared/projects/gultepe/cleaner_ws/install/explorer_gazebo/share/explorer_gazebo//worlds/map1.world.xml
[2.412s] -- Up-to-date symlink: /home/shared/projects/gultepe/cleaner_ws/install/explorer_gazebo/share/explorer_gazebo//worlds/map10.world.xml
[2.412s] -- Up-to-date symlink: /home/shared/projects/gultepe/cleaner_ws/install/explorer_gazebo/share/explorer_gazebo//worlds/map11.world.xml
[2.413s] -- Up-to-date symlink: /home/shared/projects/gultepe/cleaner_ws/install/explorer_gazebo/share/explorer_gazebo//worlds/map2.world.xml
[2.413s] -- Up-to-date symlink: /home/shared/projects/gultepe/cleaner_ws/install/explorer_gazebo/share/explorer_gazebo//worlds/map3.world.xml
[2.414s] -- Up-to-date symlink: /home/shared/projects/gultepe/cleaner_ws/install/explorer_gazebo/share/explorer_gazebo//worlds/map4.world.xml
[2.414s] -- Up-to-date symlink: /home/shared/projects/gultepe/cleaner_ws/install/explorer_gazebo/share/explorer_gazebo//worlds/map5.world.xml
[2.415s] -- Up-to-date symlink: /home/shared/projects/gultepe/cleaner_ws/install/explorer_gazebo/share/explorer_gazebo//worlds/map6.world.xml
[2.415s] -- Up-to-date symlink: /home/shared/projects/gultepe/cleaner_ws/install/explorer_gazebo/share/explorer_gazebo//worlds/map7.world.xml
[2.415s] -- Up-to-date symlink: /home/shared/projects/gultepe/cleaner_ws/install/explorer_gazebo/share/explorer_gazebo//worlds/map8.world.xml
[2.416s] -- Up-to-date symlink: /home/shared/projects/gultepe/cleaner_ws/install/explorer_gazebo/share/explorer_gazebo//worlds/map9.world.xml
[2.416s] -- Up-to-date symlink: /home/shared/projects/gultepe/cleaner_ws/install/explorer_gazebo/share/explorer_gazebo//maps/map1.csv
[2.417s] -- Up-to-date symlink: /home/shared/projects/gultepe/cleaner_ws/install/explorer_gazebo/share/explorer_gazebo//maps/map10.csv
[2.426s] -- Up-to-date symlink: /home/shared/projects/gultepe/cleaner_ws/install/explorer_gazebo/share/explorer_gazebo//maps/map11.csv
[2.426s] -- Up-to-date symlink: /home/shared/projects/gultepe/cleaner_ws/install/explorer_gazebo/share/explorer_gazebo//maps/map2.csv
[2.426s] -- Up-to-date symlink: /home/shared/projects/gultepe/cleaner_ws/install/explorer_gazebo/share/explorer_gazebo//maps/map3.csv
[2.427s] -- Up-to-date symlink: /home/shared/projects/gultepe/cleaner_ws/install/explorer_gazebo/share/explorer_gazebo//maps/map4.csv
[2.427s] -- Up-to-date symlink: /home/shared/projects/gultepe/cleaner_ws/install/explorer_gazebo/share/explorer_gazebo//maps/map5.csv
[2.428s] -- Up-to-date symlink: /home/shared/projects/gultepe/cleaner_ws/install/explorer_gazebo/share/explorer_gazebo//maps/map6.csv
[2.429s] -- Up-to-date symlink: /home/shared/projects/gultepe/cleaner_ws/install/explorer_gazebo/share/explorer_gazebo//maps/map7.csv
[2.429s] -- Up-to-date symlink: /home/shared/projects/gultepe/cleaner_ws/install/explorer_gazebo/share/explorer_gazebo//maps/map8.csv
[2.429s] -- Up-to-date symlink: /home/shared/projects/gultepe/cleaner_ws/install/explorer_gazebo/share/explorer_gazebo//maps/map9.csv
[2.430s] -- Up-to-date symlink: /home/shared/projects/gultepe/cleaner_ws/install/explorer_gazebo/share/ament_index/resource_index/package_run_dependencies/explorer_gazebo
[2.430s] -- Up-to-date symlink: /home/shared/projects/gultepe/cleaner_ws/install/explorer_gazebo/share/ament_index/resource_index/parent_prefix_path/explorer_gazebo
[2.430s] -- Up-to-date symlink: /home/shared/projects/gultepe/cleaner_ws/install/explorer_gazebo/share/explorer_gazebo/environment/ament_prefix_path.sh
[2.431s] -- Up-to-date symlink: /home/shared/projects/gultepe/cleaner_ws/install/explorer_gazebo/share/explorer_gazebo/environment/ament_prefix_path.dsv
[2.431s] -- Up-to-date symlink: /home/shared/projects/gultepe/cleaner_ws/install/explorer_gazebo/share/explorer_gazebo/environment/path.sh
[2.431s] -- Up-to-date symlink: /home/shared/projects/gultepe/cleaner_ws/install/explorer_gazebo/share/explorer_gazebo/environment/path.dsv
[2.432s] -- Up-to-date symlink: /home/shared/projects/gultepe/cleaner_ws/install/explorer_gazebo/share/explorer_gazebo/local_setup.bash
[2.433s] -- Up-to-date symlink: /home/shared/projects/gultepe/cleaner_ws/install/explorer_gazebo/share/explorer_gazebo/local_setup.sh
[2.435s] -- Up-to-date symlink: /home/shared/projects/gultepe/cleaner_ws/install/explorer_gazebo/share/explorer_gazebo/local_setup.zsh
[2.435s] -- Up-to-date symlink: /home/shared/projects/gultepe/cleaner_ws/install/explorer_gazebo/share/explorer_gazebo/local_setup.dsv
[2.436s] -- Symlinking: /home/shared/projects/gultepe/cleaner_ws/install/explorer_gazebo/share/explorer_gazebo/package.dsv
[2.441s] -- Up-to-date symlink: /home/shared/projects/gultepe/cleaner_ws/install/explorer_gazebo/share/ament_index/resource_index/packages/explorer_gazebo
[2.441s] -- Up-to-date symlink: /home/shared/projects/gultepe/cleaner_ws/install/explorer_gazebo/share/explorer_gazebo/cmake/explorer_gazeboConfig.cmake
[2.442s] -- Up-to-date symlink: /home/shared/projects/gultepe/cleaner_ws/install/explorer_gazebo/share/explorer_gazebo/cmake/explorer_gazeboConfig-version.cmake
[2.442s] -- Up-to-date symlink: /home/shared/projects/gultepe/cleaner_ws/install/explorer_gazebo/share/explorer_gazebo/package.xml
[2.548s] Invoked command in '/home/shared/projects/gultepe/cleaner_ws/build/explorer_gazebo' returned '0': CMAKE_PREFIX_PATH=${CMAKE_PREFIX_PATH}:/home/tunaprogrammer/projects/gultepe/cleaner_ws/install/explorer_wanderer:/home/tunaprogrammer/projects/gultepe/cleaner_ws/install/explorer_navigation2:/home/tunaprogrammer/projects/gultepe/cleaner_ws/install/explorer_map_utils:/home/tunaprogrammer/projects/gultepe/cleaner_ws/install/explorer_bringup:/home/tunaprogrammer/projects/gultepe/cleaner_ws/install/bno055:/home/tunaprogrammer/projects/gultepe/humble_ws/install/jetpack:/home/tunaprogrammer/projects/gultepe/humble_ws/install/python_pkg:/home/tunaprogrammer/projects/gultepe/humble_ws/install/catcher:/opt/ros/humble /usr/bin/cmake --install /home/shared/projects/gultepe/cleaner_ws/build/explorer_gazebo
