[1.267s] Invoking command in '/home/shared/projects/gultepe/cleaner_ws/build/explorer_cartographer': CMAKE_PREFIX_PATH=${CMAKE_PREFIX_PATH}:/home/tunaprogrammer/projects/gultepe/cleaner_ws/install/explorer_wanderer:/home/tunaprogrammer/projects/gultepe/cleaner_ws/install/explorer_navigation2:/home/tunaprogrammer/projects/gultepe/cleaner_ws/install/explorer_map_utils:/home/tunaprogrammer/projects/gultepe/cleaner_ws/install/explorer_bringup:/home/tunaprogrammer/projects/gultepe/cleaner_ws/install/bno055:/home/tunaprogrammer/projects/gultepe/humble_ws/install/jetpack:/home/tunaprogrammer/projects/gultepe/humble_ws/install/python_pkg:/home/tunaprogrammer/projects/gultepe/humble_ws/install/catcher:/opt/ros/humble /usr/bin/cmake /home/shared/projects/gultepe/cleaner_ws/src/ros2_explorer/explorer_cartographer -DCMAKE_INSTALL_PREFIX=/home/shared/projects/gultepe/cleaner_ws/install/explorer_cartographer
[2.359s] -- Found ament_cmake: 1.3.6 (/opt/ros/humble/share/ament_cmake/cmake)
[2.360s] -- Override CMake install command with custom implementation using symlinks instead of copying resources
[2.361s] -- Configuring done
[2.361s] -- Generating done
[2.361s] -- Build files have been written to: /home/shared/projects/gultepe/cleaner_ws/build/explorer_cartographer
[2.381s] Invoked command in '/home/shared/projects/gultepe/cleaner_ws/build/explorer_cartographer' returned '0': CMAKE_PREFIX_PATH=${CMAKE_PREFIX_PATH}:/home/tunaprogrammer/projects/gultepe/cleaner_ws/install/explorer_wanderer:/home/tunaprogrammer/projects/gultepe/cleaner_ws/install/explorer_navigation2:/home/tunaprogrammer/projects/gultepe/cleaner_ws/install/explorer_map_utils:/home/tunaprogrammer/projects/gultepe/cleaner_ws/install/explorer_bringup:/home/tunaprogrammer/projects/gultepe/cleaner_ws/install/bno055:/home/tunaprogrammer/projects/gultepe/humble_ws/install/jetpack:/home/tunaprogrammer/projects/gultepe/humble_ws/install/python_pkg:/home/tunaprogrammer/projects/gultepe/humble_ws/install/catcher:/opt/ros/humble /usr/bin/cmake /home/shared/projects/gultepe/cleaner_ws/src/ros2_explorer/explorer_cartographer -DCMAKE_INSTALL_PREFIX=/home/shared/projects/gultepe/cleaner_ws/install/explorer_cartographer
[2.383s] Invoking command in '/home/shared/projects/gultepe/cleaner_ws/build/explorer_cartographer': CMAKE_PREFIX_PATH=${CMAKE_PREFIX_PATH}:/home/tunaprogrammer/projects/gultepe/cleaner_ws/install/explorer_wanderer:/home/tunaprogrammer/projects/gultepe/cleaner_ws/install/explorer_navigation2:/home/tunaprogrammer/projects/gultepe/cleaner_ws/install/explorer_map_utils:/home/tunaprogrammer/projects/gultepe/cleaner_ws/install/explorer_bringup:/home/tunaprogrammer/projects/gultepe/cleaner_ws/install/bno055:/home/tunaprogrammer/projects/gultepe/humble_ws/install/jetpack:/home/tunaprogrammer/projects/gultepe/humble_ws/install/python_pkg:/home/tunaprogrammer/projects/gultepe/humble_ws/install/catcher:/opt/ros/humble /usr/bin/cmake --build /home/shared/projects/gultepe/cleaner_ws/build/explorer_cartographer -- -j12 -l12
[2.442s] Invoked command in '/home/shared/projects/gultepe/cleaner_ws/build/explorer_cartographer' returned '0': CMAKE_PREFIX_PATH=${CMAKE_PREFIX_PATH}:/home/tunaprogrammer/projects/gultepe/cleaner_ws/install/explorer_wanderer:/home/tunaprogrammer/projects/gultepe/cleaner_ws/install/explorer_navigation2:/home/tunaprogrammer/projects/gultepe/cleaner_ws/install/explorer_map_utils:/home/tunaprogrammer/projects/gultepe/cleaner_ws/install/explorer_bringup:/home/tunaprogrammer/projects/gultepe/cleaner_ws/install/bno055:/home/tunaprogrammer/projects/gultepe/humble_ws/install/jetpack:/home/tunaprogrammer/projects/gultepe/humble_ws/install/python_pkg:/home/tunaprogrammer/projects/gultepe/humble_ws/install/catcher:/opt/ros/humble /usr/bin/cmake --build /home/shared/projects/gultepe/cleaner_ws/build/explorer_cartographer -- -j12 -l12
[2.496s] Invoking command in '/home/shared/projects/gultepe/cleaner_ws/build/explorer_cartographer': CMAKE_PREFIX_PATH=${CMAKE_PREFIX_PATH}:/home/tunaprogrammer/projects/gultepe/cleaner_ws/install/explorer_wanderer:/home/tunaprogrammer/projects/gultepe/cleaner_ws/install/explorer_navigation2:/home/tunaprogrammer/projects/gultepe/cleaner_ws/install/explorer_map_utils:/home/tunaprogrammer/projects/gultepe/cleaner_ws/install/explorer_bringup:/home/tunaprogrammer/projects/gultepe/cleaner_ws/install/bno055:/home/tunaprogrammer/projects/gultepe/humble_ws/install/jetpack:/home/tunaprogrammer/projects/gultepe/humble_ws/install/python_pkg:/home/tunaprogrammer/projects/gultepe/humble_ws/install/catcher:/opt/ros/humble /usr/bin/cmake --install /home/shared/projects/gultepe/cleaner_ws/build/explorer_cartographer
[2.510s] -- Install configuration: ""
[2.511s] -- Execute custom install script
[2.511s] -- Up-to-date symlink: /home/shared/projects/gultepe/cleaner_ws/install/explorer_cartographer/share/explorer_cartographer/config/turtlebot3_lds_2d.lua
[2.512s] -- Up-to-date symlink: /home/shared/projects/gultepe/cleaner_ws/install/explorer_cartographer/share/explorer_cartographer/launch/cartographer.launch.py
[2.512s] -- Up-to-date symlink: /home/shared/projects/gultepe/cleaner_ws/install/explorer_cartographer/share/explorer_cartographer/launch/occupancy_grid.launch.py
[2.513s] -- Up-to-date symlink: /home/shared/projects/gultepe/cleaner_ws/install/explorer_cartographer/share/explorer_cartographer/rviz/tb3_cartographer.rviz
[2.513s] -- Up-to-date symlink: /home/shared/projects/gultepe/cleaner_ws/install/explorer_cartographer/share/ament_index/resource_index/package_run_dependencies/explorer_cartographer
[2.514s] -- Up-to-date symlink: /home/shared/projects/gultepe/cleaner_ws/install/explorer_cartographer/share/ament_index/resource_index/parent_prefix_path/explorer_cartographer
[2.514s] -- Up-to-date symlink: /home/shared/projects/gultepe/cleaner_ws/install/explorer_cartographer/share/explorer_cartographer/environment/ament_prefix_path.sh
[2.514s] -- Up-to-date symlink: /home/shared/projects/gultepe/cleaner_ws/install/explorer_cartographer/share/explorer_cartographer/environment/ament_prefix_path.dsv
[2.515s] -- Up-to-date symlink: /home/shared/projects/gultepe/cleaner_ws/install/explorer_cartographer/share/explorer_cartographer/environment/path.sh
[2.515s] -- Up-to-date symlink: /home/shared/projects/gultepe/cleaner_ws/install/explorer_cartographer/share/explorer_cartographer/environment/path.dsv
[2.516s] -- Up-to-date symlink: /home/shared/projects/gultepe/cleaner_ws/install/explorer_cartographer/share/explorer_cartographer/local_setup.bash
[2.517s] -- Up-to-date symlink: /home/shared/projects/gultepe/cleaner_ws/install/explorer_cartographer/share/explorer_cartographer/local_setup.sh
[2.517s] -- Up-to-date symlink: /home/shared/projects/gultepe/cleaner_ws/install/explorer_cartographer/share/explorer_cartographer/local_setup.zsh
[2.518s] -- Up-to-date symlink: /home/shared/projects/gultepe/cleaner_ws/install/explorer_cartographer/share/explorer_cartographer/local_setup.dsv
[2.518s] -- Symlinking: /home/shared/projects/gultepe/cleaner_ws/install/explorer_cartographer/share/explorer_cartographer/package.dsv
[2.534s] -- Up-to-date symlink: /home/shared/projects/gultepe/cleaner_ws/install/explorer_cartographer/share/ament_index/resource_index/packages/explorer_cartographer
[2.534s] -- Up-to-date symlink: /home/shared/projects/gultepe/cleaner_ws/install/explorer_cartographer/share/explorer_cartographer/cmake/explorer_cartographerConfig.cmake
[2.535s] -- Up-to-date symlink: /home/shared/projects/gultepe/cleaner_ws/install/explorer_cartographer/share/explorer_cartographer/cmake/explorer_cartographerConfig-version.cmake
[2.535s] -- Up-to-date symlink: /home/shared/projects/gultepe/cleaner_ws/install/explorer_cartographer/share/explorer_cartographer/package.xml
[2.661s] Invoked command in '/home/shared/projects/gultepe/cleaner_ws/build/explorer_cartographer' returned '0': CMAKE_PREFIX_PATH=${CMAKE_PREFIX_PATH}:/home/tunaprogrammer/projects/gultepe/cleaner_ws/install/explorer_wanderer:/home/tunaprogrammer/projects/gultepe/cleaner_ws/install/explorer_navigation2:/home/tunaprogrammer/projects/gultepe/cleaner_ws/install/explorer_map_utils:/home/tunaprogrammer/projects/gultepe/cleaner_ws/install/explorer_bringup:/home/tunaprogrammer/projects/gultepe/cleaner_ws/install/bno055:/home/tunaprogrammer/projects/gultepe/humble_ws/install/jetpack:/home/tunaprogrammer/projects/gultepe/humble_ws/install/python_pkg:/home/tunaprogrammer/projects/gultepe/humble_ws/install/catcher:/opt/ros/humble /usr/bin/cmake --install /home/shared/projects/gultepe/cleaner_ws/build/explorer_cartographer
