[2.078s] Invoking command in '/home/shared/projects/gultepe/cleaner_ws/build/explorer_interfaces': CMAKE_PREFIX_PATH=${CMAKE_PREFIX_PATH}:/home/tunaprogrammer/projects/gultepe/cleaner_ws/install/bno055:/home/tunaprogrammer/projects/gultepe/humble_ws/install/jetpack:/home/tunaprogrammer/projects/gultepe/humble_ws/install/python_pkg:/home/tunaprogrammer/projects/gultepe/humble_ws/install/catcher:/opt/ros/humble /usr/bin/cmake --build /home/shared/projects/gultepe/cleaner_ws/build/explorer_interfaces -- -j12 -l12
[3.928s] [35m[1mConsolidate compiler generated dependencies of target explorer_interfaces__rosidl_generator_c[0m
[3.929s] [  2%] Built target explorer_interfaces__cpp
[3.929s] [ 12%] Built target explorer_interfaces__rosidl_generator_c
[3.929s] [ 12%] Built target ament_cmake_python_copy_explorer_interfaces
[3.930s] [35m[1mConsolidate compiler generated dependencies of target explorer_interfaces__rosidl_typesupport_cpp[0m
[3.930s] [35m[1mConsolidate compiler generated dependencies of target explorer_interfaces__rosidl_typesupport_introspection_cpp[0m
[3.931s] [35m[1mConsolidate compiler generated dependencies of target explorer_interfaces__rosidl_typesupport_introspection_c[0m
[3.931s] [35m[1mConsolidate compiler generated dependencies of target explorer_interfaces__rosidl_typesupport_fastrtps_cpp[0m
[3.931s] [35m[1mConsolidate compiler generated dependencies of target explorer_interfaces__rosidl_typesupport_c[0m
[3.932s] [35m[1mConsolidate compiler generated dependencies of target explorer_interfaces__rosidl_typesupport_fastrtps_c[0m
[3.932s] [ 23%] Built target explorer_interfaces__rosidl_typesupport_cpp
[3.932s] [ 33%] Built target explorer_interfaces__rosidl_typesupport_introspection_c
[3.933s] [ 43%] Built target explorer_interfaces__rosidl_typesupport_c
[3.934s] [ 53%] Built target explorer_interfaces__rosidl_typesupport_introspection_cpp
[3.934s] [ 64%] Built target explorer_interfaces__rosidl_typesupport_fastrtps_cpp
[3.935s] [ 74%] Built target explorer_interfaces__rosidl_typesupport_fastrtps_c
[3.935s] [ 74%] Built target explorer_interfaces
[3.936s] [ 76%] Built target explorer_interfaces__py
[3.936s] [35m[1mConsolidate compiler generated dependencies of target explorer_interfaces__rosidl_generator_py[0m
[3.936s] [ 84%] Built target explorer_interfaces__rosidl_generator_py
[3.937s] [35m[1mConsolidate compiler generated dependencies of target explorer_interfaces__rosidl_typesupport_fastrtps_c__pyext[0m
[3.938s] [35m[1mConsolidate compiler generated dependencies of target explorer_interfaces__rosidl_typesupport_c__pyext[0m
[3.938s] [35m[1mConsolidate compiler generated dependencies of target explorer_interfaces__rosidl_typesupport_introspection_c__pyext[0m
[3.938s] [ 97%] Built target explorer_interfaces__rosidl_typesupport_introspection_c__pyext
[3.938s] [ 97%] Built target explorer_interfaces__rosidl_typesupport_fastrtps_c__pyext
[3.938s] [100%] Built target explorer_interfaces__rosidl_typesupport_c__pyext
[3.939s] running egg_info
[3.940s] writing explorer_interfaces.egg-info/PKG-INFO
[3.941s] writing dependency_links to explorer_interfaces.egg-info/dependency_links.txt
[3.941s] writing top-level names to explorer_interfaces.egg-info/top_level.txt
[3.942s] reading manifest file 'explorer_interfaces.egg-info/SOURCES.txt'
[3.942s] writing manifest file 'explorer_interfaces.egg-info/SOURCES.txt'
[3.943s] [100%] Built target ament_cmake_python_build_explorer_interfaces_egg
[3.949s] Invoked command in '/home/shared/projects/gultepe/cleaner_ws/build/explorer_interfaces' returned '0': CMAKE_PREFIX_PATH=${CMAKE_PREFIX_PATH}:/home/tunaprogrammer/projects/gultepe/cleaner_ws/install/bno055:/home/tunaprogrammer/projects/gultepe/humble_ws/install/jetpack:/home/tunaprogrammer/projects/gultepe/humble_ws/install/python_pkg:/home/tunaprogrammer/projects/gultepe/humble_ws/install/catcher:/opt/ros/humble /usr/bin/cmake --build /home/shared/projects/gultepe/cleaner_ws/build/explorer_interfaces -- -j12 -l12
[4.406s] Invoking command in '/home/shared/projects/gultepe/cleaner_ws/build/explorer_interfaces': CMAKE_PREFIX_PATH=${CMAKE_PREFIX_PATH}:/home/tunaprogrammer/projects/gultepe/cleaner_ws/install/bno055:/home/tunaprogrammer/projects/gultepe/humble_ws/install/jetpack:/home/tunaprogrammer/projects/gultepe/humble_ws/install/python_pkg:/home/tunaprogrammer/projects/gultepe/humble_ws/install/catcher:/opt/ros/humble /usr/bin/cmake --install /home/shared/projects/gultepe/cleaner_ws/build/explorer_interfaces
[4.425s] -- Install configuration: ""
[4.426s] -- Up-to-date: /home/shared/projects/gultepe/cleaner_ws/install/explorer_interfaces/share/ament_index/resource_index/rosidl_interfaces/explorer_interfaces
[4.426s] -- Up-to-date: /home/shared/projects/gultepe/cleaner_ws/install/explorer_interfaces/include/explorer_interfaces/explorer_interfaces
[4.427s] -- Up-to-date: /home/shared/projects/gultepe/cleaner_ws/install/explorer_interfaces/include/explorer_interfaces/explorer_interfaces/action
[4.427s] -- Up-to-date: /home/shared/projects/gultepe/cleaner_ws/install/explorer_interfaces/include/explorer_interfaces/explorer_interfaces/action/wander.h
[4.427s] -- Up-to-date: /home/shared/projects/gultepe/cleaner_ws/install/explorer_interfaces/include/explorer_interfaces/explorer_interfaces/action/discover.h
[4.427s] -- Up-to-date: /home/shared/projects/gultepe/cleaner_ws/install/explorer_interfaces/include/explorer_interfaces/explorer_interfaces/action/detail
[4.427s] -- Up-to-date: /home/shared/projects/gultepe/cleaner_ws/install/explorer_interfaces/include/explorer_interfaces/explorer_interfaces/action/detail/discover__type_support.h
[4.427s] -- Up-to-date: /home/shared/projects/gultepe/cleaner_ws/install/explorer_interfaces/include/explorer_interfaces/explorer_interfaces/action/detail/discover__struct.h
[4.427s] -- Up-to-date: /home/shared/projects/gultepe/cleaner_ws/install/explorer_interfaces/include/explorer_interfaces/explorer_interfaces/action/detail/wander__struct.h
[4.428s] -- Up-to-date: /home/shared/projects/gultepe/cleaner_ws/install/explorer_interfaces/include/explorer_interfaces/explorer_interfaces/action/detail/discover__functions.c
[4.429s] -- Up-to-date: /home/shared/projects/gultepe/cleaner_ws/install/explorer_interfaces/include/explorer_interfaces/explorer_interfaces/action/detail/wander__functions.h
[4.429s] -- Up-to-date: /home/shared/projects/gultepe/cleaner_ws/install/explorer_interfaces/include/explorer_interfaces/explorer_interfaces/action/detail/wander__type_support.h
[4.430s] -- Up-to-date: /home/shared/projects/gultepe/cleaner_ws/install/explorer_interfaces/include/explorer_interfaces/explorer_interfaces/action/detail/discover__functions.h
[4.431s] -- Up-to-date: /home/shared/projects/gultepe/cleaner_ws/install/explorer_interfaces/include/explorer_interfaces/explorer_interfaces/action/detail/wander__functions.c
[4.431s] -- Up-to-date: /home/shared/projects/gultepe/cleaner_ws/install/explorer_interfaces/include/explorer_interfaces/explorer_interfaces/msg
[4.432s] -- Up-to-date: /home/shared/projects/gultepe/cleaner_ws/install/explorer_interfaces/include/explorer_interfaces/explorer_interfaces/msg/rosidl_generator_c__visibility_control.h
[4.433s] -- Up-to-date: /home/shared/projects/gultepe/cleaner_ws/install/explorer_interfaces/share/explorer_interfaces/environment/library_path.sh
[4.433s] -- Up-to-date: /home/shared/projects/gultepe/cleaner_ws/install/explorer_interfaces/share/explorer_interfaces/environment/library_path.dsv
[4.433s] -- Up-to-date: /home/shared/projects/gultepe/cleaner_ws/install/explorer_interfaces/lib/libexplorer_interfaces__rosidl_generator_c.so
[4.434s] -- Up-to-date: /home/shared/projects/gultepe/cleaner_ws/install/explorer_interfaces/include/explorer_interfaces/explorer_interfaces
[4.435s] -- Up-to-date: /home/shared/projects/gultepe/cleaner_ws/install/explorer_interfaces/include/explorer_interfaces/explorer_interfaces/action
[4.435s] -- Up-to-date: /home/shared/projects/gultepe/cleaner_ws/install/explorer_interfaces/include/explorer_interfaces/explorer_interfaces/action/detail
[4.436s] -- Up-to-date: /home/shared/projects/gultepe/cleaner_ws/install/explorer_interfaces/include/explorer_interfaces/explorer_interfaces/action/detail/wander__rosidl_typesupport_fastrtps_c.h
[4.436s] -- Up-to-date: /home/shared/projects/gultepe/cleaner_ws/install/explorer_interfaces/include/explorer_interfaces/explorer_interfaces/action/detail/discover__rosidl_typesupport_fastrtps_c.h
[4.437s] -- Up-to-date: /home/shared/projects/gultepe/cleaner_ws/install/explorer_interfaces/include/explorer_interfaces/explorer_interfaces/msg
[4.437s] -- Up-to-date: /home/shared/projects/gultepe/cleaner_ws/install/explorer_interfaces/include/explorer_interfaces/explorer_interfaces/msg/rosidl_typesupport_fastrtps_c__visibility_control.h
[4.438s] -- Up-to-date: /home/shared/projects/gultepe/cleaner_ws/install/explorer_interfaces/lib/libexplorer_interfaces__rosidl_typesupport_fastrtps_c.so
[4.439s] -- Up-to-date: /home/shared/projects/gultepe/cleaner_ws/install/explorer_interfaces/include/explorer_interfaces/explorer_interfaces
[4.439s] -- Up-to-date: /home/shared/projects/gultepe/cleaner_ws/install/explorer_interfaces/include/explorer_interfaces/explorer_interfaces/action
[4.440s] -- Up-to-date: /home/shared/projects/gultepe/cleaner_ws/install/explorer_interfaces/include/explorer_interfaces/explorer_interfaces/action/detail
[4.440s] -- Up-to-date: /home/shared/projects/gultepe/cleaner_ws/install/explorer_interfaces/include/explorer_interfaces/explorer_interfaces/action/detail/wander__type_support.c
[4.441s] -- Up-to-date: /home/shared/projects/gultepe/cleaner_ws/install/explorer_interfaces/include/explorer_interfaces/explorer_interfaces/action/detail/discover__rosidl_typesupport_introspection_c.h
[4.442s] -- Up-to-date: /home/shared/projects/gultepe/cleaner_ws/install/explorer_interfaces/include/explorer_interfaces/explorer_interfaces/action/detail/wander__rosidl_typesupport_introspection_c.h
[4.443s] -- Up-to-date: /home/shared/projects/gultepe/cleaner_ws/install/explorer_interfaces/include/explorer_interfaces/explorer_interfaces/action/detail/discover__type_support.c
[4.444s] -- Up-to-date: /home/shared/projects/gultepe/cleaner_ws/install/explorer_interfaces/include/explorer_interfaces/explorer_interfaces/msg
[4.444s] -- Up-to-date: /home/shared/projects/gultepe/cleaner_ws/install/explorer_interfaces/include/explorer_interfaces/explorer_interfaces/msg/rosidl_typesupport_introspection_c__visibility_control.h
[4.445s] -- Up-to-date: /home/shared/projects/gultepe/cleaner_ws/install/explorer_interfaces/lib/libexplorer_interfaces__rosidl_typesupport_introspection_c.so
[4.445s] -- Up-to-date: /home/shared/projects/gultepe/cleaner_ws/install/explorer_interfaces/lib/libexplorer_interfaces__rosidl_typesupport_c.so
[4.446s] -- Up-to-date: /home/shared/projects/gultepe/cleaner_ws/install/explorer_interfaces/include/explorer_interfaces/explorer_interfaces
[4.447s] -- Up-to-date: /home/shared/projects/gultepe/cleaner_ws/install/explorer_interfaces/include/explorer_interfaces/explorer_interfaces/action
[4.447s] -- Up-to-date: /home/shared/projects/gultepe/cleaner_ws/install/explorer_interfaces/include/explorer_interfaces/explorer_interfaces/action/wander.hpp
[4.447s] -- Up-to-date: /home/shared/projects/gultepe/cleaner_ws/install/explorer_interfaces/include/explorer_interfaces/explorer_interfaces/action/discover.hpp
[4.448s] -- Up-to-date: /home/shared/projects/gultepe/cleaner_ws/install/explorer_interfaces/include/explorer_interfaces/explorer_interfaces/action/detail
[4.449s] -- Up-to-date: /home/shared/projects/gultepe/cleaner_ws/install/explorer_interfaces/include/explorer_interfaces/explorer_interfaces/action/detail/discover__builder.hpp
[4.449s] -- Up-to-date: /home/shared/projects/gultepe/cleaner_ws/install/explorer_interfaces/include/explorer_interfaces/explorer_interfaces/action/detail/discover__traits.hpp
[4.450s] -- Up-to-date: /home/shared/projects/gultepe/cleaner_ws/install/explorer_interfaces/include/explorer_interfaces/explorer_interfaces/action/detail/wander__builder.hpp
[4.450s] -- Up-to-date: /home/shared/projects/gultepe/cleaner_ws/install/explorer_interfaces/include/explorer_interfaces/explorer_interfaces/action/detail/wander__traits.hpp
[4.451s] -- Up-to-date: /home/shared/projects/gultepe/cleaner_ws/install/explorer_interfaces/include/explorer_interfaces/explorer_interfaces/action/detail/wander__struct.hpp
[4.451s] -- Up-to-date: /home/shared/projects/gultepe/cleaner_ws/install/explorer_interfaces/include/explorer_interfaces/explorer_interfaces/action/detail/discover__struct.hpp
[4.452s] -- Up-to-date: /home/shared/projects/gultepe/cleaner_ws/install/explorer_interfaces/include/explorer_interfaces/explorer_interfaces
[4.452s] -- Up-to-date: /home/shared/projects/gultepe/cleaner_ws/install/explorer_interfaces/include/explorer_interfaces/explorer_interfaces/action
[4.453s] -- Up-to-date: /home/shared/projects/gultepe/cleaner_ws/install/explorer_interfaces/include/explorer_interfaces/explorer_interfaces/action/detail
[4.454s] -- Up-to-date: /home/shared/projects/gultepe/cleaner_ws/install/explorer_interfaces/include/explorer_interfaces/explorer_interfaces/action/detail/wander__rosidl_typesupport_fastrtps_cpp.hpp
[4.455s] -- Up-to-date: /home/shared/projects/gultepe/cleaner_ws/install/explorer_interfaces/include/explorer_interfaces/explorer_interfaces/action/detail/dds_fastrtps
[4.455s] -- Up-to-date: /home/shared/projects/gultepe/cleaner_ws/install/explorer_interfaces/include/explorer_interfaces/explorer_interfaces/action/detail/discover__rosidl_typesupport_fastrtps_cpp.hpp
[4.456s] -- Up-to-date: /home/shared/projects/gultepe/cleaner_ws/install/explorer_interfaces/include/explorer_interfaces/explorer_interfaces/msg
[4.456s] -- Up-to-date: /home/shared/projects/gultepe/cleaner_ws/install/explorer_interfaces/include/explorer_interfaces/explorer_interfaces/msg/rosidl_typesupport_fastrtps_cpp__visibility_control.h
[4.457s] -- Up-to-date: /home/shared/projects/gultepe/cleaner_ws/install/explorer_interfaces/lib/libexplorer_interfaces__rosidl_typesupport_fastrtps_cpp.so
[4.457s] -- Up-to-date: /home/shared/projects/gultepe/cleaner_ws/install/explorer_interfaces/include/explorer_interfaces/explorer_interfaces
[4.458s] -- Up-to-date: /home/shared/projects/gultepe/cleaner_ws/install/explorer_interfaces/include/explorer_interfaces/explorer_interfaces/action
[4.458s] -- Up-to-date: /home/shared/projects/gultepe/cleaner_ws/install/explorer_interfaces/include/explorer_interfaces/explorer_interfaces/action/detail
[4.459s] -- Up-to-date: /home/shared/projects/gultepe/cleaner_ws/install/explorer_interfaces/include/explorer_interfaces/explorer_interfaces/action/detail/wander__rosidl_typesupport_introspection_cpp.hpp
[4.460s] -- Up-to-date: /home/shared/projects/gultepe/cleaner_ws/install/explorer_interfaces/include/explorer_interfaces/explorer_interfaces/action/detail/discover__rosidl_typesupport_introspection_cpp.hpp
[4.461s] -- Up-to-date: /home/shared/projects/gultepe/cleaner_ws/install/explorer_interfaces/include/explorer_interfaces/explorer_interfaces/action/detail/wander__type_support.cpp
[4.461s] -- Up-to-date: /home/shared/projects/gultepe/cleaner_ws/install/explorer_interfaces/include/explorer_interfaces/explorer_interfaces/action/detail/discover__type_support.cpp
[4.462s] -- Up-to-date: /home/shared/projects/gultepe/cleaner_ws/install/explorer_interfaces/lib/libexplorer_interfaces__rosidl_typesupport_introspection_cpp.so
[4.462s] -- Up-to-date: /home/shared/projects/gultepe/cleaner_ws/install/explorer_interfaces/lib/libexplorer_interfaces__rosidl_typesupport_cpp.so
[4.463s] -- Up-to-date: /home/shared/projects/gultepe/cleaner_ws/install/explorer_interfaces/share/explorer_interfaces/environment/pythonpath.sh
[4.463s] -- Up-to-date: /home/shared/projects/gultepe/cleaner_ws/install/explorer_interfaces/share/explorer_interfaces/environment/pythonpath.dsv
[4.464s] -- Up-to-date: /home/shared/projects/gultepe/cleaner_ws/install/explorer_interfaces/local/lib/python3.10/dist-packages/explorer_interfaces-0.0.0-py3.10.egg-info
[4.465s] -- Installing: /home/shared/projects/gultepe/cleaner_ws/install/explorer_interfaces/local/lib/python3.10/dist-packages/explorer_interfaces-0.0.0-py3.10.egg-info/PKG-INFO
[4.465s] -- Installing: /home/shared/projects/gultepe/cleaner_ws/install/explorer_interfaces/local/lib/python3.10/dist-packages/explorer_interfaces-0.0.0-py3.10.egg-info/SOURCES.txt
[4.466s] -- Installing: /home/shared/projects/gultepe/cleaner_ws/install/explorer_interfaces/local/lib/python3.10/dist-packages/explorer_interfaces-0.0.0-py3.10.egg-info/dependency_links.txt
[4.466s] -- Installing: /home/shared/projects/gultepe/cleaner_ws/install/explorer_interfaces/local/lib/python3.10/dist-packages/explorer_interfaces-0.0.0-py3.10.egg-info/top_level.txt
[4.467s] -- Up-to-date: /home/shared/projects/gultepe/cleaner_ws/install/explorer_interfaces/local/lib/python3.10/dist-packages/explorer_interfaces
[4.467s] -- Up-to-date: /home/shared/projects/gultepe/cleaner_ws/install/explorer_interfaces/local/lib/python3.10/dist-packages/explorer_interfaces/libexplorer_interfaces__rosidl_generator_py.so
[4.468s] -- Up-to-date: /home/shared/projects/gultepe/cleaner_ws/install/explorer_interfaces/local/lib/python3.10/dist-packages/explorer_interfaces/explorer_interfaces_s__rosidl_typesupport_fastrtps_c.cpython-310-x86_64-linux-gnu.so
[4.468s] -- Up-to-date: /home/shared/projects/gultepe/cleaner_ws/install/explorer_interfaces/local/lib/python3.10/dist-packages/explorer_interfaces/_explorer_interfaces_s.ep.rosidl_typesupport_fastrtps_c.c
[4.469s] -- Up-to-date: /home/shared/projects/gultepe/cleaner_ws/install/explorer_interfaces/local/lib/python3.10/dist-packages/explorer_interfaces/explorer_interfaces_s__rosidl_typesupport_c.cpython-310-x86_64-linux-gnu.so
[4.470s] -- Up-to-date: /home/shared/projects/gultepe/cleaner_ws/install/explorer_interfaces/local/lib/python3.10/dist-packages/explorer_interfaces/explorer_interfaces_s__rosidl_typesupport_introspection_c.cpython-310-x86_64-linux-gnu.so
[4.470s] -- Up-to-date: /home/shared/projects/gultepe/cleaner_ws/install/explorer_interfaces/local/lib/python3.10/dist-packages/explorer_interfaces/action
[4.471s] -- Up-to-date: /home/shared/projects/gultepe/cleaner_ws/install/explorer_interfaces/local/lib/python3.10/dist-packages/explorer_interfaces/action/_discover_s.c
[4.471s] -- Up-to-date: /home/shared/projects/gultepe/cleaner_ws/install/explorer_interfaces/local/lib/python3.10/dist-packages/explorer_interfaces/action/_wander_s.c
[4.472s] -- Up-to-date: /home/shared/projects/gultepe/cleaner_ws/install/explorer_interfaces/local/lib/python3.10/dist-packages/explorer_interfaces/action/_wander.py
[4.472s] -- Up-to-date: /home/shared/projects/gultepe/cleaner_ws/install/explorer_interfaces/local/lib/python3.10/dist-packages/explorer_interfaces/action/_discover.py
[4.473s] -- Up-to-date: /home/shared/projects/gultepe/cleaner_ws/install/explorer_interfaces/local/lib/python3.10/dist-packages/explorer_interfaces/action/__init__.py
[4.473s] -- Up-to-date: /home/shared/projects/gultepe/cleaner_ws/install/explorer_interfaces/local/lib/python3.10/dist-packages/explorer_interfaces/__init__.py
[4.474s] -- Up-to-date: /home/shared/projects/gultepe/cleaner_ws/install/explorer_interfaces/local/lib/python3.10/dist-packages/explorer_interfaces/_explorer_interfaces_s.ep.rosidl_typesupport_introspection_c.c
[4.474s] -- Up-to-date: /home/shared/projects/gultepe/cleaner_ws/install/explorer_interfaces/local/lib/python3.10/dist-packages/explorer_interfaces/_explorer_interfaces_s.ep.rosidl_typesupport_c.c
[4.527s] Listing '/home/shared/projects/gultepe/cleaner_ws/install/explorer_interfaces/local/lib/python3.10/dist-packages/explorer_interfaces'...
[4.528s] Listing '/home/shared/projects/gultepe/cleaner_ws/install/explorer_interfaces/local/lib/python3.10/dist-packages/explorer_interfaces/action'...
[4.538s] -- Up-to-date: /home/shared/projects/gultepe/cleaner_ws/install/explorer_interfaces/local/lib/python3.10/dist-packages/explorer_interfaces/explorer_interfaces_s__rosidl_typesupport_fastrtps_c.cpython-310-x86_64-linux-gnu.so
[4.539s] -- Up-to-date: /home/shared/projects/gultepe/cleaner_ws/install/explorer_interfaces/local/lib/python3.10/dist-packages/explorer_interfaces/explorer_interfaces_s__rosidl_typesupport_introspection_c.cpython-310-x86_64-linux-gnu.so
[4.540s] -- Up-to-date: /home/shared/projects/gultepe/cleaner_ws/install/explorer_interfaces/local/lib/python3.10/dist-packages/explorer_interfaces/explorer_interfaces_s__rosidl_typesupport_c.cpython-310-x86_64-linux-gnu.so
[4.541s] -- Up-to-date: /home/shared/projects/gultepe/cleaner_ws/install/explorer_interfaces/lib/libexplorer_interfaces__rosidl_generator_py.so
[4.542s] -- Up-to-date: /home/shared/projects/gultepe/cleaner_ws/install/explorer_interfaces/share/explorer_interfaces/action/Wander.idl
[4.543s] -- Up-to-date: /home/shared/projects/gultepe/cleaner_ws/install/explorer_interfaces/share/explorer_interfaces/action/Discover.idl
[4.543s] -- Up-to-date: /home/shared/projects/gultepe/cleaner_ws/install/explorer_interfaces/share/explorer_interfaces/action/Wander.action
[4.544s] -- Up-to-date: /home/shared/projects/gultepe/cleaner_ws/install/explorer_interfaces/share/explorer_interfaces/action/Discover.action
[4.545s] -- Up-to-date: /home/shared/projects/gultepe/cleaner_ws/install/explorer_interfaces/share/ament_index/resource_index/package_run_dependencies/explorer_interfaces
[4.545s] -- Up-to-date: /home/shared/projects/gultepe/cleaner_ws/install/explorer_interfaces/share/ament_index/resource_index/parent_prefix_path/explorer_interfaces
[4.546s] -- Up-to-date: /home/shared/projects/gultepe/cleaner_ws/install/explorer_interfaces/share/explorer_interfaces/environment/ament_prefix_path.sh
[4.547s] -- Up-to-date: /home/shared/projects/gultepe/cleaner_ws/install/explorer_interfaces/share/explorer_interfaces/environment/ament_prefix_path.dsv
[4.547s] -- Up-to-date: /home/shared/projects/gultepe/cleaner_ws/install/explorer_interfaces/share/explorer_interfaces/environment/path.sh
[4.548s] -- Up-to-date: /home/shared/projects/gultepe/cleaner_ws/install/explorer_interfaces/share/explorer_interfaces/environment/path.dsv
[4.548s] -- Up-to-date: /home/shared/projects/gultepe/cleaner_ws/install/explorer_interfaces/share/explorer_interfaces/local_setup.bash
[4.549s] -- Up-to-date: /home/shared/projects/gultepe/cleaner_ws/install/explorer_interfaces/share/explorer_interfaces/local_setup.sh
[4.549s] -- Up-to-date: /home/shared/projects/gultepe/cleaner_ws/install/explorer_interfaces/share/explorer_interfaces/local_setup.zsh
[4.550s] -- Up-to-date: /home/shared/projects/gultepe/cleaner_ws/install/explorer_interfaces/share/explorer_interfaces/local_setup.dsv
[4.550s] -- Installing: /home/shared/projects/gultepe/cleaner_ws/install/explorer_interfaces/share/explorer_interfaces/package.dsv
[4.550s] -- Up-to-date: /home/shared/projects/gultepe/cleaner_ws/install/explorer_interfaces/share/ament_index/resource_index/packages/explorer_interfaces
[4.551s] -- Up-to-date: /home/shared/projects/gultepe/cleaner_ws/install/explorer_interfaces/share/explorer_interfaces/cmake/export_explorer_interfaces__rosidl_generator_cExport.cmake
[4.551s] -- Up-to-date: /home/shared/projects/gultepe/cleaner_ws/install/explorer_interfaces/share/explorer_interfaces/cmake/export_explorer_interfaces__rosidl_generator_cExport-noconfig.cmake
[4.552s] -- Up-to-date: /home/shared/projects/gultepe/cleaner_ws/install/explorer_interfaces/share/explorer_interfaces/cmake/export_explorer_interfaces__rosidl_typesupport_fastrtps_cExport.cmake
[4.552s] -- Up-to-date: /home/shared/projects/gultepe/cleaner_ws/install/explorer_interfaces/share/explorer_interfaces/cmake/export_explorer_interfaces__rosidl_typesupport_fastrtps_cExport-noconfig.cmake
[4.553s] -- Up-to-date: /home/shared/projects/gultepe/cleaner_ws/install/explorer_interfaces/share/explorer_interfaces/cmake/explorer_interfaces__rosidl_typesupport_introspection_cExport.cmake
[4.553s] -- Up-to-date: /home/shared/projects/gultepe/cleaner_ws/install/explorer_interfaces/share/explorer_interfaces/cmake/explorer_interfaces__rosidl_typesupport_introspection_cExport-noconfig.cmake
[4.553s] -- Up-to-date: /home/shared/projects/gultepe/cleaner_ws/install/explorer_interfaces/share/explorer_interfaces/cmake/explorer_interfaces__rosidl_typesupport_cExport.cmake
[4.553s] -- Up-to-date: /home/shared/projects/gultepe/cleaner_ws/install/explorer_interfaces/share/explorer_interfaces/cmake/explorer_interfaces__rosidl_typesupport_cExport-noconfig.cmake
[4.554s] -- Up-to-date: /home/shared/projects/gultepe/cleaner_ws/install/explorer_interfaces/share/explorer_interfaces/cmake/export_explorer_interfaces__rosidl_generator_cppExport.cmake
[4.554s] -- Up-to-date: /home/shared/projects/gultepe/cleaner_ws/install/explorer_interfaces/share/explorer_interfaces/cmake/export_explorer_interfaces__rosidl_typesupport_fastrtps_cppExport.cmake
[4.555s] -- Up-to-date: /home/shared/projects/gultepe/cleaner_ws/install/explorer_interfaces/share/explorer_interfaces/cmake/export_explorer_interfaces__rosidl_typesupport_fastrtps_cppExport-noconfig.cmake
[4.555s] -- Up-to-date: /home/shared/projects/gultepe/cleaner_ws/install/explorer_interfaces/share/explorer_interfaces/cmake/explorer_interfaces__rosidl_typesupport_introspection_cppExport.cmake
[4.555s] -- Up-to-date: /home/shared/projects/gultepe/cleaner_ws/install/explorer_interfaces/share/explorer_interfaces/cmake/explorer_interfaces__rosidl_typesupport_introspection_cppExport-noconfig.cmake
[4.556s] -- Up-to-date: /home/shared/projects/gultepe/cleaner_ws/install/explorer_interfaces/share/explorer_interfaces/cmake/explorer_interfaces__rosidl_typesupport_cppExport.cmake
[4.556s] -- Up-to-date: /home/shared/projects/gultepe/cleaner_ws/install/explorer_interfaces/share/explorer_interfaces/cmake/explorer_interfaces__rosidl_typesupport_cppExport-noconfig.cmake
[4.557s] -- Up-to-date: /home/shared/projects/gultepe/cleaner_ws/install/explorer_interfaces/share/explorer_interfaces/cmake/export_explorer_interfaces__rosidl_generator_pyExport.cmake
[4.557s] -- Up-to-date: /home/shared/projects/gultepe/cleaner_ws/install/explorer_interfaces/share/explorer_interfaces/cmake/export_explorer_interfaces__rosidl_generator_pyExport-noconfig.cmake
[4.557s] -- Up-to-date: /home/shared/projects/gultepe/cleaner_ws/install/explorer_interfaces/share/explorer_interfaces/cmake/rosidl_cmake-extras.cmake
[4.558s] -- Up-to-date: /home/shared/projects/gultepe/cleaner_ws/install/explorer_interfaces/share/explorer_interfaces/cmake/ament_cmake_export_dependencies-extras.cmake
[4.558s] -- Up-to-date: /home/shared/projects/gultepe/cleaner_ws/install/explorer_interfaces/share/explorer_interfaces/cmake/ament_cmake_export_include_directories-extras.cmake
[4.559s] -- Up-to-date: /home/shared/projects/gultepe/cleaner_ws/install/explorer_interfaces/share/explorer_interfaces/cmake/ament_cmake_export_libraries-extras.cmake
[4.559s] -- Up-to-date: /home/shared/projects/gultepe/cleaner_ws/install/explorer_interfaces/share/explorer_interfaces/cmake/ament_cmake_export_targets-extras.cmake
[4.560s] -- Up-to-date: /home/shared/projects/gultepe/cleaner_ws/install/explorer_interfaces/share/explorer_interfaces/cmake/rosidl_cmake_export_typesupport_targets-extras.cmake
[4.560s] -- Up-to-date: /home/shared/projects/gultepe/cleaner_ws/install/explorer_interfaces/share/explorer_interfaces/cmake/rosidl_cmake_export_typesupport_libraries-extras.cmake
[4.560s] -- Up-to-date: /home/shared/projects/gultepe/cleaner_ws/install/explorer_interfaces/share/explorer_interfaces/cmake/explorer_interfacesConfig.cmake
[4.561s] -- Up-to-date: /home/shared/projects/gultepe/cleaner_ws/install/explorer_interfaces/share/explorer_interfaces/cmake/explorer_interfacesConfig-version.cmake
[4.561s] -- Up-to-date: /home/shared/projects/gultepe/cleaner_ws/install/explorer_interfaces/share/explorer_interfaces/package.xml
[5.055s] Invoked command in '/home/shared/projects/gultepe/cleaner_ws/build/explorer_interfaces' returned '0': CMAKE_PREFIX_PATH=${CMAKE_PREFIX_PATH}:/home/tunaprogrammer/projects/gultepe/cleaner_ws/install/bno055:/home/tunaprogrammer/projects/gultepe/humble_ws/install/jetpack:/home/tunaprogrammer/projects/gultepe/humble_ws/install/python_pkg:/home/tunaprogrammer/projects/gultepe/humble_ws/install/catcher:/opt/ros/humble /usr/bin/cmake --install /home/shared/projects/gultepe/cleaner_ws/build/explorer_interfaces
