[5.679s] Invoking command in '/home/shared/projects/gultepe/cleaner_ws/src/bno055': PYTHONPATH=/home/shared/projects/gultepe/cleaner_ws/build/bno055/prefix_override:/home/shared/projects/gultepe/cleaner_ws/install/bno055/lib/python3.10/site-packages:${PYTHONPATH} /usr/bin/python3 setup.py egg_info --egg-base ../../build/bno055 build --build-base /home/shared/projects/gultepe/cleaner_ws/build/bno055/build install --record /home/shared/projects/gultepe/cleaner_ws/build/bno055/install.log --single-version-externally-managed
[6.254s] running egg_info
[6.255s] writing ../../build/bno055/bno055.egg-info/PKG-INFO
[6.256s] writing dependency_links to ../../build/bno055/bno055.egg-info/dependency_links.txt
[6.256s] writing entry points to ../../build/bno055/bno055.egg-info/entry_points.txt
[6.257s] writing requirements to ../../build/bno055/bno055.egg-info/requires.txt
[6.257s] writing top-level names to ../../build/bno055/bno055.egg-info/top_level.txt
[6.261s] reading manifest file '../../build/bno055/bno055.egg-info/SOURCES.txt'
[6.261s] adding license file 'LICENSE'
[6.261s] adding license file 'AUTHORS'
[6.263s] writing manifest file '../../build/bno055/bno055.egg-info/SOURCES.txt'
[6.265s] running build
[6.266s] running build_py
[6.270s] running install
[6.270s] running install_lib
[6.273s] running install_data
[6.278s] running install_egg_info
[6.279s] removing '/home/shared/projects/gultepe/cleaner_ws/install/bno055/lib/python3.10/site-packages/bno055-0.4.1-py3.10.egg-info' (and everything under it)
[6.282s] Copying ../../build/bno055/bno055.egg-info to /home/shared/projects/gultepe/cleaner_ws/install/bno055/lib/python3.10/site-packages/bno055-0.4.1-py3.10.egg-info
[6.282s] running install_scripts
[6.313s] Installing bno055 script to /home/shared/projects/gultepe/cleaner_ws/install/bno055/lib/bno055
[6.314s] writing list of installed files to '/home/shared/projects/gultepe/cleaner_ws/build/bno055/install.log'
[6.669s] Invoked command in '/home/shared/projects/gultepe/cleaner_ws/src/bno055' returned '0': PYTHONPATH=/home/shared/projects/gultepe/cleaner_ws/build/bno055/prefix_override:/home/shared/projects/gultepe/cleaner_ws/install/bno055/lib/python3.10/site-packages:${PYTHONPATH} /usr/bin/python3 setup.py egg_info --egg-base ../../build/bno055 build --build-base /home/shared/projects/gultepe/cleaner_ws/build/bno055/build install --record /home/shared/projects/gultepe/cleaner_ws/build/bno055/install.log --single-version-externally-managed
