[4.179s] Invoking command in '/home/shared/projects/gultepe/cleaner_ws/src/bno055': PYTHONPATH=/home/shared/projects/gultepe/cleaner_ws/build/bno055/prefix_override:/home/shared/projects/gultepe/cleaner_ws/install/bno055/lib/python3.10/site-packages:${PYTHONPATH} /usr/bin/python3 setup.py egg_info --egg-base ../../build/bno055 build --build-base /home/shared/projects/gultepe/cleaner_ws/build/bno055/build install --record /home/shared/projects/gultepe/cleaner_ws/build/bno055/install.log --single-version-externally-managed
[5.336s] running egg_info
[5.338s] writing ../../build/bno055/bno055.egg-info/PKG-INFO
[5.339s] writing dependency_links to ../../build/bno055/bno055.egg-info/dependency_links.txt
[5.340s] writing entry points to ../../build/bno055/bno055.egg-info/entry_points.txt
[5.340s] writing requirements to ../../build/bno055/bno055.egg-info/requires.txt
[5.341s] writing top-level names to ../../build/bno055/bno055.egg-info/top_level.txt
[5.348s] reading manifest file '../../build/bno055/bno055.egg-info/SOURCES.txt'
[5.349s] adding license file 'LICENSE'
[5.350s] adding license file 'AUTHORS'
[5.353s] writing manifest file '../../build/bno055/bno055.egg-info/SOURCES.txt'
[5.353s] running build
[5.354s] running build_py
[5.359s] running install
[5.360s] running install_lib
[5.367s] running install_data
[5.370s] running install_egg_info
[5.376s] removing '/home/shared/projects/gultepe/cleaner_ws/install/bno055/lib/python3.10/site-packages/bno055-0.4.1-py3.10.egg-info' (and everything under it)
[5.377s] Copying ../../build/bno055/bno055.egg-info to /home/shared/projects/gultepe/cleaner_ws/install/bno055/lib/python3.10/site-packages/bno055-0.4.1-py3.10.egg-info
[5.381s] running install_scripts
[5.463s] Installing bno055 script to /home/shared/projects/gultepe/cleaner_ws/install/bno055/lib/bno055
[5.466s] writing list of installed files to '/home/shared/projects/gultepe/cleaner_ws/build/bno055/install.log'
[5.543s] Invoked command in '/home/shared/projects/gultepe/cleaner_ws/src/bno055' returned '0': PYTHONPATH=/home/shared/projects/gultepe/cleaner_ws/build/bno055/prefix_override:/home/shared/projects/gultepe/cleaner_ws/install/bno055/lib/python3.10/site-packages:${PYTHONPATH} /usr/bin/python3 setup.py egg_info --egg-base ../../build/bno055 build --build-base /home/shared/projects/gultepe/cleaner_ws/build/bno055/build install --record /home/shared/projects/gultepe/cleaner_ws/build/bno055/install.log --single-version-externally-managed
