[0.797s] Invoking command in '/home/shared/projects/gultepe/cleaner_ws/build/gultepe_scripts': PYTHONPATH=/home/shared/projects/gultepe/cleaner_ws/build/gultepe_scripts/prefix_override:/home/shared/projects/gultepe/cleaner_ws/install/gultepe_scripts/lib/python3.10/site-packages:${PYTHONPATH} /usr/bin/python3 setup.py develop --uninstall --editable --build-directory /home/shared/projects/gultepe/cleaner_ws/build/gultepe_scripts/build
[0.994s] running develop
[1.101s] Removing /home/shared/projects/gultepe/cleaner_ws/install/gultepe_scripts/lib/python3.10/site-packages/gultepe-scripts.egg-link (link to .)
[1.125s] Invoked command in '/home/shared/projects/gultepe/cleaner_ws/build/gultepe_scripts' returned '0': PYTHONPATH=/home/shared/projects/gultepe/cleaner_ws/build/gultepe_scripts/prefix_override:/home/shared/projects/gultepe/cleaner_ws/install/gultepe_scripts/lib/python3.10/site-packages:${PYTHONPATH} /usr/bin/python3 setup.py develop --uninstall --editable --build-directory /home/shared/projects/gultepe/cleaner_ws/build/gultepe_scripts/build
[1.126s] Invoking command in '/home/shared/projects/gultepe/cleaner_ws/src/gultepe_scripts': PYTHONPATH=/home/shared/projects/gultepe/cleaner_ws/build/gultepe_scripts/prefix_override:/home/shared/projects/gultepe/cleaner_ws/install/gultepe_scripts/lib/python3.10/site-packages:${PYTHONPATH} /usr/bin/python3 setup.py egg_info --egg-base ../../build/gultepe_scripts build --build-base /home/shared/projects/gultepe/cleaner_ws/build/gultepe_scripts/build install --record /home/shared/projects/gultepe/cleaner_ws/build/gultepe_scripts/install.log --single-version-externally-managed
[1.284s] running egg_info
[1.284s] writing ../../build/gultepe_scripts/gultepe_scripts.egg-info/PKG-INFO
[1.285s] writing dependency_links to ../../build/gultepe_scripts/gultepe_scripts.egg-info/dependency_links.txt
[1.285s] writing entry points to ../../build/gultepe_scripts/gultepe_scripts.egg-info/entry_points.txt
[1.285s] writing requirements to ../../build/gultepe_scripts/gultepe_scripts.egg-info/requires.txt
[1.285s] writing top-level names to ../../build/gultepe_scripts/gultepe_scripts.egg-info/top_level.txt
[1.286s] reading manifest file '../../build/gultepe_scripts/gultepe_scripts.egg-info/SOURCES.txt'
[1.292s] writing manifest file '../../build/gultepe_scripts/gultepe_scripts.egg-info/SOURCES.txt'
[1.292s] running build
[1.292s] running build_py
[1.292s] creating /home/shared/projects/gultepe/cleaner_ws/build/gultepe_scripts/build
[1.292s] creating /home/shared/projects/gultepe/cleaner_ws/build/gultepe_scripts/build/lib
[1.293s] creating /home/shared/projects/gultepe/cleaner_ws/build/gultepe_scripts/build/lib/gultepe_scripts
[1.293s] copying gultepe_scripts/nav_bridge.py -> /home/shared/projects/gultepe/cleaner_ws/build/gultepe_scripts/build/lib/gultepe_scripts
[1.293s] copying gultepe_scripts/grid_sweeper.py -> /home/shared/projects/gultepe/cleaner_ws/build/gultepe_scripts/build/lib/gultepe_scripts
[1.293s] copying gultepe_scripts/__init__.py -> /home/shared/projects/gultepe/cleaner_ws/build/gultepe_scripts/build/lib/gultepe_scripts
[1.293s] running install
[1.293s] running install_lib
[1.293s] creating /home/shared/projects/gultepe/cleaner_ws/install/gultepe_scripts/lib/python3.10/site-packages/gultepe_scripts
[1.293s] copying /home/shared/projects/gultepe/cleaner_ws/build/gultepe_scripts/build/lib/gultepe_scripts/nav_bridge.py -> /home/shared/projects/gultepe/cleaner_ws/install/gultepe_scripts/lib/python3.10/site-packages/gultepe_scripts
[1.293s] copying /home/shared/projects/gultepe/cleaner_ws/build/gultepe_scripts/build/lib/gultepe_scripts/grid_sweeper.py -> /home/shared/projects/gultepe/cleaner_ws/install/gultepe_scripts/lib/python3.10/site-packages/gultepe_scripts
[1.293s] copying /home/shared/projects/gultepe/cleaner_ws/build/gultepe_scripts/build/lib/gultepe_scripts/__init__.py -> /home/shared/projects/gultepe/cleaner_ws/install/gultepe_scripts/lib/python3.10/site-packages/gultepe_scripts
[1.293s] byte-compiling /home/shared/projects/gultepe/cleaner_ws/install/gultepe_scripts/lib/python3.10/site-packages/gultepe_scripts/nav_bridge.py to nav_bridge.cpython-310.pyc
[1.294s] byte-compiling /home/shared/projects/gultepe/cleaner_ws/install/gultepe_scripts/lib/python3.10/site-packages/gultepe_scripts/grid_sweeper.py to grid_sweeper.cpython-310.pyc
[1.295s] byte-compiling /home/shared/projects/gultepe/cleaner_ws/install/gultepe_scripts/lib/python3.10/site-packages/gultepe_scripts/__init__.py to __init__.cpython-310.pyc
[1.295s] running install_data
[1.295s] running install_egg_info
[1.296s] Copying ../../build/gultepe_scripts/gultepe_scripts.egg-info to /home/shared/projects/gultepe/cleaner_ws/install/gultepe_scripts/lib/python3.10/site-packages/gultepe_scripts-0.0.0-py3.10.egg-info
[1.297s] running install_scripts
[1.309s] Installing grid_sweeper script to /home/shared/projects/gultepe/cleaner_ws/install/gultepe_scripts/lib/gultepe_scripts
[1.309s] Installing nav_cmd_test script to /home/shared/projects/gultepe/cleaner_ws/install/gultepe_scripts/lib/gultepe_scripts
[1.309s] writing list of installed files to '/home/shared/projects/gultepe/cleaner_ws/build/gultepe_scripts/install.log'
[1.323s] Invoked command in '/home/shared/projects/gultepe/cleaner_ws/src/gultepe_scripts' returned '0': PYTHONPATH=/home/shared/projects/gultepe/cleaner_ws/build/gultepe_scripts/prefix_override:/home/shared/projects/gultepe/cleaner_ws/install/gultepe_scripts/lib/python3.10/site-packages:${PYTHONPATH} /usr/bin/python3 setup.py egg_info --egg-base ../../build/gultepe_scripts build --build-base /home/shared/projects/gultepe/cleaner_ws/build/gultepe_scripts/build install --record /home/shared/projects/gultepe/cleaner_ws/build/gultepe_scripts/install.log --single-version-externally-managed
