[0.000000] (-) TimerEvent: {}
[0.000213] (-) JobUnselected: {'identifier': 'bno055'}
[0.000432] (-) JobUnselected: {'identifier': 'cleaner_bringup'}
[0.000555] (-) JobUnselected: {'identifier': 'cleaner_description'}
[0.000605] (-) JobUnselected: {'identifier': 'gultepe_scripts'}
[0.000634] (-) JobUnselected: {'identifier': 'rplidar_ros'}
[0.000686] (-) JobUnselected: {'identifier': 'serial_motor_demo'}
[0.000701] (-) JobUnselected: {'identifier': 'serial_motor_demo_msgs'}
[0.000724] (linear_sweep) JobQueued: {'identifier': 'linear_sweep', 'dependencies': OrderedDict()}
[0.000754] (linear_sweep) JobStarted: {'identifier': 'linear_sweep'}
[0.099778] (-) TimerEvent: {}
[0.200012] (-) TimerEvent: {}
[0.300252] (-) TimerEvent: {}
[0.400507] (-) TimerEvent: {}
[0.500811] (-) TimerEvent: {}
[0.601095] (-) TimerEvent: {}
[0.627154] (linear_sweep) Command: {'cmd': ['/usr/bin/python3', 'setup.py', 'develop', '--editable', '--build-directory', '/home/shared/projects/gultepe/cleaner_ws/build/linear_sweep/build', '--no-deps', 'install_data'], 'cwd': '/home/shared/projects/gultepe/cleaner_ws/build/linear_sweep', 'env': {'GJS_DEBUG_TOPICS': 'JS ERROR;JS LOG', 'USER': 'tunaprogrammer', 'LC_TIME': 'tr_TR.UTF-8', 'GIO_MODULE_DIR': '/home/tunaprogrammer/snap/code/common/.cache/gio-modules', 'XDG_SESSION_TYPE': 'x11', 'GTK_EXE_PREFIX_VSCODE_SNAP_ORIG': '', 'GIT_ASKPASS': '/snap/code/148/usr/share/code/resources/app/extensions/git/dist/askpass.sh', 'GDK_BACKEND_VSCODE_SNAP_ORIG': '', 'SHLVL': '1', 'LD_LIBRARY_PATH': '/home/tunaprogrammer/projects/gultepe/cleaner_ws/install/serial_motor_demo_msgs/lib:/home/tunaprogrammer/projects/gultepe/cleaner_ws/install/multirobot_map_merge/lib:/home/tunaprogrammer/projects/gultepe/humble_ws/install/test_interfaces/lib:/usr/lib/x86_64-linux-gnu/gazebo-11/plugins:/opt/ros/humble/opt/rviz_ogre_vendor/lib:/opt/ros/humble/lib/x86_64-linux-gnu:/opt/ros/humble/lib', 'HOME': '/home/tunaprogrammer', 'LOCPATH_VSCODE_SNAP_ORIG': '', 'CHROME_DESKTOP': 'code-url-handler.desktop', 'OLDPWD': '/home/shared/projects/gultepe/cleaner_ws/src', 'DESKTOP_SESSION': 'ubuntu', 'GTK_PATH': '/snap/code/148/usr/lib/x86_64-linux-gnu/gtk-3.0', 'TERM_PROGRAM_VERSION': '1.85.1', 'GTK_IM_MODULE_FILE': '/home/tunaprogrammer/snap/code/common/.cache/immodules/immodules.cache', 'GIO_LAUNCHED_DESKTOP_FILE': '/var/lib/snapd/desktop/applications/code_code.desktop', 'GNOME_SHELL_SESSION_MODE': 'ubuntu', 'GTK_MODULES': 'gail:atk-bridge', 'GSETTINGS_SCHEMA_DIR_VSCODE_SNAP_ORIG': '', 'ROS_PYTHON_VERSION': '3', 'VSCODE_GIT_ASKPASS_MAIN': '/snap/code/148/usr/share/code/resources/app/extensions/git/dist/askpass-main.js', 'LC_MONETARY': 'tr_TR.UTF-8', 'MANAGERPID': '2962', 'VSCODE_GIT_ASKPASS_NODE': '/snap/code/148/usr/share/code/code', 'SYSTEMD_EXEC_PID': '3546', 'DBUS_SESSION_BUS_ADDRESS': 'unix:path=/run/user/1000/bus', 'GIO_LAUNCHED_DESKTOP_FILE_PID': '7316', 'COLORTERM': 'truecolor', 'ROS_DISTRO': 'humble', 'COLCON_PREFIX_PATH': '/home/tunaprogrammer/projects/gultepe/cleaner_ws/install:/home/tunaprogrammer/projects/gultepe/humble_ws/install', 'GTK_IM_MODULE': 'ibus', 'LOGNAME': 'tunaprogrammer', 'JOURNAL_STREAM': '8:22342', '_': '/usr/bin/colcon', 'XDG_CONFIG_DIRS_VSCODE_SNAP_ORIG': '/etc/xdg/xdg-ubuntu:/etc/xdg', 'XDG_SESSION_CLASS': 'user', 'XDG_DATA_DIRS_VSCODE_SNAP_ORIG': '/usr/share/ubuntu:/usr/share/gnome:/usr/local/share/:/usr/share/:/var/lib/snapd/desktop', 'ROS_VERSION': '2', 'USER_ZDOTDIR': '/home/tunaprogrammer', 'USERNAME': 'tunaprogrammer', 'TERM': 'xterm-256color', 'GNOME_DESKTOP_SESSION_ID': 'this-is-deprecated', 'ROS_LOCALHOST_ONLY': '0', 'WINDOWPATH': '2', 'PATH': '/home/tunaprogrammer/applications:/opt/ros/humble/bin:/home/tunaprogrammer/applications:/home/tunaprogrammer/.local/bin:/usr/local/sbin:/usr/local/bin:/usr/sbin:/usr/bin:/sbin:/bin:/usr/games:/usr/local/games:/snap/bin:/snap/bin', 'SESSION_MANAGER': 'local/ubuntuna:@/tmp/.ICE-unix/3527,unix/ubuntuna:/tmp/.ICE-unix/3527', 'GTK_EXE_PREFIX': '/snap/code/148/usr', 'INVOCATION_ID': '697bae0662fb43dd8c910e7b0d2e8123', 'XDG_MENU_PREFIX': 'gnome-', 'LC_ADDRESS': 'tr_TR.UTF-8', 'BAMF_DESKTOP_FILE_HINT': '/var/lib/snapd/desktop/applications/code_code.desktop', 'XDG_RUNTIME_DIR': '/run/user/1000', 'GDK_BACKEND': 'x11', 'DISPLAY': ':1', 'LOCPATH': '/snap/code/148/usr/lib/locale', 'LANG': 'en_US.UTF-8', 'XDG_CURRENT_DESKTOP': 'Unity', 'LC_TELEPHONE': 'tr_TR.UTF-8', 'VSCODE_INJECTION': '1', 'GIO_MODULE_DIR_VSCODE_SNAP_ORIG': '', 'XMODIFIERS': '@im=ibus', 'XDG_SESSION_DESKTOP': 'ubuntu', 'XAUTHORITY': '/run/user/1000/gdm/Xauthority', 'LS_COLORS': 'ow=01;33:ow=01;33', 'TERM_PROGRAM': 'vscode', 'VSCODE_GIT_IPC_HANDLE': '/run/user/1000/vscode-git-e96b9a6d0f.sock', 'SSH_AGENT_LAUNCHER': 'gnome-keyring', 'SSH_AUTH_SOCK': '/run/user/1000/keyring/ssh', 'GSETTINGS_SCHEMA_DIR': '/home/tunaprogrammer/snap/code/148/.local/share/glib-2.0/schemas', 'ORIGINAL_XDG_CURRENT_DESKTOP': 'ubuntu:GNOME', 'AMENT_PREFIX_PATH': '/home/tunaprogrammer/projects/gultepe/cleaner_ws/install/turtlebot3_simulations:/home/tunaprogrammer/projects/gultepe/cleaner_ws/install/turtlebot3_gazebo:/home/tunaprogrammer/projects/gultepe/cleaner_ws/install/serial_motor_demo:/home/tunaprogrammer/projects/gultepe/cleaner_ws/install/serial_motor_demo_msgs:/home/tunaprogrammer/projects/gultepe/cleaner_ws/install/rplidar_ros:/home/tunaprogrammer/projects/gultepe/cleaner_ws/install/multirobot_map_merge:/home/tunaprogrammer/projects/gultepe/cleaner_ws/install/linear_sweep:/home/tunaprogrammer/projects/gultepe/cleaner_ws/install/gultepe_scripts:/home/tunaprogrammer/projects/gultepe/cleaner_ws/install/gultepe_pkg:/home/tunaprogrammer/projects/gultepe/cleaner_ws/install/differential_drive:/home/tunaprogrammer/projects/gultepe/cleaner_ws/install/cleaner_bringup:/home/tunaprogrammer/projects/gultepe/cleaner_ws/install/cleaner_description:/home/tunaprogrammer/projects/gultepe/cleaner_ws/install/bno055:/home/tunaprogrammer/projects/gultepe/humble_ws/install/robot_arise:/home/tunaprogrammer/projects/gultepe/humble_ws/install/jetpack:/home/tunaprogrammer/projects/gultepe/humble_ws/install/test_interfaces:/home/tunaprogrammer/projects/gultepe/humble_ws/install/python_pkg:/home/tunaprogrammer/projects/gultepe/humble_ws/install/catcher:/opt/ros/humble', 'SHELL': '/usr/bin/zsh', 'LC_NAME': 'tr_TR.UTF-8', 'QT_ACCESSIBILITY': '1', 'GDMSESSION': 'ubuntu', 'GTK_PATH_VSCODE_SNAP_ORIG': '', 'GTK_IM_MODULE_FILE_VSCODE_SNAP_ORIG': '', 'LC_MEASUREMENT': 'tr_TR.UTF-8', 'GPG_AGENT_INFO': '/run/user/1000/gnupg/S.gpg-agent:0:1', 'GJS_DEBUG_OUTPUT': 'stderr', 'LC_IDENTIFICATION': 'tr_TR.UTF-8', 'QT_IM_MODULE': 'ibus', 'VSCODE_GIT_ASKPASS_EXTRA_ARGS': '--ms-enable-electron-run-as-node', 'PWD': '/home/shared/projects/gultepe/cleaner_ws/build/linear_sweep', 'TURTLEBOT3_MODEL': 'waffle', 'XDG_CONFIG_DIRS': '/etc/xdg/xdg-ubuntu:/etc/xdg', 'XDG_DATA_DIRS': '/home/tunaprogrammer/snap/code/148/.local/share:/home/tunaprogrammer/snap/code/148:/snap/code/148/usr/share:/usr/share/ubuntu:/usr/share/gnome:/usr/local/share/:/usr/share/:/var/lib/snapd/desktop', 'KEYTIMEOUT': '1', 'ZDOTDIR': '/home/tunaprogrammer', 'LC_NUMERIC': 'tr_TR.UTF-8', 'PYTHONPATH': '/home/shared/projects/gultepe/cleaner_ws/build/linear_sweep/prefix_override:/home/shared/projects/gultepe/cleaner_ws/install/linear_sweep/lib/python3.10/site-packages:/home/tunaprogrammer/projects/gultepe/cleaner_ws/install/serial_motor_demo/lib/python3.10/site-packages:/home/tunaprogrammer/projects/gultepe/cleaner_ws/install/serial_motor_demo_msgs/local/lib/python3.10/dist-packages:/home/shared/projects/gultepe/cleaner_ws/build/linear_sweep:/home/tunaprogrammer/projects/gultepe/cleaner_ws/install/linear_sweep/lib/python3.10/site-packages:/home/tunaprogrammer/projects/gultepe/cleaner_ws/install/gultepe_scripts/lib/python3.10/site-packages:/home/tunaprogrammer/projects/gultepe/cleaner_ws/install/gultepe_pkg/lib/python3.10/site-packages:/home/shared/projects/gultepe/cleaner_ws/build/differential_drive/src:/home/tunaprogrammer/projects/gultepe/cleaner_ws/install/differential_drive/lib/python3.10/site-packages:/home/tunaprogrammer/projects/gultepe/cleaner_ws/install/bno055/lib/python3.10/site-packages:/home/tunaprogrammer/projects/gultepe/humble_ws/install/jetpack/lib/python3.10/site-packages:/home/tunaprogrammer/projects/gultepe/humble_ws/install/test_interfaces/local/lib/python3.10/dist-packages:/home/tunaprogrammer/projects/gultepe/humble_ws/install/python_pkg/lib/python3.10/site-packages:/home/shared/projects/gultepe/humble_ws/build/catcher:/home/tunaprogrammer/projects/gultepe/humble_ws/install/catcher/lib/python3.10/site-packages:/opt/ros/humble/lib/python3.10/site-packages:/opt/ros/humble/local/lib/python3.10/dist-packages', 'LC_PAPER': 'tr_TR.UTF-8', 'COLCON': '1', 'CMAKE_PREFIX_PATH': '/home/tunaprogrammer/projects/gultepe/cleaner_ws/install/turtlebot3_simulations:/home/tunaprogrammer/projects/gultepe/cleaner_ws/install/turtlebot3_gazebo:/home/tunaprogrammer/projects/gultepe/cleaner_ws/install/serial_motor_demo_msgs:/home/tunaprogrammer/projects/gultepe/cleaner_ws/install/rplidar_ros:/home/tunaprogrammer/projects/gultepe/cleaner_ws/install/multirobot_map_merge:/home/tunaprogrammer/projects/gultepe/cleaner_ws/install/cleaner_bringup:/home/tunaprogrammer/projects/gultepe/cleaner_ws/install/cleaner_description:/home/tunaprogrammer/projects/gultepe/humble_ws/install/robot_arise:/home/tunaprogrammer/projects/gultepe/humble_ws/install/test_interfaces'}, 'shell': False}
[0.701195] (-) TimerEvent: {}
[0.801590] (-) TimerEvent: {}
[0.833022] (linear_sweep) StdoutLine: {'line': b'running develop\n'}
[0.901684] (-) TimerEvent: {}
[0.963046] (linear_sweep) StdoutLine: {'line': b'running egg_info\n'}
[0.963209] (linear_sweep) StdoutLine: {'line': b'writing linear_sweep.egg-info/PKG-INFO\n'}
[0.963282] (linear_sweep) StdoutLine: {'line': b'writing dependency_links to linear_sweep.egg-info/dependency_links.txt\n'}
[0.963341] (linear_sweep) StdoutLine: {'line': b'writing entry points to linear_sweep.egg-info/entry_points.txt\n'}
[0.963404] (linear_sweep) StdoutLine: {'line': b'writing requirements to linear_sweep.egg-info/requires.txt\n'}
[0.963467] (linear_sweep) StdoutLine: {'line': b'writing top-level names to linear_sweep.egg-info/top_level.txt\n'}
[0.964828] (linear_sweep) StdoutLine: {'line': b"reading manifest file 'linear_sweep.egg-info/SOURCES.txt'\n"}
[0.970513] (linear_sweep) StdoutLine: {'line': b"writing manifest file 'linear_sweep.egg-info/SOURCES.txt'\n"}
[0.971450] (linear_sweep) StdoutLine: {'line': b'running build_ext\n'}
[0.971642] (linear_sweep) StdoutLine: {'line': b'Creating /home/shared/projects/gultepe/cleaner_ws/install/linear_sweep/lib/python3.10/site-packages/linear-sweep.egg-link (link to .)\n'}
[0.972121] (linear_sweep) StdoutLine: {'line': b'Installing linear_sweep_test script to /home/shared/projects/gultepe/cleaner_ws/install/linear_sweep/lib/linear_sweep\n'}
[0.972247] (linear_sweep) StdoutLine: {'line': b'\n'}
[0.972294] (linear_sweep) StdoutLine: {'line': b'Installed /home/shared/projects/gultepe/cleaner_ws/build/linear_sweep\n'}
[0.972333] (linear_sweep) StdoutLine: {'line': b'running install_data\n'}
[0.990139] (linear_sweep) CommandEnded: {'returncode': 0}
[1.002138] (-) TimerEvent: {}
[1.042123] (linear_sweep) JobEnded: {'identifier': 'linear_sweep', 'rc': 0}
[1.042605] (-) EventReactorShutdown: {}
