[5.701s] Invoking command in '/home/shared/projects/gultepe/cleaner_ws/src/ros2_explorer/explorer_bringup': PYTHONPATH=/home/shared/projects/gultepe/cleaner_ws/build/explorer_bringup/prefix_override:/home/shared/projects/gultepe/cleaner_ws/install/explorer_bringup/lib/python3.10/site-packages:${PYTHONPATH} /usr/bin/python3 setup.py egg_info --egg-base ../../../build/explorer_bringup build --build-base /home/shared/projects/gultepe/cleaner_ws/build/explorer_bringup/build install --record /home/shared/projects/gultepe/cleaner_ws/build/explorer_bringup/install.log --install-scripts $base/lib/explorer_bringup --single-version-externally-managed
[6.051s] /home/tunaprogrammer/.local/lib/python3.10/site-packages/setuptools/dist.py:717: UserWarning: Usage of dash-separated 'script-dir' will not be supported in future versions. Please use the underscore name 'script_dir' instead
[6.051s]   warnings.warn(
[6.101s] running egg_info
[6.101s] writing ../../../build/explorer_bringup/explorer_bringup.egg-info/PKG-INFO
[6.102s] writing dependency_links to ../../../build/explorer_bringup/explorer_bringup.egg-info/dependency_links.txt
[6.103s] writing entry points to ../../../build/explorer_bringup/explorer_bringup.egg-info/entry_points.txt
[6.103s] writing requirements to ../../../build/explorer_bringup/explorer_bringup.egg-info/requires.txt
[6.104s] writing top-level names to ../../../build/explorer_bringup/explorer_bringup.egg-info/top_level.txt
[6.105s] reading manifest file '../../../build/explorer_bringup/explorer_bringup.egg-info/SOURCES.txt'
[6.108s] writing manifest file '../../../build/explorer_bringup/explorer_bringup.egg-info/SOURCES.txt'
[6.108s] running build
[6.109s] running build_py
[6.109s] running install
[6.110s] running install_lib
[6.111s] running install_data
[6.112s] running install_egg_info
[6.115s] removing '/home/shared/projects/gultepe/cleaner_ws/install/explorer_bringup/lib/python3.10/site-packages/explorer_bringup-0.0.0-py3.10.egg-info' (and everything under it)
[6.115s] Copying ../../../build/explorer_bringup/explorer_bringup.egg-info to /home/shared/projects/gultepe/cleaner_ws/install/explorer_bringup/lib/python3.10/site-packages/explorer_bringup-0.0.0-py3.10.egg-info
[6.117s] running install_scripts
[6.152s] Installing manager script to /home/shared/projects/gultepe/cleaner_ws/install/explorer_bringup/lib/explorer_bringup
[6.153s] writing list of installed files to '/home/shared/projects/gultepe/cleaner_ws/build/explorer_bringup/install.log'
[6.431s] Invoked command in '/home/shared/projects/gultepe/cleaner_ws/src/ros2_explorer/explorer_bringup' returned '0': PYTHONPATH=/home/shared/projects/gultepe/cleaner_ws/build/explorer_bringup/prefix_override:/home/shared/projects/gultepe/cleaner_ws/install/explorer_bringup/lib/python3.10/site-packages:${PYTHONPATH} /usr/bin/python3 setup.py egg_info --egg-base ../../../build/explorer_bringup build --build-base /home/shared/projects/gultepe/cleaner_ws/build/explorer_bringup/build install --record /home/shared/projects/gultepe/cleaner_ws/build/explorer_bringup/install.log --install-scripts $base/lib/explorer_bringup --single-version-externally-managed
