[2.348s] Invoking command in '/home/shared/projects/gultepe/cleaner_ws/src/bno055': PYTHONPATH=/home/shared/projects/gultepe/cleaner_ws/build/bno055/prefix_override:/home/shared/projects/gultepe/cleaner_ws/install/bno055/lib/python3.10/site-packages:${PYTHONPATH} /usr/bin/python3 setup.py egg_info --egg-base ../../build/bno055 build --build-base /home/shared/projects/gultepe/cleaner_ws/build/bno055/build install --record /home/shared/projects/gultepe/cleaner_ws/build/bno055/install.log --single-version-externally-managed
[2.902s] running egg_info
[2.903s] writing ../../build/bno055/bno055.egg-info/PKG-INFO
[2.904s] writing dependency_links to ../../build/bno055/bno055.egg-info/dependency_links.txt
[2.904s] writing entry points to ../../build/bno055/bno055.egg-info/entry_points.txt
[2.905s] writing requirements to ../../build/bno055/bno055.egg-info/requires.txt
[2.905s] writing top-level names to ../../build/bno055/bno055.egg-info/top_level.txt
[2.909s] reading manifest file '../../build/bno055/bno055.egg-info/SOURCES.txt'
[2.909s] adding license file 'LICENSE'
[2.910s] adding license file 'AUTHORS'
[2.911s] writing manifest file '../../build/bno055/bno055.egg-info/SOURCES.txt'
[2.911s] running build
[2.911s] running build_py
[2.913s] running install
[2.914s] running install_lib
[2.916s] running install_data
[2.918s] running install_egg_info
[2.921s] removing '/home/shared/projects/gultepe/cleaner_ws/install/bno055/lib/python3.10/site-packages/bno055-0.4.1-py3.10.egg-info' (and everything under it)
[2.921s] Copying ../../build/bno055/bno055.egg-info to /home/shared/projects/gultepe/cleaner_ws/install/bno055/lib/python3.10/site-packages/bno055-0.4.1-py3.10.egg-info
[2.922s] running install_scripts
[2.955s] Installing bno055 script to /home/shared/projects/gultepe/cleaner_ws/install/bno055/lib/bno055
[2.957s] writing list of installed files to '/home/shared/projects/gultepe/cleaner_ws/build/bno055/install.log'
[3.064s] Invoked command in '/home/shared/projects/gultepe/cleaner_ws/src/bno055' returned '0': PYTHONPATH=/home/shared/projects/gultepe/cleaner_ws/build/bno055/prefix_override:/home/shared/projects/gultepe/cleaner_ws/install/bno055/lib/python3.10/site-packages:${PYTHONPATH} /usr/bin/python3 setup.py egg_info --egg-base ../../build/bno055 build --build-base /home/shared/projects/gultepe/cleaner_ws/build/bno055/build install --record /home/shared/projects/gultepe/cleaner_ws/build/bno055/install.log --single-version-externally-managed
